{"uid":"c8055c91256c4517","name":"Validate Council Output [EastSuffolkCouncil]","fullName":"features/validate_council_outputs.feature:Validate Council Output","historyId":"e8795ce8d9315a80a8e410520349c187","time":{"start":1729123877644,"stop":1729124157180,"duration":279536},"status":"passed","flaky":false,"newFailed":false,"newBroken":false,"newPassed":true,"retriesCount":0,"retriesStatusChange":false,"beforeStages":[],"testStage":{"status":"passed","steps":[{"name":"Given the council","time":{"start":1729123877645,"stop":1729123877645,"duration":0},"status":"passed","steps":[],"attachments":[],"parameters":[],"shouldDisplayMessage":false,"stepsCount":0,"attachmentsCount":0,"hasContent":false,"attachmentStep":false},{"name":"When we scrape the data from the council","time":{"start":1729123877645,"stop":1729124157178,"duration":279533},"status":"passed","steps":[],"attachments":[],"parameters":[],"shouldDisplayMessage":false,"stepsCount":0,"attachmentsCount":0,"hasContent":false,"attachmentStep":false},{"name":"Then the result is valid json","time":{"start":1729124157178,"stop":1729124157178,"duration":0},"status":"passed","steps":[],"attachments":[],"parameters":[],"shouldDisplayMessage":false,"stepsCount":0,"attachmentsCount":0,"hasContent":false,"attachmentStep":false},{"name":"And the output should validate against the schema","time":{"start":1729124157178,"stop":1729124157180,"duration":2},"status":"passed","steps":[],"attachments":[],"parameters":[],"shouldDisplayMessage":false,"stepsCount":0,"attachmentsCount":0,"hasContent":false,"attachmentStep":false}],"attachments":[{"uid":"e99c89141abe424a","name":"stdout","source":"e99c89141abe424a.txt","type":"text/plain","size":45}],"parameters":[],"shouldDisplayMessage":false,"stepsCount":4,"attachmentsCount":1,"hasContent":true,"attachmentStep":false},"afterStages":[],"labels":[{"name":"host","value":"fv-az1251-122"},{"name":"thread","value":"2841-MainThread"},{"name":"framework","value":"pytest-bdd"},{"name":"language","value":"cpython3"},{"name":"feature","value":"Test each council output matches expected results"},{"name":"resultFormat","value":"allure2"}],"parameters":[{"name":"council","value":"EastSuffolkCouncil"}],"links":[],"hidden":false,"retry":false,"extra":{"severity":"normal","retries":[],"categories":[],"history":{"statistic":{"failed":52,"broken":0,"skipped":0,"passed":164,"unknown":0,"total":216},"items":[{"uid":"40e7b04a7b3f1a02","reportUrl":"https://robbrad.github.io/UKBinCollectionData/3.11/2242//#testresult/40e7b04a7b3f1a02","status":"failed","statusDetails":"selenium.common.exceptions.SessionNotCreatedException: Message: Could not start a new session. New session request timed out \nHost info: host: 'selenium', ip: '172.18.0.2'\nBuild info: version: '4.25.0', revision: '030fcf7918'\nSystem info: os.name: 'Linux', os.arch: 'amd64', os.version: '6.5.0-1025-azure', java.version: '17.0.12'\nDriver info: driver.version: unknown\nStacktrace:\n    at org.openqa.selenium.grid.sessionqueue.local.LocalNewSessionQueue.addToQueue (LocalNewSessionQueue.java:221)\n    at org.openqa.selenium.grid.sessionqueue.NewSessionQueue.lambda$new$0 (NewSessionQueue.java:68)\n    at org.openqa.selenium.remote.http.Route$TemplatizedRoute.handle (Route.java:192)\n    at org.openqa.selenium.remote.http.Route.execute (Route.java:69)\n    at org.openqa.selenium.remote.http.Route$CombinedRoute.handle (Route.java:360)\n    at org.openqa.selenium.remote.http.Route.execute (Route.java:69)\n    at org.openqa.selenium.grid.sessionqueue.NewSessionQueue.execute (NewSessionQueue.java:128)\n    at org.openqa.selenium.remote.tracing.SpanWrappedHttpHandler.execute (SpanWrappedHttpHandler.java:87)\n    at org.openqa.selenium.remote.http.Filter$1.execute (Filter.java:63)\n    at org.openqa.selenium.remote.http.Route$CombinedRoute.handle (Route.java:360)\n    at org.openqa.selenium.remote.http.Route.execute (Route.java:69)\n    at org.openqa.selenium.grid.router.Router.execute (Router.java:87)\n    at org.openqa.selenium.grid.web.EnsureSpecCompliantResponseHeaders.lambda$apply$0 (EnsureSpecCompliantResponseHeaders.java:34)\n    at org.openqa.selenium.remote.http.Filter$1.execute (Filter.java:63)\n    at org.openqa.selenium.remote.http.Route$CombinedRoute.handle (Route.java:360)\n    at org.openqa.selenium.remote.http.Route.execute (Route.java:69)\n    at org.openqa.selenium.remote.AddWebDriverSpecHeaders.lambda$apply$0 (AddWebDriverSpecHeaders.java:35)\n    at org.openqa.selenium.remote.ErrorFilter.lambda$apply$0 (ErrorFilter.java:44)\n    at org.openqa.selenium.remote.http.Filter$1.execute (Filter.java:63)\n    at org.openqa.selenium.remote.ErrorFilter.lambda$apply$0 (ErrorFilter.java:44)\n    at org.openqa.selenium.remote.http.Filter$1.execute (Filter.java:63)\n    at org.openqa.selenium.netty.server.SeleniumHandler.lambda$channelRead0$0 (SeleniumHandler.java:44)\n    at java.util.concurrent.Executors$RunnableAdapter.call (Executors.java:539)\n    at java.util.concurrent.FutureTask.run (FutureTask.java:264)\n    at java.util.concurrent.ThreadPoolExecutor.runWorker (ThreadPoolExecutor.java:1136)\n    at java.util.concurrent.ThreadPoolExecutor$Worker.run (ThreadPoolExecutor.java:635)\n    at java.lang.Thread.run (Thread.java:840)","time":{"start":1729111699779,"stop":1729111999816,"duration":300037}},{"uid":"dd7fbb2c7a79f2c4","reportUrl":"https://robbrad.github.io/UKBinCollectionData/3.11/2237//#testresult/dd7fbb2c7a79f2c4","status":"passed","time":{"start":1729037473205,"stop":1729037750111,"duration":276906}},{"uid":"1246993cd17bcbcf","reportUrl":"https://robbrad.github.io/UKBinCollectionData/3.11/2233//#testresult/1246993cd17bcbcf","status":"failed","statusDetails":"selenium.common.exceptions.SessionNotCreatedException: Message: Could not start a new session. New session request timed out \nHost info: host: 'selenium', ip: '172.18.0.2'\nBuild info: version: '4.25.0', revision: '030fcf7918'\nSystem info: os.name: 'Linux', os.arch: 'amd64', os.version: '6.8.0-1015-azure', java.version: '17.0.12'\nDriver info: driver.version: unknown\nStacktrace:\n    at org.openqa.selenium.grid.sessionqueue.local.LocalNewSessionQueue.addToQueue (LocalNewSessionQueue.java:221)\n    at org.openqa.selenium.grid.sessionqueue.NewSessionQueue.lambda$new$0 (NewSessionQueue.java:68)\n    at org.openqa.selenium.remote.http.Route$TemplatizedRoute.handle (Route.java:192)\n    at org.openqa.selenium.remote.http.Route.execute (Route.java:69)\n    at org.openqa.selenium.remote.http.Route$CombinedRoute.handle (Route.java:360)\n    at org.openqa.selenium.remote.http.Route.execute (Route.java:69)\n    at org.openqa.selenium.grid.sessionqueue.NewSessionQueue.execute (NewSessionQueue.java:128)\n    at org.openqa.selenium.remote.tracing.SpanWrappedHttpHandler.execute (SpanWrappedHttpHandler.java:87)\n    at org.openqa.selenium.remote.http.Filter$1.execute (Filter.java:63)\n    at org.openqa.selenium.remote.http.Route$CombinedRoute.handle (Route.java:360)\n    at org.openqa.selenium.remote.http.Route.execute (Route.java:69)\n    at org.openqa.selenium.grid.router.Router.execute (Router.java:87)\n    at org.openqa.selenium.grid.web.EnsureSpecCompliantResponseHeaders.lambda$apply$0 (EnsureSpecCompliantResponseHeaders.java:34)\n    at org.openqa.selenium.remote.http.Filter$1.execute (Filter.java:63)\n    at org.openqa.selenium.remote.http.Route$CombinedRoute.handle (Route.java:360)\n    at org.openqa.selenium.remote.http.Route.execute (Route.java:69)\n    at org.openqa.selenium.remote.AddWebDriverSpecHeaders.lambda$apply$0 (AddWebDriverSpecHeaders.java:35)\n    at org.openqa.selenium.remote.ErrorFilter.lambda$apply$0 (ErrorFilter.java:44)\n    at org.openqa.selenium.remote.http.Filter$1.execute (Filter.java:63)\n    at org.openqa.selenium.remote.ErrorFilter.lambda$apply$0 (ErrorFilter.java:44)\n    at org.openqa.selenium.remote.http.Filter$1.execute (Filter.java:63)\n    at org.openqa.selenium.netty.server.SeleniumHandler.lambda$channelRead0$0 (SeleniumHandler.java:44)\n    at java.util.concurrent.Executors$RunnableAdapter.call (Executors.java:539)\n    at java.util.concurrent.FutureTask.run (FutureTask.java:264)\n    at java.util.concurrent.ThreadPoolExecutor.runWorker (ThreadPoolExecutor.java:1136)\n    at java.util.concurrent.ThreadPoolExecutor$Worker.run (ThreadPoolExecutor.java:635)\n    at java.lang.Thread.run (Thread.java:840)","time":{"start":1728950824742,"stop":1728951124882,"duration":300140}},{"uid":"243b37ae4244d6","reportUrl":"https://robbrad.github.io/UKBinCollectionData/3.11/2227//#testresult/243b37ae4244d6","status":"failed","statusDetails":"selenium.common.exceptions.SessionNotCreatedException: Message: Could not start a new session. New session request timed out \nHost info: host: 'selenium', ip: '172.18.0.2'\nBuild info: version: '4.25.0', revision: '030fcf7918'\nSystem info: os.name: 'Linux', os.arch: 'amd64', os.version: '6.5.0-1025-azure', java.version: '17.0.12'\nDriver info: driver.version: unknown\nStacktrace:\n    at org.openqa.selenium.grid.sessionqueue.local.LocalNewSessionQueue.addToQueue (LocalNewSessionQueue.java:221)\n    at org.openqa.selenium.grid.sessionqueue.NewSessionQueue.lambda$new$0 (NewSessionQueue.java:68)\n    at org.openqa.selenium.remote.http.Route$TemplatizedRoute.handle (Route.java:192)\n    at org.openqa.selenium.remote.http.Route.execute (Route.java:69)\n    at org.openqa.selenium.remote.http.Route$CombinedRoute.handle (Route.java:360)\n    at org.openqa.selenium.remote.http.Route.execute (Route.java:69)\n    at org.openqa.selenium.grid.sessionqueue.NewSessionQueue.execute (NewSessionQueue.java:128)\n    at org.openqa.selenium.remote.tracing.SpanWrappedHttpHandler.execute (SpanWrappedHttpHandler.java:87)\n    at org.openqa.selenium.remote.http.Filter$1.execute (Filter.java:63)\n    at org.openqa.selenium.remote.http.Route$CombinedRoute.handle (Route.java:360)\n    at org.openqa.selenium.remote.http.Route.execute (Route.java:69)\n    at org.openqa.selenium.grid.router.Router.execute (Router.java:87)\n    at org.openqa.selenium.grid.web.EnsureSpecCompliantResponseHeaders.lambda$apply$0 (EnsureSpecCompliantResponseHeaders.java:34)\n    at org.openqa.selenium.remote.http.Filter$1.execute (Filter.java:63)\n    at org.openqa.selenium.remote.http.Route$CombinedRoute.handle (Route.java:360)\n    at org.openqa.selenium.remote.http.Route.execute (Route.java:69)\n    at org.openqa.selenium.remote.AddWebDriverSpecHeaders.lambda$apply$0 (AddWebDriverSpecHeaders.java:35)\n    at org.openqa.selenium.remote.ErrorFilter.lambda$apply$0 (ErrorFilter.java:44)\n    at org.openqa.selenium.remote.http.Filter$1.execute (Filter.java:63)\n    at org.openqa.selenium.remote.ErrorFilter.lambda$apply$0 (ErrorFilter.java:44)\n    at org.openqa.selenium.remote.http.Filter$1.execute (Filter.java:63)\n    at org.openqa.selenium.netty.server.SeleniumHandler.lambda$channelRead0$0 (SeleniumHandler.java:44)\n    at java.util.concurrent.Executors$RunnableAdapter.call (Executors.java:539)\n    at java.util.concurrent.FutureTask.run (FutureTask.java:264)\n    at java.util.concurrent.ThreadPoolExecutor.runWorker (ThreadPoolExecutor.java:1136)\n    at java.util.concurrent.ThreadPoolExecutor$Worker.run (ThreadPoolExecutor.java:635)\n    at java.lang.Thread.run (Thread.java:840)","time":{"start":1728864371063,"stop":1728864671113,"duration":300050}},{"uid":"16658b66fb28c635","reportUrl":"https://robbrad.github.io/UKBinCollectionData/3.11/2214//#testresult/16658b66fb28c635","status":"passed","time":{"start":1728778506592,"stop":1728778582333,"duration":75741}},{"uid":"322d953a6eb96260","reportUrl":"https://robbrad.github.io/UKBinCollectionData/3.11/2211//#testresult/322d953a6eb96260","status":"failed","statusDetails":"selenium.common.exceptions.TimeoutException: Message: \nStacktrace:\n#0 0x562a24e88b9a <unknown>\n#1 0x562a24b6e670 <unknown>\n#2 0x562a24bbdc48 <unknown>\n#3 0x562a24bbdee1 <unknown>\n#4 0x562a24c04924 <unknown>\n#5 0x562a24be2bad <unknown>\n#6 0x562a24c01dd6 <unknown>\n#7 0x562a24be2923 <unknown>\n#8 0x562a24bb06e7 <unknown>\n#9 0x562a24bb16de <unknown>\n#10 0x562a24e5266b <unknown>\n#11 0x562a24e56611 <unknown>\n#12 0x562a24e3e4e5 <unknown>\n#13 0x562a24e57192 <unknown>\n#14 0x562a24e236ef <unknown>\n#15 0x562a24e779d8 <unknown>\n#16 0x562a24e77ba7 <unknown>\n#17 0x562a24e879ec <unknown>\n#18 0x7fc93ecd5a94 <unknown>\n#19 0x7fc93ed62a34 __clone","time":{"start":1728692094368,"stop":1728692191763,"duration":97395}},{"uid":"2b8e1e790980e883","reportUrl":"https://robbrad.github.io/UKBinCollectionData/3.11/2210//#testresult/2b8e1e790980e883","status":"failed","statusDetails":"selenium.common.exceptions.NoSuchElementException: Message: Cannot locate option with value: 10093544720; For documentation on this error, please visit: https://www.selenium.dev/documentation/webdriver/troubleshooting/errors#no-such-element-exception","time":{"start":1728605744290,"stop":1728605773205,"duration":28915}},{"uid":"b86baaf7b6be3328","reportUrl":"https://robbrad.github.io/UKBinCollectionData/3.11/2199//#testresult/b86baaf7b6be3328","status":"passed","time":{"start":1728519342279,"stop":1728519448861,"duration":106582}},{"uid":"223f88548e6d9149","reportUrl":"https://robbrad.github.io/UKBinCollectionData/3.11/2188//#testresult/223f88548e6d9149","status":"passed","time":{"start":1728432908897,"stop":1728432963145,"duration":54248}},{"uid":"161017f1d35c640e","reportUrl":"https://robbrad.github.io/UKBinCollectionData/3.11/2169//#testresult/161017f1d35c640e","status":"failed","statusDetails":"selenium.common.exceptions.SessionNotCreatedException: Message: Could not start a new session. New session request timed out \nHost info: host: 'selenium', ip: '172.18.0.2'\nBuild info: version: '4.25.0', revision: '030fcf7918'\nSystem info: os.name: 'Linux', os.arch: 'amd64', os.version: '6.8.0-1014-azure', java.version: '17.0.12'\nDriver info: driver.version: unknown\nStacktrace:\n    at org.openqa.selenium.grid.sessionqueue.local.LocalNewSessionQueue.addToQueue (LocalNewSessionQueue.java:221)\n    at org.openqa.selenium.grid.sessionqueue.NewSessionQueue.lambda$new$0 (NewSessionQueue.java:68)\n    at org.openqa.selenium.remote.http.Route$TemplatizedRoute.handle (Route.java:192)\n    at org.openqa.selenium.remote.http.Route.execute (Route.java:69)\n    at org.openqa.selenium.remote.http.Route$CombinedRoute.handle (Route.java:360)\n    at org.openqa.selenium.remote.http.Route.execute (Route.java:69)\n    at org.openqa.selenium.grid.sessionqueue.NewSessionQueue.execute (NewSessionQueue.java:128)\n    at org.openqa.selenium.remote.tracing.SpanWrappedHttpHandler.execute (SpanWrappedHttpHandler.java:87)\n    at org.openqa.selenium.remote.http.Filter$1.execute (Filter.java:63)\n    at org.openqa.selenium.remote.http.Route$CombinedRoute.handle (Route.java:360)\n    at org.openqa.selenium.remote.http.Route.execute (Route.java:69)\n    at org.openqa.selenium.grid.router.Router.execute (Router.java:87)\n    at org.openqa.selenium.grid.web.EnsureSpecCompliantResponseHeaders.lambda$apply$0 (EnsureSpecCompliantResponseHeaders.java:34)\n    at org.openqa.selenium.remote.http.Filter$1.execute (Filter.java:63)\n    at org.openqa.selenium.remote.http.Route$CombinedRoute.handle (Route.java:360)\n    at org.openqa.selenium.remote.http.Route.execute (Route.java:69)\n    at org.openqa.selenium.remote.AddWebDriverSpecHeaders.lambda$apply$0 (AddWebDriverSpecHeaders.java:35)\n    at org.openqa.selenium.remote.ErrorFilter.lambda$apply$0 (ErrorFilter.java:44)\n    at org.openqa.selenium.remote.http.Filter$1.execute (Filter.java:63)\n    at org.openqa.selenium.remote.ErrorFilter.lambda$apply$0 (ErrorFilter.java:44)\n    at org.openqa.selenium.remote.http.Filter$1.execute (Filter.java:63)\n    at org.openqa.selenium.netty.server.SeleniumHandler.lambda$channelRead0$0 (SeleniumHandler.java:44)\n    at java.util.concurrent.Executors$RunnableAdapter.call (Executors.java:539)\n    at java.util.concurrent.FutureTask.run (FutureTask.java:264)\n    at java.util.concurrent.ThreadPoolExecutor.runWorker (ThreadPoolExecutor.java:1136)\n    at java.util.concurrent.ThreadPoolExecutor$Worker.run (ThreadPoolExecutor.java:635)\n    at java.lang.Thread.run (Thread.java:840)","time":{"start":1728332262603,"stop":1728332562637,"duration":300034}},{"uid":"dad8e0b51b68be45","reportUrl":"https://robbrad.github.io/UKBinCollectionData/3.11/2165//#testresult/dad8e0b51b68be45","status":"failed","statusDetails":"selenium.common.exceptions.SessionNotCreatedException: Message: Could not start a new session. New session request timed out \nHost info: host: 'selenium', ip: '172.18.0.2'\nBuild info: version: '4.25.0', revision: '030fcf7918'\nSystem info: os.name: 'Linux', os.arch: 'amd64', os.version: '6.8.0-1014-azure', java.version: '17.0.12'\nDriver info: driver.version: unknown\nStacktrace:\n    at org.openqa.selenium.grid.sessionqueue.local.LocalNewSessionQueue.addToQueue (LocalNewSessionQueue.java:221)\n    at org.openqa.selenium.grid.sessionqueue.NewSessionQueue.lambda$new$0 (NewSessionQueue.java:68)\n    at org.openqa.selenium.remote.http.Route$TemplatizedRoute.handle (Route.java:192)\n    at org.openqa.selenium.remote.http.Route.execute (Route.java:69)\n    at org.openqa.selenium.remote.http.Route$CombinedRoute.handle (Route.java:360)\n    at org.openqa.selenium.remote.http.Route.execute (Route.java:69)\n    at org.openqa.selenium.grid.sessionqueue.NewSessionQueue.execute (NewSessionQueue.java:128)\n    at org.openqa.selenium.remote.tracing.SpanWrappedHttpHandler.execute (SpanWrappedHttpHandler.java:87)\n    at org.openqa.selenium.remote.http.Filter$1.execute (Filter.java:63)\n    at org.openqa.selenium.remote.http.Route$CombinedRoute.handle (Route.java:360)\n    at org.openqa.selenium.remote.http.Route.execute (Route.java:69)\n    at org.openqa.selenium.grid.router.Router.execute (Router.java:87)\n    at org.openqa.selenium.grid.web.EnsureSpecCompliantResponseHeaders.lambda$apply$0 (EnsureSpecCompliantResponseHeaders.java:34)\n    at org.openqa.selenium.remote.http.Filter$1.execute (Filter.java:63)\n    at org.openqa.selenium.remote.http.Route$CombinedRoute.handle (Route.java:360)\n    at org.openqa.selenium.remote.http.Route.execute (Route.java:69)\n    at org.openqa.selenium.remote.AddWebDriverSpecHeaders.lambda$apply$0 (AddWebDriverSpecHeaders.java:35)\n    at org.openqa.selenium.remote.ErrorFilter.lambda$apply$0 (ErrorFilter.java:44)\n    at org.openqa.selenium.remote.http.Filter$1.execute (Filter.java:63)\n    at org.openqa.selenium.remote.ErrorFilter.lambda$apply$0 (ErrorFilter.java:44)\n    at org.openqa.selenium.remote.http.Filter$1.execute (Filter.java:63)\n    at org.openqa.selenium.netty.server.SeleniumHandler.lambda$channelRead0$0 (SeleniumHandler.java:44)\n    at java.util.concurrent.Executors$RunnableAdapter.call (Executors.java:539)\n    at java.util.concurrent.FutureTask.run (FutureTask.java:264)\n    at java.util.concurrent.ThreadPoolExecutor.runWorker (ThreadPoolExecutor.java:1136)\n    at java.util.concurrent.ThreadPoolExecutor$Worker.run (ThreadPoolExecutor.java:635)\n    at java.lang.Thread.run (Thread.java:840)","time":{"start":1728259620779,"stop":1728259920915,"duration":300136}},{"uid":"a1cafc776d244701","reportUrl":"https://robbrad.github.io/UKBinCollectionData/3.11/2164//#testresult/a1cafc776d244701","status":"failed","statusDetails":"selenium.common.exceptions.SessionNotCreatedException: Message: Could not start a new session. New session request timed out \nHost info: host: 'selenium', ip: '172.18.0.2'\nBuild info: version: '4.25.0', revision: '030fcf7918'\nSystem info: os.name: 'Linux', os.arch: 'amd64', os.version: '6.8.0-1014-azure', java.version: '17.0.12'\nDriver info: driver.version: unknown\nStacktrace:\n    at org.openqa.selenium.grid.sessionqueue.local.LocalNewSessionQueue.addToQueue (LocalNewSessionQueue.java:221)\n    at org.openqa.selenium.grid.sessionqueue.NewSessionQueue.lambda$new$0 (NewSessionQueue.java:68)\n    at org.openqa.selenium.remote.http.Route$TemplatizedRoute.handle (Route.java:192)\n    at org.openqa.selenium.remote.http.Route.execute (Route.java:69)\n    at org.openqa.selenium.remote.http.Route$CombinedRoute.handle (Route.java:360)\n    at org.openqa.selenium.remote.http.Route.execute (Route.java:69)\n    at org.openqa.selenium.grid.sessionqueue.NewSessionQueue.execute (NewSessionQueue.java:128)\n    at org.openqa.selenium.remote.tracing.SpanWrappedHttpHandler.execute (SpanWrappedHttpHandler.java:87)\n    at org.openqa.selenium.remote.http.Filter$1.execute (Filter.java:63)\n    at org.openqa.selenium.remote.http.Route$CombinedRoute.handle (Route.java:360)\n    at org.openqa.selenium.remote.http.Route.execute (Route.java:69)\n    at org.openqa.selenium.grid.router.Router.execute (Router.java:87)\n    at org.openqa.selenium.grid.web.EnsureSpecCompliantResponseHeaders.lambda$apply$0 (EnsureSpecCompliantResponseHeaders.java:34)\n    at org.openqa.selenium.remote.http.Filter$1.execute (Filter.java:63)\n    at org.openqa.selenium.remote.http.Route$CombinedRoute.handle (Route.java:360)\n    at org.openqa.selenium.remote.http.Route.execute (Route.java:69)\n    at org.openqa.selenium.remote.AddWebDriverSpecHeaders.lambda$apply$0 (AddWebDriverSpecHeaders.java:35)\n    at org.openqa.selenium.remote.ErrorFilter.lambda$apply$0 (ErrorFilter.java:44)\n    at org.openqa.selenium.remote.http.Filter$1.execute (Filter.java:63)\n    at org.openqa.selenium.remote.ErrorFilter.lambda$apply$0 (ErrorFilter.java:44)\n    at org.openqa.selenium.remote.http.Filter$1.execute (Filter.java:63)\n    at org.openqa.selenium.netty.server.SeleniumHandler.lambda$channelRead0$0 (SeleniumHandler.java:44)\n    at java.util.concurrent.Executors$RunnableAdapter.call (Executors.java:539)\n    at java.util.concurrent.FutureTask.run (FutureTask.java:264)\n    at java.util.concurrent.ThreadPoolExecutor.runWorker (ThreadPoolExecutor.java:1136)\n    at java.util.concurrent.ThreadPoolExecutor$Worker.run (ThreadPoolExecutor.java:635)\n    at java.lang.Thread.run (Thread.java:840)","time":{"start":1728173262893,"stop":1728173562929,"duration":300036}},{"uid":"574cdde04beb8414","reportUrl":"https://robbrad.github.io/UKBinCollectionData/3.11/2160//#testresult/574cdde04beb8414","status":"failed","statusDetails":"selenium.common.exceptions.TimeoutException: Message: \nStacktrace:\n#0 0x56412098013a <unknown>\n#1 0x5641206665e0 <unknown>\n#2 0x5641206b5be8 <unknown>\n#3 0x5641206b5e81 <unknown>\n#4 0x5641206fc8c4 <unknown>\n#5 0x5641206dab4d <unknown>\n#6 0x5641206f9d7d <unknown>\n#7 0x5641206da8c3 <unknown>\n#8 0x5641206a86b3 <unknown>\n#9 0x5641206a968e <unknown>\n#10 0x56412094ab3b <unknown>\n#11 0x56412094eac1 <unknown>\n#12 0x564120937335 <unknown>\n#13 0x56412094f642 <unknown>\n#14 0x56412091c49f <unknown>\n#15 0x56412096f038 <unknown>\n#16 0x56412096f203 <unknown>\n#17 0x56412097ef8c <unknown>\n#18 0x7f15e7f5ba94 <unknown>\n#19 0x7f15e7fe8a34 __clone","time":{"start":1728086762743,"stop":1728086810763,"duration":48020}},{"uid":"6389848cd0309779","reportUrl":"https://robbrad.github.io/UKBinCollectionData/3.11/2152//#testresult/6389848cd0309779","status":"failed","statusDetails":"selenium.common.exceptions.SessionNotCreatedException: Message: Could not start a new session. New session request timed out \nHost info: host: 'selenium', ip: '172.18.0.2'\nBuild info: version: '4.25.0', revision: '030fcf7918'\nSystem info: os.name: 'Linux', os.arch: 'amd64', os.version: '6.8.0-1014-azure', java.version: '17.0.12'\nDriver info: driver.version: unknown\nStacktrace:\n    at org.openqa.selenium.grid.sessionqueue.local.LocalNewSessionQueue.addToQueue (LocalNewSessionQueue.java:221)\n    at org.openqa.selenium.grid.sessionqueue.NewSessionQueue.lambda$new$0 (NewSessionQueue.java:68)\n    at org.openqa.selenium.remote.http.Route$TemplatizedRoute.handle (Route.java:192)\n    at org.openqa.selenium.remote.http.Route.execute (Route.java:69)\n    at org.openqa.selenium.remote.http.Route$CombinedRoute.handle (Route.java:360)\n    at org.openqa.selenium.remote.http.Route.execute (Route.java:69)\n    at org.openqa.selenium.grid.sessionqueue.NewSessionQueue.execute (NewSessionQueue.java:128)\n    at org.openqa.selenium.remote.tracing.SpanWrappedHttpHandler.execute (SpanWrappedHttpHandler.java:87)\n    at org.openqa.selenium.remote.http.Filter$1.execute (Filter.java:63)\n    at org.openqa.selenium.remote.http.Route$CombinedRoute.handle (Route.java:360)\n    at org.openqa.selenium.remote.http.Route.execute (Route.java:69)\n    at org.openqa.selenium.grid.router.Router.execute (Router.java:87)\n    at org.openqa.selenium.grid.web.EnsureSpecCompliantResponseHeaders.lambda$apply$0 (EnsureSpecCompliantResponseHeaders.java:34)\n    at org.openqa.selenium.remote.http.Filter$1.execute (Filter.java:63)\n    at org.openqa.selenium.remote.http.Route$CombinedRoute.handle (Route.java:360)\n    at org.openqa.selenium.remote.http.Route.execute (Route.java:69)\n    at org.openqa.selenium.remote.AddWebDriverSpecHeaders.lambda$apply$0 (AddWebDriverSpecHeaders.java:35)\n    at org.openqa.selenium.remote.ErrorFilter.lambda$apply$0 (ErrorFilter.java:44)\n    at org.openqa.selenium.remote.http.Filter$1.execute (Filter.java:63)\n    at org.openqa.selenium.remote.ErrorFilter.lambda$apply$0 (ErrorFilter.java:44)\n    at org.openqa.selenium.remote.http.Filter$1.execute (Filter.java:63)\n    at org.openqa.selenium.netty.server.SeleniumHandler.lambda$channelRead0$0 (SeleniumHandler.java:44)\n    at java.util.concurrent.Executors$RunnableAdapter.call (Executors.java:539)\n    at java.util.concurrent.FutureTask.run (FutureTask.java:264)\n    at java.util.concurrent.ThreadPoolExecutor.runWorker (ThreadPoolExecutor.java:1136)\n    at java.util.concurrent.ThreadPoolExecutor$Worker.run (ThreadPoolExecutor.java:635)\n    at java.lang.Thread.run (Thread.java:840)","time":{"start":1728000429468,"stop":1728000729633,"duration":300165}},{"uid":"5c638b5ed74ac029","reportUrl":"https://robbrad.github.io/UKBinCollectionData/3.11/2148//#testresult/5c638b5ed74ac029","status":"passed","time":{"start":1727932659744,"stop":1727932694490,"duration":34746}},{"uid":"d2daa9c7ff5c776","reportUrl":"https://robbrad.github.io/UKBinCollectionData/3.11/2146//#testresult/d2daa9c7ff5c776","status":"failed","statusDetails":"selenium.common.exceptions.TimeoutException: Message: \nStacktrace:\n#0 0x558a3760413a <unknown>\n#1 0x558a372ea5e0 <unknown>\n#2 0x558a37339be8 <unknown>\n#3 0x558a37339e81 <unknown>\n#4 0x558a373808c4 <unknown>\n#5 0x558a3735eb4d <unknown>\n#6 0x558a3737dd7d <unknown>\n#7 0x558a3735e8c3 <unknown>\n#8 0x558a3732c6b3 <unknown>\n#9 0x558a3732d68e <unknown>\n#10 0x558a375ceb3b <unknown>\n#11 0x558a375d2ac1 <unknown>\n#12 0x558a375bb335 <unknown>\n#13 0x558a375d3642 <unknown>\n#14 0x558a375a049f <unknown>\n#15 0x558a375f3038 <unknown>\n#16 0x558a375f3203 <unknown>\n#17 0x558a37602f8c <unknown>\n#18 0x7f972371da94 <unknown>\n#19 0x7f97237aaa34 __clone","time":{"start":1727914387094,"stop":1727914442709,"duration":55615}},{"uid":"5f970d17bbcf9037","reportUrl":"https://robbrad.github.io/UKBinCollectionData/3.11/2139//#testresult/5f970d17bbcf9037","status":"failed","statusDetails":"selenium.common.exceptions.TimeoutException: Message: \nStacktrace:\n#0 0x55b3636de13a <unknown>\n#1 0x55b3633c45e0 <unknown>\n#2 0x55b363413be8 <unknown>\n#3 0x55b363413e81 <unknown>\n#4 0x55b36345a8c4 <unknown>\n#5 0x55b363438b4d <unknown>\n#6 0x55b363457d7d <unknown>\n#7 0x55b3634388c3 <unknown>\n#8 0x55b3634066b3 <unknown>\n#9 0x55b36340768e <unknown>\n#10 0x55b3636a8b3b <unknown>\n#11 0x55b3636acac1 <unknown>\n#12 0x55b363695335 <unknown>\n#13 0x55b3636ad642 <unknown>\n#14 0x55b36367a49f <unknown>\n#15 0x55b3636cd038 <unknown>\n#16 0x55b3636cd203 <unknown>\n#17 0x55b3636dcf8c <unknown>\n#18 0x7f5be7673a94 <unknown>\n#19 0x7f5be7700a34 __clone","time":{"start":1727827971158,"stop":1727828020265,"duration":49107}},{"uid":"b8037168b5195737","reportUrl":"https://robbrad.github.io/UKBinCollectionData/3.11/2138//#testresult/b8037168b5195737","status":"passed","time":{"start":1727741665744,"stop":1727741699697,"duration":33953}},{"uid":"708aec52abb1e6aa","reportUrl":"https://robbrad.github.io/UKBinCollectionData/3.11/2137//#testresult/708aec52abb1e6aa","status":"failed","statusDetails":"selenium.common.exceptions.TimeoutException: Message: \nStacktrace:\n#0 0x56247f37f13a <unknown>\n#1 0x56247f0655e0 <unknown>\n#2 0x56247f0b4be8 <unknown>\n#3 0x56247f0b4e81 <unknown>\n#4 0x56247f0fb8c4 <unknown>\n#5 0x56247f0d9b4d <unknown>\n#6 0x56247f0f8d7d <unknown>\n#7 0x56247f0d98c3 <unknown>\n#8 0x56247f0a76b3 <unknown>\n#9 0x56247f0a868e <unknown>\n#10 0x56247f349b3b <unknown>\n#11 0x56247f34dac1 <unknown>\n#12 0x56247f336335 <unknown>\n#13 0x56247f34e642 <unknown>\n#14 0x56247f31b49f <unknown>\n#15 0x56247f36e038 <unknown>\n#16 0x56247f36e203 <unknown>\n#17 0x56247f37df8c <unknown>\n#18 0x7f6d6dff5a94 <unknown>\n#19 0x7f6d6e082a34 __clone","time":{"start":1727655191042,"stop":1727655237128,"duration":46086}},{"uid":"a3238acb1c88bc03","reportUrl":"https://robbrad.github.io/UKBinCollectionData/3.11/2136//#testresult/a3238acb1c88bc03","status":"failed","statusDetails":"selenium.common.exceptions.TimeoutException: Message: \nStacktrace:\n#0 0x56535eb1113a <unknown>\n#1 0x56535e7f75e0 <unknown>\n#2 0x56535e846be8 <unknown>\n#3 0x56535e846e81 <unknown>\n#4 0x56535e88d8c4 <unknown>\n#5 0x56535e86bb4d <unknown>\n#6 0x56535e88ad7d <unknown>\n#7 0x56535e86b8c3 <unknown>\n#8 0x56535e8396b3 <unknown>\n#9 0x56535e83a68e <unknown>\n#10 0x56535eadbb3b <unknown>\n#11 0x56535eadfac1 <unknown>\n#12 0x56535eac8335 <unknown>\n#13 0x56535eae0642 <unknown>\n#14 0x56535eaad49f <unknown>\n#15 0x56535eb00038 <unknown>\n#16 0x56535eb00203 <unknown>\n#17 0x56535eb0ff8c <unknown>\n#18 0x7f49bbafca94 <unknown>\n#19 0x7f49bbb89a34 __clone","time":{"start":1727568803365,"stop":1727568836420,"duration":33055}}]},"tags":[]},"source":"c8055c91256c4517.json","parameterValues":["EastSuffolkCouncil"]}