{"uid":"e5d1c52f6cb3e6b0","name":"Validate Council Output [PortsmouthCityCouncil]","fullName":"features/validate_council_outputs.feature:Validate Council Output","historyId":"cd64c168545c17f4e2ce269a29129461","time":{"start":1729124680215,"stop":1729124722023,"duration":41808},"status":"failed","statusMessage":"selenium.common.exceptions.NoSuchElementException: Message: Cannot locate option with value: 1775027504; For documentation on this error, please visit: https://www.selenium.dev/documentation/webdriver/troubleshooting/errors#no-such-element-exception","statusTrace":"fixturefunc = <function scrape_step at 0x7f3749d4e700>\nrequest = <FixtureRequest for <Function test_scenario_outline[PortsmouthCityCouncil]>>\nkwargs = {'context': <test_validate_council.Context object at 0x7f3749bd31d0>, 'headless_mode': 'True', 'local_browser': 'False', 'selenium_url': 'http://localhost:4444'}\n\n    def call_fixture_func(\n        fixturefunc: _FixtureFunc[FixtureValue], request: FixtureRequest, kwargs\n    ) -> FixtureValue:\n        if is_generator(fixturefunc):\n            fixturefunc = cast(\n                Callable[..., Generator[FixtureValue, None, None]], fixturefunc\n            )\n            generator = fixturefunc(**kwargs)\n            try:\n                fixture_result = next(generator)\n            except StopIteration:\n                raise ValueError(f\"{request.fixturename} did not yield a value\") from None\n            finalizer = functools.partial(_teardown_yield_fixture, fixturefunc, generator)\n            request.addfinalizer(finalizer)\n        else:\n            fixturefunc = cast(Callable[..., FixtureValue], fixturefunc)\n>           fixture_result = fixturefunc(**kwargs)\n\n../../../.cache/pypoetry/virtualenvs/uk-bin-collection-EwS6Gn8s-py3.11/lib/python3.11/site-packages/_pytest/fixtures.py:898: \n_ _ _ _ _ _ _ _ _ _ _ _ _ _ _ _ _ _ _ _ _ _ _ _ _ _ _ _ _ _ _ _ _ _ _ _ _ _ _ _ \nuk_bin_collection/tests/step_defs/test_validate_council.py:100: in scrape_step\n    context.parse_result = CollectData.run()\nuk_bin_collection/uk_bin_collection/collect_data.py:101: in run\n    return self.client_code(\nuk_bin_collection/uk_bin_collection/collect_data.py:121: in client_code\n    return get_bin_data_class.template_method(address_url, **kwargs)\nuk_bin_collection/uk_bin_collection/get_bin_data.py:61: in template_method\n    bin_data_dict = self.get_and_parse_data(this_url, **kwargs)\nuk_bin_collection/uk_bin_collection/get_bin_data.py:84: in get_and_parse_data\n    bin_data_dict = self.parse_data(\"\", url=address_url, **kwargs)\nuk_bin_collection/uk_bin_collection/councils/PortsmouthCityCouncil.py:71: in parse_data\n    dropdownSelect.select_by_value(str(user_uprn))\n_ _ _ _ _ _ _ _ _ _ _ _ _ _ _ _ _ _ _ _ _ _ _ _ _ _ _ _ _ _ _ _ _ _ _ _ _ _ _ _ \n\nself = <selenium.webdriver.support.select.Select object at 0x7f374921add0>\nvalue = '1775027504'\n\n    def select_by_value(self, value: str) -> None:\n        \"\"\"Select all options that have a value matching the argument. That is,\n        when given \"foo\" this would select an option like:\n    \n        <option value=\"foo\">Bar</option>\n    \n        :Args:\n         - value - The value to match against\n    \n        throws NoSuchElementException If there is no option with specified value in SELECT\n        \"\"\"\n        css = f\"option[value ={self._escape_string(value)}]\"\n        opts = self._el.find_elements(By.CSS_SELECTOR, css)\n        matched = False\n        for opt in opts:\n            self._set_selected(opt)\n            if not self.is_multiple:\n                return\n            matched = True\n        if not matched:\n>           raise NoSuchElementException(f\"Cannot locate option with value: {value}\")\nE           selenium.common.exceptions.NoSuchElementException: Message: Cannot locate option with value: 1775027504; For documentation on this error, please visit: https://www.selenium.dev/documentation/webdriver/troubleshooting/errors#no-such-element-exception\n\n../../../.cache/pypoetry/virtualenvs/uk-bin-collection-EwS6Gn8s-py3.11/lib/python3.11/site-packages/selenium/webdriver/support/select.py:84: NoSuchElementException","flaky":false,"newFailed":true,"newBroken":false,"newPassed":false,"retriesCount":0,"retriesStatusChange":false,"beforeStages":[],"testStage":{"status":"failed","statusMessage":"selenium.common.exceptions.NoSuchElementException: Message: Cannot locate option with value: 1775027504; For documentation on this error, please visit: https://www.selenium.dev/documentation/webdriver/troubleshooting/errors#no-such-element-exception","statusTrace":"fixturefunc = <function scrape_step at 0x7f3749d4e700>\nrequest = <FixtureRequest for <Function test_scenario_outline[PortsmouthCityCouncil]>>\nkwargs = {'context': <test_validate_council.Context object at 0x7f3749bd31d0>, 'headless_mode': 'True', 'local_browser': 'False', 'selenium_url': 'http://localhost:4444'}\n\n    def call_fixture_func(\n        fixturefunc: _FixtureFunc[FixtureValue], request: FixtureRequest, kwargs\n    ) -> FixtureValue:\n        if is_generator(fixturefunc):\n            fixturefunc = cast(\n                Callable[..., Generator[FixtureValue, None, None]], fixturefunc\n            )\n            generator = fixturefunc(**kwargs)\n            try:\n                fixture_result = next(generator)\n            except StopIteration:\n                raise ValueError(f\"{request.fixturename} did not yield a value\") from None\n            finalizer = functools.partial(_teardown_yield_fixture, fixturefunc, generator)\n            request.addfinalizer(finalizer)\n        else:\n            fixturefunc = cast(Callable[..., FixtureValue], fixturefunc)\n>           fixture_result = fixturefunc(**kwargs)\n\n../../../.cache/pypoetry/virtualenvs/uk-bin-collection-EwS6Gn8s-py3.11/lib/python3.11/site-packages/_pytest/fixtures.py:898: \n_ _ _ _ _ _ _ _ _ _ _ _ _ _ _ _ _ _ _ _ _ _ _ _ _ _ _ _ _ _ _ _ _ _ _ _ _ _ _ _ \nuk_bin_collection/tests/step_defs/test_validate_council.py:100: in scrape_step\n    context.parse_result = CollectData.run()\nuk_bin_collection/uk_bin_collection/collect_data.py:101: in run\n    return self.client_code(\nuk_bin_collection/uk_bin_collection/collect_data.py:121: in client_code\n    return get_bin_data_class.template_method(address_url, **kwargs)\nuk_bin_collection/uk_bin_collection/get_bin_data.py:61: in template_method\n    bin_data_dict = self.get_and_parse_data(this_url, **kwargs)\nuk_bin_collection/uk_bin_collection/get_bin_data.py:84: in get_and_parse_data\n    bin_data_dict = self.parse_data(\"\", url=address_url, **kwargs)\nuk_bin_collection/uk_bin_collection/councils/PortsmouthCityCouncil.py:71: in parse_data\n    dropdownSelect.select_by_value(str(user_uprn))\n_ _ _ _ _ _ _ _ _ _ _ _ _ _ _ _ _ _ _ _ _ _ _ _ _ _ _ _ _ _ _ _ _ _ _ _ _ _ _ _ \n\nself = <selenium.webdriver.support.select.Select object at 0x7f374921add0>\nvalue = '1775027504'\n\n    def select_by_value(self, value: str) -> None:\n        \"\"\"Select all options that have a value matching the argument. That is,\n        when given \"foo\" this would select an option like:\n    \n        <option value=\"foo\">Bar</option>\n    \n        :Args:\n         - value - The value to match against\n    \n        throws NoSuchElementException If there is no option with specified value in SELECT\n        \"\"\"\n        css = f\"option[value ={self._escape_string(value)}]\"\n        opts = self._el.find_elements(By.CSS_SELECTOR, css)\n        matched = False\n        for opt in opts:\n            self._set_selected(opt)\n            if not self.is_multiple:\n                return\n            matched = True\n        if not matched:\n>           raise NoSuchElementException(f\"Cannot locate option with value: {value}\")\nE           selenium.common.exceptions.NoSuchElementException: Message: Cannot locate option with value: 1775027504; For documentation on this error, please visit: https://www.selenium.dev/documentation/webdriver/troubleshooting/errors#no-such-element-exception\n\n../../../.cache/pypoetry/virtualenvs/uk-bin-collection-EwS6Gn8s-py3.11/lib/python3.11/site-packages/selenium/webdriver/support/select.py:84: NoSuchElementException","steps":[{"name":"Given the council","time":{"start":1729124680215,"stop":1729124680215,"duration":0},"status":"passed","steps":[],"attachments":[],"parameters":[],"shouldDisplayMessage":false,"stepsCount":0,"attachmentsCount":0,"hasContent":false,"attachmentStep":false},{"name":"When we scrape the data from the council","time":{"start":1729124680215,"stop":1729124722023,"duration":41808},"status":"failed","statusMessage":"Message: Cannot locate option with value: 1775027504; For documentation on this error, please visit: https://www.selenium.dev/documentation/webdriver/troubleshooting/errors#no-such-element-exception\n","statusTrace":"selenium.common.exceptions.NoSuchElementException: Message: Cannot locate option with value: 1775027504; For documentation on this error, please visit: https://www.selenium.dev/documentation/webdriver/troubleshooting/errors#no-such-element-exception\n\n","steps":[],"attachments":[],"parameters":[],"shouldDisplayMessage":true,"stepsCount":0,"attachmentsCount":0,"hasContent":true,"attachmentStep":false}],"attachments":[{"uid":"1968776711dd5ec0","name":"stdout","source":"1968776711dd5ec0.txt","type":"text/plain","size":267}],"parameters":[],"shouldDisplayMessage":true,"stepsCount":2,"attachmentsCount":1,"hasContent":true,"attachmentStep":false},"afterStages":[],"labels":[{"name":"host","value":"fv-az1251-122"},{"name":"thread","value":"2841-MainThread"},{"name":"framework","value":"pytest-bdd"},{"name":"language","value":"cpython3"},{"name":"feature","value":"Test each council output matches expected results"},{"name":"resultFormat","value":"allure2"}],"parameters":[{"name":"council","value":"PortsmouthCityCouncil"}],"links":[],"hidden":false,"retry":false,"extra":{"severity":"normal","retries":[],"categories":[{"name":"Product defects","matchedStatuses":[],"flaky":false}],"history":{"statistic":{"failed":6,"broken":0,"skipped":0,"passed":170,"unknown":0,"total":176},"items":[{"uid":"fe640b447a46e3ad","reportUrl":"https://robbrad.github.io/UKBinCollectionData/3.11/2242//#testresult/fe640b447a46e3ad","status":"passed","time":{"start":1729112451948,"stop":1729112475494,"duration":23546}},{"uid":"a1e95317c2bfe6cd","reportUrl":"https://robbrad.github.io/UKBinCollectionData/3.11/2237//#testresult/a1e95317c2bfe6cd","status":"passed","time":{"start":1729038052685,"stop":1729038068683,"duration":15998}},{"uid":"f76213b3a1ef02a2","reportUrl":"https://robbrad.github.io/UKBinCollectionData/3.11/2233//#testresult/f76213b3a1ef02a2","status":"passed","time":{"start":1728951747218,"stop":1728951762401,"duration":15183}},{"uid":"8f1326ae8451011e","reportUrl":"https://robbrad.github.io/UKBinCollectionData/3.11/2227//#testresult/8f1326ae8451011e","status":"passed","time":{"start":1728865222143,"stop":1728865239633,"duration":17490}},{"uid":"e62ad2a24730603a","reportUrl":"https://robbrad.github.io/UKBinCollectionData/3.11/2214//#testresult/e62ad2a24730603a","status":"passed","time":{"start":1728778796176,"stop":1728778828949,"duration":32773}},{"uid":"61616731af1c4040","reportUrl":"https://robbrad.github.io/UKBinCollectionData/3.11/2211//#testresult/61616731af1c4040","status":"passed","time":{"start":1728692470977,"stop":1728692505790,"duration":34813}},{"uid":"938100b038dc3bd","reportUrl":"https://robbrad.github.io/UKBinCollectionData/3.11/2210//#testresult/938100b038dc3bd","status":"passed","time":{"start":1728605954436,"stop":1728606018772,"duration":64336}},{"uid":"3c7a1c1ee67adbb9","reportUrl":"https://robbrad.github.io/UKBinCollectionData/3.11/2199//#testresult/3c7a1c1ee67adbb9","status":"passed","time":{"start":1728519906393,"stop":1728519932695,"duration":26302}},{"uid":"d0f5c43f759890a3","reportUrl":"https://robbrad.github.io/UKBinCollectionData/3.11/2188//#testresult/d0f5c43f759890a3","status":"passed","time":{"start":1728433166414,"stop":1728433199775,"duration":33361}},{"uid":"5e0326627712230c","reportUrl":"https://robbrad.github.io/UKBinCollectionData/3.11/2169//#testresult/5e0326627712230c","status":"passed","time":{"start":1728333335542,"stop":1728333372942,"duration":37400}},{"uid":"811d38ef0006680","reportUrl":"https://robbrad.github.io/UKBinCollectionData/3.11/2165//#testresult/811d38ef0006680","status":"failed","statusDetails":"selenium.common.exceptions.SessionNotCreatedException: Message: Could not start a new session. New session request timed out \nHost info: host: 'selenium', ip: '172.18.0.2'\nBuild info: version: '4.25.0', revision: '030fcf7918'\nSystem info: os.name: 'Linux', os.arch: 'amd64', os.version: '6.8.0-1014-azure', java.version: '17.0.12'\nDriver info: driver.version: unknown\nStacktrace:\n    at org.openqa.selenium.grid.sessionqueue.local.LocalNewSessionQueue.addToQueue (LocalNewSessionQueue.java:221)\n    at org.openqa.selenium.grid.sessionqueue.NewSessionQueue.lambda$new$0 (NewSessionQueue.java:68)\n    at org.openqa.selenium.remote.http.Route$TemplatizedRoute.handle (Route.java:192)\n    at org.openqa.selenium.remote.http.Route.execute (Route.java:69)\n    at org.openqa.selenium.remote.http.Route$CombinedRoute.handle (Route.java:360)\n    at org.openqa.selenium.remote.http.Route.execute (Route.java:69)\n    at org.openqa.selenium.grid.sessionqueue.NewSessionQueue.execute (NewSessionQueue.java:128)\n    at org.openqa.selenium.remote.tracing.SpanWrappedHttpHandler.execute (SpanWrappedHttpHandler.java:87)\n    at org.openqa.selenium.remote.http.Filter$1.execute (Filter.java:63)\n    at org.openqa.selenium.remote.http.Route$CombinedRoute.handle (Route.java:360)\n    at org.openqa.selenium.remote.http.Route.execute (Route.java:69)\n    at org.openqa.selenium.grid.router.Router.execute (Router.java:87)\n    at org.openqa.selenium.grid.web.EnsureSpecCompliantResponseHeaders.lambda$apply$0 (EnsureSpecCompliantResponseHeaders.java:34)\n    at org.openqa.selenium.remote.http.Filter$1.execute (Filter.java:63)\n    at org.openqa.selenium.remote.http.Route$CombinedRoute.handle (Route.java:360)\n    at org.openqa.selenium.remote.http.Route.execute (Route.java:69)\n    at org.openqa.selenium.remote.AddWebDriverSpecHeaders.lambda$apply$0 (AddWebDriverSpecHeaders.java:35)\n    at org.openqa.selenium.remote.ErrorFilter.lambda$apply$0 (ErrorFilter.java:44)\n    at org.openqa.selenium.remote.http.Filter$1.execute (Filter.java:63)\n    at org.openqa.selenium.remote.ErrorFilter.lambda$apply$0 (ErrorFilter.java:44)\n    at org.openqa.selenium.remote.http.Filter$1.execute (Filter.java:63)\n    at org.openqa.selenium.netty.server.SeleniumHandler.lambda$channelRead0$0 (SeleniumHandler.java:44)\n    at java.util.concurrent.Executors$RunnableAdapter.call (Executors.java:539)\n    at java.util.concurrent.FutureTask.run (FutureTask.java:264)\n    at java.util.concurrent.ThreadPoolExecutor.runWorker (ThreadPoolExecutor.java:1136)\n    at java.util.concurrent.ThreadPoolExecutor$Worker.run (ThreadPoolExecutor.java:635)\n    at java.lang.Thread.run (Thread.java:840)","time":{"start":1728260783136,"stop":1728261083266,"duration":300130}},{"uid":"d71a1e57a6aad2fc","reportUrl":"https://robbrad.github.io/UKBinCollectionData/3.11/2164//#testresult/d71a1e57a6aad2fc","status":"failed","statusDetails":"selenium.common.exceptions.SessionNotCreatedException: Message: Could not start a new session. New session request timed out \nHost info: host: 'selenium', ip: '172.18.0.2'\nBuild info: version: '4.25.0', revision: '030fcf7918'\nSystem info: os.name: 'Linux', os.arch: 'amd64', os.version: '6.8.0-1014-azure', java.version: '17.0.12'\nDriver info: driver.version: unknown\nStacktrace:\n    at org.openqa.selenium.grid.sessionqueue.local.LocalNewSessionQueue.addToQueue (LocalNewSessionQueue.java:221)\n    at org.openqa.selenium.grid.sessionqueue.NewSessionQueue.lambda$new$0 (NewSessionQueue.java:68)\n    at org.openqa.selenium.remote.http.Route$TemplatizedRoute.handle (Route.java:192)\n    at org.openqa.selenium.remote.http.Route.execute (Route.java:69)\n    at org.openqa.selenium.remote.http.Route$CombinedRoute.handle (Route.java:360)\n    at org.openqa.selenium.remote.http.Route.execute (Route.java:69)\n    at org.openqa.selenium.grid.sessionqueue.NewSessionQueue.execute (NewSessionQueue.java:128)\n    at org.openqa.selenium.remote.tracing.SpanWrappedHttpHandler.execute (SpanWrappedHttpHandler.java:87)\n    at org.openqa.selenium.remote.http.Filter$1.execute (Filter.java:63)\n    at org.openqa.selenium.remote.http.Route$CombinedRoute.handle (Route.java:360)\n    at org.openqa.selenium.remote.http.Route.execute (Route.java:69)\n    at org.openqa.selenium.grid.router.Router.execute (Router.java:87)\n    at org.openqa.selenium.grid.web.EnsureSpecCompliantResponseHeaders.lambda$apply$0 (EnsureSpecCompliantResponseHeaders.java:34)\n    at org.openqa.selenium.remote.http.Filter$1.execute (Filter.java:63)\n    at org.openqa.selenium.remote.http.Route$CombinedRoute.handle (Route.java:360)\n    at org.openqa.selenium.remote.http.Route.execute (Route.java:69)\n    at org.openqa.selenium.remote.AddWebDriverSpecHeaders.lambda$apply$0 (AddWebDriverSpecHeaders.java:35)\n    at org.openqa.selenium.remote.ErrorFilter.lambda$apply$0 (ErrorFilter.java:44)\n    at org.openqa.selenium.remote.http.Filter$1.execute (Filter.java:63)\n    at org.openqa.selenium.remote.ErrorFilter.lambda$apply$0 (ErrorFilter.java:44)\n    at org.openqa.selenium.remote.http.Filter$1.execute (Filter.java:63)\n    at org.openqa.selenium.netty.server.SeleniumHandler.lambda$channelRead0$0 (SeleniumHandler.java:44)\n    at java.util.concurrent.Executors$RunnableAdapter.call (Executors.java:539)\n    at java.util.concurrent.FutureTask.run (FutureTask.java:264)\n    at java.util.concurrent.ThreadPoolExecutor.runWorker (ThreadPoolExecutor.java:1136)\n    at java.util.concurrent.ThreadPoolExecutor$Worker.run (ThreadPoolExecutor.java:635)\n    at java.lang.Thread.run (Thread.java:840)","time":{"start":1728174143017,"stop":1728174443053,"duration":300036}},{"uid":"8e54310a642a972c","reportUrl":"https://robbrad.github.io/UKBinCollectionData/3.11/2160//#testresult/8e54310a642a972c","status":"passed","time":{"start":1728087331934,"stop":1728087365656,"duration":33722}},{"uid":"98fb00ba65e6091a","reportUrl":"https://robbrad.github.io/UKBinCollectionData/3.11/2152//#testresult/98fb00ba65e6091a","status":"passed","time":{"start":1728001267992,"stop":1728001285127,"duration":17135}},{"uid":"4e00d3fb7dbcd3e4","reportUrl":"https://robbrad.github.io/UKBinCollectionData/3.11/2148//#testresult/4e00d3fb7dbcd3e4","status":"failed","statusDetails":"selenium.common.exceptions.NoSuchElementException: Message: Cannot locate option with value: 1775027504; For documentation on this error, please visit: https://www.selenium.dev/documentation/webdriver/troubleshooting/errors#no-such-element-exception","time":{"start":1727932905308,"stop":1727932940993,"duration":35685}},{"uid":"41ce131b34344b2","reportUrl":"https://robbrad.github.io/UKBinCollectionData/3.11/2146//#testresult/41ce131b34344b2","status":"passed","time":{"start":1727914730863,"stop":1727914752325,"duration":21462}},{"uid":"889d28d79951d05","reportUrl":"https://robbrad.github.io/UKBinCollectionData/3.11/2139//#testresult/889d28d79951d05","status":"passed","time":{"start":1727828292265,"stop":1727828319763,"duration":27498}},{"uid":"c97a2171317e673","reportUrl":"https://robbrad.github.io/UKBinCollectionData/3.11/2138//#testresult/c97a2171317e673","status":"passed","time":{"start":1727741999222,"stop":1727742020999,"duration":21777}},{"uid":"677f61ef3482a194","reportUrl":"https://robbrad.github.io/UKBinCollectionData/3.11/2137//#testresult/677f61ef3482a194","status":"passed","time":{"start":1727655489286,"stop":1727655511575,"duration":22289}},{"uid":"44267a5cea62a681","reportUrl":"https://robbrad.github.io/UKBinCollectionData/3.11/2136//#testresult/44267a5cea62a681","status":"passed","time":{"start":1727569137496,"stop":1727569168544,"duration":31048}}]},"tags":[]},"source":"e5d1c52f6cb3e6b0.json","parameterValues":["PortsmouthCityCouncil"]}