{"uid":"44fb0a4a0fc08a62","name":"Validate Council Output [HighPeakCouncil]","fullName":"features/validate_council_outputs.feature:Validate Council Output","historyId":"f014a970b405df22a91c3a1e6926ba51","time":{"start":1729210262670,"stop":1729210532701,"duration":270031},"status":"passed","flaky":false,"newFailed":false,"newBroken":false,"newPassed":false,"retriesCount":0,"retriesStatusChange":false,"beforeStages":[],"testStage":{"status":"passed","steps":[{"name":"Given the council","time":{"start":1729210262670,"stop":1729210262670,"duration":0},"status":"passed","steps":[],"attachments":[],"parameters":[],"shouldDisplayMessage":false,"stepsCount":0,"attachmentsCount":0,"hasContent":false,"attachmentStep":false},{"name":"When we scrape the data from the council","time":{"start":1729210262670,"stop":1729210532698,"duration":270028},"status":"passed","steps":[],"attachments":[],"parameters":[],"shouldDisplayMessage":false,"stepsCount":0,"attachmentsCount":0,"hasContent":false,"attachmentStep":false},{"name":"Then the result is valid json","time":{"start":1729210532699,"stop":1729210532699,"duration":0},"status":"passed","steps":[],"attachments":[],"parameters":[],"shouldDisplayMessage":false,"stepsCount":0,"attachmentsCount":0,"hasContent":false,"attachmentStep":false},{"name":"And the output should validate against the schema","time":{"start":1729210532699,"stop":1729210532701,"duration":2},"status":"passed","steps":[],"attachments":[],"parameters":[],"shouldDisplayMessage":false,"stepsCount":0,"attachmentsCount":0,"hasContent":false,"attachmentStep":false}],"attachments":[{"uid":"59f02f5f31b0529b","name":"stdout","source":"59f02f5f31b0529b.txt","type":"text/plain","size":42}],"parameters":[],"shouldDisplayMessage":false,"stepsCount":4,"attachmentsCount":1,"hasContent":true,"attachmentStep":false},"afterStages":[],"labels":[{"name":"host","value":"fv-az575-743"},{"name":"thread","value":"2862-MainThread"},{"name":"framework","value":"pytest-bdd"},{"name":"language","value":"cpython3"},{"name":"feature","value":"Test each council output matches expected results"},{"name":"resultFormat","value":"allure2"}],"parameters":[{"name":"council","value":"HighPeakCouncil"}],"links":[],"hidden":false,"retry":false,"extra":{"severity":"normal","retries":[],"categories":[],"history":{"statistic":{"failed":74,"broken":0,"skipped":0,"passed":283,"unknown":0,"total":357},"items":[{"uid":"d2508a5ee5c85239","reportUrl":"https://robbrad.github.io/UKBinCollectionData/3.11/2244//#testresult/d2508a5ee5c85239","status":"passed","time":{"start":1729123889886,"stop":1729124167203,"duration":277317}},{"uid":"9e3ae2cfe0757b50","reportUrl":"https://robbrad.github.io/UKBinCollectionData/3.11/2242//#testresult/9e3ae2cfe0757b50","status":"passed","time":{"start":1729112328463,"stop":1729112360622,"duration":32159}},{"uid":"277d0702b75af0f6","reportUrl":"https://robbrad.github.io/UKBinCollectionData/3.11/2237//#testresult/277d0702b75af0f6","status":"passed","time":{"start":1729037495678,"stop":1729037763972,"duration":268294}},{"uid":"64fca7da5e2fb880","reportUrl":"https://robbrad.github.io/UKBinCollectionData/3.11/2233//#testresult/64fca7da5e2fb880","status":"failed","statusDetails":"selenium.common.exceptions.NoSuchElementException: Message: no such element: Unable to locate element: {\"method\":\"css selector\",\"selector\":\"[id=\"FINDBINDAYSHIGHPEAK_POSTCODESELECT_POSTCODE\"]\"}\n  (Session info: chrome=129.0.6668.100); For documentation on this error, please visit: https://www.selenium.dev/documentation/webdriver/troubleshooting/errors#no-such-element-exception\nStacktrace:\n#0 0x56158d4e8b9a <unknown>\n#1 0x56158d1ce670 <unknown>\n#2 0x56158d21dc48 <unknown>\n#3 0x56158d21dee1 <unknown>\n#4 0x56158d264924 <unknown>\n#5 0x56158d242bad <unknown>\n#6 0x56158d261dd6 <unknown>\n#7 0x56158d242923 <unknown>\n#8 0x56158d2106e7 <unknown>\n#9 0x56158d2116de <unknown>\n#10 0x56158d4b266b <unknown>\n#11 0x56158d4b6611 <unknown>\n#12 0x56158d49e4e5 <unknown>\n#13 0x56158d4b7192 <unknown>\n#14 0x56158d4836ef <unknown>\n#15 0x56158d4d79d8 <unknown>\n#16 0x56158d4d7ba7 <unknown>\n#17 0x56158d4e79ec <unknown>\n#18 0x7f4f834fba94 <unknown>\n#19 0x7f4f83588a34 __clone","time":{"start":1728951126565,"stop":1728951459345,"duration":332780}},{"uid":"9d0509bb1b155dd","reportUrl":"https://robbrad.github.io/UKBinCollectionData/3.11/2227//#testresult/9d0509bb1b155dd","status":"passed","time":{"start":1728864674305,"stop":1728864927550,"duration":253245}},{"uid":"4806fcc5dd5c5d00","reportUrl":"https://robbrad.github.io/UKBinCollectionData/3.11/2214//#testresult/4806fcc5dd5c5d00","status":"passed","time":{"start":1728778785823,"stop":1728778814857,"duration":29034}},{"uid":"1f68f063a3ec90d6","reportUrl":"https://robbrad.github.io/UKBinCollectionData/3.11/2211//#testresult/1f68f063a3ec90d6","status":"passed","time":{"start":1728692423430,"stop":1728692454643,"duration":31213}},{"uid":"161bb68e09dc06f8","reportUrl":"https://robbrad.github.io/UKBinCollectionData/3.11/2210//#testresult/161bb68e09dc06f8","status":"passed","time":{"start":1728605958187,"stop":1728606026995,"duration":68808}},{"uid":"a8f16d06fdc2baed","reportUrl":"https://robbrad.github.io/UKBinCollectionData/3.11/2199//#testresult/a8f16d06fdc2baed","status":"passed","time":{"start":1728519905436,"stop":1728519916628,"duration":11192}},{"uid":"296aeb8937e0585b","reportUrl":"https://robbrad.github.io/UKBinCollectionData/3.11/2188//#testresult/296aeb8937e0585b","status":"passed","time":{"start":1728433095424,"stop":1728433149644,"duration":54220}},{"uid":"8ea67c69cf12d51e","reportUrl":"https://robbrad.github.io/UKBinCollectionData/3.11/2169//#testresult/8ea67c69cf12d51e","status":"failed","statusDetails":"selenium.common.exceptions.SessionNotCreatedException: Message: Could not start a new session. New session request timed out \nHost info: host: 'selenium', ip: '172.18.0.2'\nBuild info: version: '4.25.0', revision: '030fcf7918'\nSystem info: os.name: 'Linux', os.arch: 'amd64', os.version: '6.8.0-1014-azure', java.version: '17.0.12'\nDriver info: driver.version: unknown\nStacktrace:\n    at org.openqa.selenium.grid.sessionqueue.local.LocalNewSessionQueue.addToQueue (LocalNewSessionQueue.java:221)\n    at org.openqa.selenium.grid.sessionqueue.NewSessionQueue.lambda$new$0 (NewSessionQueue.java:68)\n    at org.openqa.selenium.remote.http.Route$TemplatizedRoute.handle (Route.java:192)\n    at org.openqa.selenium.remote.http.Route.execute (Route.java:69)\n    at org.openqa.selenium.remote.http.Route$CombinedRoute.handle (Route.java:360)\n    at org.openqa.selenium.remote.http.Route.execute (Route.java:69)\n    at org.openqa.selenium.grid.sessionqueue.NewSessionQueue.execute (NewSessionQueue.java:128)\n    at org.openqa.selenium.remote.tracing.SpanWrappedHttpHandler.execute (SpanWrappedHttpHandler.java:87)\n    at org.openqa.selenium.remote.http.Filter$1.execute (Filter.java:63)\n    at org.openqa.selenium.remote.http.Route$CombinedRoute.handle (Route.java:360)\n    at org.openqa.selenium.remote.http.Route.execute (Route.java:69)\n    at org.openqa.selenium.grid.router.Router.execute (Router.java:87)\n    at org.openqa.selenium.grid.web.EnsureSpecCompliantResponseHeaders.lambda$apply$0 (EnsureSpecCompliantResponseHeaders.java:34)\n    at org.openqa.selenium.remote.http.Filter$1.execute (Filter.java:63)\n    at org.openqa.selenium.remote.http.Route$CombinedRoute.handle (Route.java:360)\n    at org.openqa.selenium.remote.http.Route.execute (Route.java:69)\n    at org.openqa.selenium.remote.AddWebDriverSpecHeaders.lambda$apply$0 (AddWebDriverSpecHeaders.java:35)\n    at org.openqa.selenium.remote.ErrorFilter.lambda$apply$0 (ErrorFilter.java:44)\n    at org.openqa.selenium.remote.http.Filter$1.execute (Filter.java:63)\n    at org.openqa.selenium.remote.ErrorFilter.lambda$apply$0 (ErrorFilter.java:44)\n    at org.openqa.selenium.remote.http.Filter$1.execute (Filter.java:63)\n    at org.openqa.selenium.netty.server.SeleniumHandler.lambda$channelRead0$0 (SeleniumHandler.java:44)\n    at java.util.concurrent.Executors$RunnableAdapter.call (Executors.java:539)\n    at java.util.concurrent.FutureTask.run (FutureTask.java:264)\n    at java.util.concurrent.ThreadPoolExecutor.runWorker (ThreadPoolExecutor.java:1136)\n    at java.util.concurrent.ThreadPoolExecutor$Worker.run (ThreadPoolExecutor.java:635)\n    at java.lang.Thread.run (Thread.java:840)","time":{"start":1728332562053,"stop":1728332862062,"duration":300009}},{"uid":"d9fe89afef192eb2","reportUrl":"https://robbrad.github.io/UKBinCollectionData/3.11/2165//#testresult/d9fe89afef192eb2","status":"failed","statusDetails":"selenium.common.exceptions.SessionNotCreatedException: Message: Could not start a new session. New session request timed out \nHost info: host: 'selenium', ip: '172.18.0.2'\nBuild info: version: '4.25.0', revision: '030fcf7918'\nSystem info: os.name: 'Linux', os.arch: 'amd64', os.version: '6.8.0-1014-azure', java.version: '17.0.12'\nDriver info: driver.version: unknown\nStacktrace:\n    at org.openqa.selenium.grid.sessionqueue.local.LocalNewSessionQueue.addToQueue (LocalNewSessionQueue.java:221)\n    at org.openqa.selenium.grid.sessionqueue.NewSessionQueue.lambda$new$0 (NewSessionQueue.java:68)\n    at org.openqa.selenium.remote.http.Route$TemplatizedRoute.handle (Route.java:192)\n    at org.openqa.selenium.remote.http.Route.execute (Route.java:69)\n    at org.openqa.selenium.remote.http.Route$CombinedRoute.handle (Route.java:360)\n    at org.openqa.selenium.remote.http.Route.execute (Route.java:69)\n    at org.openqa.selenium.grid.sessionqueue.NewSessionQueue.execute (NewSessionQueue.java:128)\n    at org.openqa.selenium.remote.tracing.SpanWrappedHttpHandler.execute (SpanWrappedHttpHandler.java:87)\n    at org.openqa.selenium.remote.http.Filter$1.execute (Filter.java:63)\n    at org.openqa.selenium.remote.http.Route$CombinedRoute.handle (Route.java:360)\n    at org.openqa.selenium.remote.http.Route.execute (Route.java:69)\n    at org.openqa.selenium.grid.router.Router.execute (Router.java:87)\n    at org.openqa.selenium.grid.web.EnsureSpecCompliantResponseHeaders.lambda$apply$0 (EnsureSpecCompliantResponseHeaders.java:34)\n    at org.openqa.selenium.remote.http.Filter$1.execute (Filter.java:63)\n    at org.openqa.selenium.remote.http.Route$CombinedRoute.handle (Route.java:360)\n    at org.openqa.selenium.remote.http.Route.execute (Route.java:69)\n    at org.openqa.selenium.remote.AddWebDriverSpecHeaders.lambda$apply$0 (AddWebDriverSpecHeaders.java:35)\n    at org.openqa.selenium.remote.ErrorFilter.lambda$apply$0 (ErrorFilter.java:44)\n    at org.openqa.selenium.remote.http.Filter$1.execute (Filter.java:63)\n    at org.openqa.selenium.remote.ErrorFilter.lambda$apply$0 (ErrorFilter.java:44)\n    at org.openqa.selenium.remote.http.Filter$1.execute (Filter.java:63)\n    at org.openqa.selenium.netty.server.SeleniumHandler.lambda$channelRead0$0 (SeleniumHandler.java:44)\n    at java.util.concurrent.Executors$RunnableAdapter.call (Executors.java:539)\n    at java.util.concurrent.FutureTask.run (FutureTask.java:264)\n    at java.util.concurrent.ThreadPoolExecutor.runWorker (ThreadPoolExecutor.java:1136)\n    at java.util.concurrent.ThreadPoolExecutor$Worker.run (ThreadPoolExecutor.java:635)\n    at java.lang.Thread.run (Thread.java:840)","time":{"start":1728259636917,"stop":1728259936928,"duration":300011}},{"uid":"646423c7bef5bd52","reportUrl":"https://robbrad.github.io/UKBinCollectionData/3.11/2164//#testresult/646423c7bef5bd52","status":"failed","statusDetails":"selenium.common.exceptions.SessionNotCreatedException: Message: Could not start a new session. New session request timed out \nHost info: host: 'selenium', ip: '172.18.0.2'\nBuild info: version: '4.25.0', revision: '030fcf7918'\nSystem info: os.name: 'Linux', os.arch: 'amd64', os.version: '6.8.0-1014-azure', java.version: '17.0.12'\nDriver info: driver.version: unknown\nStacktrace:\n    at org.openqa.selenium.grid.sessionqueue.local.LocalNewSessionQueue.addToQueue (LocalNewSessionQueue.java:221)\n    at org.openqa.selenium.grid.sessionqueue.NewSessionQueue.lambda$new$0 (NewSessionQueue.java:68)\n    at org.openqa.selenium.remote.http.Route$TemplatizedRoute.handle (Route.java:192)\n    at org.openqa.selenium.remote.http.Route.execute (Route.java:69)\n    at org.openqa.selenium.remote.http.Route$CombinedRoute.handle (Route.java:360)\n    at org.openqa.selenium.remote.http.Route.execute (Route.java:69)\n    at org.openqa.selenium.grid.sessionqueue.NewSessionQueue.execute (NewSessionQueue.java:128)\n    at org.openqa.selenium.remote.tracing.SpanWrappedHttpHandler.execute (SpanWrappedHttpHandler.java:87)\n    at org.openqa.selenium.remote.http.Filter$1.execute (Filter.java:63)\n    at org.openqa.selenium.remote.http.Route$CombinedRoute.handle (Route.java:360)\n    at org.openqa.selenium.remote.http.Route.execute (Route.java:69)\n    at org.openqa.selenium.grid.router.Router.execute (Router.java:87)\n    at org.openqa.selenium.grid.web.EnsureSpecCompliantResponseHeaders.lambda$apply$0 (EnsureSpecCompliantResponseHeaders.java:34)\n    at org.openqa.selenium.remote.http.Filter$1.execute (Filter.java:63)\n    at org.openqa.selenium.remote.http.Route$CombinedRoute.handle (Route.java:360)\n    at org.openqa.selenium.remote.http.Route.execute (Route.java:69)\n    at org.openqa.selenium.remote.AddWebDriverSpecHeaders.lambda$apply$0 (AddWebDriverSpecHeaders.java:35)\n    at org.openqa.selenium.remote.ErrorFilter.lambda$apply$0 (ErrorFilter.java:44)\n    at org.openqa.selenium.remote.http.Filter$1.execute (Filter.java:63)\n    at org.openqa.selenium.remote.ErrorFilter.lambda$apply$0 (ErrorFilter.java:44)\n    at org.openqa.selenium.remote.http.Filter$1.execute (Filter.java:63)\n    at org.openqa.selenium.netty.server.SeleniumHandler.lambda$channelRead0$0 (SeleniumHandler.java:44)\n    at java.util.concurrent.Executors$RunnableAdapter.call (Executors.java:539)\n    at java.util.concurrent.FutureTask.run (FutureTask.java:264)\n    at java.util.concurrent.ThreadPoolExecutor.runWorker (ThreadPoolExecutor.java:1136)\n    at java.util.concurrent.ThreadPoolExecutor$Worker.run (ThreadPoolExecutor.java:635)\n    at java.lang.Thread.run (Thread.java:840)","time":{"start":1728173277584,"stop":1728173577594,"duration":300010}},{"uid":"64b61998fb7c4865","reportUrl":"https://robbrad.github.io/UKBinCollectionData/3.11/2160//#testresult/64b61998fb7c4865","status":"passed","time":{"start":1728087262685,"stop":1728087326859,"duration":64174}},{"uid":"53c4922bf4d0287d","reportUrl":"https://robbrad.github.io/UKBinCollectionData/3.11/2152//#testresult/53c4922bf4d0287d","status":"passed","time":{"start":1728001186711,"stop":1728001253798,"duration":67087}},{"uid":"9194707e8744b5b7","reportUrl":"https://robbrad.github.io/UKBinCollectionData/3.11/2148//#testresult/9194707e8744b5b7","status":"passed","time":{"start":1727932938191,"stop":1727932951207,"duration":13016}},{"uid":"d500874f4cf5dc83","reportUrl":"https://robbrad.github.io/UKBinCollectionData/3.11/2146//#testresult/d500874f4cf5dc83","status":"passed","time":{"start":1727914742121,"stop":1727914771156,"duration":29035}},{"uid":"8760fa4477daa3e","reportUrl":"https://robbrad.github.io/UKBinCollectionData/3.11/2141//#testresult/8760fa4477daa3e","status":"passed","time":{"start":1727864354881,"stop":1727864363890,"duration":9009}},{"uid":"7b704fb035dea6ba","reportUrl":"https://robbrad.github.io/UKBinCollectionData/3.11/2139//#testresult/7b704fb035dea6ba","status":"failed","statusDetails":"selenium.common.exceptions.NoSuchElementException: Message: no such element: Unable to locate element: {\"method\":\"css selector\",\"selector\":\".cookiemessage__link--close\"}\n  (Session info: chrome=129.0.6668.58); For documentation on this error, please visit: https://www.selenium.dev/documentation/webdriver/troubleshooting/errors#no-such-element-exception\nStacktrace:\n#0 0x563e841af13a <unknown>\n#1 0x563e83e955e0 <unknown>\n#2 0x563e83ee4be8 <unknown>\n#3 0x563e83ee4e81 <unknown>\n#4 0x563e83f2b8c4 <unknown>\n#5 0x563e83f09b4d <unknown>\n#6 0x563e83f28d7d <unknown>\n#7 0x563e83f098c3 <unknown>\n#8 0x563e83ed76b3 <unknown>\n#9 0x563e83ed868e <unknown>\n#10 0x563e84179b3b <unknown>\n#11 0x563e8417dac1 <unknown>\n#12 0x563e84166335 <unknown>\n#13 0x563e8417e642 <unknown>\n#14 0x563e8414b49f <unknown>\n#15 0x563e8419e038 <unknown>\n#16 0x563e8419e203 <unknown>\n#17 0x563e841adf8c <unknown>\n#18 0x7f3fce790a94 <unknown>\n#19 0x7f3fce81da34 __clone","time":{"start":1727828305100,"stop":1727828336785,"duration":31685}},{"uid":"fed4c1291f70626c","reportUrl":"https://robbrad.github.io/UKBinCollectionData/3.11/2138//#testresult/fed4c1291f70626c","status":"passed","time":{"start":1727742010274,"stop":1727742048698,"duration":38424}}]},"tags":[]},"source":"44fb0a4a0fc08a62.json","parameterValues":["HighPeakCouncil"]}