{"uid":"ddfe9d2b345564a0","name":"Validate Council Output [NeathPortTalbotCouncil]","fullName":"features/validate_council_outputs.feature:Validate Council Output","historyId":"6a7795e00df27bb2a2723cbd96dd78a1","time":{"start":1728366312308,"stop":1728366320062,"duration":7754},"status":"passed","flaky":false,"newFailed":false,"newBroken":false,"newPassed":true,"retriesCount":0,"retriesStatusChange":false,"beforeStages":[],"testStage":{"status":"passed","steps":[{"name":"Given the council","time":{"start":1728366312309,"stop":1728366312309,"duration":0},"status":"passed","steps":[],"attachments":[],"parameters":[],"shouldDisplayMessage":false,"stepsCount":0,"attachmentsCount":0,"hasContent":false,"attachmentStep":false},{"name":"When we scrape the data from the council","time":{"start":1728366312310,"stop":1728366320059,"duration":7749},"status":"passed","steps":[],"attachments":[],"parameters":[],"shouldDisplayMessage":false,"stepsCount":0,"attachmentsCount":0,"hasContent":false,"attachmentStep":false},{"name":"Then the result is valid json","time":{"start":1728366320060,"stop":1728366320060,"duration":0},"status":"passed","steps":[],"attachments":[],"parameters":[],"shouldDisplayMessage":false,"stepsCount":0,"attachmentsCount":0,"hasContent":false,"attachmentStep":false},{"name":"And the output should validate against the schema","time":{"start":1728366320060,"stop":1728366320062,"duration":2},"status":"passed","steps":[],"attachments":[],"parameters":[],"shouldDisplayMessage":false,"stepsCount":0,"attachmentsCount":0,"hasContent":false,"attachmentStep":false}],"attachments":[{"uid":"70824328e81f262","name":"stdout","source":"70824328e81f262.txt","type":"text/plain","size":49}],"parameters":[],"shouldDisplayMessage":false,"stepsCount":4,"attachmentsCount":1,"hasContent":true,"attachmentStep":false},"afterStages":[],"labels":[{"name":"host","value":"fv-az651-993"},{"name":"thread","value":"2708-MainThread"},{"name":"framework","value":"pytest-bdd"},{"name":"language","value":"cpython3"},{"name":"feature","value":"Test each council output matches expected results"},{"name":"resultFormat","value":"allure2"}],"parameters":[{"name":"council","value":"NeathPortTalbotCouncil"}],"links":[],"hidden":false,"retry":false,"extra":{"severity":"normal","retries":[],"categories":[],"history":{"statistic":{"failed":165,"broken":0,"skipped":0,"passed":1,"unknown":0,"total":166},"items":[{"uid":"ee59be014fe4d323","reportUrl":"https://robbrad.github.io/UKBinCollectionData/3.12/2169//#testresult/ee59be014fe4d323","status":"failed","statusDetails":"selenium.common.exceptions.NoSuchElementException: Message: no such element: Unable to locate element: {\"method\":\"css selector\",\"selector\":\"[id=\"ContentPlaceHolderDefault_ctl13_nptLLPG2_25_addresslookup_txtTmpPostcode\"]\"}\n  (Session info: chrome=129.0.6668.58); For documentation on this error, please visit: https://www.selenium.dev/documentation/webdriver/troubleshooting/errors#no-such-element-exception\nStacktrace:\n#0 0x5615fa46913a <unknown>\n#1 0x5615fa14f5e0 <unknown>\n#2 0x5615fa19ebe8 <unknown>\n#3 0x5615fa19ee81 <unknown>\n#4 0x5615fa1e58c4 <unknown>\n#5 0x5615fa1c3b4d <unknown>\n#6 0x5615fa1e2d7d <unknown>\n#7 0x5615fa1c38c3 <unknown>\n#8 0x5615fa1916b3 <unknown>\n#9 0x5615fa19268e <unknown>\n#10 0x5615fa433b3b <unknown>\n#11 0x5615fa437ac1 <unknown>\n#12 0x5615fa420335 <unknown>\n#13 0x5615fa438642 <unknown>\n#14 0x5615fa40549f <unknown>\n#15 0x5615fa458038 <unknown>\n#16 0x5615fa458203 <unknown>\n#17 0x5615fa467f8c <unknown>\n#18 0x7f131c22aa94 <unknown>\n#19 0x7f131c2b7a34 __clone","time":{"start":1728332929887,"stop":1728332946754,"duration":16867}},{"uid":"93cbebbafb4cafc9","reportUrl":"https://robbrad.github.io/UKBinCollectionData/3.12/2165//#testresult/93cbebbafb4cafc9","status":"failed","statusDetails":"selenium.common.exceptions.SessionNotCreatedException: Message: Could not start a new session. New session request timed out \nHost info: host: 'selenium', ip: '172.18.0.2'\nBuild info: version: '4.25.0', revision: '030fcf7918'\nSystem info: os.name: 'Linux', os.arch: 'amd64', os.version: '6.8.0-1014-azure', java.version: '17.0.12'\nDriver info: driver.version: unknown\nStacktrace:\n    at org.openqa.selenium.grid.sessionqueue.local.LocalNewSessionQueue.addToQueue (LocalNewSessionQueue.java:221)\n    at org.openqa.selenium.grid.sessionqueue.NewSessionQueue.lambda$new$0 (NewSessionQueue.java:68)\n    at org.openqa.selenium.remote.http.Route$TemplatizedRoute.handle (Route.java:192)\n    at org.openqa.selenium.remote.http.Route.execute (Route.java:69)\n    at org.openqa.selenium.remote.http.Route$CombinedRoute.handle (Route.java:360)\n    at org.openqa.selenium.remote.http.Route.execute (Route.java:69)\n    at org.openqa.selenium.grid.sessionqueue.NewSessionQueue.execute (NewSessionQueue.java:128)\n    at org.openqa.selenium.remote.tracing.SpanWrappedHttpHandler.execute (SpanWrappedHttpHandler.java:87)\n    at org.openqa.selenium.remote.http.Filter$1.execute (Filter.java:63)\n    at org.openqa.selenium.remote.http.Route$CombinedRoute.handle (Route.java:360)\n    at org.openqa.selenium.remote.http.Route.execute (Route.java:69)\n    at org.openqa.selenium.grid.router.Router.execute (Router.java:87)\n    at org.openqa.selenium.grid.web.EnsureSpecCompliantResponseHeaders.lambda$apply$0 (EnsureSpecCompliantResponseHeaders.java:34)\n    at org.openqa.selenium.remote.http.Filter$1.execute (Filter.java:63)\n    at org.openqa.selenium.remote.http.Route$CombinedRoute.handle (Route.java:360)\n    at org.openqa.selenium.remote.http.Route.execute (Route.java:69)\n    at org.openqa.selenium.remote.AddWebDriverSpecHeaders.lambda$apply$0 (AddWebDriverSpecHeaders.java:35)\n    at org.openqa.selenium.remote.ErrorFilter.lambda$apply$0 (ErrorFilter.java:44)\n    at org.openqa.selenium.remote.http.Filter$1.execute (Filter.java:63)\n    at org.openqa.selenium.remote.ErrorFilter.lambda$apply$0 (ErrorFilter.java:44)\n    at org.openqa.selenium.remote.http.Filter$1.execute (Filter.java:63)\n    at org.openqa.selenium.netty.server.SeleniumHandler.lambda$channelRead0$0 (SeleniumHandler.java:44)\n    at java.util.concurrent.Executors$RunnableAdapter.call (Executors.java:539)\n    at java.util.concurrent.FutureTask.run (FutureTask.java:264)\n    at java.util.concurrent.ThreadPoolExecutor.runWorker (ThreadPoolExecutor.java:1136)\n    at java.util.concurrent.ThreadPoolExecutor$Worker.run (ThreadPoolExecutor.java:635)\n    at java.lang.Thread.run (Thread.java:840)","time":{"start":1728260431465,"stop":1728260731646,"duration":300181}},{"uid":"785beb8709dcaa1","reportUrl":"https://robbrad.github.io/UKBinCollectionData/3.12/2164//#testresult/785beb8709dcaa1","status":"failed","statusDetails":"selenium.common.exceptions.NoSuchElementException: Message: no such element: Unable to locate element: {\"method\":\"css selector\",\"selector\":\"[id=\"ContentPlaceHolderDefault_ctl13_nptLLPG2_25_addresslookup_txtTmpPostcode\"]\"}\n  (Session info: chrome=129.0.6668.58); For documentation on this error, please visit: https://www.selenium.dev/documentation/webdriver/troubleshooting/errors#no-such-element-exception\nStacktrace:\n#0 0x55f56b26813a <unknown>\n#1 0x55f56af4e5e0 <unknown>\n#2 0x55f56af9dbe8 <unknown>\n#3 0x55f56af9de81 <unknown>\n#4 0x55f56afe48c4 <unknown>\n#5 0x55f56afc2b4d <unknown>\n#6 0x55f56afe1d7d <unknown>\n#7 0x55f56afc28c3 <unknown>\n#8 0x55f56af906b3 <unknown>\n#9 0x55f56af9168e <unknown>\n#10 0x55f56b232b3b <unknown>\n#11 0x55f56b236ac1 <unknown>\n#12 0x55f56b21f335 <unknown>\n#13 0x55f56b237642 <unknown>\n#14 0x55f56b20449f <unknown>\n#15 0x55f56b257038 <unknown>\n#16 0x55f56b257203 <unknown>\n#17 0x55f56b266f8c <unknown>\n#18 0x7fe02b8b4a94 <unknown>\n#19 0x7fe02b941a34 __clone","time":{"start":1728174123375,"stop":1728174170826,"duration":47451}},{"uid":"bdcc71e9450d0c4","reportUrl":"https://robbrad.github.io/UKBinCollectionData/3.12/2160//#testresult/bdcc71e9450d0c4","status":"failed","statusDetails":"selenium.common.exceptions.NoSuchElementException: Message: no such element: Unable to locate element: {\"method\":\"css selector\",\"selector\":\"[id=\"ContentPlaceHolderDefault_ctl13_nptLLPG2_25_addresslookup_txtTmpPostcode\"]\"}\n  (Session info: chrome=129.0.6668.58); For documentation on this error, please visit: https://www.selenium.dev/documentation/webdriver/troubleshooting/errors#no-such-element-exception\nStacktrace:\n#0 0x5643b346013a <unknown>\n#1 0x5643b31465e0 <unknown>\n#2 0x5643b3195be8 <unknown>\n#3 0x5643b3195e81 <unknown>\n#4 0x5643b31dc8c4 <unknown>\n#5 0x5643b31bab4d <unknown>\n#6 0x5643b31d9d7d <unknown>\n#7 0x5643b31ba8c3 <unknown>\n#8 0x5643b31886b3 <unknown>\n#9 0x5643b318968e <unknown>\n#10 0x5643b342ab3b <unknown>\n#11 0x5643b342eac1 <unknown>\n#12 0x5643b3417335 <unknown>\n#13 0x5643b342f642 <unknown>\n#14 0x5643b33fc49f <unknown>\n#15 0x5643b344f038 <unknown>\n#16 0x5643b344f203 <unknown>\n#17 0x5643b345ef8c <unknown>\n#18 0x7f38cd239a94 <unknown>\n#19 0x7f38cd2c6a34 __clone","time":{"start":1728087342715,"stop":1728087361510,"duration":18795}},{"uid":"23b72153cef7e7ef","reportUrl":"https://robbrad.github.io/UKBinCollectionData/3.12/2152//#testresult/23b72153cef7e7ef","status":"failed","statusDetails":"selenium.common.exceptions.NoSuchElementException: Message: no such element: Unable to locate element: {\"method\":\"css selector\",\"selector\":\"[id=\"ContentPlaceHolderDefault_ctl13_nptLLPG2_25_addresslookup_txtTmpPostcode\"]\"}\n  (Session info: chrome=129.0.6668.58); For documentation on this error, please visit: https://www.selenium.dev/documentation/webdriver/troubleshooting/errors#no-such-element-exception\nStacktrace:\n#0 0x557e66cd513a <unknown>\n#1 0x557e669bb5e0 <unknown>\n#2 0x557e66a0abe8 <unknown>\n#3 0x557e66a0ae81 <unknown>\n#4 0x557e66a518c4 <unknown>\n#5 0x557e66a2fb4d <unknown>\n#6 0x557e66a4ed7d <unknown>\n#7 0x557e66a2f8c3 <unknown>\n#8 0x557e669fd6b3 <unknown>\n#9 0x557e669fe68e <unknown>\n#10 0x557e66c9fb3b <unknown>\n#11 0x557e66ca3ac1 <unknown>\n#12 0x557e66c8c335 <unknown>\n#13 0x557e66ca4642 <unknown>\n#14 0x557e66c7149f <unknown>\n#15 0x557e66cc4038 <unknown>\n#16 0x557e66cc4203 <unknown>\n#17 0x557e66cd3f8c <unknown>\n#18 0x7fb6b407ea94 <unknown>\n#19 0x7fb6b410ba34 __clone","time":{"start":1728001248548,"stop":1728001286153,"duration":37605}},{"uid":"f6f20e24a642e1df","reportUrl":"https://robbrad.github.io/UKBinCollectionData/3.12/2148//#testresult/f6f20e24a642e1df","status":"failed","statusDetails":"selenium.common.exceptions.NoSuchElementException: Message: no such element: Unable to locate element: {\"method\":\"css selector\",\"selector\":\"[id=\"ContentPlaceHolderDefault_ctl13_nptLLPG2_25_addresslookup_txtTmpPostcode\"]\"}\n  (Session info: chrome=129.0.6668.58); For documentation on this error, please visit: https://www.selenium.dev/documentation/webdriver/troubleshooting/errors#no-such-element-exception\nStacktrace:\n#0 0x555afa6ac13a <unknown>\n#1 0x555afa3925e0 <unknown>\n#2 0x555afa3e1be8 <unknown>\n#3 0x555afa3e1e81 <unknown>\n#4 0x555afa4288c4 <unknown>\n#5 0x555afa406b4d <unknown>\n#6 0x555afa425d7d <unknown>\n#7 0x555afa4068c3 <unknown>\n#8 0x555afa3d46b3 <unknown>\n#9 0x555afa3d568e <unknown>\n#10 0x555afa676b3b <unknown>\n#11 0x555afa67aac1 <unknown>\n#12 0x555afa663335 <unknown>\n#13 0x555afa67b642 <unknown>\n#14 0x555afa64849f <unknown>\n#15 0x555afa69b038 <unknown>\n#16 0x555afa69b203 <unknown>\n#17 0x555afa6aaf8c <unknown>\n#18 0x7f00ed92ca94 <unknown>\n#19 0x7f00ed9b9a34 __clone","time":{"start":1727932895959,"stop":1727932916221,"duration":20262}},{"uid":"f2dcf350a422eba1","reportUrl":"https://robbrad.github.io/UKBinCollectionData/3.12/2146//#testresult/f2dcf350a422eba1","status":"failed","statusDetails":"selenium.common.exceptions.NoSuchElementException: Message: no such element: Unable to locate element: {\"method\":\"css selector\",\"selector\":\"[id=\"ContentPlaceHolderDefault_ctl13_nptLLPG2_25_addresslookup_txtTmpPostcode\"]\"}\n  (Session info: chrome=129.0.6668.58); For documentation on this error, please visit: https://www.selenium.dev/documentation/webdriver/troubleshooting/errors#no-such-element-exception\nStacktrace:\n#0 0x563b30ecc13a <unknown>\n#1 0x563b30bb25e0 <unknown>\n#2 0x563b30c01be8 <unknown>\n#3 0x563b30c01e81 <unknown>\n#4 0x563b30c488c4 <unknown>\n#5 0x563b30c26b4d <unknown>\n#6 0x563b30c45d7d <unknown>\n#7 0x563b30c268c3 <unknown>\n#8 0x563b30bf46b3 <unknown>\n#9 0x563b30bf568e <unknown>\n#10 0x563b30e96b3b <unknown>\n#11 0x563b30e9aac1 <unknown>\n#12 0x563b30e83335 <unknown>\n#13 0x563b30e9b642 <unknown>\n#14 0x563b30e6849f <unknown>\n#15 0x563b30ebb038 <unknown>\n#16 0x563b30ebb203 <unknown>\n#17 0x563b30ecaf8c <unknown>\n#18 0x7f373dd46a94 <unknown>\n#19 0x7f373ddd3a34 __clone","time":{"start":1727914669095,"stop":1727914708654,"duration":39559}},{"uid":"4ebd04bc112e5138","reportUrl":"https://robbrad.github.io/UKBinCollectionData/3.12/2139//#testresult/4ebd04bc112e5138","status":"failed","statusDetails":"selenium.common.exceptions.NoSuchElementException: Message: no such element: Unable to locate element: {\"method\":\"css selector\",\"selector\":\"[id=\"ContentPlaceHolderDefault_ctl13_nptLLPG2_25_addresslookup_txtTmpPostcode\"]\"}\n  (Session info: chrome=129.0.6668.58); For documentation on this error, please visit: https://www.selenium.dev/documentation/webdriver/troubleshooting/errors#no-such-element-exception\nStacktrace:\n#0 0x5651e8f6213a <unknown>\n#1 0x5651e8c485e0 <unknown>\n#2 0x5651e8c97be8 <unknown>\n#3 0x5651e8c97e81 <unknown>\n#4 0x5651e8cde8c4 <unknown>\n#5 0x5651e8cbcb4d <unknown>\n#6 0x5651e8cdbd7d <unknown>\n#7 0x5651e8cbc8c3 <unknown>\n#8 0x5651e8c8a6b3 <unknown>\n#9 0x5651e8c8b68e <unknown>\n#10 0x5651e8f2cb3b <unknown>\n#11 0x5651e8f30ac1 <unknown>\n#12 0x5651e8f19335 <unknown>\n#13 0x5651e8f31642 <unknown>\n#14 0x5651e8efe49f <unknown>\n#15 0x5651e8f51038 <unknown>\n#16 0x5651e8f51203 <unknown>\n#17 0x5651e8f60f8c <unknown>\n#18 0x7f46918dca94 <unknown>\n#19 0x7f4691969a34 __clone","time":{"start":1727828225678,"stop":1727828263960,"duration":38282}},{"uid":"72f4d335879a35f5","reportUrl":"https://robbrad.github.io/UKBinCollectionData/3.12/2138//#testresult/72f4d335879a35f5","status":"failed","statusDetails":"selenium.common.exceptions.ElementNotInteractableException: Message: element not interactable\n  (Session info: chrome=129.0.6668.58)\nStacktrace:\n#0 0x5560f30f113a <unknown>\n#1 0x5560f2dd743d <unknown>\n#2 0x5560f2e27ddb <unknown>\n#3 0x5560f2e1ba98 <unknown>\n#4 0x5560f2e4bb22 <unknown>\n#5 0x5560f2e1b478 <unknown>\n#6 0x5560f2e4bcee <unknown>\n#7 0x5560f2e6ad7d <unknown>\n#8 0x5560f2e4b8c3 <unknown>\n#9 0x5560f2e196b3 <unknown>\n#10 0x5560f2e1a68e <unknown>\n#11 0x5560f30bbb3b <unknown>\n#12 0x5560f30bfac1 <unknown>\n#13 0x5560f30a8335 <unknown>\n#14 0x5560f30c0642 <unknown>\n#15 0x5560f308d49f <unknown>\n#16 0x5560f30e0038 <unknown>\n#17 0x5560f30e0203 <unknown>\n#18 0x5560f30eff8c <unknown>\n#19 0x7fcd780afa94 <unknown>\n#20 0x7fcd7813ca34 __clone","time":{"start":1727741860202,"stop":1727741915071,"duration":54869}},{"uid":"4e7db503b7d5c435","reportUrl":"https://robbrad.github.io/UKBinCollectionData/3.12/2137//#testresult/4e7db503b7d5c435","status":"failed","statusDetails":"selenium.common.exceptions.NoSuchElementException: Message: no such element: Unable to locate element: {\"method\":\"css selector\",\"selector\":\"[id=\"ContentPlaceHolderDefault_ctl13_nptLLPG2_25_addresslookup_txtTmpPostcode\"]\"}\n  (Session info: chrome=129.0.6668.58); For documentation on this error, please visit: https://www.selenium.dev/documentation/webdriver/troubleshooting/errors#no-such-element-exception\nStacktrace:\n#0 0x5597401ac13a <unknown>\n#1 0x55973fe925e0 <unknown>\n#2 0x55973fee1be8 <unknown>\n#3 0x55973fee1e81 <unknown>\n#4 0x55973ff288c4 <unknown>\n#5 0x55973ff06b4d <unknown>\n#6 0x55973ff25d7d <unknown>\n#7 0x55973ff068c3 <unknown>\n#8 0x55973fed46b3 <unknown>\n#9 0x55973fed568e <unknown>\n#10 0x559740176b3b <unknown>\n#11 0x55974017aac1 <unknown>\n#12 0x559740163335 <unknown>\n#13 0x55974017b642 <unknown>\n#14 0x55974014849f <unknown>\n#15 0x55974019b038 <unknown>\n#16 0x55974019b203 <unknown>\n#17 0x5597401aaf8c <unknown>\n#18 0x7fe06b73ba94 <unknown>\n#19 0x7fe06b7c8a34 __clone","time":{"start":1727655483239,"stop":1727655517391,"duration":34152}},{"uid":"3291459f65f007cc","reportUrl":"https://robbrad.github.io/UKBinCollectionData/3.12/2136//#testresult/3291459f65f007cc","status":"failed","statusDetails":"selenium.common.exceptions.NoSuchElementException: Message: no such element: Unable to locate element: {\"method\":\"css selector\",\"selector\":\"[id=\"ContentPlaceHolderDefault_ctl13_nptLLPG2_25_addresslookup_txtTmpPostcode\"]\"}\n  (Session info: chrome=129.0.6668.58); For documentation on this error, please visit: https://www.selenium.dev/documentation/webdriver/troubleshooting/errors#no-such-element-exception\nStacktrace:\n#0 0x55de208df13a <unknown>\n#1 0x55de205c55e0 <unknown>\n#2 0x55de20614be8 <unknown>\n#3 0x55de20614e81 <unknown>\n#4 0x55de2065b8c4 <unknown>\n#5 0x55de20639b4d <unknown>\n#6 0x55de20658d7d <unknown>\n#7 0x55de206398c3 <unknown>\n#8 0x55de206076b3 <unknown>\n#9 0x55de2060868e <unknown>\n#10 0x55de208a9b3b <unknown>\n#11 0x55de208adac1 <unknown>\n#12 0x55de20896335 <unknown>\n#13 0x55de208ae642 <unknown>\n#14 0x55de2087b49f <unknown>\n#15 0x55de208ce038 <unknown>\n#16 0x55de208ce203 <unknown>\n#17 0x55de208ddf8c <unknown>\n#18 0x7fe4a45e1a94 <unknown>\n#19 0x7fe4a466ea34 __clone","time":{"start":1727569184790,"stop":1727569194040,"duration":9250}},{"uid":"15d4ceab4744bb34","reportUrl":"https://robbrad.github.io/UKBinCollectionData/3.12/2135//#testresult/15d4ceab4744bb34","status":"failed","statusDetails":"selenium.common.exceptions.NoSuchElementException: Message: no such element: Unable to locate element: {\"method\":\"css selector\",\"selector\":\"[id=\"ContentPlaceHolderDefault_ctl13_nptLLPG2_25_addresslookup_txtTmpPostcode\"]\"}\n  (Session info: chrome=129.0.6668.58); For documentation on this error, please visit: https://www.selenium.dev/documentation/webdriver/troubleshooting/errors#no-such-element-exception\nStacktrace:\n#0 0x565383c6e13a <unknown>\n#1 0x5653839545e0 <unknown>\n#2 0x5653839a3be8 <unknown>\n#3 0x5653839a3e81 <unknown>\n#4 0x5653839ea8c4 <unknown>\n#5 0x5653839c8b4d <unknown>\n#6 0x5653839e7d7d <unknown>\n#7 0x5653839c88c3 <unknown>\n#8 0x5653839966b3 <unknown>\n#9 0x56538399768e <unknown>\n#10 0x565383c38b3b <unknown>\n#11 0x565383c3cac1 <unknown>\n#12 0x565383c25335 <unknown>\n#13 0x565383c3d642 <unknown>\n#14 0x565383c0a49f <unknown>\n#15 0x565383c5d038 <unknown>\n#16 0x565383c5d203 <unknown>\n#17 0x565383c6cf8c <unknown>\n#18 0x7fa6af866a94 <unknown>\n#19 0x7fa6af8f3a34 __clone","time":{"start":1727482659324,"stop":1727482713025,"duration":53701}},{"uid":"56e4a522134f6159","reportUrl":"https://robbrad.github.io/UKBinCollectionData/3.12/2131//#testresult/56e4a522134f6159","status":"failed","statusDetails":"selenium.common.exceptions.NoSuchElementException: Message: no such element: Unable to locate element: {\"method\":\"css selector\",\"selector\":\"[id=\"ContentPlaceHolderDefault_ctl13_nptLLPG2_25_addresslookup_txtTmpPostcode\"]\"}\n  (Session info: chrome=129.0.6668.58); For documentation on this error, please visit: https://www.selenium.dev/documentation/webdriver/troubleshooting/errors#no-such-element-exception\nStacktrace:\n#0 0x558b8d66013a <unknown>\n#1 0x558b8d3465e0 <unknown>\n#2 0x558b8d395be8 <unknown>\n#3 0x558b8d395e81 <unknown>\n#4 0x558b8d3dc8c4 <unknown>\n#5 0x558b8d3bab4d <unknown>\n#6 0x558b8d3d9d7d <unknown>\n#7 0x558b8d3ba8c3 <unknown>\n#8 0x558b8d3886b3 <unknown>\n#9 0x558b8d38968e <unknown>\n#10 0x558b8d62ab3b <unknown>\n#11 0x558b8d62eac1 <unknown>\n#12 0x558b8d617335 <unknown>\n#13 0x558b8d62f642 <unknown>\n#14 0x558b8d5fc49f <unknown>\n#15 0x558b8d64f038 <unknown>\n#16 0x558b8d64f203 <unknown>\n#17 0x558b8d65ef8c <unknown>\n#18 0x7f5a1046ba94 <unknown>\n#19 0x7f5a104f8a34 __clone","time":{"start":1727422601357,"stop":1727422642086,"duration":40729}},{"uid":"a0de2d4f82909ba2","reportUrl":"https://robbrad.github.io/UKBinCollectionData/3.12/2130//#testresult/a0de2d4f82909ba2","status":"failed","statusDetails":"selenium.common.exceptions.NoSuchElementException: Message: no such element: Unable to locate element: {\"method\":\"css selector\",\"selector\":\"[id=\"ContentPlaceHolderDefault_ctl13_nptLLPG2_25_addresslookup_txtTmpPostcode\"]\"}\n  (Session info: chrome=129.0.6668.58); For documentation on this error, please visit: https://www.selenium.dev/documentation/webdriver/troubleshooting/errors#no-such-element-exception\nStacktrace:\n#0 0x55e50ed0313a <unknown>\n#1 0x55e50e9e95e0 <unknown>\n#2 0x55e50ea38be8 <unknown>\n#3 0x55e50ea38e81 <unknown>\n#4 0x55e50ea7f8c4 <unknown>\n#5 0x55e50ea5db4d <unknown>\n#6 0x55e50ea7cd7d <unknown>\n#7 0x55e50ea5d8c3 <unknown>\n#8 0x55e50ea2b6b3 <unknown>\n#9 0x55e50ea2c68e <unknown>\n#10 0x55e50eccdb3b <unknown>\n#11 0x55e50ecd1ac1 <unknown>\n#12 0x55e50ecba335 <unknown>\n#13 0x55e50ecd2642 <unknown>\n#14 0x55e50ec9f49f <unknown>\n#15 0x55e50ecf2038 <unknown>\n#16 0x55e50ecf2203 <unknown>\n#17 0x55e50ed01f8c <unknown>\n#18 0x7f47938a2a94 <unknown>\n#19 0x7f479392fa34 __clone","time":{"start":1727396364696,"stop":1727396411677,"duration":46981}},{"uid":"f837e938274f97d4","reportUrl":"https://robbrad.github.io/UKBinCollectionData/3.12/2129//#testresult/f837e938274f97d4","status":"failed","statusDetails":"selenium.common.exceptions.NoSuchElementException: Message: no such element: Unable to locate element: {\"method\":\"css selector\",\"selector\":\"[id=\"ContentPlaceHolderDefault_ctl13_nptLLPG2_25_addresslookup_txtTmpPostcode\"]\"}\n  (Session info: chrome=129.0.6668.58); For documentation on this error, please visit: https://www.selenium.dev/documentation/webdriver/troubleshooting/errors#no-such-element-exception\nStacktrace:\n#0 0x564ddc24f13a <unknown>\n#1 0x564ddbf355e0 <unknown>\n#2 0x564ddbf84be8 <unknown>\n#3 0x564ddbf84e81 <unknown>\n#4 0x564ddbfcb8c4 <unknown>\n#5 0x564ddbfa9b4d <unknown>\n#6 0x564ddbfc8d7d <unknown>\n#7 0x564ddbfa98c3 <unknown>\n#8 0x564ddbf776b3 <unknown>\n#9 0x564ddbf7868e <unknown>\n#10 0x564ddc219b3b <unknown>\n#11 0x564ddc21dac1 <unknown>\n#12 0x564ddc206335 <unknown>\n#13 0x564ddc21e642 <unknown>\n#14 0x564ddc1eb49f <unknown>\n#15 0x564ddc23e038 <unknown>\n#16 0x564ddc23e203 <unknown>\n#17 0x564ddc24df8c <unknown>\n#18 0x7f18c5213a94 <unknown>\n#19 0x7f18c52a0a34 __clone","time":{"start":1727309886703,"stop":1727309912313,"duration":25610}},{"uid":"b3095a243ba086ae","reportUrl":"https://robbrad.github.io/UKBinCollectionData/3.12/2128//#testresult/b3095a243ba086ae","status":"failed","statusDetails":"selenium.common.exceptions.NoSuchElementException: Message: no such element: Unable to locate element: {\"method\":\"css selector\",\"selector\":\"[id=\"ContentPlaceHolderDefault_ctl13_nptLLPG2_25_addresslookup_txtTmpPostcode\"]\"}\n  (Session info: chrome=129.0.6668.58); For documentation on this error, please visit: https://www.selenium.dev/documentation/webdriver/troubleshooting/errors#no-such-element-exception\nStacktrace:\n#0 0x5577f618e13a <unknown>\n#1 0x5577f5e745e0 <unknown>\n#2 0x5577f5ec3be8 <unknown>\n#3 0x5577f5ec3e81 <unknown>\n#4 0x5577f5f0a8c4 <unknown>\n#5 0x5577f5ee8b4d <unknown>\n#6 0x5577f5f07d7d <unknown>\n#7 0x5577f5ee88c3 <unknown>\n#8 0x5577f5eb66b3 <unknown>\n#9 0x5577f5eb768e <unknown>\n#10 0x5577f6158b3b <unknown>\n#11 0x5577f615cac1 <unknown>\n#12 0x5577f6145335 <unknown>\n#13 0x5577f615d642 <unknown>\n#14 0x5577f612a49f <unknown>\n#15 0x5577f617d038 <unknown>\n#16 0x5577f617d203 <unknown>\n#17 0x5577f618cf8c <unknown>\n#18 0x7f32de324a94 <unknown>\n#19 0x7f32de3b1a34 __clone","time":{"start":1727223513208,"stop":1727223560293,"duration":47085}},{"uid":"e86e626977881724","reportUrl":"https://robbrad.github.io/UKBinCollectionData/3.12/2127//#testresult/e86e626977881724","status":"failed","statusDetails":"selenium.common.exceptions.ElementNotInteractableException: Message: element not interactable\n  (Session info: chrome=129.0.6668.58)\nStacktrace:\n#0 0x55bf7430413a <unknown>\n#1 0x55bf73fea43d <unknown>\n#2 0x55bf7403addb <unknown>\n#3 0x55bf7402ea98 <unknown>\n#4 0x55bf7405eb22 <unknown>\n#5 0x55bf7402e478 <unknown>\n#6 0x55bf7405ecee <unknown>\n#7 0x55bf7407dd7d <unknown>\n#8 0x55bf7405e8c3 <unknown>\n#9 0x55bf7402c6b3 <unknown>\n#10 0x55bf7402d68e <unknown>\n#11 0x55bf742ceb3b <unknown>\n#12 0x55bf742d2ac1 <unknown>\n#13 0x55bf742bb335 <unknown>\n#14 0x55bf742d3642 <unknown>\n#15 0x55bf742a049f <unknown>\n#16 0x55bf742f3038 <unknown>\n#17 0x55bf742f3203 <unknown>\n#18 0x55bf74302f8c <unknown>\n#19 0x7f87df47ca94 <unknown>\n#20 0x7f87df509a34 __clone","time":{"start":1727137213770,"stop":1727137223832,"duration":10062}},{"uid":"4d6540f7d364bb68","reportUrl":"https://robbrad.github.io/UKBinCollectionData/3.12/2126//#testresult/4d6540f7d364bb68","status":"failed","statusDetails":"selenium.common.exceptions.NoSuchElementException: Message: no such element: Unable to locate element: {\"method\":\"css selector\",\"selector\":\"[id=\"ContentPlaceHolderDefault_ctl13_nptLLPG2_25_addresslookup_txtTmpPostcode\"]\"}\n  (Session info: chrome=129.0.6668.58); For documentation on this error, please visit: https://www.selenium.dev/documentation/webdriver/troubleshooting/errors#no-such-element-exception\nStacktrace:\n#0 0x55603333213a <unknown>\n#1 0x5560330185e0 <unknown>\n#2 0x556033067be8 <unknown>\n#3 0x556033067e81 <unknown>\n#4 0x5560330ae8c4 <unknown>\n#5 0x55603308cb4d <unknown>\n#6 0x5560330abd7d <unknown>\n#7 0x55603308c8c3 <unknown>\n#8 0x55603305a6b3 <unknown>\n#9 0x55603305b68e <unknown>\n#10 0x5560332fcb3b <unknown>\n#11 0x556033300ac1 <unknown>\n#12 0x5560332e9335 <unknown>\n#13 0x556033301642 <unknown>\n#14 0x5560332ce49f <unknown>\n#15 0x556033321038 <unknown>\n#16 0x556033321203 <unknown>\n#17 0x556033330f8c <unknown>\n#18 0x7f578ae96a94 <unknown>\n#19 0x7f578af23a34 __clone","time":{"start":1727050884954,"stop":1727050907298,"duration":22344}},{"uid":"e68ff16195f3ec18","reportUrl":"https://robbrad.github.io/UKBinCollectionData/3.12/2125//#testresult/e68ff16195f3ec18","status":"failed","statusDetails":"selenium.common.exceptions.ElementNotInteractableException: Message: element not interactable\n  (Session info: chrome=128.0.6613.119)\nStacktrace:\n#0 0x55d66792886a <unknown>\n#1 0x55d6675f6c91 <unknown>\n#2 0x55d66764792f <unknown>\n#3 0x55d66763b4d6 <unknown>\n#4 0x55d66766b492 <unknown>\n#5 0x55d66763ae89 <unknown>\n#6 0x55d66766b65e <unknown>\n#7 0x55d6676899c6 <unknown>\n#8 0x55d66766b233 <unknown>\n#9 0x55d667639093 <unknown>\n#10 0x55d66763a09e <unknown>\n#11 0x55d6678efacb <unknown>\n#12 0x55d6678f3a81 <unknown>\n#13 0x55d6678db695 <unknown>\n#14 0x55d6678f45f2 <unknown>\n#15 0x55d6678c086f <unknown>\n#16 0x55d667917668 <unknown>\n#17 0x55d667917832 <unknown>\n#18 0x55d66792765c <unknown>\n#19 0x7f2fc82b4a94 <unknown>\n#20 0x7f2fc8341a34 __clone","time":{"start":1726964400177,"stop":1726964420897,"duration":20720}},{"uid":"b829b963dbcb7664","reportUrl":"https://robbrad.github.io/UKBinCollectionData/3.12/2124//#testresult/b829b963dbcb7664","status":"failed","statusDetails":"selenium.common.exceptions.NoSuchElementException: Message: no such element: Unable to locate element: {\"method\":\"css selector\",\"selector\":\"[id=\"ContentPlaceHolderDefault_ctl13_nptLLPG2_25_addresslookup_txtTmpPostcode\"]\"}\n  (Session info: chrome=128.0.6613.119); For documentation on this error, please visit: https://www.selenium.dev/documentation/webdriver/troubleshooting/errors#no-such-element-exception\nStacktrace:\n#0 0x5616b693386a <unknown>\n#1 0x5616b6601e50 <unknown>\n#2 0x5616b6651644 <unknown>\n#3 0x5616b6651931 <unknown>\n#4 0x5616b6697534 <unknown>\n#5 0x5616b66764bd <unknown>\n#6 0x5616b66949c6 <unknown>\n#7 0x5616b6676233 <unknown>\n#8 0x5616b6644093 <unknown>\n#9 0x5616b664509e <unknown>\n#10 0x5616b68faacb <unknown>\n#11 0x5616b68fea81 <unknown>\n#12 0x5616b68e6695 <unknown>\n#13 0x5616b68ff5f2 <unknown>\n#14 0x5616b68cb86f <unknown>\n#15 0x5616b6922668 <unknown>\n#16 0x5616b6922832 <unknown>\n#17 0x5616b693265c <unknown>\n#18 0x7f50b2e5fa94 <unknown>\n#19 0x7f50b2eeca34 __clone","time":{"start":1726878089760,"stop":1726878111276,"duration":21516}}]},"tags":[]},"source":"ddfe9d2b345564a0.json","parameterValues":["NeathPortTalbotCouncil"]}