{"uid":"cd136e7d79311b33","name":"Validate Council Output [BexleyCouncil]","fullName":"features/validate_council_outputs.feature:Validate Council Output","historyId":"b14d94c00a7a02b15ede5862fe9627b6","time":{"start":1728432086474,"stop":1728432386492,"duration":300018},"status":"failed","statusMessage":"selenium.common.exceptions.SessionNotCreatedException: Message: Could not start a new session. New session request timed out \nHost info: host: 'selenium', ip: '172.18.0.2'\nBuild info: version: '4.25.0', revision: '030fcf7918'\nSystem info: os.name: 'Linux', os.arch: 'amd64', os.version: '6.8.0-1014-azure', java.version: '17.0.12'\nDriver info: driver.version: unknown\nStacktrace:\n    at org.openqa.selenium.grid.sessionqueue.local.LocalNewSessionQueue.addToQueue (LocalNewSessionQueue.java:221)\n    at org.openqa.selenium.grid.sessionqueue.NewSessionQueue.lambda$new$0 (NewSessionQueue.java:68)\n    at org.openqa.selenium.remote.http.Route$TemplatizedRoute.handle (Route.java:192)\n    at org.openqa.selenium.remote.http.Route.execute (Route.java:69)\n    at org.openqa.selenium.remote.http.Route$CombinedRoute.handle (Route.java:360)\n    at org.openqa.selenium.remote.http.Route.execute (Route.java:69)\n    at org.openqa.selenium.grid.sessionqueue.NewSessionQueue.execute (NewSessionQueue.java:128)\n    at org.openqa.selenium.remote.tracing.SpanWrappedHttpHandler.execute (SpanWrappedHttpHandler.java:87)\n    at org.openqa.selenium.remote.http.Filter$1.execute (Filter.java:63)\n    at org.openqa.selenium.remote.http.Route$CombinedRoute.handle (Route.java:360)\n    at org.openqa.selenium.remote.http.Route.execute (Route.java:69)\n    at org.openqa.selenium.grid.router.Router.execute (Router.java:87)\n    at org.openqa.selenium.grid.web.EnsureSpecCompliantResponseHeaders.lambda$apply$0 (EnsureSpecCompliantResponseHeaders.java:34)\n    at org.openqa.selenium.remote.http.Filter$1.execute (Filter.java:63)\n    at org.openqa.selenium.remote.http.Route$CombinedRoute.handle (Route.java:360)\n    at org.openqa.selenium.remote.http.Route.execute (Route.java:69)\n    at org.openqa.selenium.remote.AddWebDriverSpecHeaders.lambda$apply$0 (AddWebDriverSpecHeaders.java:35)\n    at org.openqa.selenium.remote.ErrorFilter.lambda$apply$0 (ErrorFilter.java:44)\n    at org.openqa.selenium.remote.http.Filter$1.execute (Filter.java:63)\n    at org.openqa.selenium.remote.ErrorFilter.lambda$apply$0 (ErrorFilter.java:44)\n    at org.openqa.selenium.remote.http.Filter$1.execute (Filter.java:63)\n    at org.openqa.selenium.netty.server.SeleniumHandler.lambda$channelRead0$0 (SeleniumHandler.java:44)\n    at java.util.concurrent.Executors$RunnableAdapter.call (Executors.java:539)\n    at java.util.concurrent.FutureTask.run (FutureTask.java:264)\n    at java.util.concurrent.ThreadPoolExecutor.runWorker (ThreadPoolExecutor.java:1136)\n    at java.util.concurrent.ThreadPoolExecutor$Worker.run (ThreadPoolExecutor.java:635)\n    at java.lang.Thread.run (Thread.java:840)","statusTrace":"fixturefunc = <function scrape_step at 0x7fd97c5e39c0>\nrequest = <FixtureRequest for <Function test_scenario_outline[BexleyCouncil]>>\nkwargs = {'context': <test_validate_council.Context object at 0x7fd97c46a310>, 'headless_mode': 'True', 'local_browser': 'False', 'selenium_url': 'http://localhost:4444'}\n\n    def call_fixture_func(\n        fixturefunc: _FixtureFunc[FixtureValue], request: FixtureRequest, kwargs\n    ) -> FixtureValue:\n        if is_generator(fixturefunc):\n            fixturefunc = cast(\n                Callable[..., Generator[FixtureValue, None, None]], fixturefunc\n            )\n            generator = fixturefunc(**kwargs)\n            try:\n                fixture_result = next(generator)\n            except StopIteration:\n                raise ValueError(f\"{request.fixturename} did not yield a value\") from None\n            finalizer = functools.partial(_teardown_yield_fixture, fixturefunc, generator)\n            request.addfinalizer(finalizer)\n        else:\n            fixturefunc = cast(Callable[..., FixtureValue], fixturefunc)\n>           fixture_result = fixturefunc(**kwargs)\n\n../../../.cache/pypoetry/virtualenvs/uk-bin-collection-EwS6Gn8s-py3.11/lib/python3.11/site-packages/_pytest/fixtures.py:898: \n_ _ _ _ _ _ _ _ _ _ _ _ _ _ _ _ _ _ _ _ _ _ _ _ _ _ _ _ _ _ _ _ _ _ _ _ _ _ _ _ \nuk_bin_collection/tests/step_defs/test_validate_council.py:100: in scrape_step\n    context.parse_result = CollectData.run()\nuk_bin_collection/uk_bin_collection/collect_data.py:101: in run\n    return self.client_code(\nuk_bin_collection/uk_bin_collection/collect_data.py:121: in client_code\n    return get_bin_data_class.template_method(address_url, **kwargs)\nuk_bin_collection/uk_bin_collection/get_bin_data.py:61: in template_method\n    bin_data_dict = self.get_and_parse_data(this_url, **kwargs)\nuk_bin_collection/uk_bin_collection/get_bin_data.py:84: in get_and_parse_data\n    bin_data_dict = self.parse_data(\"\", url=address_url, **kwargs)\nuk_bin_collection/uk_bin_collection/councils/BexleyCouncil.py:38: in parse_data\n    driver = create_webdriver(web_driver, headless, None, __name__)\nuk_bin_collection/uk_bin_collection/common.py:323: in create_webdriver\n    return webdriver.Remote(command_executor=web_driver, options=options)\n../../../.cache/pypoetry/virtualenvs/uk-bin-collection-EwS6Gn8s-py3.11/lib/python3.11/site-packages/selenium/webdriver/remote/webdriver.py:212: in __init__\n    self.start_session(capabilities)\n../../../.cache/pypoetry/virtualenvs/uk-bin-collection-EwS6Gn8s-py3.11/lib/python3.11/site-packages/selenium/webdriver/remote/webdriver.py:299: in start_session\n    response = self.execute(Command.NEW_SESSION, caps)[\"value\"]\n../../../.cache/pypoetry/virtualenvs/uk-bin-collection-EwS6Gn8s-py3.11/lib/python3.11/site-packages/selenium/webdriver/remote/webdriver.py:354: in execute\n    self.error_handler.check_response(response)\n_ _ _ _ _ _ _ _ _ _ _ _ _ _ _ _ _ _ _ _ _ _ _ _ _ _ _ _ _ _ _ _ _ _ _ _ _ _ _ _ \n\nself = <selenium.webdriver.remote.errorhandler.ErrorHandler object at 0x7fd985f8a850>\nresponse = {'status': 500, 'value': '{\\n  \"value\": {\\n    \"error\": \"session not created\",\\n    \"message\": \"Could not start a new ...\"className\": \"java.lang.Thread\",\\n        \"lineNumber\": 840,\\n        \"classLoaderName\": null\\n      }\\n    ]\\n  }\\n}'}\n\n    def check_response(self, response: Dict[str, Any]) -> None:\n        \"\"\"Checks that a JSON response from the WebDriver does not have an\n        error.\n    \n        :Args:\n         - response - The JSON response from the WebDriver server as a dictionary\n           object.\n    \n        :Raises: If the response contains an error message.\n        \"\"\"\n        status = response.get(\"status\", None)\n        if not status or status == ErrorCode.SUCCESS:\n            return\n        value = None\n        message = response.get(\"message\", \"\")\n        screen: str = response.get(\"screen\", \"\")\n        stacktrace = None\n        if isinstance(status, int):\n            value_json = response.get(\"value\", None)\n            if value_json and isinstance(value_json, str):\n                import json\n    \n                try:\n                    value = json.loads(value_json)\n                    if len(value) == 1:\n                        value = value[\"value\"]\n                    status = value.get(\"error\", None)\n                    if not status:\n                        status = value.get(\"status\", ErrorCode.UNKNOWN_ERROR)\n                        message = value.get(\"value\") or value.get(\"message\")\n                        if not isinstance(message, str):\n                            value = message\n                            message = message.get(\"message\")\n                    else:\n                        message = value.get(\"message\", None)\n                except ValueError:\n                    pass\n    \n        exception_class: Type[WebDriverException]\n        e = ErrorCode()\n        error_codes = [item for item in dir(e) if not item.startswith(\"__\")]\n        for error_code in error_codes:\n            error_info = getattr(ErrorCode, error_code)\n            if isinstance(error_info, list) and status in error_info:\n                exception_class = getattr(ExceptionMapping, error_code, WebDriverException)\n                break\n        else:\n            exception_class = WebDriverException\n    \n        if not value:\n            value = response[\"value\"]\n        if isinstance(value, str):\n            raise exception_class(value)\n        if message == \"\" and \"message\" in value:\n            message = value[\"message\"]\n    \n        screen = None  # type: ignore[assignment]\n        if \"screen\" in value:\n            screen = value[\"screen\"]\n    \n        stacktrace = None\n        st_value = value.get(\"stackTrace\") or value.get(\"stacktrace\")\n        if st_value:\n            if isinstance(st_value, str):\n                stacktrace = st_value.split(\"\\n\")\n            else:\n                stacktrace = []\n                try:\n                    for frame in st_value:\n                        line = frame.get(\"lineNumber\", \"\")\n                        file = frame.get(\"fileName\", \"<anonymous>\")\n                        if line:\n                            file = f\"{file}:{line}\"\n                        meth = frame.get(\"methodName\", \"<anonymous>\")\n                        if \"className\" in frame:\n                            meth = f\"{frame['className']}.{meth}\"\n                        msg = \"    at %s (%s)\"\n                        msg = msg % (meth, file)\n                        stacktrace.append(msg)\n                except TypeError:\n                    pass\n        if exception_class == UnexpectedAlertPresentException:\n            alert_text = None\n            if \"data\" in value:\n                alert_text = value[\"data\"].get(\"text\")\n            elif \"alert\" in value:\n                alert_text = value[\"alert\"].get(\"text\")\n            raise exception_class(message, screen, stacktrace, alert_text)  # type: ignore[call-arg]  # mypy is not smart enough here\n>       raise exception_class(message, screen, stacktrace)\nE       selenium.common.exceptions.SessionNotCreatedException: Message: Could not start a new session. New session request timed out \nE       Host info: host: 'selenium', ip: '172.18.0.2'\nE       Build info: version: '4.25.0', revision: '030fcf7918'\nE       System info: os.name: 'Linux', os.arch: 'amd64', os.version: '6.8.0-1014-azure', java.version: '17.0.12'\nE       Driver info: driver.version: unknown\nE       Stacktrace:\nE           at org.openqa.selenium.grid.sessionqueue.local.LocalNewSessionQueue.addToQueue (LocalNewSessionQueue.java:221)\nE           at org.openqa.selenium.grid.sessionqueue.NewSessionQueue.lambda$new$0 (NewSessionQueue.java:68)\nE           at org.openqa.selenium.remote.http.Route$TemplatizedRoute.handle (Route.java:192)\nE           at org.openqa.selenium.remote.http.Route.execute (Route.java:69)\nE           at org.openqa.selenium.remote.http.Route$CombinedRoute.handle (Route.java:360)\nE           at org.openqa.selenium.remote.http.Route.execute (Route.java:69)\nE           at org.openqa.selenium.grid.sessionqueue.NewSessionQueue.execute (NewSessionQueue.java:128)\nE           at org.openqa.selenium.remote.tracing.SpanWrappedHttpHandler.execute (SpanWrappedHttpHandler.java:87)\nE           at org.openqa.selenium.remote.http.Filter$1.execute (Filter.java:63)\nE           at org.openqa.selenium.remote.http.Route$CombinedRoute.handle (Route.java:360)\nE           at org.openqa.selenium.remote.http.Route.execute (Route.java:69)\nE           at org.openqa.selenium.grid.router.Router.execute (Router.java:87)\nE           at org.openqa.selenium.grid.web.EnsureSpecCompliantResponseHeaders.lambda$apply$0 (EnsureSpecCompliantResponseHeaders.java:34)\nE           at org.openqa.selenium.remote.http.Filter$1.execute (Filter.java:63)\nE           at org.openqa.selenium.remote.http.Route$CombinedRoute.handle (Route.java:360)\nE           at org.openqa.selenium.remote.http.Route.execute (Route.java:69)\nE           at org.openqa.selenium.remote.AddWebDriverSpecHeaders.lambda$apply$0 (AddWebDriverSpecHeaders.java:35)\nE           at org.openqa.selenium.remote.ErrorFilter.lambda$apply$0 (ErrorFilter.java:44)\nE           at org.openqa.selenium.remote.http.Filter$1.execute (Filter.java:63)\nE           at org.openqa.selenium.remote.ErrorFilter.lambda$apply$0 (ErrorFilter.java:44)\nE           at org.openqa.selenium.remote.http.Filter$1.execute (Filter.java:63)\nE           at org.openqa.selenium.netty.server.SeleniumHandler.lambda$channelRead0$0 (SeleniumHandler.java:44)\nE           at java.util.concurrent.Executors$RunnableAdapter.call (Executors.java:539)\nE           at java.util.concurrent.FutureTask.run (FutureTask.java:264)\nE           at java.util.concurrent.ThreadPoolExecutor.runWorker (ThreadPoolExecutor.java:1136)\nE           at java.util.concurrent.ThreadPoolExecutor$Worker.run (ThreadPoolExecutor.java:635)\nE           at java.lang.Thread.run (Thread.java:840)\n\n../../../.cache/pypoetry/virtualenvs/uk-bin-collection-EwS6Gn8s-py3.11/lib/python3.11/site-packages/selenium/webdriver/remote/errorhandler.py:229: SessionNotCreatedException","flaky":false,"newFailed":false,"newBroken":false,"newPassed":false,"retriesCount":0,"retriesStatusChange":false,"beforeStages":[],"testStage":{"status":"failed","statusMessage":"selenium.common.exceptions.SessionNotCreatedException: Message: Could not start a new session. New session request timed out \nHost info: host: 'selenium', ip: '172.18.0.2'\nBuild info: version: '4.25.0', revision: '030fcf7918'\nSystem info: os.name: 'Linux', os.arch: 'amd64', os.version: '6.8.0-1014-azure', java.version: '17.0.12'\nDriver info: driver.version: unknown\nStacktrace:\n    at org.openqa.selenium.grid.sessionqueue.local.LocalNewSessionQueue.addToQueue (LocalNewSessionQueue.java:221)\n    at org.openqa.selenium.grid.sessionqueue.NewSessionQueue.lambda$new$0 (NewSessionQueue.java:68)\n    at org.openqa.selenium.remote.http.Route$TemplatizedRoute.handle (Route.java:192)\n    at org.openqa.selenium.remote.http.Route.execute (Route.java:69)\n    at org.openqa.selenium.remote.http.Route$CombinedRoute.handle (Route.java:360)\n    at org.openqa.selenium.remote.http.Route.execute (Route.java:69)\n    at org.openqa.selenium.grid.sessionqueue.NewSessionQueue.execute (NewSessionQueue.java:128)\n    at org.openqa.selenium.remote.tracing.SpanWrappedHttpHandler.execute (SpanWrappedHttpHandler.java:87)\n    at org.openqa.selenium.remote.http.Filter$1.execute (Filter.java:63)\n    at org.openqa.selenium.remote.http.Route$CombinedRoute.handle (Route.java:360)\n    at org.openqa.selenium.remote.http.Route.execute (Route.java:69)\n    at org.openqa.selenium.grid.router.Router.execute (Router.java:87)\n    at org.openqa.selenium.grid.web.EnsureSpecCompliantResponseHeaders.lambda$apply$0 (EnsureSpecCompliantResponseHeaders.java:34)\n    at org.openqa.selenium.remote.http.Filter$1.execute (Filter.java:63)\n    at org.openqa.selenium.remote.http.Route$CombinedRoute.handle (Route.java:360)\n    at org.openqa.selenium.remote.http.Route.execute (Route.java:69)\n    at org.openqa.selenium.remote.AddWebDriverSpecHeaders.lambda$apply$0 (AddWebDriverSpecHeaders.java:35)\n    at org.openqa.selenium.remote.ErrorFilter.lambda$apply$0 (ErrorFilter.java:44)\n    at org.openqa.selenium.remote.http.Filter$1.execute (Filter.java:63)\n    at org.openqa.selenium.remote.ErrorFilter.lambda$apply$0 (ErrorFilter.java:44)\n    at org.openqa.selenium.remote.http.Filter$1.execute (Filter.java:63)\n    at org.openqa.selenium.netty.server.SeleniumHandler.lambda$channelRead0$0 (SeleniumHandler.java:44)\n    at java.util.concurrent.Executors$RunnableAdapter.call (Executors.java:539)\n    at java.util.concurrent.FutureTask.run (FutureTask.java:264)\n    at java.util.concurrent.ThreadPoolExecutor.runWorker (ThreadPoolExecutor.java:1136)\n    at java.util.concurrent.ThreadPoolExecutor$Worker.run (ThreadPoolExecutor.java:635)\n    at java.lang.Thread.run (Thread.java:840)","statusTrace":"fixturefunc = <function scrape_step at 0x7fd97c5e39c0>\nrequest = <FixtureRequest for <Function test_scenario_outline[BexleyCouncil]>>\nkwargs = {'context': <test_validate_council.Context object at 0x7fd97c46a310>, 'headless_mode': 'True', 'local_browser': 'False', 'selenium_url': 'http://localhost:4444'}\n\n    def call_fixture_func(\n        fixturefunc: _FixtureFunc[FixtureValue], request: FixtureRequest, kwargs\n    ) -> FixtureValue:\n        if is_generator(fixturefunc):\n            fixturefunc = cast(\n                Callable[..., Generator[FixtureValue, None, None]], fixturefunc\n            )\n            generator = fixturefunc(**kwargs)\n            try:\n                fixture_result = next(generator)\n            except StopIteration:\n                raise ValueError(f\"{request.fixturename} did not yield a value\") from None\n            finalizer = functools.partial(_teardown_yield_fixture, fixturefunc, generator)\n            request.addfinalizer(finalizer)\n        else:\n            fixturefunc = cast(Callable[..., FixtureValue], fixturefunc)\n>           fixture_result = fixturefunc(**kwargs)\n\n../../../.cache/pypoetry/virtualenvs/uk-bin-collection-EwS6Gn8s-py3.11/lib/python3.11/site-packages/_pytest/fixtures.py:898: \n_ _ _ _ _ _ _ _ _ _ _ _ _ _ _ _ _ _ _ _ _ _ _ _ _ _ _ _ _ _ _ _ _ _ _ _ _ _ _ _ \nuk_bin_collection/tests/step_defs/test_validate_council.py:100: in scrape_step\n    context.parse_result = CollectData.run()\nuk_bin_collection/uk_bin_collection/collect_data.py:101: in run\n    return self.client_code(\nuk_bin_collection/uk_bin_collection/collect_data.py:121: in client_code\n    return get_bin_data_class.template_method(address_url, **kwargs)\nuk_bin_collection/uk_bin_collection/get_bin_data.py:61: in template_method\n    bin_data_dict = self.get_and_parse_data(this_url, **kwargs)\nuk_bin_collection/uk_bin_collection/get_bin_data.py:84: in get_and_parse_data\n    bin_data_dict = self.parse_data(\"\", url=address_url, **kwargs)\nuk_bin_collection/uk_bin_collection/councils/BexleyCouncil.py:38: in parse_data\n    driver = create_webdriver(web_driver, headless, None, __name__)\nuk_bin_collection/uk_bin_collection/common.py:323: in create_webdriver\n    return webdriver.Remote(command_executor=web_driver, options=options)\n../../../.cache/pypoetry/virtualenvs/uk-bin-collection-EwS6Gn8s-py3.11/lib/python3.11/site-packages/selenium/webdriver/remote/webdriver.py:212: in __init__\n    self.start_session(capabilities)\n../../../.cache/pypoetry/virtualenvs/uk-bin-collection-EwS6Gn8s-py3.11/lib/python3.11/site-packages/selenium/webdriver/remote/webdriver.py:299: in start_session\n    response = self.execute(Command.NEW_SESSION, caps)[\"value\"]\n../../../.cache/pypoetry/virtualenvs/uk-bin-collection-EwS6Gn8s-py3.11/lib/python3.11/site-packages/selenium/webdriver/remote/webdriver.py:354: in execute\n    self.error_handler.check_response(response)\n_ _ _ _ _ _ _ _ _ _ _ _ _ _ _ _ _ _ _ _ _ _ _ _ _ _ _ _ _ _ _ _ _ _ _ _ _ _ _ _ \n\nself = <selenium.webdriver.remote.errorhandler.ErrorHandler object at 0x7fd985f8a850>\nresponse = {'status': 500, 'value': '{\\n  \"value\": {\\n    \"error\": \"session not created\",\\n    \"message\": \"Could not start a new ...\"className\": \"java.lang.Thread\",\\n        \"lineNumber\": 840,\\n        \"classLoaderName\": null\\n      }\\n    ]\\n  }\\n}'}\n\n    def check_response(self, response: Dict[str, Any]) -> None:\n        \"\"\"Checks that a JSON response from the WebDriver does not have an\n        error.\n    \n        :Args:\n         - response - The JSON response from the WebDriver server as a dictionary\n           object.\n    \n        :Raises: If the response contains an error message.\n        \"\"\"\n        status = response.get(\"status\", None)\n        if not status or status == ErrorCode.SUCCESS:\n            return\n        value = None\n        message = response.get(\"message\", \"\")\n        screen: str = response.get(\"screen\", \"\")\n        stacktrace = None\n        if isinstance(status, int):\n            value_json = response.get(\"value\", None)\n            if value_json and isinstance(value_json, str):\n                import json\n    \n                try:\n                    value = json.loads(value_json)\n                    if len(value) == 1:\n                        value = value[\"value\"]\n                    status = value.get(\"error\", None)\n                    if not status:\n                        status = value.get(\"status\", ErrorCode.UNKNOWN_ERROR)\n                        message = value.get(\"value\") or value.get(\"message\")\n                        if not isinstance(message, str):\n                            value = message\n                            message = message.get(\"message\")\n                    else:\n                        message = value.get(\"message\", None)\n                except ValueError:\n                    pass\n    \n        exception_class: Type[WebDriverException]\n        e = ErrorCode()\n        error_codes = [item for item in dir(e) if not item.startswith(\"__\")]\n        for error_code in error_codes:\n            error_info = getattr(ErrorCode, error_code)\n            if isinstance(error_info, list) and status in error_info:\n                exception_class = getattr(ExceptionMapping, error_code, WebDriverException)\n                break\n        else:\n            exception_class = WebDriverException\n    \n        if not value:\n            value = response[\"value\"]\n        if isinstance(value, str):\n            raise exception_class(value)\n        if message == \"\" and \"message\" in value:\n            message = value[\"message\"]\n    \n        screen = None  # type: ignore[assignment]\n        if \"screen\" in value:\n            screen = value[\"screen\"]\n    \n        stacktrace = None\n        st_value = value.get(\"stackTrace\") or value.get(\"stacktrace\")\n        if st_value:\n            if isinstance(st_value, str):\n                stacktrace = st_value.split(\"\\n\")\n            else:\n                stacktrace = []\n                try:\n                    for frame in st_value:\n                        line = frame.get(\"lineNumber\", \"\")\n                        file = frame.get(\"fileName\", \"<anonymous>\")\n                        if line:\n                            file = f\"{file}:{line}\"\n                        meth = frame.get(\"methodName\", \"<anonymous>\")\n                        if \"className\" in frame:\n                            meth = f\"{frame['className']}.{meth}\"\n                        msg = \"    at %s (%s)\"\n                        msg = msg % (meth, file)\n                        stacktrace.append(msg)\n                except TypeError:\n                    pass\n        if exception_class == UnexpectedAlertPresentException:\n            alert_text = None\n            if \"data\" in value:\n                alert_text = value[\"data\"].get(\"text\")\n            elif \"alert\" in value:\n                alert_text = value[\"alert\"].get(\"text\")\n            raise exception_class(message, screen, stacktrace, alert_text)  # type: ignore[call-arg]  # mypy is not smart enough here\n>       raise exception_class(message, screen, stacktrace)\nE       selenium.common.exceptions.SessionNotCreatedException: Message: Could not start a new session. New session request timed out \nE       Host info: host: 'selenium', ip: '172.18.0.2'\nE       Build info: version: '4.25.0', revision: '030fcf7918'\nE       System info: os.name: 'Linux', os.arch: 'amd64', os.version: '6.8.0-1014-azure', java.version: '17.0.12'\nE       Driver info: driver.version: unknown\nE       Stacktrace:\nE           at org.openqa.selenium.grid.sessionqueue.local.LocalNewSessionQueue.addToQueue (LocalNewSessionQueue.java:221)\nE           at org.openqa.selenium.grid.sessionqueue.NewSessionQueue.lambda$new$0 (NewSessionQueue.java:68)\nE           at org.openqa.selenium.remote.http.Route$TemplatizedRoute.handle (Route.java:192)\nE           at org.openqa.selenium.remote.http.Route.execute (Route.java:69)\nE           at org.openqa.selenium.remote.http.Route$CombinedRoute.handle (Route.java:360)\nE           at org.openqa.selenium.remote.http.Route.execute (Route.java:69)\nE           at org.openqa.selenium.grid.sessionqueue.NewSessionQueue.execute (NewSessionQueue.java:128)\nE           at org.openqa.selenium.remote.tracing.SpanWrappedHttpHandler.execute (SpanWrappedHttpHandler.java:87)\nE           at org.openqa.selenium.remote.http.Filter$1.execute (Filter.java:63)\nE           at org.openqa.selenium.remote.http.Route$CombinedRoute.handle (Route.java:360)\nE           at org.openqa.selenium.remote.http.Route.execute (Route.java:69)\nE           at org.openqa.selenium.grid.router.Router.execute (Router.java:87)\nE           at org.openqa.selenium.grid.web.EnsureSpecCompliantResponseHeaders.lambda$apply$0 (EnsureSpecCompliantResponseHeaders.java:34)\nE           at org.openqa.selenium.remote.http.Filter$1.execute (Filter.java:63)\nE           at org.openqa.selenium.remote.http.Route$CombinedRoute.handle (Route.java:360)\nE           at org.openqa.selenium.remote.http.Route.execute (Route.java:69)\nE           at org.openqa.selenium.remote.AddWebDriverSpecHeaders.lambda$apply$0 (AddWebDriverSpecHeaders.java:35)\nE           at org.openqa.selenium.remote.ErrorFilter.lambda$apply$0 (ErrorFilter.java:44)\nE           at org.openqa.selenium.remote.http.Filter$1.execute (Filter.java:63)\nE           at org.openqa.selenium.remote.ErrorFilter.lambda$apply$0 (ErrorFilter.java:44)\nE           at org.openqa.selenium.remote.http.Filter$1.execute (Filter.java:63)\nE           at org.openqa.selenium.netty.server.SeleniumHandler.lambda$channelRead0$0 (SeleniumHandler.java:44)\nE           at java.util.concurrent.Executors$RunnableAdapter.call (Executors.java:539)\nE           at java.util.concurrent.FutureTask.run (FutureTask.java:264)\nE           at java.util.concurrent.ThreadPoolExecutor.runWorker (ThreadPoolExecutor.java:1136)\nE           at java.util.concurrent.ThreadPoolExecutor$Worker.run (ThreadPoolExecutor.java:635)\nE           at java.lang.Thread.run (Thread.java:840)\n\n../../../.cache/pypoetry/virtualenvs/uk-bin-collection-EwS6Gn8s-py3.11/lib/python3.11/site-packages/selenium/webdriver/remote/errorhandler.py:229: SessionNotCreatedException","steps":[{"name":"Given the council","time":{"start":1728432086474,"stop":1728432086475,"duration":1},"status":"passed","steps":[],"attachments":[],"parameters":[],"shouldDisplayMessage":false,"stepsCount":0,"attachmentsCount":0,"hasContent":false,"attachmentStep":false},{"name":"When we scrape the data from the council","time":{"start":1728432086475,"stop":1728432386492,"duration":300017},"status":"failed","statusMessage":"Message: Could not start a new session. New session request timed out \nHost info: host: 'selenium', ip: '172.18.0.2'\nBuild info: version: '4.25.0', revision: '030fcf7918'\nSystem info: os.name: 'Linux', os.arch: 'amd64', os.version: '6.8.0-1014-azure', java.version: '17.0.12'\nDriver info: driver.version: unknown\nStacktrace:\n    at org.openqa.selenium.grid.sessionqueue.local.LocalNewSessionQueue.addToQueue (LocalNewSessionQueue.java:221)\n    at org.openqa.selenium.grid.sessionqueue.NewSessionQueue.lambda$new$0 (NewSessionQueue.java:68)\n    at org.openqa.selenium.remote.http.Route$TemplatizedRoute.handle (Route.java:192)\n    at org.openqa.selenium.remote.http.Route.execute (Route.java:69)\n    at org.openqa.selenium.remote.http.Route$CombinedRoute.handle (Route.java:360)\n    at org.openqa.selenium.remote.http.Route.execute (Route.java:69)\n    at org.openqa.selenium.grid.sessionqueue.NewSessionQueue.execute (NewSessionQueue.java:128)\n    at org.openqa.selenium.remote.tracing.SpanWrappedHttpHandler.execute (SpanWrappedHttpHandler.java:87)\n    at org.openqa.selenium.remote.http.Filter$1.execute (Filter.java:63)\n    at org.openqa.selenium.remote.http.Route$CombinedRoute.handle (Route.java:360)\n    at org.openqa.selenium.remote.http.Route.execute (Route.java:69)\n    at org.openqa.selenium.grid.router.Router.execute (Router.java:87)\n    at org.openqa.selenium.grid.web.EnsureSpecCompliantResponseHeaders.lambda$apply$0 (EnsureSpecCompliantResponseHeaders.java:34)\n    at org.openqa.selenium.remote.http.Filter$1.execute (Filter.java:63)\n    at org.openqa.selenium.remote.http.Route$CombinedRoute.handle (Route.java:360)\n    at org.openqa.selenium.remote.http.Route.execute (Route.java:69)\n    at org.openqa.selenium.remote.AddWebDriverSpecHeaders.lambda$apply$0 (AddWebDriverSpecHeaders.java:35)\n    at org.openqa.selenium.remote.ErrorFilter.lambda$apply$0 (ErrorFilter.java:44)\n    at org.openqa.selenium.remote.http.Filter$1.execute (Filter.java:63)\n    at org.openqa.selenium.remote.ErrorFilter.lambda$apply$0 (ErrorFilter.java:44)\n    at org.openqa.selenium.remote.http.Filter$1.execute (Filter.java:63)\n    at org.openqa.selenium.netty.server.SeleniumHandler.lambda$channelRead0$0 (SeleniumHandler.java:44)\n    at java.util.concurrent.Executors$RunnableAdapter.call (Executors.java:539)\n    at java.util.concurrent.FutureTask.run (FutureTask.java:264)\n    at java.util.concurrent.ThreadPoolExecutor.runWorker (ThreadPoolExecutor.java:1136)\n    at java.util.concurrent.ThreadPoolExecutor$Worker.run (ThreadPoolExecutor.java:635)\n    at java.lang.Thread.run (Thread.java:840)","statusTrace":"selenium.common.exceptions.SessionNotCreatedException: Message: Could not start a new session. New session request timed out \nHost info: host: 'selenium', ip: '172.18.0.2'\nBuild info: version: '4.25.0', revision: '030fcf7918'\nSystem info: os.name: 'Linux', os.arch: 'amd64', os.version: '6.8.0-1014-azure', java.version: '17.0.12'\nDriver info: driver.version: unknown\nStacktrace:\n    at org.openqa.selenium.grid.sessionqueue.local.LocalNewSessionQueue.addToQueue (LocalNewSessionQueue.java:221)\n    at org.openqa.selenium.grid.sessionqueue.NewSessionQueue.lambda$new$0 (NewSessionQueue.java:68)\n    at org.openqa.selenium.remote.http.Route$TemplatizedRoute.handle (Route.java:192)\n    at org.openqa.selenium.remote.http.Route.execute (Route.java:69)\n    at org.openqa.selenium.remote.http.Route$CombinedRoute.handle (Route.java:360)\n    at org.openqa.selenium.remote.http.Route.execute (Route.java:69)\n    at org.openqa.selenium.grid.sessionqueue.NewSessionQueue.execute (NewSessionQueue.java:128)\n    at org.openqa.selenium.remote.tracing.SpanWrappedHttpHandler.execute (SpanWrappedHttpHandler.java:87)\n    at org.openqa.selenium.remote.http.Filter$1.execute (Filter.java:63)\n    at org.openqa.selenium.remote.http.Route$CombinedRoute.handle (Route.java:360)\n    at org.openqa.selenium.remote.http.Route.execute (Route.java:69)\n    at org.openqa.selenium.grid.router.Router.execute (Router.java:87)\n    at org.openqa.selenium.grid.web.EnsureSpecCompliantResponseHeaders.lambda$apply$0 (EnsureSpecCompliantResponseHeaders.java:34)\n    at org.openqa.selenium.remote.http.Filter$1.execute (Filter.java:63)\n    at org.openqa.selenium.remote.http.Route$CombinedRoute.handle (Route.java:360)\n    at org.openqa.selenium.remote.http.Route.execute (Route.java:69)\n    at org.openqa.selenium.remote.AddWebDriverSpecHeaders.lambda$apply$0 (AddWebDriverSpecHeaders.java:35)\n    at org.openqa.selenium.remote.ErrorFilter.lambda$apply$0 (ErrorFilter.java:44)\n    at org.openqa.selenium.remote.http.Filter$1.execute (Filter.java:63)\n    at org.openqa.selenium.remote.ErrorFilter.lambda$apply$0 (ErrorFilter.java:44)\n    at org.openqa.selenium.remote.http.Filter$1.execute (Filter.java:63)\n    at org.openqa.selenium.netty.server.SeleniumHandler.lambda$channelRead0$0 (SeleniumHandler.java:44)\n    at java.util.concurrent.Executors$RunnableAdapter.call (Executors.java:539)\n    at java.util.concurrent.FutureTask.run (FutureTask.java:264)\n    at java.util.concurrent.ThreadPoolExecutor.runWorker (ThreadPoolExecutor.java:1136)\n    at java.util.concurrent.ThreadPoolExecutor$Worker.run (ThreadPoolExecutor.java:635)\n    at java.lang.Thread.run (Thread.java:840)\n","steps":[],"attachments":[],"parameters":[],"shouldDisplayMessage":true,"stepsCount":0,"attachmentsCount":0,"hasContent":true,"attachmentStep":false}],"attachments":[{"uid":"fe786c0afb1d74a","name":"stdout","source":"fe786c0afb1d74a.txt","type":"text/plain","size":2650}],"parameters":[],"shouldDisplayMessage":true,"stepsCount":2,"attachmentsCount":1,"hasContent":true,"attachmentStep":false},"afterStages":[],"labels":[{"name":"host","value":"fv-az732-52"},{"name":"thread","value":"2793-MainThread"},{"name":"framework","value":"pytest-bdd"},{"name":"language","value":"cpython3"},{"name":"feature","value":"Test each council output matches expected results"},{"name":"resultFormat","value":"allure2"}],"parameters":[{"name":"council","value":"BexleyCouncil"}],"links":[],"hidden":false,"retry":false,"extra":{"severity":"normal","retries":[],"categories":[{"name":"Product defects","matchedStatuses":[],"flaky":false}],"history":{"statistic":{"failed":232,"broken":0,"skipped":0,"passed":114,"unknown":0,"total":346},"items":[{"uid":"22fb5002432581cf","reportUrl":"https://robbrad.github.io/UKBinCollectionData/3.11/2169//#testresult/22fb5002432581cf","status":"failed","statusDetails":"selenium.common.exceptions.TimeoutException: Message: \nStacktrace:\n#0 0x558037da613a <unknown>\n#1 0x558037a8c5e0 <unknown>\n#2 0x558037adbbe8 <unknown>\n#3 0x558037adbe81 <unknown>\n#4 0x558037b228c4 <unknown>\n#5 0x558037b00b4d <unknown>\n#6 0x558037b1fd7d <unknown>\n#7 0x558037b008c3 <unknown>\n#8 0x558037ace6b3 <unknown>\n#9 0x558037acf68e <unknown>\n#10 0x558037d70b3b <unknown>\n#11 0x558037d74ac1 <unknown>\n#12 0x558037d5d335 <unknown>\n#13 0x558037d75642 <unknown>\n#14 0x558037d4249f <unknown>\n#15 0x558037d95038 <unknown>\n#16 0x558037d95203 <unknown>\n#17 0x558037da4f8c <unknown>\n#18 0x7f9f3a0a0a94 <unknown>\n#19 0x7f9f3a12da34 __clone","time":{"start":1728331938814,"stop":1728331975321,"duration":36507}},{"uid":"480ce44e177c9b5d","reportUrl":"https://robbrad.github.io/UKBinCollectionData/3.11/2165//#testresult/480ce44e177c9b5d","status":"failed","statusDetails":"selenium.common.exceptions.TimeoutException: Message: \nStacktrace:\n#0 0x55779dd3913a <unknown>\n#1 0x55779da1f5e0 <unknown>\n#2 0x55779da6ebe8 <unknown>\n#3 0x55779da6ee81 <unknown>\n#4 0x55779dab58c4 <unknown>\n#5 0x55779da93b4d <unknown>\n#6 0x55779dab2d7d <unknown>\n#7 0x55779da938c3 <unknown>\n#8 0x55779da616b3 <unknown>\n#9 0x55779da6268e <unknown>\n#10 0x55779dd03b3b <unknown>\n#11 0x55779dd07ac1 <unknown>\n#12 0x55779dcf0335 <unknown>\n#13 0x55779dd08642 <unknown>\n#14 0x55779dcd549f <unknown>\n#15 0x55779dd28038 <unknown>\n#16 0x55779dd28203 <unknown>\n#17 0x55779dd37f8c <unknown>\n#18 0x7f9e96f91a94 <unknown>\n#19 0x7f9e9701ea34 __clone","time":{"start":1728259284980,"stop":1728259318896,"duration":33916}},{"uid":"9f2fc512a58b64","reportUrl":"https://robbrad.github.io/UKBinCollectionData/3.11/2164//#testresult/9f2fc512a58b64","status":"failed","statusDetails":"selenium.common.exceptions.TimeoutException: Message: \nStacktrace:\n#0 0x5614df6d013a <unknown>\n#1 0x5614df3b65e0 <unknown>\n#2 0x5614df405be8 <unknown>\n#3 0x5614df405e81 <unknown>\n#4 0x5614df44c8c4 <unknown>\n#5 0x5614df42ab4d <unknown>\n#6 0x5614df449d7d <unknown>\n#7 0x5614df42a8c3 <unknown>\n#8 0x5614df3f86b3 <unknown>\n#9 0x5614df3f968e <unknown>\n#10 0x5614df69ab3b <unknown>\n#11 0x5614df69eac1 <unknown>\n#12 0x5614df687335 <unknown>\n#13 0x5614df69f642 <unknown>\n#14 0x5614df66c49f <unknown>\n#15 0x5614df6bf038 <unknown>\n#16 0x5614df6bf203 <unknown>\n#17 0x5614df6cef8c <unknown>\n#18 0x7f45706d4a94 <unknown>\n#19 0x7f4570761a34 __clone","time":{"start":1728172877653,"stop":1728172915164,"duration":37511}},{"uid":"64bf8853ff0298b7","reportUrl":"https://robbrad.github.io/UKBinCollectionData/3.11/2160//#testresult/64bf8853ff0298b7","status":"failed","statusDetails":"selenium.common.exceptions.TimeoutException: Message: \nStacktrace:\n#0 0x5630f896e13a <unknown>\n#1 0x5630f86545e0 <unknown>\n#2 0x5630f86a3be8 <unknown>\n#3 0x5630f86a3e81 <unknown>\n#4 0x5630f86ea8c4 <unknown>\n#5 0x5630f86c8b4d <unknown>\n#6 0x5630f86e7d7d <unknown>\n#7 0x5630f86c88c3 <unknown>\n#8 0x5630f86966b3 <unknown>\n#9 0x5630f869768e <unknown>\n#10 0x5630f8938b3b <unknown>\n#11 0x5630f893cac1 <unknown>\n#12 0x5630f8925335 <unknown>\n#13 0x5630f893d642 <unknown>\n#14 0x5630f890a49f <unknown>\n#15 0x5630f895d038 <unknown>\n#16 0x5630f895d203 <unknown>\n#17 0x5630f896cf8c <unknown>\n#18 0x7f7b80dc7a94 <unknown>\n#19 0x7f7b80e54a34 __clone","time":{"start":1728086473248,"stop":1728086513644,"duration":40396}},{"uid":"b2a9d3a084d9b409","reportUrl":"https://robbrad.github.io/UKBinCollectionData/3.11/2152//#testresult/b2a9d3a084d9b409","status":"failed","statusDetails":"selenium.common.exceptions.TimeoutException: Message: \nStacktrace:\n#0 0x55ad4978213a <unknown>\n#1 0x55ad494685e0 <unknown>\n#2 0x55ad494b7be8 <unknown>\n#3 0x55ad494b7e81 <unknown>\n#4 0x55ad494fe8c4 <unknown>\n#5 0x55ad494dcb4d <unknown>\n#6 0x55ad494fbd7d <unknown>\n#7 0x55ad494dc8c3 <unknown>\n#8 0x55ad494aa6b3 <unknown>\n#9 0x55ad494ab68e <unknown>\n#10 0x55ad4974cb3b <unknown>\n#11 0x55ad49750ac1 <unknown>\n#12 0x55ad49739335 <unknown>\n#13 0x55ad49751642 <unknown>\n#14 0x55ad4971e49f <unknown>\n#15 0x55ad49771038 <unknown>\n#16 0x55ad49771203 <unknown>\n#17 0x55ad49780f8c <unknown>\n#18 0x7fae3cd12a94 <unknown>\n#19 0x7fae3cd9fa34 __clone","time":{"start":1728000071223,"stop":1728000106492,"duration":35269}},{"uid":"ebca7ec341ed9e75","reportUrl":"https://robbrad.github.io/UKBinCollectionData/3.11/2148//#testresult/ebca7ec341ed9e75","status":"failed","statusDetails":"selenium.common.exceptions.TimeoutException: Message: \nStacktrace:\n#0 0x55b1c50f213a <unknown>\n#1 0x55b1c4dd85e0 <unknown>\n#2 0x55b1c4e27be8 <unknown>\n#3 0x55b1c4e27e81 <unknown>\n#4 0x55b1c4e6e8c4 <unknown>\n#5 0x55b1c4e4cb4d <unknown>\n#6 0x55b1c4e6bd7d <unknown>\n#7 0x55b1c4e4c8c3 <unknown>\n#8 0x55b1c4e1a6b3 <unknown>\n#9 0x55b1c4e1b68e <unknown>\n#10 0x55b1c50bcb3b <unknown>\n#11 0x55b1c50c0ac1 <unknown>\n#12 0x55b1c50a9335 <unknown>\n#13 0x55b1c50c1642 <unknown>\n#14 0x55b1c508e49f <unknown>\n#15 0x55b1c50e1038 <unknown>\n#16 0x55b1c50e1203 <unknown>\n#17 0x55b1c50f0f8c <unknown>\n#18 0x7f40fe234a94 <unknown>\n#19 0x7f40fe2c1a34 __clone","time":{"start":1727931968672,"stop":1727932028933,"duration":60261}},{"uid":"182422ec3a69a544","reportUrl":"https://robbrad.github.io/UKBinCollectionData/3.11/2146//#testresult/182422ec3a69a544","status":"failed","statusDetails":"selenium.common.exceptions.TimeoutException: Message: \nStacktrace:\n#0 0x55f215c5313a <unknown>\n#1 0x55f2159395e0 <unknown>\n#2 0x55f215988be8 <unknown>\n#3 0x55f215988e81 <unknown>\n#4 0x55f2159cf8c4 <unknown>\n#5 0x55f2159adb4d <unknown>\n#6 0x55f2159ccd7d <unknown>\n#7 0x55f2159ad8c3 <unknown>\n#8 0x55f21597b6b3 <unknown>\n#9 0x55f21597c68e <unknown>\n#10 0x55f215c1db3b <unknown>\n#11 0x55f215c21ac1 <unknown>\n#12 0x55f215c0a335 <unknown>\n#13 0x55f215c22642 <unknown>\n#14 0x55f215bef49f <unknown>\n#15 0x55f215c42038 <unknown>\n#16 0x55f215c42203 <unknown>\n#17 0x55f215c51f8c <unknown>\n#18 0x7f0fe75f3a94 <unknown>\n#19 0x7f0fe7680a34 __clone","time":{"start":1727913672518,"stop":1727913753286,"duration":80768}},{"uid":"5b5bb10acec68a97","reportUrl":"https://robbrad.github.io/UKBinCollectionData/3.11/2139//#testresult/5b5bb10acec68a97","status":"failed","statusDetails":"selenium.common.exceptions.TimeoutException: Message: \nStacktrace:\n#0 0x55d9ca6b113a <unknown>\n#1 0x55d9ca3975e0 <unknown>\n#2 0x55d9ca3e6be8 <unknown>\n#3 0x55d9ca3e6e81 <unknown>\n#4 0x55d9ca42d8c4 <unknown>\n#5 0x55d9ca40bb4d <unknown>\n#6 0x55d9ca42ad7d <unknown>\n#7 0x55d9ca40b8c3 <unknown>\n#8 0x55d9ca3d96b3 <unknown>\n#9 0x55d9ca3da68e <unknown>\n#10 0x55d9ca67bb3b <unknown>\n#11 0x55d9ca67fac1 <unknown>\n#12 0x55d9ca668335 <unknown>\n#13 0x55d9ca680642 <unknown>\n#14 0x55d9ca64d49f <unknown>\n#15 0x55d9ca6a0038 <unknown>\n#16 0x55d9ca6a0203 <unknown>\n#17 0x55d9ca6aff8c <unknown>\n#18 0x7f7053886a94 <unknown>\n#19 0x7f7053913a34 __clone","time":{"start":1727827275186,"stop":1727827351984,"duration":76798}},{"uid":"4c05a134af40e20a","reportUrl":"https://robbrad.github.io/UKBinCollectionData/3.11/2138//#testresult/4c05a134af40e20a","status":"failed","statusDetails":"selenium.common.exceptions.TimeoutException: Message: \nStacktrace:\n#0 0x55a4695d513a <unknown>\n#1 0x55a4692bb5e0 <unknown>\n#2 0x55a46930abe8 <unknown>\n#3 0x55a46930ae81 <unknown>\n#4 0x55a4693518c4 <unknown>\n#5 0x55a46932fb4d <unknown>\n#6 0x55a46934ed7d <unknown>\n#7 0x55a46932f8c3 <unknown>\n#8 0x55a4692fd6b3 <unknown>\n#9 0x55a4692fe68e <unknown>\n#10 0x55a46959fb3b <unknown>\n#11 0x55a4695a3ac1 <unknown>\n#12 0x55a46958c335 <unknown>\n#13 0x55a4695a4642 <unknown>\n#14 0x55a46957149f <unknown>\n#15 0x55a4695c4038 <unknown>\n#16 0x55a4695c4203 <unknown>\n#17 0x55a4695d3f8c <unknown>\n#18 0x7fdfd618da94 <unknown>\n#19 0x7fdfd621aa34 __clone","time":{"start":1727740879566,"stop":1727740956960,"duration":77394}},{"uid":"31e8237088b7963","reportUrl":"https://robbrad.github.io/UKBinCollectionData/3.11/2137//#testresult/31e8237088b7963","status":"failed","statusDetails":"selenium.common.exceptions.TimeoutException: Message: \nStacktrace:\n#0 0x5628afb0413a <unknown>\n#1 0x5628af7ea5e0 <unknown>\n#2 0x5628af839be8 <unknown>\n#3 0x5628af839e81 <unknown>\n#4 0x5628af8808c4 <unknown>\n#5 0x5628af85eb4d <unknown>\n#6 0x5628af87dd7d <unknown>\n#7 0x5628af85e8c3 <unknown>\n#8 0x5628af82c6b3 <unknown>\n#9 0x5628af82d68e <unknown>\n#10 0x5628afaceb3b <unknown>\n#11 0x5628afad2ac1 <unknown>\n#12 0x5628afabb335 <unknown>\n#13 0x5628afad3642 <unknown>\n#14 0x5628afaa049f <unknown>\n#15 0x5628afaf3038 <unknown>\n#16 0x5628afaf3203 <unknown>\n#17 0x5628afb02f8c <unknown>\n#18 0x7f2af129da94 <unknown>\n#19 0x7f2af132aa34 __clone","time":{"start":1727654466773,"stop":1727654537194,"duration":70421}},{"uid":"783f566dc468ee3d","reportUrl":"https://robbrad.github.io/UKBinCollectionData/3.11/2136//#testresult/783f566dc468ee3d","status":"failed","statusDetails":"selenium.common.exceptions.TimeoutException: Message: \nStacktrace:\n#0 0x563f9134c13a <unknown>\n#1 0x563f910325e0 <unknown>\n#2 0x563f91081be8 <unknown>\n#3 0x563f91081e81 <unknown>\n#4 0x563f910c88c4 <unknown>\n#5 0x563f910a6b4d <unknown>\n#6 0x563f910c5d7d <unknown>\n#7 0x563f910a68c3 <unknown>\n#8 0x563f910746b3 <unknown>\n#9 0x563f9107568e <unknown>\n#10 0x563f91316b3b <unknown>\n#11 0x563f9131aac1 <unknown>\n#12 0x563f91303335 <unknown>\n#13 0x563f9131b642 <unknown>\n#14 0x563f912e849f <unknown>\n#15 0x563f9133b038 <unknown>\n#16 0x563f9133b203 <unknown>\n#17 0x563f9134af8c <unknown>\n#18 0x7fd8d87bba94 <unknown>\n#19 0x7fd8d8848a34 __clone","time":{"start":1727568077905,"stop":1727568148026,"duration":70121}},{"uid":"25e924dc155b7c7b","reportUrl":"https://robbrad.github.io/UKBinCollectionData/3.11/2135//#testresult/25e924dc155b7c7b","status":"failed","statusDetails":"selenium.common.exceptions.TimeoutException: Message: \nStacktrace:\n#0 0x55efa443913a <unknown>\n#1 0x55efa411f5e0 <unknown>\n#2 0x55efa416ebe8 <unknown>\n#3 0x55efa416ee81 <unknown>\n#4 0x55efa41b58c4 <unknown>\n#5 0x55efa4193b4d <unknown>\n#6 0x55efa41b2d7d <unknown>\n#7 0x55efa41938c3 <unknown>\n#8 0x55efa41616b3 <unknown>\n#9 0x55efa416268e <unknown>\n#10 0x55efa4403b3b <unknown>\n#11 0x55efa4407ac1 <unknown>\n#12 0x55efa43f0335 <unknown>\n#13 0x55efa4408642 <unknown>\n#14 0x55efa43d549f <unknown>\n#15 0x55efa4428038 <unknown>\n#16 0x55efa4428203 <unknown>\n#17 0x55efa4437f8c <unknown>\n#18 0x7fa54b270a94 <unknown>\n#19 0x7fa54b2fda34 __clone","time":{"start":1727481677150,"stop":1727481745626,"duration":68476}},{"uid":"ea96bb1647e6a45b","reportUrl":"https://robbrad.github.io/UKBinCollectionData/3.11/2131//#testresult/ea96bb1647e6a45b","status":"failed","statusDetails":"selenium.common.exceptions.TimeoutException: Message: \nStacktrace:\n#0 0x55836576413a <unknown>\n#1 0x55836544a5e0 <unknown>\n#2 0x558365499be8 <unknown>\n#3 0x558365499e81 <unknown>\n#4 0x5583654e08c4 <unknown>\n#5 0x5583654beb4d <unknown>\n#6 0x5583654ddd7d <unknown>\n#7 0x5583654be8c3 <unknown>\n#8 0x55836548c6b3 <unknown>\n#9 0x55836548d68e <unknown>\n#10 0x55836572eb3b <unknown>\n#11 0x558365732ac1 <unknown>\n#12 0x55836571b335 <unknown>\n#13 0x558365733642 <unknown>\n#14 0x55836570049f <unknown>\n#15 0x558365753038 <unknown>\n#16 0x558365753203 <unknown>\n#17 0x558365762f8c <unknown>\n#18 0x7fb53c214a94 <unknown>\n#19 0x7fb53c2a1a34 __clone","time":{"start":1727421650370,"stop":1727421701579,"duration":51209}},{"uid":"f571df689bb73e07","reportUrl":"https://robbrad.github.io/UKBinCollectionData/3.11/2130//#testresult/f571df689bb73e07","status":"failed","statusDetails":"selenium.common.exceptions.TimeoutException: Message: \nStacktrace:\n#0 0x561bc99df13a <unknown>\n#1 0x561bc96c55e0 <unknown>\n#2 0x561bc9714be8 <unknown>\n#3 0x561bc9714e81 <unknown>\n#4 0x561bc975b8c4 <unknown>\n#5 0x561bc9739b4d <unknown>\n#6 0x561bc9758d7d <unknown>\n#7 0x561bc97398c3 <unknown>\n#8 0x561bc97076b3 <unknown>\n#9 0x561bc970868e <unknown>\n#10 0x561bc99a9b3b <unknown>\n#11 0x561bc99adac1 <unknown>\n#12 0x561bc9996335 <unknown>\n#13 0x561bc99ae642 <unknown>\n#14 0x561bc997b49f <unknown>\n#15 0x561bc99ce038 <unknown>\n#16 0x561bc99ce203 <unknown>\n#17 0x561bc99ddf8c <unknown>\n#18 0x7f10501fda94 <unknown>\n#19 0x7f105028aa34 __clone","time":{"start":1727395293739,"stop":1727395373815,"duration":80076}},{"uid":"8fc8c9ccba5ec7b8","reportUrl":"https://robbrad.github.io/UKBinCollectionData/3.11/2129//#testresult/8fc8c9ccba5ec7b8","status":"failed","statusDetails":"selenium.common.exceptions.TimeoutException: Message: \nStacktrace:\n#0 0x560af15b513a <unknown>\n#1 0x560af129b5e0 <unknown>\n#2 0x560af12eabe8 <unknown>\n#3 0x560af12eae81 <unknown>\n#4 0x560af13318c4 <unknown>\n#5 0x560af130fb4d <unknown>\n#6 0x560af132ed7d <unknown>\n#7 0x560af130f8c3 <unknown>\n#8 0x560af12dd6b3 <unknown>\n#9 0x560af12de68e <unknown>\n#10 0x560af157fb3b <unknown>\n#11 0x560af1583ac1 <unknown>\n#12 0x560af156c335 <unknown>\n#13 0x560af1584642 <unknown>\n#14 0x560af155149f <unknown>\n#15 0x560af15a4038 <unknown>\n#16 0x560af15a4203 <unknown>\n#17 0x560af15b3f8c <unknown>\n#18 0x7fb2c41eca94 <unknown>\n#19 0x7fb2c4279a34 __clone","time":{"start":1727308881280,"stop":1727308956617,"duration":75337}},{"uid":"76ceb0a236eaf564","reportUrl":"https://robbrad.github.io/UKBinCollectionData/3.11/2128//#testresult/76ceb0a236eaf564","status":"failed","statusDetails":"selenium.common.exceptions.TimeoutException: Message: \nStacktrace:\n#0 0x5568e25f913a <unknown>\n#1 0x5568e22df5e0 <unknown>\n#2 0x5568e232ebe8 <unknown>\n#3 0x5568e232ee81 <unknown>\n#4 0x5568e23758c4 <unknown>\n#5 0x5568e2353b4d <unknown>\n#6 0x5568e2372d7d <unknown>\n#7 0x5568e23538c3 <unknown>\n#8 0x5568e23216b3 <unknown>\n#9 0x5568e232268e <unknown>\n#10 0x5568e25c3b3b <unknown>\n#11 0x5568e25c7ac1 <unknown>\n#12 0x5568e25b0335 <unknown>\n#13 0x5568e25c8642 <unknown>\n#14 0x5568e259549f <unknown>\n#15 0x5568e25e8038 <unknown>\n#16 0x5568e25e8203 <unknown>\n#17 0x5568e25f7f8c <unknown>\n#18 0x7feb645b3a94 <unknown>\n#19 0x7feb64640a34 __clone","time":{"start":1727222484791,"stop":1727222553998,"duration":69207}},{"uid":"868951964f29dcbc","reportUrl":"https://robbrad.github.io/UKBinCollectionData/3.11/2127//#testresult/868951964f29dcbc","status":"failed","statusDetails":"selenium.common.exceptions.TimeoutException: Message: \nStacktrace:\n#0 0x55faad5f613a <unknown>\n#1 0x55faad2dc5e0 <unknown>\n#2 0x55faad32bbe8 <unknown>\n#3 0x55faad32be81 <unknown>\n#4 0x55faad3728c4 <unknown>\n#5 0x55faad350b4d <unknown>\n#6 0x55faad36fd7d <unknown>\n#7 0x55faad3508c3 <unknown>\n#8 0x55faad31e6b3 <unknown>\n#9 0x55faad31f68e <unknown>\n#10 0x55faad5c0b3b <unknown>\n#11 0x55faad5c4ac1 <unknown>\n#12 0x55faad5ad335 <unknown>\n#13 0x55faad5c5642 <unknown>\n#14 0x55faad59249f <unknown>\n#15 0x55faad5e5038 <unknown>\n#16 0x55faad5e5203 <unknown>\n#17 0x55faad5f4f8c <unknown>\n#18 0x7fa84d6a1a94 <unknown>\n#19 0x7fa84d72ea34 __clone","time":{"start":1727136087489,"stop":1727136168592,"duration":81103}},{"uid":"9f485c9ec2885d38","reportUrl":"https://robbrad.github.io/UKBinCollectionData/3.11/2126//#testresult/9f485c9ec2885d38","status":"failed","statusDetails":"selenium.common.exceptions.TimeoutException: Message: \nStacktrace:\n#0 0x5567e746213a <unknown>\n#1 0x5567e71485e0 <unknown>\n#2 0x5567e7197be8 <unknown>\n#3 0x5567e7197e81 <unknown>\n#4 0x5567e71de8c4 <unknown>\n#5 0x5567e71bcb4d <unknown>\n#6 0x5567e71dbd7d <unknown>\n#7 0x5567e71bc8c3 <unknown>\n#8 0x5567e718a6b3 <unknown>\n#9 0x5567e718b68e <unknown>\n#10 0x5567e742cb3b <unknown>\n#11 0x5567e7430ac1 <unknown>\n#12 0x5567e7419335 <unknown>\n#13 0x5567e7431642 <unknown>\n#14 0x5567e73fe49f <unknown>\n#15 0x5567e7451038 <unknown>\n#16 0x5567e7451203 <unknown>\n#17 0x5567e7460f8c <unknown>\n#18 0x7f9cb2d6aa94 <unknown>\n#19 0x7f9cb2df7a34 __clone","time":{"start":1727049674646,"stop":1727049747261,"duration":72615}},{"uid":"eb9c33928f1372d5","reportUrl":"https://robbrad.github.io/UKBinCollectionData/3.11/2125//#testresult/eb9c33928f1372d5","status":"failed","statusDetails":"selenium.common.exceptions.TimeoutException: Message: \nStacktrace:\n#0 0x55ee11cc486a <unknown>\n#1 0x55ee11992e50 <unknown>\n#2 0x55ee119e2644 <unknown>\n#3 0x55ee119e2931 <unknown>\n#4 0x55ee11a28534 <unknown>\n#5 0x55ee11a074bd <unknown>\n#6 0x55ee11a259c6 <unknown>\n#7 0x55ee11a07233 <unknown>\n#8 0x55ee119d5093 <unknown>\n#9 0x55ee119d609e <unknown>\n#10 0x55ee11c8bacb <unknown>\n#11 0x55ee11c8fa81 <unknown>\n#12 0x55ee11c77695 <unknown>\n#13 0x55ee11c905f2 <unknown>\n#14 0x55ee11c5c86f <unknown>\n#15 0x55ee11cb3668 <unknown>\n#16 0x55ee11cb3832 <unknown>\n#17 0x55ee11cc365c <unknown>\n#18 0x7f63f4d94a94 <unknown>\n#19 0x7f63f4e21a34 __clone","time":{"start":1726963284900,"stop":1726963378336,"duration":93436}},{"uid":"2b125ae1e8218564","reportUrl":"https://robbrad.github.io/UKBinCollectionData/3.11/2124//#testresult/2b125ae1e8218564","status":"failed","statusDetails":"selenium.common.exceptions.TimeoutException: Message: \nStacktrace:\n#0 0x55f2b698386a <unknown>\n#1 0x55f2b6651e50 <unknown>\n#2 0x55f2b66a1644 <unknown>\n#3 0x55f2b66a1931 <unknown>\n#4 0x55f2b66e7534 <unknown>\n#5 0x55f2b66c64bd <unknown>\n#6 0x55f2b66e49c6 <unknown>\n#7 0x55f2b66c6233 <unknown>\n#8 0x55f2b6694093 <unknown>\n#9 0x55f2b669509e <unknown>\n#10 0x55f2b694aacb <unknown>\n#11 0x55f2b694ea81 <unknown>\n#12 0x55f2b6936695 <unknown>\n#13 0x55f2b694f5f2 <unknown>\n#14 0x55f2b691b86f <unknown>\n#15 0x55f2b6972668 <unknown>\n#16 0x55f2b6972832 <unknown>\n#17 0x55f2b698265c <unknown>\n#18 0x7f5b7b284a94 <unknown>\n#19 0x7f5b7b311a34 __clone","time":{"start":1726876869690,"stop":1726876998577,"duration":128887}}]},"tags":[]},"source":"cd136e7d79311b33.json","parameterValues":["BexleyCouncil"]}