{"uid":"aaf191b9d04952ca","name":"Validate Council Output [EastSuffolkCouncil]","fullName":"features/validate_council_outputs.feature:Validate Council Output","historyId":"e8795ce8d9315a80a8e410520349c187","time":{"start":1728951125074,"stop":1728951431207,"duration":306133},"status":"passed","flaky":false,"newFailed":false,"newBroken":false,"newPassed":true,"retriesCount":0,"retriesStatusChange":false,"beforeStages":[],"testStage":{"status":"passed","steps":[{"name":"Given the council","time":{"start":1728951125075,"stop":1728951125075,"duration":0},"status":"passed","steps":[],"attachments":[],"parameters":[],"shouldDisplayMessage":false,"stepsCount":0,"attachmentsCount":0,"hasContent":false,"attachmentStep":false},{"name":"When we scrape the data from the council","time":{"start":1728951125075,"stop":1728951431206,"duration":306131},"status":"passed","steps":[],"attachments":[],"parameters":[],"shouldDisplayMessage":false,"stepsCount":0,"attachmentsCount":0,"hasContent":false,"attachmentStep":false},{"name":"Then the result is valid json","time":{"start":1728951431206,"stop":1728951431206,"duration":0},"status":"passed","steps":[],"attachments":[],"parameters":[],"shouldDisplayMessage":false,"stepsCount":0,"attachmentsCount":0,"hasContent":false,"attachmentStep":false},{"name":"And the output should validate against the schema","time":{"start":1728951431206,"stop":1728951431207,"duration":1},"status":"passed","steps":[],"attachments":[],"parameters":[],"shouldDisplayMessage":false,"stepsCount":0,"attachmentsCount":0,"hasContent":false,"attachmentStep":false}],"attachments":[{"uid":"15fb701a47ca47fb","name":"stdout","source":"15fb701a47ca47fb.txt","type":"text/plain","size":45}],"parameters":[],"shouldDisplayMessage":false,"stepsCount":4,"attachmentsCount":1,"hasContent":true,"attachmentStep":false},"afterStages":[],"labels":[{"name":"host","value":"fv-az1361-495"},{"name":"thread","value":"2852-MainThread"},{"name":"framework","value":"pytest-bdd"},{"name":"language","value":"cpython3"},{"name":"feature","value":"Test each council output matches expected results"},{"name":"resultFormat","value":"allure2"}],"parameters":[{"name":"council","value":"EastSuffolkCouncil"}],"links":[],"hidden":false,"retry":false,"extra":{"severity":"normal","retries":[],"categories":[],"history":{"statistic":{"failed":38,"broken":0,"skipped":0,"passed":134,"unknown":0,"total":172},"items":[{"uid":"baf99362d9bbf853","reportUrl":"https://robbrad.github.io/UKBinCollectionData/3.12/2227//#testresult/baf99362d9bbf853","status":"failed","statusDetails":"selenium.common.exceptions.TimeoutException: Message: \nStacktrace:\n#0 0x557a2682eb9a <unknown>\n#1 0x557a26514670 <unknown>\n#2 0x557a26563c48 <unknown>\n#3 0x557a26563ee1 <unknown>\n#4 0x557a265aa924 <unknown>\n#5 0x557a26588bad <unknown>\n#6 0x557a265a7dd6 <unknown>\n#7 0x557a26588923 <unknown>\n#8 0x557a265566e7 <unknown>\n#9 0x557a265576de <unknown>\n#10 0x557a267f866b <unknown>\n#11 0x557a267fc611 <unknown>\n#12 0x557a267e44e5 <unknown>\n#13 0x557a267fd192 <unknown>\n#14 0x557a267c96ef <unknown>\n#15 0x557a2681d9d8 <unknown>\n#16 0x557a2681dba7 <unknown>\n#17 0x557a2682d9ec <unknown>\n#18 0x7f1ac4255a94 <unknown>\n#19 0x7f1ac42e2a34 __clone","time":{"start":1728864681778,"stop":1728864957057,"duration":275279}},{"uid":"7406fd5a588f2529","reportUrl":"https://robbrad.github.io/UKBinCollectionData/3.12/2214//#testresult/7406fd5a588f2529","status":"failed","statusDetails":"selenium.common.exceptions.TimeoutException: Message: \nStacktrace:\n#0 0x562a11414b9a <unknown>\n#1 0x562a110fa670 <unknown>\n#2 0x562a11149c48 <unknown>\n#3 0x562a11149ee1 <unknown>\n#4 0x562a11190924 <unknown>\n#5 0x562a1116ebad <unknown>\n#6 0x562a1118ddd6 <unknown>\n#7 0x562a1116e923 <unknown>\n#8 0x562a1113c6e7 <unknown>\n#9 0x562a1113d6de <unknown>\n#10 0x562a113de66b <unknown>\n#11 0x562a113e2611 <unknown>\n#12 0x562a113ca4e5 <unknown>\n#13 0x562a113e3192 <unknown>\n#14 0x562a113af6ef <unknown>\n#15 0x562a114039d8 <unknown>\n#16 0x562a11403ba7 <unknown>\n#17 0x562a114139ec <unknown>\n#18 0x7fad8dae8a94 <unknown>\n#19 0x7fad8db75a34 __clone","time":{"start":1728778495847,"stop":1728778613282,"duration":117435}},{"uid":"470ace114b39a573","reportUrl":"https://robbrad.github.io/UKBinCollectionData/3.12/2211//#testresult/470ace114b39a573","status":"passed","time":{"start":1728692136940,"stop":1728692245449,"duration":108509}},{"uid":"45c2912a9bc6a469","reportUrl":"https://robbrad.github.io/UKBinCollectionData/3.12/2210//#testresult/45c2912a9bc6a469","status":"failed","statusDetails":"selenium.common.exceptions.TimeoutException: Message: \nStacktrace:\n#0 0x5653a5b20b9a <unknown>\n#1 0x5653a5806670 <unknown>\n#2 0x5653a5855c48 <unknown>\n#3 0x5653a5855ee1 <unknown>\n#4 0x5653a589c924 <unknown>\n#5 0x5653a587abad <unknown>\n#6 0x5653a5899dd6 <unknown>\n#7 0x5653a587a923 <unknown>\n#8 0x5653a58486e7 <unknown>\n#9 0x5653a58496de <unknown>\n#10 0x5653a5aea66b <unknown>\n#11 0x5653a5aee611 <unknown>\n#12 0x5653a5ad64e5 <unknown>\n#13 0x5653a5aef192 <unknown>\n#14 0x5653a5abb6ef <unknown>\n#15 0x5653a5b0f9d8 <unknown>\n#16 0x5653a5b0fba7 <unknown>\n#17 0x5653a5b1f9ec <unknown>\n#18 0x7fdd9b642a94 <unknown>\n#19 0x7fdd9b6cfa34 __clone","time":{"start":1728605739934,"stop":1728605841179,"duration":101245}},{"uid":"e5c3143501c22405","reportUrl":"https://robbrad.github.io/UKBinCollectionData/3.12/2199//#testresult/e5c3143501c22405","status":"failed","statusDetails":"selenium.common.exceptions.TimeoutException: Message: \nStacktrace:\n#0 0x55e71cf8613a <unknown>\n#1 0x55e71cc6c5e0 <unknown>\n#2 0x55e71ccbbbe8 <unknown>\n#3 0x55e71ccbbe81 <unknown>\n#4 0x55e71cd028c4 <unknown>\n#5 0x55e71cce0b4d <unknown>\n#6 0x55e71ccffd7d <unknown>\n#7 0x55e71cce08c3 <unknown>\n#8 0x55e71ccae6b3 <unknown>\n#9 0x55e71ccaf68e <unknown>\n#10 0x55e71cf50b3b <unknown>\n#11 0x55e71cf54ac1 <unknown>\n#12 0x55e71cf3d335 <unknown>\n#13 0x55e71cf55642 <unknown>\n#14 0x55e71cf2249f <unknown>\n#15 0x55e71cf75038 <unknown>\n#16 0x55e71cf75203 <unknown>\n#17 0x55e71cf84f8c <unknown>\n#18 0x7f8b81130a94 <unknown>\n#19 0x7f8b811bda34 __clone","time":{"start":1728519336005,"stop":1728519438017,"duration":102012}},{"uid":"7b17def62c5263ec","reportUrl":"https://robbrad.github.io/UKBinCollectionData/3.12/2188//#testresult/7b17def62c5263ec","status":"passed","time":{"start":1728432968677,"stop":1728433017049,"duration":48372}},{"uid":"558f351c1f7d6bbf","reportUrl":"https://robbrad.github.io/UKBinCollectionData/3.12/2169//#testresult/558f351c1f7d6bbf","status":"failed","statusDetails":"selenium.common.exceptions.SessionNotCreatedException: Message: Could not start a new session. New session request timed out \nHost info: host: 'selenium', ip: '172.18.0.2'\nBuild info: version: '4.25.0', revision: '030fcf7918'\nSystem info: os.name: 'Linux', os.arch: 'amd64', os.version: '6.5.0-1025-azure', java.version: '17.0.12'\nDriver info: driver.version: unknown\nStacktrace:\n    at org.openqa.selenium.grid.sessionqueue.local.LocalNewSessionQueue.addToQueue (LocalNewSessionQueue.java:221)\n    at org.openqa.selenium.grid.sessionqueue.NewSessionQueue.lambda$new$0 (NewSessionQueue.java:68)\n    at org.openqa.selenium.remote.http.Route$TemplatizedRoute.handle (Route.java:192)\n    at org.openqa.selenium.remote.http.Route.execute (Route.java:69)\n    at org.openqa.selenium.remote.http.Route$CombinedRoute.handle (Route.java:360)\n    at org.openqa.selenium.remote.http.Route.execute (Route.java:69)\n    at org.openqa.selenium.grid.sessionqueue.NewSessionQueue.execute (NewSessionQueue.java:128)\n    at org.openqa.selenium.remote.tracing.SpanWrappedHttpHandler.execute (SpanWrappedHttpHandler.java:87)\n    at org.openqa.selenium.remote.http.Filter$1.execute (Filter.java:63)\n    at org.openqa.selenium.remote.http.Route$CombinedRoute.handle (Route.java:360)\n    at org.openqa.selenium.remote.http.Route.execute (Route.java:69)\n    at org.openqa.selenium.grid.router.Router.execute (Router.java:87)\n    at org.openqa.selenium.grid.web.EnsureSpecCompliantResponseHeaders.lambda$apply$0 (EnsureSpecCompliantResponseHeaders.java:34)\n    at org.openqa.selenium.remote.http.Filter$1.execute (Filter.java:63)\n    at org.openqa.selenium.remote.http.Route$CombinedRoute.handle (Route.java:360)\n    at org.openqa.selenium.remote.http.Route.execute (Route.java:69)\n    at org.openqa.selenium.remote.AddWebDriverSpecHeaders.lambda$apply$0 (AddWebDriverSpecHeaders.java:35)\n    at org.openqa.selenium.remote.ErrorFilter.lambda$apply$0 (ErrorFilter.java:44)\n    at org.openqa.selenium.remote.http.Filter$1.execute (Filter.java:63)\n    at org.openqa.selenium.remote.ErrorFilter.lambda$apply$0 (ErrorFilter.java:44)\n    at org.openqa.selenium.remote.http.Filter$1.execute (Filter.java:63)\n    at org.openqa.selenium.netty.server.SeleniumHandler.lambda$channelRead0$0 (SeleniumHandler.java:44)\n    at java.util.concurrent.Executors$RunnableAdapter.call (Executors.java:539)\n    at java.util.concurrent.FutureTask.run (FutureTask.java:264)\n    at java.util.concurrent.ThreadPoolExecutor.runWorker (ThreadPoolExecutor.java:1136)\n    at java.util.concurrent.ThreadPoolExecutor$Worker.run (ThreadPoolExecutor.java:635)\n    at java.lang.Thread.run (Thread.java:840)","time":{"start":1728332235244,"stop":1728332535291,"duration":300047}},{"uid":"c6d05e5b119f0a0f","reportUrl":"https://robbrad.github.io/UKBinCollectionData/3.12/2165//#testresult/c6d05e5b119f0a0f","status":"failed","statusDetails":"selenium.common.exceptions.SessionNotCreatedException: Message: Could not start a new session. New session request timed out \nHost info: host: 'selenium', ip: '172.18.0.2'\nBuild info: version: '4.25.0', revision: '030fcf7918'\nSystem info: os.name: 'Linux', os.arch: 'amd64', os.version: '6.8.0-1014-azure', java.version: '17.0.12'\nDriver info: driver.version: unknown\nStacktrace:\n    at org.openqa.selenium.grid.sessionqueue.local.LocalNewSessionQueue.addToQueue (LocalNewSessionQueue.java:221)\n    at org.openqa.selenium.grid.sessionqueue.NewSessionQueue.lambda$new$0 (NewSessionQueue.java:68)\n    at org.openqa.selenium.remote.http.Route$TemplatizedRoute.handle (Route.java:192)\n    at org.openqa.selenium.remote.http.Route.execute (Route.java:69)\n    at org.openqa.selenium.remote.http.Route$CombinedRoute.handle (Route.java:360)\n    at org.openqa.selenium.remote.http.Route.execute (Route.java:69)\n    at org.openqa.selenium.grid.sessionqueue.NewSessionQueue.execute (NewSessionQueue.java:128)\n    at org.openqa.selenium.remote.tracing.SpanWrappedHttpHandler.execute (SpanWrappedHttpHandler.java:87)\n    at org.openqa.selenium.remote.http.Filter$1.execute (Filter.java:63)\n    at org.openqa.selenium.remote.http.Route$CombinedRoute.handle (Route.java:360)\n    at org.openqa.selenium.remote.http.Route.execute (Route.java:69)\n    at org.openqa.selenium.grid.router.Router.execute (Router.java:87)\n    at org.openqa.selenium.grid.web.EnsureSpecCompliantResponseHeaders.lambda$apply$0 (EnsureSpecCompliantResponseHeaders.java:34)\n    at org.openqa.selenium.remote.http.Filter$1.execute (Filter.java:63)\n    at org.openqa.selenium.remote.http.Route$CombinedRoute.handle (Route.java:360)\n    at org.openqa.selenium.remote.http.Route.execute (Route.java:69)\n    at org.openqa.selenium.remote.AddWebDriverSpecHeaders.lambda$apply$0 (AddWebDriverSpecHeaders.java:35)\n    at org.openqa.selenium.remote.ErrorFilter.lambda$apply$0 (ErrorFilter.java:44)\n    at org.openqa.selenium.remote.http.Filter$1.execute (Filter.java:63)\n    at org.openqa.selenium.remote.ErrorFilter.lambda$apply$0 (ErrorFilter.java:44)\n    at org.openqa.selenium.remote.http.Filter$1.execute (Filter.java:63)\n    at org.openqa.selenium.netty.server.SeleniumHandler.lambda$channelRead0$0 (SeleniumHandler.java:44)\n    at java.util.concurrent.Executors$RunnableAdapter.call (Executors.java:539)\n    at java.util.concurrent.FutureTask.run (FutureTask.java:264)\n    at java.util.concurrent.ThreadPoolExecutor.runWorker (ThreadPoolExecutor.java:1136)\n    at java.util.concurrent.ThreadPoolExecutor$Worker.run (ThreadPoolExecutor.java:635)\n    at java.lang.Thread.run (Thread.java:840)","time":{"start":1728259614203,"stop":1728259914410,"duration":300207}},{"uid":"7c0fb8b3590e774","reportUrl":"https://robbrad.github.io/UKBinCollectionData/3.12/2164//#testresult/7c0fb8b3590e774","status":"failed","statusDetails":"selenium.common.exceptions.SessionNotCreatedException: Message: Could not start a new session. New session request timed out \nHost info: host: 'selenium', ip: '172.18.0.2'\nBuild info: version: '4.25.0', revision: '030fcf7918'\nSystem info: os.name: 'Linux', os.arch: 'amd64', os.version: '6.8.0-1014-azure', java.version: '17.0.12'\nDriver info: driver.version: unknown\nStacktrace:\n    at org.openqa.selenium.grid.sessionqueue.local.LocalNewSessionQueue.addToQueue (LocalNewSessionQueue.java:221)\n    at org.openqa.selenium.grid.sessionqueue.NewSessionQueue.lambda$new$0 (NewSessionQueue.java:68)\n    at org.openqa.selenium.remote.http.Route$TemplatizedRoute.handle (Route.java:192)\n    at org.openqa.selenium.remote.http.Route.execute (Route.java:69)\n    at org.openqa.selenium.remote.http.Route$CombinedRoute.handle (Route.java:360)\n    at org.openqa.selenium.remote.http.Route.execute (Route.java:69)\n    at org.openqa.selenium.grid.sessionqueue.NewSessionQueue.execute (NewSessionQueue.java:128)\n    at org.openqa.selenium.remote.tracing.SpanWrappedHttpHandler.execute (SpanWrappedHttpHandler.java:87)\n    at org.openqa.selenium.remote.http.Filter$1.execute (Filter.java:63)\n    at org.openqa.selenium.remote.http.Route$CombinedRoute.handle (Route.java:360)\n    at org.openqa.selenium.remote.http.Route.execute (Route.java:69)\n    at org.openqa.selenium.grid.router.Router.execute (Router.java:87)\n    at org.openqa.selenium.grid.web.EnsureSpecCompliantResponseHeaders.lambda$apply$0 (EnsureSpecCompliantResponseHeaders.java:34)\n    at org.openqa.selenium.remote.http.Filter$1.execute (Filter.java:63)\n    at org.openqa.selenium.remote.http.Route$CombinedRoute.handle (Route.java:360)\n    at org.openqa.selenium.remote.http.Route.execute (Route.java:69)\n    at org.openqa.selenium.remote.AddWebDriverSpecHeaders.lambda$apply$0 (AddWebDriverSpecHeaders.java:35)\n    at org.openqa.selenium.remote.ErrorFilter.lambda$apply$0 (ErrorFilter.java:44)\n    at org.openqa.selenium.remote.http.Filter$1.execute (Filter.java:63)\n    at org.openqa.selenium.remote.ErrorFilter.lambda$apply$0 (ErrorFilter.java:44)\n    at org.openqa.selenium.remote.http.Filter$1.execute (Filter.java:63)\n    at org.openqa.selenium.netty.server.SeleniumHandler.lambda$channelRead0$0 (SeleniumHandler.java:44)\n    at java.util.concurrent.Executors$RunnableAdapter.call (Executors.java:539)\n    at java.util.concurrent.FutureTask.run (FutureTask.java:264)\n    at java.util.concurrent.ThreadPoolExecutor.runWorker (ThreadPoolExecutor.java:1136)\n    at java.util.concurrent.ThreadPoolExecutor$Worker.run (ThreadPoolExecutor.java:635)\n    at java.lang.Thread.run (Thread.java:840)","time":{"start":1728173369526,"stop":1728173669591,"duration":300065}},{"uid":"9991961b5bc89fa0","reportUrl":"https://robbrad.github.io/UKBinCollectionData/3.12/2160//#testresult/9991961b5bc89fa0","status":"failed","statusDetails":"selenium.common.exceptions.SessionNotCreatedException: Message: Could not start a new session. New session request timed out \nHost info: host: 'selenium', ip: '172.18.0.2'\nBuild info: version: '4.25.0', revision: '030fcf7918'\nSystem info: os.name: 'Linux', os.arch: 'amd64', os.version: '6.8.0-1014-azure', java.version: '17.0.12'\nDriver info: driver.version: unknown\nStacktrace:\n    at org.openqa.selenium.grid.sessionqueue.local.LocalNewSessionQueue.addToQueue (LocalNewSessionQueue.java:221)\n    at org.openqa.selenium.grid.sessionqueue.NewSessionQueue.lambda$new$0 (NewSessionQueue.java:68)\n    at org.openqa.selenium.remote.http.Route$TemplatizedRoute.handle (Route.java:192)\n    at org.openqa.selenium.remote.http.Route.execute (Route.java:69)\n    at org.openqa.selenium.remote.http.Route$CombinedRoute.handle (Route.java:360)\n    at org.openqa.selenium.remote.http.Route.execute (Route.java:69)\n    at org.openqa.selenium.grid.sessionqueue.NewSessionQueue.execute (NewSessionQueue.java:128)\n    at org.openqa.selenium.remote.tracing.SpanWrappedHttpHandler.execute (SpanWrappedHttpHandler.java:87)\n    at org.openqa.selenium.remote.http.Filter$1.execute (Filter.java:63)\n    at org.openqa.selenium.remote.http.Route$CombinedRoute.handle (Route.java:360)\n    at org.openqa.selenium.remote.http.Route.execute (Route.java:69)\n    at org.openqa.selenium.grid.router.Router.execute (Router.java:87)\n    at org.openqa.selenium.grid.web.EnsureSpecCompliantResponseHeaders.lambda$apply$0 (EnsureSpecCompliantResponseHeaders.java:34)\n    at org.openqa.selenium.remote.http.Filter$1.execute (Filter.java:63)\n    at org.openqa.selenium.remote.http.Route$CombinedRoute.handle (Route.java:360)\n    at org.openqa.selenium.remote.http.Route.execute (Route.java:69)\n    at org.openqa.selenium.remote.AddWebDriverSpecHeaders.lambda$apply$0 (AddWebDriverSpecHeaders.java:35)\n    at org.openqa.selenium.remote.ErrorFilter.lambda$apply$0 (ErrorFilter.java:44)\n    at org.openqa.selenium.remote.http.Filter$1.execute (Filter.java:63)\n    at org.openqa.selenium.remote.ErrorFilter.lambda$apply$0 (ErrorFilter.java:44)\n    at org.openqa.selenium.remote.http.Filter$1.execute (Filter.java:63)\n    at org.openqa.selenium.netty.server.SeleniumHandler.lambda$channelRead0$0 (SeleniumHandler.java:44)\n    at java.util.concurrent.Executors$RunnableAdapter.call (Executors.java:539)\n    at java.util.concurrent.FutureTask.run (FutureTask.java:264)\n    at java.util.concurrent.ThreadPoolExecutor.runWorker (ThreadPoolExecutor.java:1136)\n    at java.util.concurrent.ThreadPoolExecutor$Worker.run (ThreadPoolExecutor.java:635)\n    at java.lang.Thread.run (Thread.java:840)","time":{"start":1728086809882,"stop":1728087109931,"duration":300049}},{"uid":"822f65eeaf6e0cff","reportUrl":"https://robbrad.github.io/UKBinCollectionData/3.12/2152//#testresult/822f65eeaf6e0cff","status":"failed","statusDetails":"selenium.common.exceptions.SessionNotCreatedException: Message: Could not start a new session. New session request timed out \nHost info: host: 'selenium', ip: '172.18.0.2'\nBuild info: version: '4.25.0', revision: '030fcf7918'\nSystem info: os.name: 'Linux', os.arch: 'amd64', os.version: '6.8.0-1014-azure', java.version: '17.0.12'\nDriver info: driver.version: unknown\nStacktrace:\n    at org.openqa.selenium.grid.sessionqueue.local.LocalNewSessionQueue.addToQueue (LocalNewSessionQueue.java:221)\n    at org.openqa.selenium.grid.sessionqueue.NewSessionQueue.lambda$new$0 (NewSessionQueue.java:68)\n    at org.openqa.selenium.remote.http.Route$TemplatizedRoute.handle (Route.java:192)\n    at org.openqa.selenium.remote.http.Route.execute (Route.java:69)\n    at org.openqa.selenium.remote.http.Route$CombinedRoute.handle (Route.java:360)\n    at org.openqa.selenium.remote.http.Route.execute (Route.java:69)\n    at org.openqa.selenium.grid.sessionqueue.NewSessionQueue.execute (NewSessionQueue.java:128)\n    at org.openqa.selenium.remote.tracing.SpanWrappedHttpHandler.execute (SpanWrappedHttpHandler.java:87)\n    at org.openqa.selenium.remote.http.Filter$1.execute (Filter.java:63)\n    at org.openqa.selenium.remote.http.Route$CombinedRoute.handle (Route.java:360)\n    at org.openqa.selenium.remote.http.Route.execute (Route.java:69)\n    at org.openqa.selenium.grid.router.Router.execute (Router.java:87)\n    at org.openqa.selenium.grid.web.EnsureSpecCompliantResponseHeaders.lambda$apply$0 (EnsureSpecCompliantResponseHeaders.java:34)\n    at org.openqa.selenium.remote.http.Filter$1.execute (Filter.java:63)\n    at org.openqa.selenium.remote.http.Route$CombinedRoute.handle (Route.java:360)\n    at org.openqa.selenium.remote.http.Route.execute (Route.java:69)\n    at org.openqa.selenium.remote.AddWebDriverSpecHeaders.lambda$apply$0 (AddWebDriverSpecHeaders.java:35)\n    at org.openqa.selenium.remote.ErrorFilter.lambda$apply$0 (ErrorFilter.java:44)\n    at org.openqa.selenium.remote.http.Filter$1.execute (Filter.java:63)\n    at org.openqa.selenium.remote.ErrorFilter.lambda$apply$0 (ErrorFilter.java:44)\n    at org.openqa.selenium.remote.http.Filter$1.execute (Filter.java:63)\n    at org.openqa.selenium.netty.server.SeleniumHandler.lambda$channelRead0$0 (SeleniumHandler.java:44)\n    at java.util.concurrent.Executors$RunnableAdapter.call (Executors.java:539)\n    at java.util.concurrent.FutureTask.run (FutureTask.java:264)\n    at java.util.concurrent.ThreadPoolExecutor.runWorker (ThreadPoolExecutor.java:1136)\n    at java.util.concurrent.ThreadPoolExecutor$Worker.run (ThreadPoolExecutor.java:635)\n    at java.lang.Thread.run (Thread.java:840)","time":{"start":1728000434884,"stop":1728000734939,"duration":300055}},{"uid":"e51145b7a4429268","reportUrl":"https://robbrad.github.io/UKBinCollectionData/3.12/2148//#testresult/e51145b7a4429268","status":"passed","time":{"start":1727932629228,"stop":1727932651232,"duration":22004}},{"uid":"d8873c298d2cd741","reportUrl":"https://robbrad.github.io/UKBinCollectionData/3.12/2146//#testresult/d8873c298d2cd741","status":"failed","statusDetails":"selenium.common.exceptions.TimeoutException: Message: \nStacktrace:\n#0 0x55b7da1c713a <unknown>\n#1 0x55b7d9ead5e0 <unknown>\n#2 0x55b7d9efcbe8 <unknown>\n#3 0x55b7d9efce81 <unknown>\n#4 0x55b7d9f438c4 <unknown>\n#5 0x55b7d9f21b4d <unknown>\n#6 0x55b7d9f40d7d <unknown>\n#7 0x55b7d9f218c3 <unknown>\n#8 0x55b7d9eef6b3 <unknown>\n#9 0x55b7d9ef068e <unknown>\n#10 0x55b7da191b3b <unknown>\n#11 0x55b7da195ac1 <unknown>\n#12 0x55b7da17e335 <unknown>\n#13 0x55b7da196642 <unknown>\n#14 0x55b7da16349f <unknown>\n#15 0x55b7da1b6038 <unknown>\n#16 0x55b7da1b6203 <unknown>\n#17 0x55b7da1c5f8c <unknown>\n#18 0x7f1ccc8eca94 <unknown>\n#19 0x7f1ccc979a34 __clone","time":{"start":1727914454466,"stop":1727914508040,"duration":53574}},{"uid":"fbf12be92ac328f5","reportUrl":"https://robbrad.github.io/UKBinCollectionData/3.12/2139//#testresult/fbf12be92ac328f5","status":"passed","time":{"start":1727827974470,"stop":1727828001754,"duration":27284}},{"uid":"d4f402e0bbf64569","reportUrl":"https://robbrad.github.io/UKBinCollectionData/3.12/2138//#testresult/d4f402e0bbf64569","status":"passed","time":{"start":1727741600432,"stop":1727741643556,"duration":43124}},{"uid":"a295814bb8e9607f","reportUrl":"https://robbrad.github.io/UKBinCollectionData/3.12/2137//#testresult/a295814bb8e9607f","status":"passed","time":{"start":1727655195488,"stop":1727655249461,"duration":53973}},{"uid":"bde0a4e79f250b0f","reportUrl":"https://robbrad.github.io/UKBinCollectionData/3.12/2136//#testresult/bde0a4e79f250b0f","status":"passed","time":{"start":1727568763850,"stop":1727568854475,"duration":90625}},{"uid":"e75eaef5c81dd9e","reportUrl":"https://robbrad.github.io/UKBinCollectionData/3.12/2135//#testresult/e75eaef5c81dd9e","status":"failed","statusDetails":"selenium.common.exceptions.TimeoutException: Message: \nStacktrace:\n#0 0x557c2c14613a <unknown>\n#1 0x557c2be2c5e0 <unknown>\n#2 0x557c2be7bbe8 <unknown>\n#3 0x557c2be7be81 <unknown>\n#4 0x557c2bec28c4 <unknown>\n#5 0x557c2bea0b4d <unknown>\n#6 0x557c2bebfd7d <unknown>\n#7 0x557c2bea08c3 <unknown>\n#8 0x557c2be6e6b3 <unknown>\n#9 0x557c2be6f68e <unknown>\n#10 0x557c2c110b3b <unknown>\n#11 0x557c2c114ac1 <unknown>\n#12 0x557c2c0fd335 <unknown>\n#13 0x557c2c115642 <unknown>\n#14 0x557c2c0e249f <unknown>\n#15 0x557c2c135038 <unknown>\n#16 0x557c2c135203 <unknown>\n#17 0x557c2c144f8c <unknown>\n#18 0x7f362ac7ba94 <unknown>\n#19 0x7f362ad08a34 __clone","time":{"start":1727482608875,"stop":1727482681254,"duration":72379}},{"uid":"83b9634bee982e22","reportUrl":"https://robbrad.github.io/UKBinCollectionData/3.12/2131//#testresult/83b9634bee982e22","status":"passed","time":{"start":1727422341596,"stop":1727422375112,"duration":33516}},{"uid":"5f9eb6637a005f13","reportUrl":"https://robbrad.github.io/UKBinCollectionData/3.12/2130//#testresult/5f9eb6637a005f13","status":"passed","time":{"start":1727396051240,"stop":1727396115609,"duration":64369}}]},"tags":[]},"source":"aaf191b9d04952ca.json","parameterValues":["EastSuffolkCouncil"]}