{"uid":"20ab3109234fcda9","name":"Validate Council Output [BexleyCouncil]","fullName":"features/validate_council_outputs.feature:Validate Council Output","historyId":"b14d94c00a7a02b15ede5862fe9627b6","time":{"start":1728805696339,"stop":1728805709548,"duration":13209},"status":"passed","flaky":false,"newFailed":false,"newBroken":false,"newPassed":true,"retriesCount":0,"retriesStatusChange":false,"beforeStages":[],"testStage":{"status":"passed","steps":[{"name":"Given the council","time":{"start":1728805696340,"stop":1728805696340,"duration":0},"status":"passed","steps":[],"attachments":[],"parameters":[],"shouldDisplayMessage":false,"stepsCount":0,"attachmentsCount":0,"hasContent":false,"attachmentStep":false},{"name":"When we scrape the data from the council","time":{"start":1728805696341,"stop":1728805709545,"duration":13204},"status":"passed","steps":[],"attachments":[],"parameters":[],"shouldDisplayMessage":false,"stepsCount":0,"attachmentsCount":0,"hasContent":false,"attachmentStep":false},{"name":"Then the result is valid json","time":{"start":1728805709546,"stop":1728805709546,"duration":0},"status":"passed","steps":[],"attachments":[],"parameters":[],"shouldDisplayMessage":false,"stepsCount":0,"attachmentsCount":0,"hasContent":false,"attachmentStep":false},{"name":"And the output should validate against the schema","time":{"start":1728805709546,"stop":1728805709548,"duration":2},"status":"passed","steps":[],"attachments":[],"parameters":[],"shouldDisplayMessage":false,"stepsCount":0,"attachmentsCount":0,"hasContent":false,"attachmentStep":false}],"attachments":[{"uid":"7807d38cdcfc7c35","name":"stdout","source":"7807d38cdcfc7c35.txt","type":"text/plain","size":40}],"parameters":[],"shouldDisplayMessage":false,"stepsCount":4,"attachmentsCount":1,"hasContent":true,"attachmentStep":false},"afterStages":[],"labels":[{"name":"host","value":"fv-az1016-149"},{"name":"thread","value":"2897-MainThread"},{"name":"framework","value":"pytest-bdd"},{"name":"language","value":"cpython3"},{"name":"feature","value":"Test each council output matches expected results"},{"name":"resultFormat","value":"allure2"}],"parameters":[{"name":"council","value":"BexleyCouncil"}],"links":[],"hidden":false,"retry":false,"extra":{"severity":"normal","retries":[],"categories":[],"history":{"statistic":{"failed":236,"broken":0,"skipped":0,"passed":115,"unknown":0,"total":351},"items":[{"uid":"ed50b2fcda4db81d","reportUrl":"https://robbrad.github.io/UKBinCollectionData/3.11/2214//#testresult/ed50b2fcda4db81d","status":"failed","statusDetails":"selenium.common.exceptions.SessionNotCreatedException: Message: Could not start a new session. New session request timed out \nHost info: host: 'selenium', ip: '172.18.0.2'\nBuild info: version: '4.25.0', revision: '030fcf7918'\nSystem info: os.name: 'Linux', os.arch: 'amd64', os.version: '6.5.0-1025-azure', java.version: '17.0.12'\nDriver info: driver.version: unknown\nStacktrace:\n    at org.openqa.selenium.grid.sessionqueue.local.LocalNewSessionQueue.addToQueue (LocalNewSessionQueue.java:221)\n    at org.openqa.selenium.grid.sessionqueue.NewSessionQueue.lambda$new$0 (NewSessionQueue.java:68)\n    at org.openqa.selenium.remote.http.Route$TemplatizedRoute.handle (Route.java:192)\n    at org.openqa.selenium.remote.http.Route.execute (Route.java:69)\n    at org.openqa.selenium.remote.http.Route$CombinedRoute.handle (Route.java:360)\n    at org.openqa.selenium.remote.http.Route.execute (Route.java:69)\n    at org.openqa.selenium.grid.sessionqueue.NewSessionQueue.execute (NewSessionQueue.java:128)\n    at org.openqa.selenium.remote.tracing.SpanWrappedHttpHandler.execute (SpanWrappedHttpHandler.java:87)\n    at org.openqa.selenium.remote.http.Filter$1.execute (Filter.java:63)\n    at org.openqa.selenium.remote.http.Route$CombinedRoute.handle (Route.java:360)\n    at org.openqa.selenium.remote.http.Route.execute (Route.java:69)\n    at org.openqa.selenium.grid.router.Router.execute (Router.java:87)\n    at org.openqa.selenium.grid.web.EnsureSpecCompliantResponseHeaders.lambda$apply$0 (EnsureSpecCompliantResponseHeaders.java:34)\n    at org.openqa.selenium.remote.http.Filter$1.execute (Filter.java:63)\n    at org.openqa.selenium.remote.http.Route$CombinedRoute.handle (Route.java:360)\n    at org.openqa.selenium.remote.http.Route.execute (Route.java:69)\n    at org.openqa.selenium.remote.AddWebDriverSpecHeaders.lambda$apply$0 (AddWebDriverSpecHeaders.java:35)\n    at org.openqa.selenium.remote.ErrorFilter.lambda$apply$0 (ErrorFilter.java:44)\n    at org.openqa.selenium.remote.http.Filter$1.execute (Filter.java:63)\n    at org.openqa.selenium.remote.ErrorFilter.lambda$apply$0 (ErrorFilter.java:44)\n    at org.openqa.selenium.remote.http.Filter$1.execute (Filter.java:63)\n    at org.openqa.selenium.netty.server.SeleniumHandler.lambda$channelRead0$0 (SeleniumHandler.java:44)\n    at java.util.concurrent.Executors$RunnableAdapter.call (Executors.java:539)\n    at java.util.concurrent.FutureTask.run (FutureTask.java:264)\n    at java.util.concurrent.ThreadPoolExecutor.runWorker (ThreadPoolExecutor.java:1136)\n    at java.util.concurrent.ThreadPoolExecutor$Worker.run (ThreadPoolExecutor.java:635)\n    at java.lang.Thread.run (Thread.java:840)","time":{"start":1728777686587,"stop":1728777986605,"duration":300018}},{"uid":"b6fce07ef7d115cf","reportUrl":"https://robbrad.github.io/UKBinCollectionData/3.11/2211//#testresult/b6fce07ef7d115cf","status":"failed","statusDetails":"selenium.common.exceptions.SessionNotCreatedException: Message: Could not start a new session. New session request timed out \nHost info: host: 'selenium', ip: '172.18.0.2'\nBuild info: version: '4.25.0', revision: '030fcf7918'\nSystem info: os.name: 'Linux', os.arch: 'amd64', os.version: '6.5.0-1025-azure', java.version: '17.0.12'\nDriver info: driver.version: unknown\nStacktrace:\n    at org.openqa.selenium.grid.sessionqueue.local.LocalNewSessionQueue.addToQueue (LocalNewSessionQueue.java:221)\n    at org.openqa.selenium.grid.sessionqueue.NewSessionQueue.lambda$new$0 (NewSessionQueue.java:68)\n    at org.openqa.selenium.remote.http.Route$TemplatizedRoute.handle (Route.java:192)\n    at org.openqa.selenium.remote.http.Route.execute (Route.java:69)\n    at org.openqa.selenium.remote.http.Route$CombinedRoute.handle (Route.java:360)\n    at org.openqa.selenium.remote.http.Route.execute (Route.java:69)\n    at org.openqa.selenium.grid.sessionqueue.NewSessionQueue.execute (NewSessionQueue.java:128)\n    at org.openqa.selenium.remote.tracing.SpanWrappedHttpHandler.execute (SpanWrappedHttpHandler.java:87)\n    at org.openqa.selenium.remote.http.Filter$1.execute (Filter.java:63)\n    at org.openqa.selenium.remote.http.Route$CombinedRoute.handle (Route.java:360)\n    at org.openqa.selenium.remote.http.Route.execute (Route.java:69)\n    at org.openqa.selenium.grid.router.Router.execute (Router.java:87)\n    at org.openqa.selenium.grid.web.EnsureSpecCompliantResponseHeaders.lambda$apply$0 (EnsureSpecCompliantResponseHeaders.java:34)\n    at org.openqa.selenium.remote.http.Filter$1.execute (Filter.java:63)\n    at org.openqa.selenium.remote.http.Route$CombinedRoute.handle (Route.java:360)\n    at org.openqa.selenium.remote.http.Route.execute (Route.java:69)\n    at org.openqa.selenium.remote.AddWebDriverSpecHeaders.lambda$apply$0 (AddWebDriverSpecHeaders.java:35)\n    at org.openqa.selenium.remote.ErrorFilter.lambda$apply$0 (ErrorFilter.java:44)\n    at org.openqa.selenium.remote.http.Filter$1.execute (Filter.java:63)\n    at org.openqa.selenium.remote.ErrorFilter.lambda$apply$0 (ErrorFilter.java:44)\n    at org.openqa.selenium.remote.http.Filter$1.execute (Filter.java:63)\n    at org.openqa.selenium.netty.server.SeleniumHandler.lambda$channelRead0$0 (SeleniumHandler.java:44)\n    at java.util.concurrent.Executors$RunnableAdapter.call (Executors.java:539)\n    at java.util.concurrent.FutureTask.run (FutureTask.java:264)\n    at java.util.concurrent.ThreadPoolExecutor.runWorker (ThreadPoolExecutor.java:1136)\n    at java.util.concurrent.ThreadPoolExecutor$Worker.run (ThreadPoolExecutor.java:635)\n    at java.lang.Thread.run (Thread.java:840)","time":{"start":1728691269053,"stop":1728691569070,"duration":300017}},{"uid":"ff3c8bffc7531c61","reportUrl":"https://robbrad.github.io/UKBinCollectionData/3.11/2210//#testresult/ff3c8bffc7531c61","status":"failed","statusDetails":"selenium.common.exceptions.SessionNotCreatedException: Message: Could not start a new session. New session request timed out \nHost info: host: 'selenium', ip: '172.18.0.2'\nBuild info: version: '4.25.0', revision: '030fcf7918'\nSystem info: os.name: 'Linux', os.arch: 'amd64', os.version: '6.5.0-1025-azure', java.version: '17.0.12'\nDriver info: driver.version: unknown\nStacktrace:\n    at org.openqa.selenium.grid.sessionqueue.local.LocalNewSessionQueue.addToQueue (LocalNewSessionQueue.java:221)\n    at org.openqa.selenium.grid.sessionqueue.NewSessionQueue.lambda$new$0 (NewSessionQueue.java:68)\n    at org.openqa.selenium.remote.http.Route$TemplatizedRoute.handle (Route.java:192)\n    at org.openqa.selenium.remote.http.Route.execute (Route.java:69)\n    at org.openqa.selenium.remote.http.Route$CombinedRoute.handle (Route.java:360)\n    at org.openqa.selenium.remote.http.Route.execute (Route.java:69)\n    at org.openqa.selenium.grid.sessionqueue.NewSessionQueue.execute (NewSessionQueue.java:128)\n    at org.openqa.selenium.remote.tracing.SpanWrappedHttpHandler.execute (SpanWrappedHttpHandler.java:87)\n    at org.openqa.selenium.remote.http.Filter$1.execute (Filter.java:63)\n    at org.openqa.selenium.remote.http.Route$CombinedRoute.handle (Route.java:360)\n    at org.openqa.selenium.remote.http.Route.execute (Route.java:69)\n    at org.openqa.selenium.grid.router.Router.execute (Router.java:87)\n    at org.openqa.selenium.grid.web.EnsureSpecCompliantResponseHeaders.lambda$apply$0 (EnsureSpecCompliantResponseHeaders.java:34)\n    at org.openqa.selenium.remote.http.Filter$1.execute (Filter.java:63)\n    at org.openqa.selenium.remote.http.Route$CombinedRoute.handle (Route.java:360)\n    at org.openqa.selenium.remote.http.Route.execute (Route.java:69)\n    at org.openqa.selenium.remote.AddWebDriverSpecHeaders.lambda$apply$0 (AddWebDriverSpecHeaders.java:35)\n    at org.openqa.selenium.remote.ErrorFilter.lambda$apply$0 (ErrorFilter.java:44)\n    at org.openqa.selenium.remote.http.Filter$1.execute (Filter.java:63)\n    at org.openqa.selenium.remote.ErrorFilter.lambda$apply$0 (ErrorFilter.java:44)\n    at org.openqa.selenium.remote.http.Filter$1.execute (Filter.java:63)\n    at org.openqa.selenium.netty.server.SeleniumHandler.lambda$channelRead0$0 (SeleniumHandler.java:44)\n    at java.util.concurrent.Executors$RunnableAdapter.call (Executors.java:539)\n    at java.util.concurrent.FutureTask.run (FutureTask.java:264)\n    at java.util.concurrent.ThreadPoolExecutor.runWorker (ThreadPoolExecutor.java:1136)\n    at java.util.concurrent.ThreadPoolExecutor$Worker.run (ThreadPoolExecutor.java:635)\n    at java.lang.Thread.run (Thread.java:840)","time":{"start":1728604878681,"stop":1728605178701,"duration":300020}},{"uid":"2684c67317140975","reportUrl":"https://robbrad.github.io/UKBinCollectionData/3.11/2199//#testresult/2684c67317140975","status":"failed","statusDetails":"selenium.common.exceptions.SessionNotCreatedException: Message: Could not start a new session. New session request timed out \nHost info: host: 'selenium', ip: '172.18.0.2'\nBuild info: version: '4.25.0', revision: '030fcf7918'\nSystem info: os.name: 'Linux', os.arch: 'amd64', os.version: '6.5.0-1025-azure', java.version: '17.0.12'\nDriver info: driver.version: unknown\nStacktrace:\n    at org.openqa.selenium.grid.sessionqueue.local.LocalNewSessionQueue.addToQueue (LocalNewSessionQueue.java:221)\n    at org.openqa.selenium.grid.sessionqueue.NewSessionQueue.lambda$new$0 (NewSessionQueue.java:68)\n    at org.openqa.selenium.remote.http.Route$TemplatizedRoute.handle (Route.java:192)\n    at org.openqa.selenium.remote.http.Route.execute (Route.java:69)\n    at org.openqa.selenium.remote.http.Route$CombinedRoute.handle (Route.java:360)\n    at org.openqa.selenium.remote.http.Route.execute (Route.java:69)\n    at org.openqa.selenium.grid.sessionqueue.NewSessionQueue.execute (NewSessionQueue.java:128)\n    at org.openqa.selenium.remote.tracing.SpanWrappedHttpHandler.execute (SpanWrappedHttpHandler.java:87)\n    at org.openqa.selenium.remote.http.Filter$1.execute (Filter.java:63)\n    at org.openqa.selenium.remote.http.Route$CombinedRoute.handle (Route.java:360)\n    at org.openqa.selenium.remote.http.Route.execute (Route.java:69)\n    at org.openqa.selenium.grid.router.Router.execute (Router.java:87)\n    at org.openqa.selenium.grid.web.EnsureSpecCompliantResponseHeaders.lambda$apply$0 (EnsureSpecCompliantResponseHeaders.java:34)\n    at org.openqa.selenium.remote.http.Filter$1.execute (Filter.java:63)\n    at org.openqa.selenium.remote.http.Route$CombinedRoute.handle (Route.java:360)\n    at org.openqa.selenium.remote.http.Route.execute (Route.java:69)\n    at org.openqa.selenium.remote.AddWebDriverSpecHeaders.lambda$apply$0 (AddWebDriverSpecHeaders.java:35)\n    at org.openqa.selenium.remote.ErrorFilter.lambda$apply$0 (ErrorFilter.java:44)\n    at org.openqa.selenium.remote.http.Filter$1.execute (Filter.java:63)\n    at org.openqa.selenium.remote.ErrorFilter.lambda$apply$0 (ErrorFilter.java:44)\n    at org.openqa.selenium.remote.http.Filter$1.execute (Filter.java:63)\n    at org.openqa.selenium.netty.server.SeleniumHandler.lambda$channelRead0$0 (SeleniumHandler.java:44)\n    at java.util.concurrent.Executors$RunnableAdapter.call (Executors.java:539)\n    at java.util.concurrent.FutureTask.run (FutureTask.java:264)\n    at java.util.concurrent.ThreadPoolExecutor.runWorker (ThreadPoolExecutor.java:1136)\n    at java.util.concurrent.ThreadPoolExecutor$Worker.run (ThreadPoolExecutor.java:635)\n    at java.lang.Thread.run (Thread.java:840)","time":{"start":1728518479556,"stop":1728518779574,"duration":300018}},{"uid":"cd136e7d79311b33","reportUrl":"https://robbrad.github.io/UKBinCollectionData/3.11/2188//#testresult/cd136e7d79311b33","status":"failed","statusDetails":"selenium.common.exceptions.SessionNotCreatedException: Message: Could not start a new session. New session request timed out \nHost info: host: 'selenium', ip: '172.18.0.2'\nBuild info: version: '4.25.0', revision: '030fcf7918'\nSystem info: os.name: 'Linux', os.arch: 'amd64', os.version: '6.8.0-1014-azure', java.version: '17.0.12'\nDriver info: driver.version: unknown\nStacktrace:\n    at org.openqa.selenium.grid.sessionqueue.local.LocalNewSessionQueue.addToQueue (LocalNewSessionQueue.java:221)\n    at org.openqa.selenium.grid.sessionqueue.NewSessionQueue.lambda$new$0 (NewSessionQueue.java:68)\n    at org.openqa.selenium.remote.http.Route$TemplatizedRoute.handle (Route.java:192)\n    at org.openqa.selenium.remote.http.Route.execute (Route.java:69)\n    at org.openqa.selenium.remote.http.Route$CombinedRoute.handle (Route.java:360)\n    at org.openqa.selenium.remote.http.Route.execute (Route.java:69)\n    at org.openqa.selenium.grid.sessionqueue.NewSessionQueue.execute (NewSessionQueue.java:128)\n    at org.openqa.selenium.remote.tracing.SpanWrappedHttpHandler.execute (SpanWrappedHttpHandler.java:87)\n    at org.openqa.selenium.remote.http.Filter$1.execute (Filter.java:63)\n    at org.openqa.selenium.remote.http.Route$CombinedRoute.handle (Route.java:360)\n    at org.openqa.selenium.remote.http.Route.execute (Route.java:69)\n    at org.openqa.selenium.grid.router.Router.execute (Router.java:87)\n    at org.openqa.selenium.grid.web.EnsureSpecCompliantResponseHeaders.lambda$apply$0 (EnsureSpecCompliantResponseHeaders.java:34)\n    at org.openqa.selenium.remote.http.Filter$1.execute (Filter.java:63)\n    at org.openqa.selenium.remote.http.Route$CombinedRoute.handle (Route.java:360)\n    at org.openqa.selenium.remote.http.Route.execute (Route.java:69)\n    at org.openqa.selenium.remote.AddWebDriverSpecHeaders.lambda$apply$0 (AddWebDriverSpecHeaders.java:35)\n    at org.openqa.selenium.remote.ErrorFilter.lambda$apply$0 (ErrorFilter.java:44)\n    at org.openqa.selenium.remote.http.Filter$1.execute (Filter.java:63)\n    at org.openqa.selenium.remote.ErrorFilter.lambda$apply$0 (ErrorFilter.java:44)\n    at org.openqa.selenium.remote.http.Filter$1.execute (Filter.java:63)\n    at org.openqa.selenium.netty.server.SeleniumHandler.lambda$channelRead0$0 (SeleniumHandler.java:44)\n    at java.util.concurrent.Executors$RunnableAdapter.call (Executors.java:539)\n    at java.util.concurrent.FutureTask.run (FutureTask.java:264)\n    at java.util.concurrent.ThreadPoolExecutor.runWorker (ThreadPoolExecutor.java:1136)\n    at java.util.concurrent.ThreadPoolExecutor$Worker.run (ThreadPoolExecutor.java:635)\n    at java.lang.Thread.run (Thread.java:840)","time":{"start":1728432086474,"stop":1728432386492,"duration":300018}},{"uid":"22fb5002432581cf","reportUrl":"https://robbrad.github.io/UKBinCollectionData/3.11/2169//#testresult/22fb5002432581cf","status":"failed","statusDetails":"selenium.common.exceptions.TimeoutException: Message: \nStacktrace:\n#0 0x558037da613a <unknown>\n#1 0x558037a8c5e0 <unknown>\n#2 0x558037adbbe8 <unknown>\n#3 0x558037adbe81 <unknown>\n#4 0x558037b228c4 <unknown>\n#5 0x558037b00b4d <unknown>\n#6 0x558037b1fd7d <unknown>\n#7 0x558037b008c3 <unknown>\n#8 0x558037ace6b3 <unknown>\n#9 0x558037acf68e <unknown>\n#10 0x558037d70b3b <unknown>\n#11 0x558037d74ac1 <unknown>\n#12 0x558037d5d335 <unknown>\n#13 0x558037d75642 <unknown>\n#14 0x558037d4249f <unknown>\n#15 0x558037d95038 <unknown>\n#16 0x558037d95203 <unknown>\n#17 0x558037da4f8c <unknown>\n#18 0x7f9f3a0a0a94 <unknown>\n#19 0x7f9f3a12da34 __clone","time":{"start":1728331938814,"stop":1728331975321,"duration":36507}},{"uid":"480ce44e177c9b5d","reportUrl":"https://robbrad.github.io/UKBinCollectionData/3.11/2165//#testresult/480ce44e177c9b5d","status":"failed","statusDetails":"selenium.common.exceptions.TimeoutException: Message: \nStacktrace:\n#0 0x55779dd3913a <unknown>\n#1 0x55779da1f5e0 <unknown>\n#2 0x55779da6ebe8 <unknown>\n#3 0x55779da6ee81 <unknown>\n#4 0x55779dab58c4 <unknown>\n#5 0x55779da93b4d <unknown>\n#6 0x55779dab2d7d <unknown>\n#7 0x55779da938c3 <unknown>\n#8 0x55779da616b3 <unknown>\n#9 0x55779da6268e <unknown>\n#10 0x55779dd03b3b <unknown>\n#11 0x55779dd07ac1 <unknown>\n#12 0x55779dcf0335 <unknown>\n#13 0x55779dd08642 <unknown>\n#14 0x55779dcd549f <unknown>\n#15 0x55779dd28038 <unknown>\n#16 0x55779dd28203 <unknown>\n#17 0x55779dd37f8c <unknown>\n#18 0x7f9e96f91a94 <unknown>\n#19 0x7f9e9701ea34 __clone","time":{"start":1728259284980,"stop":1728259318896,"duration":33916}},{"uid":"9f2fc512a58b64","reportUrl":"https://robbrad.github.io/UKBinCollectionData/3.11/2164//#testresult/9f2fc512a58b64","status":"failed","statusDetails":"selenium.common.exceptions.TimeoutException: Message: \nStacktrace:\n#0 0x5614df6d013a <unknown>\n#1 0x5614df3b65e0 <unknown>\n#2 0x5614df405be8 <unknown>\n#3 0x5614df405e81 <unknown>\n#4 0x5614df44c8c4 <unknown>\n#5 0x5614df42ab4d <unknown>\n#6 0x5614df449d7d <unknown>\n#7 0x5614df42a8c3 <unknown>\n#8 0x5614df3f86b3 <unknown>\n#9 0x5614df3f968e <unknown>\n#10 0x5614df69ab3b <unknown>\n#11 0x5614df69eac1 <unknown>\n#12 0x5614df687335 <unknown>\n#13 0x5614df69f642 <unknown>\n#14 0x5614df66c49f <unknown>\n#15 0x5614df6bf038 <unknown>\n#16 0x5614df6bf203 <unknown>\n#17 0x5614df6cef8c <unknown>\n#18 0x7f45706d4a94 <unknown>\n#19 0x7f4570761a34 __clone","time":{"start":1728172877653,"stop":1728172915164,"duration":37511}},{"uid":"64bf8853ff0298b7","reportUrl":"https://robbrad.github.io/UKBinCollectionData/3.11/2160//#testresult/64bf8853ff0298b7","status":"failed","statusDetails":"selenium.common.exceptions.TimeoutException: Message: \nStacktrace:\n#0 0x5630f896e13a <unknown>\n#1 0x5630f86545e0 <unknown>\n#2 0x5630f86a3be8 <unknown>\n#3 0x5630f86a3e81 <unknown>\n#4 0x5630f86ea8c4 <unknown>\n#5 0x5630f86c8b4d <unknown>\n#6 0x5630f86e7d7d <unknown>\n#7 0x5630f86c88c3 <unknown>\n#8 0x5630f86966b3 <unknown>\n#9 0x5630f869768e <unknown>\n#10 0x5630f8938b3b <unknown>\n#11 0x5630f893cac1 <unknown>\n#12 0x5630f8925335 <unknown>\n#13 0x5630f893d642 <unknown>\n#14 0x5630f890a49f <unknown>\n#15 0x5630f895d038 <unknown>\n#16 0x5630f895d203 <unknown>\n#17 0x5630f896cf8c <unknown>\n#18 0x7f7b80dc7a94 <unknown>\n#19 0x7f7b80e54a34 __clone","time":{"start":1728086473248,"stop":1728086513644,"duration":40396}},{"uid":"b2a9d3a084d9b409","reportUrl":"https://robbrad.github.io/UKBinCollectionData/3.11/2152//#testresult/b2a9d3a084d9b409","status":"failed","statusDetails":"selenium.common.exceptions.TimeoutException: Message: \nStacktrace:\n#0 0x55ad4978213a <unknown>\n#1 0x55ad494685e0 <unknown>\n#2 0x55ad494b7be8 <unknown>\n#3 0x55ad494b7e81 <unknown>\n#4 0x55ad494fe8c4 <unknown>\n#5 0x55ad494dcb4d <unknown>\n#6 0x55ad494fbd7d <unknown>\n#7 0x55ad494dc8c3 <unknown>\n#8 0x55ad494aa6b3 <unknown>\n#9 0x55ad494ab68e <unknown>\n#10 0x55ad4974cb3b <unknown>\n#11 0x55ad49750ac1 <unknown>\n#12 0x55ad49739335 <unknown>\n#13 0x55ad49751642 <unknown>\n#14 0x55ad4971e49f <unknown>\n#15 0x55ad49771038 <unknown>\n#16 0x55ad49771203 <unknown>\n#17 0x55ad49780f8c <unknown>\n#18 0x7fae3cd12a94 <unknown>\n#19 0x7fae3cd9fa34 __clone","time":{"start":1728000071223,"stop":1728000106492,"duration":35269}},{"uid":"ebca7ec341ed9e75","reportUrl":"https://robbrad.github.io/UKBinCollectionData/3.11/2148//#testresult/ebca7ec341ed9e75","status":"failed","statusDetails":"selenium.common.exceptions.TimeoutException: Message: \nStacktrace:\n#0 0x55b1c50f213a <unknown>\n#1 0x55b1c4dd85e0 <unknown>\n#2 0x55b1c4e27be8 <unknown>\n#3 0x55b1c4e27e81 <unknown>\n#4 0x55b1c4e6e8c4 <unknown>\n#5 0x55b1c4e4cb4d <unknown>\n#6 0x55b1c4e6bd7d <unknown>\n#7 0x55b1c4e4c8c3 <unknown>\n#8 0x55b1c4e1a6b3 <unknown>\n#9 0x55b1c4e1b68e <unknown>\n#10 0x55b1c50bcb3b <unknown>\n#11 0x55b1c50c0ac1 <unknown>\n#12 0x55b1c50a9335 <unknown>\n#13 0x55b1c50c1642 <unknown>\n#14 0x55b1c508e49f <unknown>\n#15 0x55b1c50e1038 <unknown>\n#16 0x55b1c50e1203 <unknown>\n#17 0x55b1c50f0f8c <unknown>\n#18 0x7f40fe234a94 <unknown>\n#19 0x7f40fe2c1a34 __clone","time":{"start":1727931968672,"stop":1727932028933,"duration":60261}},{"uid":"182422ec3a69a544","reportUrl":"https://robbrad.github.io/UKBinCollectionData/3.11/2146//#testresult/182422ec3a69a544","status":"failed","statusDetails":"selenium.common.exceptions.TimeoutException: Message: \nStacktrace:\n#0 0x55f215c5313a <unknown>\n#1 0x55f2159395e0 <unknown>\n#2 0x55f215988be8 <unknown>\n#3 0x55f215988e81 <unknown>\n#4 0x55f2159cf8c4 <unknown>\n#5 0x55f2159adb4d <unknown>\n#6 0x55f2159ccd7d <unknown>\n#7 0x55f2159ad8c3 <unknown>\n#8 0x55f21597b6b3 <unknown>\n#9 0x55f21597c68e <unknown>\n#10 0x55f215c1db3b <unknown>\n#11 0x55f215c21ac1 <unknown>\n#12 0x55f215c0a335 <unknown>\n#13 0x55f215c22642 <unknown>\n#14 0x55f215bef49f <unknown>\n#15 0x55f215c42038 <unknown>\n#16 0x55f215c42203 <unknown>\n#17 0x55f215c51f8c <unknown>\n#18 0x7f0fe75f3a94 <unknown>\n#19 0x7f0fe7680a34 __clone","time":{"start":1727913672518,"stop":1727913753286,"duration":80768}},{"uid":"5b5bb10acec68a97","reportUrl":"https://robbrad.github.io/UKBinCollectionData/3.11/2139//#testresult/5b5bb10acec68a97","status":"failed","statusDetails":"selenium.common.exceptions.TimeoutException: Message: \nStacktrace:\n#0 0x55d9ca6b113a <unknown>\n#1 0x55d9ca3975e0 <unknown>\n#2 0x55d9ca3e6be8 <unknown>\n#3 0x55d9ca3e6e81 <unknown>\n#4 0x55d9ca42d8c4 <unknown>\n#5 0x55d9ca40bb4d <unknown>\n#6 0x55d9ca42ad7d <unknown>\n#7 0x55d9ca40b8c3 <unknown>\n#8 0x55d9ca3d96b3 <unknown>\n#9 0x55d9ca3da68e <unknown>\n#10 0x55d9ca67bb3b <unknown>\n#11 0x55d9ca67fac1 <unknown>\n#12 0x55d9ca668335 <unknown>\n#13 0x55d9ca680642 <unknown>\n#14 0x55d9ca64d49f <unknown>\n#15 0x55d9ca6a0038 <unknown>\n#16 0x55d9ca6a0203 <unknown>\n#17 0x55d9ca6aff8c <unknown>\n#18 0x7f7053886a94 <unknown>\n#19 0x7f7053913a34 __clone","time":{"start":1727827275186,"stop":1727827351984,"duration":76798}},{"uid":"4c05a134af40e20a","reportUrl":"https://robbrad.github.io/UKBinCollectionData/3.11/2138//#testresult/4c05a134af40e20a","status":"failed","statusDetails":"selenium.common.exceptions.TimeoutException: Message: \nStacktrace:\n#0 0x55a4695d513a <unknown>\n#1 0x55a4692bb5e0 <unknown>\n#2 0x55a46930abe8 <unknown>\n#3 0x55a46930ae81 <unknown>\n#4 0x55a4693518c4 <unknown>\n#5 0x55a46932fb4d <unknown>\n#6 0x55a46934ed7d <unknown>\n#7 0x55a46932f8c3 <unknown>\n#8 0x55a4692fd6b3 <unknown>\n#9 0x55a4692fe68e <unknown>\n#10 0x55a46959fb3b <unknown>\n#11 0x55a4695a3ac1 <unknown>\n#12 0x55a46958c335 <unknown>\n#13 0x55a4695a4642 <unknown>\n#14 0x55a46957149f <unknown>\n#15 0x55a4695c4038 <unknown>\n#16 0x55a4695c4203 <unknown>\n#17 0x55a4695d3f8c <unknown>\n#18 0x7fdfd618da94 <unknown>\n#19 0x7fdfd621aa34 __clone","time":{"start":1727740879566,"stop":1727740956960,"duration":77394}},{"uid":"31e8237088b7963","reportUrl":"https://robbrad.github.io/UKBinCollectionData/3.11/2137//#testresult/31e8237088b7963","status":"failed","statusDetails":"selenium.common.exceptions.TimeoutException: Message: \nStacktrace:\n#0 0x5628afb0413a <unknown>\n#1 0x5628af7ea5e0 <unknown>\n#2 0x5628af839be8 <unknown>\n#3 0x5628af839e81 <unknown>\n#4 0x5628af8808c4 <unknown>\n#5 0x5628af85eb4d <unknown>\n#6 0x5628af87dd7d <unknown>\n#7 0x5628af85e8c3 <unknown>\n#8 0x5628af82c6b3 <unknown>\n#9 0x5628af82d68e <unknown>\n#10 0x5628afaceb3b <unknown>\n#11 0x5628afad2ac1 <unknown>\n#12 0x5628afabb335 <unknown>\n#13 0x5628afad3642 <unknown>\n#14 0x5628afaa049f <unknown>\n#15 0x5628afaf3038 <unknown>\n#16 0x5628afaf3203 <unknown>\n#17 0x5628afb02f8c <unknown>\n#18 0x7f2af129da94 <unknown>\n#19 0x7f2af132aa34 __clone","time":{"start":1727654466773,"stop":1727654537194,"duration":70421}},{"uid":"783f566dc468ee3d","reportUrl":"https://robbrad.github.io/UKBinCollectionData/3.11/2136//#testresult/783f566dc468ee3d","status":"failed","statusDetails":"selenium.common.exceptions.TimeoutException: Message: \nStacktrace:\n#0 0x563f9134c13a <unknown>\n#1 0x563f910325e0 <unknown>\n#2 0x563f91081be8 <unknown>\n#3 0x563f91081e81 <unknown>\n#4 0x563f910c88c4 <unknown>\n#5 0x563f910a6b4d <unknown>\n#6 0x563f910c5d7d <unknown>\n#7 0x563f910a68c3 <unknown>\n#8 0x563f910746b3 <unknown>\n#9 0x563f9107568e <unknown>\n#10 0x563f91316b3b <unknown>\n#11 0x563f9131aac1 <unknown>\n#12 0x563f91303335 <unknown>\n#13 0x563f9131b642 <unknown>\n#14 0x563f912e849f <unknown>\n#15 0x563f9133b038 <unknown>\n#16 0x563f9133b203 <unknown>\n#17 0x563f9134af8c <unknown>\n#18 0x7fd8d87bba94 <unknown>\n#19 0x7fd8d8848a34 __clone","time":{"start":1727568077905,"stop":1727568148026,"duration":70121}},{"uid":"25e924dc155b7c7b","reportUrl":"https://robbrad.github.io/UKBinCollectionData/3.11/2135//#testresult/25e924dc155b7c7b","status":"failed","statusDetails":"selenium.common.exceptions.TimeoutException: Message: \nStacktrace:\n#0 0x55efa443913a <unknown>\n#1 0x55efa411f5e0 <unknown>\n#2 0x55efa416ebe8 <unknown>\n#3 0x55efa416ee81 <unknown>\n#4 0x55efa41b58c4 <unknown>\n#5 0x55efa4193b4d <unknown>\n#6 0x55efa41b2d7d <unknown>\n#7 0x55efa41938c3 <unknown>\n#8 0x55efa41616b3 <unknown>\n#9 0x55efa416268e <unknown>\n#10 0x55efa4403b3b <unknown>\n#11 0x55efa4407ac1 <unknown>\n#12 0x55efa43f0335 <unknown>\n#13 0x55efa4408642 <unknown>\n#14 0x55efa43d549f <unknown>\n#15 0x55efa4428038 <unknown>\n#16 0x55efa4428203 <unknown>\n#17 0x55efa4437f8c <unknown>\n#18 0x7fa54b270a94 <unknown>\n#19 0x7fa54b2fda34 __clone","time":{"start":1727481677150,"stop":1727481745626,"duration":68476}},{"uid":"ea96bb1647e6a45b","reportUrl":"https://robbrad.github.io/UKBinCollectionData/3.11/2131//#testresult/ea96bb1647e6a45b","status":"failed","statusDetails":"selenium.common.exceptions.TimeoutException: Message: \nStacktrace:\n#0 0x55836576413a <unknown>\n#1 0x55836544a5e0 <unknown>\n#2 0x558365499be8 <unknown>\n#3 0x558365499e81 <unknown>\n#4 0x5583654e08c4 <unknown>\n#5 0x5583654beb4d <unknown>\n#6 0x5583654ddd7d <unknown>\n#7 0x5583654be8c3 <unknown>\n#8 0x55836548c6b3 <unknown>\n#9 0x55836548d68e <unknown>\n#10 0x55836572eb3b <unknown>\n#11 0x558365732ac1 <unknown>\n#12 0x55836571b335 <unknown>\n#13 0x558365733642 <unknown>\n#14 0x55836570049f <unknown>\n#15 0x558365753038 <unknown>\n#16 0x558365753203 <unknown>\n#17 0x558365762f8c <unknown>\n#18 0x7fb53c214a94 <unknown>\n#19 0x7fb53c2a1a34 __clone","time":{"start":1727421650370,"stop":1727421701579,"duration":51209}},{"uid":"f571df689bb73e07","reportUrl":"https://robbrad.github.io/UKBinCollectionData/3.11/2130//#testresult/f571df689bb73e07","status":"failed","statusDetails":"selenium.common.exceptions.TimeoutException: Message: \nStacktrace:\n#0 0x561bc99df13a <unknown>\n#1 0x561bc96c55e0 <unknown>\n#2 0x561bc9714be8 <unknown>\n#3 0x561bc9714e81 <unknown>\n#4 0x561bc975b8c4 <unknown>\n#5 0x561bc9739b4d <unknown>\n#6 0x561bc9758d7d <unknown>\n#7 0x561bc97398c3 <unknown>\n#8 0x561bc97076b3 <unknown>\n#9 0x561bc970868e <unknown>\n#10 0x561bc99a9b3b <unknown>\n#11 0x561bc99adac1 <unknown>\n#12 0x561bc9996335 <unknown>\n#13 0x561bc99ae642 <unknown>\n#14 0x561bc997b49f <unknown>\n#15 0x561bc99ce038 <unknown>\n#16 0x561bc99ce203 <unknown>\n#17 0x561bc99ddf8c <unknown>\n#18 0x7f10501fda94 <unknown>\n#19 0x7f105028aa34 __clone","time":{"start":1727395293739,"stop":1727395373815,"duration":80076}},{"uid":"8fc8c9ccba5ec7b8","reportUrl":"https://robbrad.github.io/UKBinCollectionData/3.11/2129//#testresult/8fc8c9ccba5ec7b8","status":"failed","statusDetails":"selenium.common.exceptions.TimeoutException: Message: \nStacktrace:\n#0 0x560af15b513a <unknown>\n#1 0x560af129b5e0 <unknown>\n#2 0x560af12eabe8 <unknown>\n#3 0x560af12eae81 <unknown>\n#4 0x560af13318c4 <unknown>\n#5 0x560af130fb4d <unknown>\n#6 0x560af132ed7d <unknown>\n#7 0x560af130f8c3 <unknown>\n#8 0x560af12dd6b3 <unknown>\n#9 0x560af12de68e <unknown>\n#10 0x560af157fb3b <unknown>\n#11 0x560af1583ac1 <unknown>\n#12 0x560af156c335 <unknown>\n#13 0x560af1584642 <unknown>\n#14 0x560af155149f <unknown>\n#15 0x560af15a4038 <unknown>\n#16 0x560af15a4203 <unknown>\n#17 0x560af15b3f8c <unknown>\n#18 0x7fb2c41eca94 <unknown>\n#19 0x7fb2c4279a34 __clone","time":{"start":1727308881280,"stop":1727308956617,"duration":75337}}]},"tags":[]},"source":"20ab3109234fcda9.json","parameterValues":["BexleyCouncil"]}