{"uid":"197071340e7d22ce","name":"Validate Council Output [BuckinghamshireCouncil]","fullName":"features/validate_council_outputs.feature:Validate Council Output","historyId":"d3931a358fdfe26e1ace17c1805a29ca","time":{"start":1729037426287,"stop":1729037697226,"duration":270939},"status":"passed","flaky":false,"newFailed":false,"newBroken":false,"newPassed":false,"retriesCount":0,"retriesStatusChange":false,"beforeStages":[],"testStage":{"status":"passed","steps":[{"name":"Given the council","time":{"start":1729037426288,"stop":1729037426288,"duration":0},"status":"passed","steps":[],"attachments":[],"parameters":[],"shouldDisplayMessage":false,"stepsCount":0,"attachmentsCount":0,"hasContent":false,"attachmentStep":false},{"name":"When we scrape the data from the council","time":{"start":1729037426288,"stop":1729037697225,"duration":270937},"status":"passed","steps":[],"attachments":[],"parameters":[],"shouldDisplayMessage":false,"stepsCount":0,"attachmentsCount":0,"hasContent":false,"attachmentStep":false},{"name":"Then the result is valid json","time":{"start":1729037697225,"stop":1729037697225,"duration":0},"status":"passed","steps":[],"attachments":[],"parameters":[],"shouldDisplayMessage":false,"stepsCount":0,"attachmentsCount":0,"hasContent":false,"attachmentStep":false},{"name":"And the output should validate against the schema","time":{"start":1729037697225,"stop":1729037697226,"duration":1},"status":"passed","steps":[],"attachments":[],"parameters":[],"shouldDisplayMessage":false,"stepsCount":0,"attachmentsCount":0,"hasContent":false,"attachmentStep":false}],"attachments":[{"uid":"c876060789cc845c","name":"stdout","source":"c876060789cc845c.txt","type":"text/plain","size":49}],"parameters":[],"shouldDisplayMessage":false,"stepsCount":4,"attachmentsCount":1,"hasContent":true,"attachmentStep":false},"afterStages":[],"labels":[{"name":"host","value":"fv-az1768-549"},{"name":"thread","value":"2948-MainThread"},{"name":"framework","value":"pytest-bdd"},{"name":"language","value":"cpython3"},{"name":"feature","value":"Test each council output matches expected results"},{"name":"resultFormat","value":"allure2"}],"parameters":[{"name":"council","value":"BuckinghamshireCouncil"}],"links":[],"hidden":false,"retry":false,"extra":{"severity":"normal","retries":[],"categories":[],"history":{"statistic":{"failed":89,"broken":0,"skipped":0,"passed":87,"unknown":0,"total":176},"items":[{"uid":"59c7e69c4b403111","reportUrl":"https://robbrad.github.io/UKBinCollectionData/3.12/2233//#testresult/59c7e69c4b403111","status":"passed","time":{"start":1728951116598,"stop":1728951408520,"duration":291922}},{"uid":"6af2dc1543e71d40","reportUrl":"https://robbrad.github.io/UKBinCollectionData/3.12/2227//#testresult/6af2dc1543e71d40","status":"passed","time":{"start":1728864673045,"stop":1728864934065,"duration":261020}},{"uid":"33a6a33c1027af8a","reportUrl":"https://robbrad.github.io/UKBinCollectionData/3.12/2214//#testresult/33a6a33c1027af8a","status":"passed","time":{"start":1728777685400,"stop":1728777689923,"duration":4523}},{"uid":"cddf74a0fb122c51","reportUrl":"https://robbrad.github.io/UKBinCollectionData/3.12/2211//#testresult/cddf74a0fb122c51","status":"failed","statusDetails":"selenium.common.exceptions.SessionNotCreatedException: Message: Could not start a new session. New session request timed out \nHost info: host: 'selenium', ip: '172.18.0.2'\nBuild info: version: '4.25.0', revision: '030fcf7918'\nSystem info: os.name: 'Linux', os.arch: 'amd64', os.version: '6.5.0-1025-azure', java.version: '17.0.12'\nDriver info: driver.version: unknown\nStacktrace:\n    at org.openqa.selenium.grid.sessionqueue.local.LocalNewSessionQueue.addToQueue (LocalNewSessionQueue.java:221)\n    at org.openqa.selenium.grid.sessionqueue.NewSessionQueue.lambda$new$0 (NewSessionQueue.java:68)\n    at org.openqa.selenium.remote.http.Route$TemplatizedRoute.handle (Route.java:192)\n    at org.openqa.selenium.remote.http.Route.execute (Route.java:69)\n    at org.openqa.selenium.remote.http.Route$CombinedRoute.handle (Route.java:360)\n    at org.openqa.selenium.remote.http.Route.execute (Route.java:69)\n    at org.openqa.selenium.grid.sessionqueue.NewSessionQueue.execute (NewSessionQueue.java:128)\n    at org.openqa.selenium.remote.tracing.SpanWrappedHttpHandler.execute (SpanWrappedHttpHandler.java:87)\n    at org.openqa.selenium.remote.http.Filter$1.execute (Filter.java:63)\n    at org.openqa.selenium.remote.http.Route$CombinedRoute.handle (Route.java:360)\n    at org.openqa.selenium.remote.http.Route.execute (Route.java:69)\n    at org.openqa.selenium.grid.router.Router.execute (Router.java:87)\n    at org.openqa.selenium.grid.web.EnsureSpecCompliantResponseHeaders.lambda$apply$0 (EnsureSpecCompliantResponseHeaders.java:34)\n    at org.openqa.selenium.remote.http.Filter$1.execute (Filter.java:63)\n    at org.openqa.selenium.remote.http.Route$CombinedRoute.handle (Route.java:360)\n    at org.openqa.selenium.remote.http.Route.execute (Route.java:69)\n    at org.openqa.selenium.remote.AddWebDriverSpecHeaders.lambda$apply$0 (AddWebDriverSpecHeaders.java:35)\n    at org.openqa.selenium.remote.ErrorFilter.lambda$apply$0 (ErrorFilter.java:44)\n    at org.openqa.selenium.remote.http.Filter$1.execute (Filter.java:63)\n    at org.openqa.selenium.remote.ErrorFilter.lambda$apply$0 (ErrorFilter.java:44)\n    at org.openqa.selenium.remote.http.Filter$1.execute (Filter.java:63)\n    at org.openqa.selenium.netty.server.SeleniumHandler.lambda$channelRead0$0 (SeleniumHandler.java:44)\n    at java.util.concurrent.Executors$RunnableAdapter.call (Executors.java:539)\n    at java.util.concurrent.FutureTask.run (FutureTask.java:264)\n    at java.util.concurrent.ThreadPoolExecutor.runWorker (ThreadPoolExecutor.java:1136)\n    at java.util.concurrent.ThreadPoolExecutor$Worker.run (ThreadPoolExecutor.java:635)\n    at java.lang.Thread.run (Thread.java:840)","time":{"start":1728691270340,"stop":1728691570845,"duration":300505}},{"uid":"2ec29a188616a446","reportUrl":"https://robbrad.github.io/UKBinCollectionData/3.12/2210//#testresult/2ec29a188616a446","status":"failed","statusDetails":"selenium.common.exceptions.SessionNotCreatedException: Message: Could not start a new session. New session request timed out \nHost info: host: 'selenium', ip: '172.18.0.2'\nBuild info: version: '4.25.0', revision: '030fcf7918'\nSystem info: os.name: 'Linux', os.arch: 'amd64', os.version: '6.5.0-1025-azure', java.version: '17.0.12'\nDriver info: driver.version: unknown\nStacktrace:\n    at org.openqa.selenium.grid.sessionqueue.local.LocalNewSessionQueue.addToQueue (LocalNewSessionQueue.java:221)\n    at org.openqa.selenium.grid.sessionqueue.NewSessionQueue.lambda$new$0 (NewSessionQueue.java:68)\n    at org.openqa.selenium.remote.http.Route$TemplatizedRoute.handle (Route.java:192)\n    at org.openqa.selenium.remote.http.Route.execute (Route.java:69)\n    at org.openqa.selenium.remote.http.Route$CombinedRoute.handle (Route.java:360)\n    at org.openqa.selenium.remote.http.Route.execute (Route.java:69)\n    at org.openqa.selenium.grid.sessionqueue.NewSessionQueue.execute (NewSessionQueue.java:128)\n    at org.openqa.selenium.remote.tracing.SpanWrappedHttpHandler.execute (SpanWrappedHttpHandler.java:87)\n    at org.openqa.selenium.remote.http.Filter$1.execute (Filter.java:63)\n    at org.openqa.selenium.remote.http.Route$CombinedRoute.handle (Route.java:360)\n    at org.openqa.selenium.remote.http.Route.execute (Route.java:69)\n    at org.openqa.selenium.grid.router.Router.execute (Router.java:87)\n    at org.openqa.selenium.grid.web.EnsureSpecCompliantResponseHeaders.lambda$apply$0 (EnsureSpecCompliantResponseHeaders.java:34)\n    at org.openqa.selenium.remote.http.Filter$1.execute (Filter.java:63)\n    at org.openqa.selenium.remote.http.Route$CombinedRoute.handle (Route.java:360)\n    at org.openqa.selenium.remote.http.Route.execute (Route.java:69)\n    at org.openqa.selenium.remote.AddWebDriverSpecHeaders.lambda$apply$0 (AddWebDriverSpecHeaders.java:35)\n    at org.openqa.selenium.remote.ErrorFilter.lambda$apply$0 (ErrorFilter.java:44)\n    at org.openqa.selenium.remote.http.Filter$1.execute (Filter.java:63)\n    at org.openqa.selenium.remote.ErrorFilter.lambda$apply$0 (ErrorFilter.java:44)\n    at org.openqa.selenium.remote.http.Filter$1.execute (Filter.java:63)\n    at org.openqa.selenium.netty.server.SeleniumHandler.lambda$channelRead0$0 (SeleniumHandler.java:44)\n    at java.util.concurrent.Executors$RunnableAdapter.call (Executors.java:539)\n    at java.util.concurrent.FutureTask.run (FutureTask.java:264)\n    at java.util.concurrent.ThreadPoolExecutor.runWorker (ThreadPoolExecutor.java:1136)\n    at java.util.concurrent.ThreadPoolExecutor$Worker.run (ThreadPoolExecutor.java:635)\n    at java.lang.Thread.run (Thread.java:840)","time":{"start":1728604891772,"stop":1728605192271,"duration":300499}},{"uid":"2bd1939d9f56ee19","reportUrl":"https://robbrad.github.io/UKBinCollectionData/3.12/2199//#testresult/2bd1939d9f56ee19","status":"failed","statusDetails":"selenium.common.exceptions.SessionNotCreatedException: Message: Could not start a new session. New session request timed out \nHost info: host: 'selenium', ip: '172.18.0.2'\nBuild info: version: '4.25.0', revision: '030fcf7918'\nSystem info: os.name: 'Linux', os.arch: 'amd64', os.version: '6.5.0-1025-azure', java.version: '17.0.12'\nDriver info: driver.version: unknown\nStacktrace:\n    at org.openqa.selenium.grid.sessionqueue.local.LocalNewSessionQueue.addToQueue (LocalNewSessionQueue.java:221)\n    at org.openqa.selenium.grid.sessionqueue.NewSessionQueue.lambda$new$0 (NewSessionQueue.java:68)\n    at org.openqa.selenium.remote.http.Route$TemplatizedRoute.handle (Route.java:192)\n    at org.openqa.selenium.remote.http.Route.execute (Route.java:69)\n    at org.openqa.selenium.remote.http.Route$CombinedRoute.handle (Route.java:360)\n    at org.openqa.selenium.remote.http.Route.execute (Route.java:69)\n    at org.openqa.selenium.grid.sessionqueue.NewSessionQueue.execute (NewSessionQueue.java:128)\n    at org.openqa.selenium.remote.tracing.SpanWrappedHttpHandler.execute (SpanWrappedHttpHandler.java:87)\n    at org.openqa.selenium.remote.http.Filter$1.execute (Filter.java:63)\n    at org.openqa.selenium.remote.http.Route$CombinedRoute.handle (Route.java:360)\n    at org.openqa.selenium.remote.http.Route.execute (Route.java:69)\n    at org.openqa.selenium.grid.router.Router.execute (Router.java:87)\n    at org.openqa.selenium.grid.web.EnsureSpecCompliantResponseHeaders.lambda$apply$0 (EnsureSpecCompliantResponseHeaders.java:34)\n    at org.openqa.selenium.remote.http.Filter$1.execute (Filter.java:63)\n    at org.openqa.selenium.remote.http.Route$CombinedRoute.handle (Route.java:360)\n    at org.openqa.selenium.remote.http.Route.execute (Route.java:69)\n    at org.openqa.selenium.remote.AddWebDriverSpecHeaders.lambda$apply$0 (AddWebDriverSpecHeaders.java:35)\n    at org.openqa.selenium.remote.ErrorFilter.lambda$apply$0 (ErrorFilter.java:44)\n    at org.openqa.selenium.remote.http.Filter$1.execute (Filter.java:63)\n    at org.openqa.selenium.remote.ErrorFilter.lambda$apply$0 (ErrorFilter.java:44)\n    at org.openqa.selenium.remote.http.Filter$1.execute (Filter.java:63)\n    at org.openqa.selenium.netty.server.SeleniumHandler.lambda$channelRead0$0 (SeleniumHandler.java:44)\n    at java.util.concurrent.Executors$RunnableAdapter.call (Executors.java:539)\n    at java.util.concurrent.FutureTask.run (FutureTask.java:264)\n    at java.util.concurrent.ThreadPoolExecutor.runWorker (ThreadPoolExecutor.java:1136)\n    at java.util.concurrent.ThreadPoolExecutor$Worker.run (ThreadPoolExecutor.java:635)\n    at java.lang.Thread.run (Thread.java:840)","time":{"start":1728518480264,"stop":1728518780754,"duration":300490}},{"uid":"3b1f1776336eb2ec","reportUrl":"https://robbrad.github.io/UKBinCollectionData/3.12/2188//#testresult/3b1f1776336eb2ec","status":"failed","statusDetails":"selenium.common.exceptions.SessionNotCreatedException: Message: Could not start a new session. New session request timed out \nHost info: host: 'selenium', ip: '172.18.0.2'\nBuild info: version: '4.25.0', revision: '030fcf7918'\nSystem info: os.name: 'Linux', os.arch: 'amd64', os.version: '6.8.0-1014-azure', java.version: '17.0.12'\nDriver info: driver.version: unknown\nStacktrace:\n    at org.openqa.selenium.grid.sessionqueue.local.LocalNewSessionQueue.addToQueue (LocalNewSessionQueue.java:221)\n    at org.openqa.selenium.grid.sessionqueue.NewSessionQueue.lambda$new$0 (NewSessionQueue.java:68)\n    at org.openqa.selenium.remote.http.Route$TemplatizedRoute.handle (Route.java:192)\n    at org.openqa.selenium.remote.http.Route.execute (Route.java:69)\n    at org.openqa.selenium.remote.http.Route$CombinedRoute.handle (Route.java:360)\n    at org.openqa.selenium.remote.http.Route.execute (Route.java:69)\n    at org.openqa.selenium.grid.sessionqueue.NewSessionQueue.execute (NewSessionQueue.java:128)\n    at org.openqa.selenium.remote.tracing.SpanWrappedHttpHandler.execute (SpanWrappedHttpHandler.java:87)\n    at org.openqa.selenium.remote.http.Filter$1.execute (Filter.java:63)\n    at org.openqa.selenium.remote.http.Route$CombinedRoute.handle (Route.java:360)\n    at org.openqa.selenium.remote.http.Route.execute (Route.java:69)\n    at org.openqa.selenium.grid.router.Router.execute (Router.java:87)\n    at org.openqa.selenium.grid.web.EnsureSpecCompliantResponseHeaders.lambda$apply$0 (EnsureSpecCompliantResponseHeaders.java:34)\n    at org.openqa.selenium.remote.http.Filter$1.execute (Filter.java:63)\n    at org.openqa.selenium.remote.http.Route$CombinedRoute.handle (Route.java:360)\n    at org.openqa.selenium.remote.http.Route.execute (Route.java:69)\n    at org.openqa.selenium.remote.AddWebDriverSpecHeaders.lambda$apply$0 (AddWebDriverSpecHeaders.java:35)\n    at org.openqa.selenium.remote.ErrorFilter.lambda$apply$0 (ErrorFilter.java:44)\n    at org.openqa.selenium.remote.http.Filter$1.execute (Filter.java:63)\n    at org.openqa.selenium.remote.ErrorFilter.lambda$apply$0 (ErrorFilter.java:44)\n    at org.openqa.selenium.remote.http.Filter$1.execute (Filter.java:63)\n    at org.openqa.selenium.netty.server.SeleniumHandler.lambda$channelRead0$0 (SeleniumHandler.java:44)\n    at java.util.concurrent.Executors$RunnableAdapter.call (Executors.java:539)\n    at java.util.concurrent.FutureTask.run (FutureTask.java:264)\n    at java.util.concurrent.ThreadPoolExecutor.runWorker (ThreadPoolExecutor.java:1136)\n    at java.util.concurrent.ThreadPoolExecutor$Worker.run (ThreadPoolExecutor.java:635)\n    at java.lang.Thread.run (Thread.java:840)","time":{"start":1728432087964,"stop":1728432388590,"duration":300626}},{"uid":"25836e643a3d0f7","reportUrl":"https://robbrad.github.io/UKBinCollectionData/3.12/2176//#testresult/25836e643a3d0f7","status":"passed","time":{"start":1728345679236,"stop":1728345684995,"duration":5759}},{"uid":"d782401a8def48fa","reportUrl":"https://robbrad.github.io/UKBinCollectionData/3.12/2174//#testresult/d782401a8def48fa","status":"passed","time":{"start":1728338214504,"stop":1728338219097,"duration":4593}},{"uid":"1366063441ec70a1","reportUrl":"https://robbrad.github.io/UKBinCollectionData/3.12/2169//#testresult/1366063441ec70a1","status":"failed","statusDetails":"selenium.common.exceptions.SessionNotCreatedException: Message: Could not start a new session. New session request timed out \nHost info: host: 'selenium', ip: '172.18.0.2'\nBuild info: version: '4.25.0', revision: '030fcf7918'\nSystem info: os.name: 'Linux', os.arch: 'amd64', os.version: '6.5.0-1025-azure', java.version: '17.0.12'\nDriver info: driver.version: unknown\nStacktrace:\n    at org.openqa.selenium.grid.sessionqueue.local.LocalNewSessionQueue.addToQueue (LocalNewSessionQueue.java:221)\n    at org.openqa.selenium.grid.sessionqueue.NewSessionQueue.lambda$new$0 (NewSessionQueue.java:68)\n    at org.openqa.selenium.remote.http.Route$TemplatizedRoute.handle (Route.java:192)\n    at org.openqa.selenium.remote.http.Route.execute (Route.java:69)\n    at org.openqa.selenium.remote.http.Route$CombinedRoute.handle (Route.java:360)\n    at org.openqa.selenium.remote.http.Route.execute (Route.java:69)\n    at org.openqa.selenium.grid.sessionqueue.NewSessionQueue.execute (NewSessionQueue.java:128)\n    at org.openqa.selenium.remote.tracing.SpanWrappedHttpHandler.execute (SpanWrappedHttpHandler.java:87)\n    at org.openqa.selenium.remote.http.Filter$1.execute (Filter.java:63)\n    at org.openqa.selenium.remote.http.Route$CombinedRoute.handle (Route.java:360)\n    at org.openqa.selenium.remote.http.Route.execute (Route.java:69)\n    at org.openqa.selenium.grid.router.Router.execute (Router.java:87)\n    at org.openqa.selenium.grid.web.EnsureSpecCompliantResponseHeaders.lambda$apply$0 (EnsureSpecCompliantResponseHeaders.java:34)\n    at org.openqa.selenium.remote.http.Filter$1.execute (Filter.java:63)\n    at org.openqa.selenium.remote.http.Route$CombinedRoute.handle (Route.java:360)\n    at org.openqa.selenium.remote.http.Route.execute (Route.java:69)\n    at org.openqa.selenium.remote.AddWebDriverSpecHeaders.lambda$apply$0 (AddWebDriverSpecHeaders.java:35)\n    at org.openqa.selenium.remote.ErrorFilter.lambda$apply$0 (ErrorFilter.java:44)\n    at org.openqa.selenium.remote.http.Filter$1.execute (Filter.java:63)\n    at org.openqa.selenium.remote.ErrorFilter.lambda$apply$0 (ErrorFilter.java:44)\n    at org.openqa.selenium.remote.http.Filter$1.execute (Filter.java:63)\n    at org.openqa.selenium.netty.server.SeleniumHandler.lambda$channelRead0$0 (SeleniumHandler.java:44)\n    at java.util.concurrent.Executors$RunnableAdapter.call (Executors.java:539)\n    at java.util.concurrent.FutureTask.run (FutureTask.java:264)\n    at java.util.concurrent.ThreadPoolExecutor.runWorker (ThreadPoolExecutor.java:1136)\n    at java.util.concurrent.ThreadPoolExecutor$Worker.run (ThreadPoolExecutor.java:635)\n    at java.lang.Thread.run (Thread.java:840)","time":{"start":1728332231104,"stop":1728332531118,"duration":300014}},{"uid":"32fbbb8a97d2a726","reportUrl":"https://robbrad.github.io/UKBinCollectionData/3.12/2165//#testresult/32fbbb8a97d2a726","status":"failed","statusDetails":"selenium.common.exceptions.SessionNotCreatedException: Message: Could not start a new session. New session request timed out \nHost info: host: 'selenium', ip: '172.18.0.2'\nBuild info: version: '4.25.0', revision: '030fcf7918'\nSystem info: os.name: 'Linux', os.arch: 'amd64', os.version: '6.8.0-1014-azure', java.version: '17.0.12'\nDriver info: driver.version: unknown\nStacktrace:\n    at org.openqa.selenium.grid.sessionqueue.local.LocalNewSessionQueue.addToQueue (LocalNewSessionQueue.java:221)\n    at org.openqa.selenium.grid.sessionqueue.NewSessionQueue.lambda$new$0 (NewSessionQueue.java:68)\n    at org.openqa.selenium.remote.http.Route$TemplatizedRoute.handle (Route.java:192)\n    at org.openqa.selenium.remote.http.Route.execute (Route.java:69)\n    at org.openqa.selenium.remote.http.Route$CombinedRoute.handle (Route.java:360)\n    at org.openqa.selenium.remote.http.Route.execute (Route.java:69)\n    at org.openqa.selenium.grid.sessionqueue.NewSessionQueue.execute (NewSessionQueue.java:128)\n    at org.openqa.selenium.remote.tracing.SpanWrappedHttpHandler.execute (SpanWrappedHttpHandler.java:87)\n    at org.openqa.selenium.remote.http.Filter$1.execute (Filter.java:63)\n    at org.openqa.selenium.remote.http.Route$CombinedRoute.handle (Route.java:360)\n    at org.openqa.selenium.remote.http.Route.execute (Route.java:69)\n    at org.openqa.selenium.grid.router.Router.execute (Router.java:87)\n    at org.openqa.selenium.grid.web.EnsureSpecCompliantResponseHeaders.lambda$apply$0 (EnsureSpecCompliantResponseHeaders.java:34)\n    at org.openqa.selenium.remote.http.Filter$1.execute (Filter.java:63)\n    at org.openqa.selenium.remote.http.Route$CombinedRoute.handle (Route.java:360)\n    at org.openqa.selenium.remote.http.Route.execute (Route.java:69)\n    at org.openqa.selenium.remote.AddWebDriverSpecHeaders.lambda$apply$0 (AddWebDriverSpecHeaders.java:35)\n    at org.openqa.selenium.remote.ErrorFilter.lambda$apply$0 (ErrorFilter.java:44)\n    at org.openqa.selenium.remote.http.Filter$1.execute (Filter.java:63)\n    at org.openqa.selenium.remote.ErrorFilter.lambda$apply$0 (ErrorFilter.java:44)\n    at org.openqa.selenium.remote.http.Filter$1.execute (Filter.java:63)\n    at org.openqa.selenium.netty.server.SeleniumHandler.lambda$channelRead0$0 (SeleniumHandler.java:44)\n    at java.util.concurrent.Executors$RunnableAdapter.call (Executors.java:539)\n    at java.util.concurrent.FutureTask.run (FutureTask.java:264)\n    at java.util.concurrent.ThreadPoolExecutor.runWorker (ThreadPoolExecutor.java:1136)\n    at java.util.concurrent.ThreadPoolExecutor$Worker.run (ThreadPoolExecutor.java:635)\n    at java.lang.Thread.run (Thread.java:840)","time":{"start":1728259926967,"stop":1728260226975,"duration":300008}},{"uid":"6c0b4286d5e5de38","reportUrl":"https://robbrad.github.io/UKBinCollectionData/3.12/2164//#testresult/6c0b4286d5e5de38","status":"failed","statusDetails":"selenium.common.exceptions.SessionNotCreatedException: Message: Could not start a new session. New session request timed out \nHost info: host: 'selenium', ip: '172.18.0.2'\nBuild info: version: '4.25.0', revision: '030fcf7918'\nSystem info: os.name: 'Linux', os.arch: 'amd64', os.version: '6.8.0-1014-azure', java.version: '17.0.12'\nDriver info: driver.version: unknown\nStacktrace:\n    at org.openqa.selenium.grid.sessionqueue.local.LocalNewSessionQueue.addToQueue (LocalNewSessionQueue.java:221)\n    at org.openqa.selenium.grid.sessionqueue.NewSessionQueue.lambda$new$0 (NewSessionQueue.java:68)\n    at org.openqa.selenium.remote.http.Route$TemplatizedRoute.handle (Route.java:192)\n    at org.openqa.selenium.remote.http.Route.execute (Route.java:69)\n    at org.openqa.selenium.remote.http.Route$CombinedRoute.handle (Route.java:360)\n    at org.openqa.selenium.remote.http.Route.execute (Route.java:69)\n    at org.openqa.selenium.grid.sessionqueue.NewSessionQueue.execute (NewSessionQueue.java:128)\n    at org.openqa.selenium.remote.tracing.SpanWrappedHttpHandler.execute (SpanWrappedHttpHandler.java:87)\n    at org.openqa.selenium.remote.http.Filter$1.execute (Filter.java:63)\n    at org.openqa.selenium.remote.http.Route$CombinedRoute.handle (Route.java:360)\n    at org.openqa.selenium.remote.http.Route.execute (Route.java:69)\n    at org.openqa.selenium.grid.router.Router.execute (Router.java:87)\n    at org.openqa.selenium.grid.web.EnsureSpecCompliantResponseHeaders.lambda$apply$0 (EnsureSpecCompliantResponseHeaders.java:34)\n    at org.openqa.selenium.remote.http.Filter$1.execute (Filter.java:63)\n    at org.openqa.selenium.remote.http.Route$CombinedRoute.handle (Route.java:360)\n    at org.openqa.selenium.remote.http.Route.execute (Route.java:69)\n    at org.openqa.selenium.remote.AddWebDriverSpecHeaders.lambda$apply$0 (AddWebDriverSpecHeaders.java:35)\n    at org.openqa.selenium.remote.ErrorFilter.lambda$apply$0 (ErrorFilter.java:44)\n    at org.openqa.selenium.remote.http.Filter$1.execute (Filter.java:63)\n    at org.openqa.selenium.remote.ErrorFilter.lambda$apply$0 (ErrorFilter.java:44)\n    at org.openqa.selenium.remote.http.Filter$1.execute (Filter.java:63)\n    at org.openqa.selenium.netty.server.SeleniumHandler.lambda$channelRead0$0 (SeleniumHandler.java:44)\n    at java.util.concurrent.Executors$RunnableAdapter.call (Executors.java:539)\n    at java.util.concurrent.FutureTask.run (FutureTask.java:264)\n    at java.util.concurrent.ThreadPoolExecutor.runWorker (ThreadPoolExecutor.java:1136)\n    at java.util.concurrent.ThreadPoolExecutor$Worker.run (ThreadPoolExecutor.java:635)\n    at java.lang.Thread.run (Thread.java:840)","time":{"start":1728173375492,"stop":1728173675501,"duration":300009}},{"uid":"77c2950ca9e3a03f","reportUrl":"https://robbrad.github.io/UKBinCollectionData/3.12/2160//#testresult/77c2950ca9e3a03f","status":"failed","statusDetails":"selenium.common.exceptions.NoSuchElementException: Message: no such element: Unable to locate element: {\"method\":\"css selector\",\"selector\":\"[id=\"COPYOFECHOCOLLECTIONDATES_ADDRESSSELECTION_ADDRESSSELECTIONPOSTCODE\"]\"}\n  (Session info: chrome=129.0.6668.58); For documentation on this error, please visit: https://www.selenium.dev/documentation/webdriver/troubleshooting/errors#no-such-element-exception\nStacktrace:\n#0 0x557bd1b6313a <unknown>\n#1 0x557bd18495e0 <unknown>\n#2 0x557bd1898be8 <unknown>\n#3 0x557bd1898e81 <unknown>\n#4 0x557bd18df8c4 <unknown>\n#5 0x557bd18bdb4d <unknown>\n#6 0x557bd18dcd7d <unknown>\n#7 0x557bd18bd8c3 <unknown>\n#8 0x557bd188b6b3 <unknown>\n#9 0x557bd188c68e <unknown>\n#10 0x557bd1b2db3b <unknown>\n#11 0x557bd1b31ac1 <unknown>\n#12 0x557bd1b1a335 <unknown>\n#13 0x557bd1b32642 <unknown>\n#14 0x557bd1aff49f <unknown>\n#15 0x557bd1b52038 <unknown>\n#16 0x557bd1b52203 <unknown>\n#17 0x557bd1b61f8c <unknown>\n#18 0x7f1a1f28ca94 <unknown>\n#19 0x7f1a1f319a34 __clone","time":{"start":1728086854240,"stop":1728087134077,"duration":279837}},{"uid":"a82d65086164492d","reportUrl":"https://robbrad.github.io/UKBinCollectionData/3.12/2152//#testresult/a82d65086164492d","status":"failed","statusDetails":"selenium.common.exceptions.SessionNotCreatedException: Message: Could not start a new session. New session request timed out \nHost info: host: 'selenium', ip: '172.18.0.2'\nBuild info: version: '4.25.0', revision: '030fcf7918'\nSystem info: os.name: 'Linux', os.arch: 'amd64', os.version: '6.8.0-1014-azure', java.version: '17.0.12'\nDriver info: driver.version: unknown\nStacktrace:\n    at org.openqa.selenium.grid.sessionqueue.local.LocalNewSessionQueue.addToQueue (LocalNewSessionQueue.java:221)\n    at org.openqa.selenium.grid.sessionqueue.NewSessionQueue.lambda$new$0 (NewSessionQueue.java:68)\n    at org.openqa.selenium.remote.http.Route$TemplatizedRoute.handle (Route.java:192)\n    at org.openqa.selenium.remote.http.Route.execute (Route.java:69)\n    at org.openqa.selenium.remote.http.Route$CombinedRoute.handle (Route.java:360)\n    at org.openqa.selenium.remote.http.Route.execute (Route.java:69)\n    at org.openqa.selenium.grid.sessionqueue.NewSessionQueue.execute (NewSessionQueue.java:128)\n    at org.openqa.selenium.remote.tracing.SpanWrappedHttpHandler.execute (SpanWrappedHttpHandler.java:87)\n    at org.openqa.selenium.remote.http.Filter$1.execute (Filter.java:63)\n    at org.openqa.selenium.remote.http.Route$CombinedRoute.handle (Route.java:360)\n    at org.openqa.selenium.remote.http.Route.execute (Route.java:69)\n    at org.openqa.selenium.grid.router.Router.execute (Router.java:87)\n    at org.openqa.selenium.grid.web.EnsureSpecCompliantResponseHeaders.lambda$apply$0 (EnsureSpecCompliantResponseHeaders.java:34)\n    at org.openqa.selenium.remote.http.Filter$1.execute (Filter.java:63)\n    at org.openqa.selenium.remote.http.Route$CombinedRoute.handle (Route.java:360)\n    at org.openqa.selenium.remote.http.Route.execute (Route.java:69)\n    at org.openqa.selenium.remote.AddWebDriverSpecHeaders.lambda$apply$0 (AddWebDriverSpecHeaders.java:35)\n    at org.openqa.selenium.remote.ErrorFilter.lambda$apply$0 (ErrorFilter.java:44)\n    at org.openqa.selenium.remote.http.Filter$1.execute (Filter.java:63)\n    at org.openqa.selenium.remote.ErrorFilter.lambda$apply$0 (ErrorFilter.java:44)\n    at org.openqa.selenium.remote.http.Filter$1.execute (Filter.java:63)\n    at org.openqa.selenium.netty.server.SeleniumHandler.lambda$channelRead0$0 (SeleniumHandler.java:44)\n    at java.util.concurrent.Executors$RunnableAdapter.call (Executors.java:539)\n    at java.util.concurrent.FutureTask.run (FutureTask.java:264)\n    at java.util.concurrent.ThreadPoolExecutor.runWorker (ThreadPoolExecutor.java:1136)\n    at java.util.concurrent.ThreadPoolExecutor$Worker.run (ThreadPoolExecutor.java:635)\n    at java.lang.Thread.run (Thread.java:840)","time":{"start":1728000440087,"stop":1728000740097,"duration":300010}},{"uid":"16957268b42930e2","reportUrl":"https://robbrad.github.io/UKBinCollectionData/3.12/2148//#testresult/16957268b42930e2","status":"failed","statusDetails":"selenium.common.exceptions.NoSuchElementException: Message: no such element: Unable to locate element: {\"method\":\"css selector\",\"selector\":\"[id=\"COPYOFECHOCOLLECTIONDATES_ADDRESSSELECTION_ADDRESSSELECTIONPOSTCODE\"]\"}\n  (Session info: chrome=129.0.6668.58); For documentation on this error, please visit: https://www.selenium.dev/documentation/webdriver/troubleshooting/errors#no-such-element-exception\nStacktrace:\n#0 0x564049ccf13a <unknown>\n#1 0x5640499b55e0 <unknown>\n#2 0x564049a04be8 <unknown>\n#3 0x564049a04e81 <unknown>\n#4 0x564049a4b8c4 <unknown>\n#5 0x564049a29b4d <unknown>\n#6 0x564049a48d7d <unknown>\n#7 0x564049a298c3 <unknown>\n#8 0x5640499f76b3 <unknown>\n#9 0x5640499f868e <unknown>\n#10 0x564049c99b3b <unknown>\n#11 0x564049c9dac1 <unknown>\n#12 0x564049c86335 <unknown>\n#13 0x564049c9e642 <unknown>\n#14 0x564049c6b49f <unknown>\n#15 0x564049cbe038 <unknown>\n#16 0x564049cbe203 <unknown>\n#17 0x564049ccdf8c <unknown>\n#18 0x7fc2c98afa94 <unknown>\n#19 0x7fc2c993ca34 __clone","time":{"start":1727931975036,"stop":1727932033670,"duration":58634}},{"uid":"b25e241c4926a1f1","reportUrl":"https://robbrad.github.io/UKBinCollectionData/3.12/2146//#testresult/b25e241c4926a1f1","status":"failed","statusDetails":"selenium.common.exceptions.NoSuchElementException: Message: no such element: Unable to locate element: {\"method\":\"css selector\",\"selector\":\"[id=\"COPYOFECHOCOLLECTIONDATES_ADDRESSSELECTION_ADDRESSSELECTIONPOSTCODE\"]\"}\n  (Session info: chrome=129.0.6668.58); For documentation on this error, please visit: https://www.selenium.dev/documentation/webdriver/troubleshooting/errors#no-such-element-exception\nStacktrace:\n#0 0x562f9750513a <unknown>\n#1 0x562f971eb5e0 <unknown>\n#2 0x562f9723abe8 <unknown>\n#3 0x562f9723ae81 <unknown>\n#4 0x562f972818c4 <unknown>\n#5 0x562f9725fb4d <unknown>\n#6 0x562f9727ed7d <unknown>\n#7 0x562f9725f8c3 <unknown>\n#8 0x562f9722d6b3 <unknown>\n#9 0x562f9722e68e <unknown>\n#10 0x562f974cfb3b <unknown>\n#11 0x562f974d3ac1 <unknown>\n#12 0x562f974bc335 <unknown>\n#13 0x562f974d4642 <unknown>\n#14 0x562f974a149f <unknown>\n#15 0x562f974f4038 <unknown>\n#16 0x562f974f4203 <unknown>\n#17 0x562f97503f8c <unknown>\n#18 0x7fd5845cba94 <unknown>\n#19 0x7fd584658a34 __clone","time":{"start":1727913713825,"stop":1727913823629,"duration":109804}},{"uid":"d4c90bc12edb04c8","reportUrl":"https://robbrad.github.io/UKBinCollectionData/3.12/2139//#testresult/d4c90bc12edb04c8","status":"failed","statusDetails":"selenium.common.exceptions.NoSuchElementException: Message: no such element: Unable to locate element: {\"method\":\"css selector\",\"selector\":\"[id=\"COPYOFECHOCOLLECTIONDATES_ADDRESSSELECTION_ADDRESSSELECTIONPOSTCODE\"]\"}\n  (Session info: chrome=129.0.6668.58); For documentation on this error, please visit: https://www.selenium.dev/documentation/webdriver/troubleshooting/errors#no-such-element-exception\nStacktrace:\n#0 0x56295bc4513a <unknown>\n#1 0x56295b92b5e0 <unknown>\n#2 0x56295b97abe8 <unknown>\n#3 0x56295b97ae81 <unknown>\n#4 0x56295b9c18c4 <unknown>\n#5 0x56295b99fb4d <unknown>\n#6 0x56295b9bed7d <unknown>\n#7 0x56295b99f8c3 <unknown>\n#8 0x56295b96d6b3 <unknown>\n#9 0x56295b96e68e <unknown>\n#10 0x56295bc0fb3b <unknown>\n#11 0x56295bc13ac1 <unknown>\n#12 0x56295bbfc335 <unknown>\n#13 0x56295bc14642 <unknown>\n#14 0x56295bbe149f <unknown>\n#15 0x56295bc34038 <unknown>\n#16 0x56295bc34203 <unknown>\n#17 0x56295bc43f8c <unknown>\n#18 0x7f6e837c0a94 <unknown>\n#19 0x7f6e8384da34 __clone","time":{"start":1727827279064,"stop":1727827350340,"duration":71276}},{"uid":"6ab6c924c43b1cdb","reportUrl":"https://robbrad.github.io/UKBinCollectionData/3.12/2138//#testresult/6ab6c924c43b1cdb","status":"failed","statusDetails":"selenium.common.exceptions.NoSuchElementException: Message: no such element: Unable to locate element: {\"method\":\"css selector\",\"selector\":\"[id=\"COPYOFECHOCOLLECTIONDATES_ADDRESSSELECTION_ADDRESSSELECTIONPOSTCODE\"]\"}\n  (Session info: chrome=129.0.6668.58); For documentation on this error, please visit: https://www.selenium.dev/documentation/webdriver/troubleshooting/errors#no-such-element-exception\nStacktrace:\n#0 0x562171ece13a <unknown>\n#1 0x562171bb45e0 <unknown>\n#2 0x562171c03be8 <unknown>\n#3 0x562171c03e81 <unknown>\n#4 0x562171c4a8c4 <unknown>\n#5 0x562171c28b4d <unknown>\n#6 0x562171c47d7d <unknown>\n#7 0x562171c288c3 <unknown>\n#8 0x562171bf66b3 <unknown>\n#9 0x562171bf768e <unknown>\n#10 0x562171e98b3b <unknown>\n#11 0x562171e9cac1 <unknown>\n#12 0x562171e85335 <unknown>\n#13 0x562171e9d642 <unknown>\n#14 0x562171e6a49f <unknown>\n#15 0x562171ebd038 <unknown>\n#16 0x562171ebd203 <unknown>\n#17 0x562171eccf8c <unknown>\n#18 0x7f89bab7da94 <unknown>\n#19 0x7f89bac0aa34 __clone","time":{"start":1727740879655,"stop":1727740946004,"duration":66349}},{"uid":"cb1931d2d9cb8e44","reportUrl":"https://robbrad.github.io/UKBinCollectionData/3.12/2137//#testresult/cb1931d2d9cb8e44","status":"failed","statusDetails":"selenium.common.exceptions.NoSuchElementException: Message: no such element: Unable to locate element: {\"method\":\"css selector\",\"selector\":\"[id=\"COPYOFECHOCOLLECTIONDATES_ADDRESSSELECTION_ADDRESSSELECTIONPOSTCODE\"]\"}\n  (Session info: chrome=129.0.6668.58); For documentation on this error, please visit: https://www.selenium.dev/documentation/webdriver/troubleshooting/errors#no-such-element-exception\nStacktrace:\n#0 0x55c2504b313a <unknown>\n#1 0x55c2501995e0 <unknown>\n#2 0x55c2501e8be8 <unknown>\n#3 0x55c2501e8e81 <unknown>\n#4 0x55c25022f8c4 <unknown>\n#5 0x55c25020db4d <unknown>\n#6 0x55c25022cd7d <unknown>\n#7 0x55c25020d8c3 <unknown>\n#8 0x55c2501db6b3 <unknown>\n#9 0x55c2501dc68e <unknown>\n#10 0x55c25047db3b <unknown>\n#11 0x55c250481ac1 <unknown>\n#12 0x55c25046a335 <unknown>\n#13 0x55c250482642 <unknown>\n#14 0x55c25044f49f <unknown>\n#15 0x55c2504a2038 <unknown>\n#16 0x55c2504a2203 <unknown>\n#17 0x55c2504b1f8c <unknown>\n#18 0x7f49b6f7fa94 <unknown>\n#19 0x7f49b700ca34 __clone","time":{"start":1727654503643,"stop":1727654556389,"duration":52746}},{"uid":"79231127f23073f7","reportUrl":"https://robbrad.github.io/UKBinCollectionData/3.12/2136//#testresult/79231127f23073f7","status":"failed","statusDetails":"selenium.common.exceptions.NoSuchElementException: Message: no such element: Unable to locate element: {\"method\":\"css selector\",\"selector\":\"[id=\"COPYOFECHOCOLLECTIONDATES_ADDRESSSELECTION_ADDRESSSELECTIONPOSTCODE\"]\"}\n  (Session info: chrome=129.0.6668.58); For documentation on this error, please visit: https://www.selenium.dev/documentation/webdriver/troubleshooting/errors#no-such-element-exception\nStacktrace:\n#0 0x56385154d13a <unknown>\n#1 0x5638512335e0 <unknown>\n#2 0x563851282be8 <unknown>\n#3 0x563851282e81 <unknown>\n#4 0x5638512c98c4 <unknown>\n#5 0x5638512a7b4d <unknown>\n#6 0x5638512c6d7d <unknown>\n#7 0x5638512a78c3 <unknown>\n#8 0x5638512756b3 <unknown>\n#9 0x56385127668e <unknown>\n#10 0x563851517b3b <unknown>\n#11 0x56385151bac1 <unknown>\n#12 0x563851504335 <unknown>\n#13 0x56385151c642 <unknown>\n#14 0x5638514e949f <unknown>\n#15 0x56385153c038 <unknown>\n#16 0x56385153c203 <unknown>\n#17 0x56385154bf8c <unknown>\n#18 0x7f7089ff3a94 <unknown>\n#19 0x7f708a080a34 __clone","time":{"start":1727568078164,"stop":1727568145782,"duration":67618}}]},"tags":[]},"source":"197071340e7d22ce.json","parameterValues":["BuckinghamshireCouncil"]}