{"uid":"9150341bf7b06b07","name":"Validate Council Output [KirkleesCouncil]","fullName":"features/validate_council_outputs.feature:Validate Council Output","historyId":"2f6e35714aa3faf6e527401d2be1436f","time":{"start":1729210615537,"stop":1729210628281,"duration":12744},"status":"failed","statusMessage":"selenium.common.exceptions.TimeoutException: Message: \nStacktrace:\n#0 0x5646c0a74b9a <unknown>\n#1 0x5646c075a670 <unknown>\n#2 0x5646c07a9c48 <unknown>\n#3 0x5646c07a9ee1 <unknown>\n#4 0x5646c07f0924 <unknown>\n#5 0x5646c07cebad <unknown>\n#6 0x5646c07eddd6 <unknown>\n#7 0x5646c07ce923 <unknown>\n#8 0x5646c079c6e7 <unknown>\n#9 0x5646c079d6de <unknown>\n#10 0x5646c0a3e66b <unknown>\n#11 0x5646c0a42611 <unknown>\n#12 0x5646c0a2a4e5 <unknown>\n#13 0x5646c0a43192 <unknown>\n#14 0x5646c0a0f6ef <unknown>\n#15 0x5646c0a639d8 <unknown>\n#16 0x5646c0a63ba7 <unknown>\n#17 0x5646c0a739ec <unknown>\n#18 0x7feacd503a94 <unknown>\n#19 0x7feacd590a34 __clone","statusTrace":"fixturefunc = <function scrape_step at 0x7f74f26afec0>\nrequest = <FixtureRequest for <Function test_scenario_outline[KirkleesCouncil]>>\nkwargs = {'context': <test_validate_council.Context object at 0x7f75042a6450>, 'headless_mode': 'True', 'local_browser': 'False', 'selenium_url': 'http://localhost:4444'}\n\n    def call_fixture_func(\n        fixturefunc: _FixtureFunc[FixtureValue], request: FixtureRequest, kwargs\n    ) -> FixtureValue:\n        if is_generator(fixturefunc):\n            fixturefunc = cast(\n                Callable[..., Generator[FixtureValue, None, None]], fixturefunc\n            )\n            generator = fixturefunc(**kwargs)\n            try:\n                fixture_result = next(generator)\n            except StopIteration:\n                raise ValueError(f\"{request.fixturename} did not yield a value\") from None\n            finalizer = functools.partial(_teardown_yield_fixture, fixturefunc, generator)\n            request.addfinalizer(finalizer)\n        else:\n            fixturefunc = cast(Callable[..., FixtureValue], fixturefunc)\n>           fixture_result = fixturefunc(**kwargs)\n\n../../../.cache/pypoetry/virtualenvs/uk-bin-collection-EwS6Gn8s-py3.12/lib/python3.12/site-packages/_pytest/fixtures.py:898: \n_ _ _ _ _ _ _ _ _ _ _ _ _ _ _ _ _ _ _ _ _ _ _ _ _ _ _ _ _ _ _ _ _ _ _ _ _ _ _ _ \nuk_bin_collection/tests/step_defs/test_validate_council.py:100: in scrape_step\n    context.parse_result = CollectData.run()\nuk_bin_collection/uk_bin_collection/collect_data.py:101: in run\n    return self.client_code(\nuk_bin_collection/uk_bin_collection/collect_data.py:121: in client_code\n    return get_bin_data_class.template_method(address_url, **kwargs)\nuk_bin_collection/uk_bin_collection/get_bin_data.py:61: in template_method\n    bin_data_dict = self.get_and_parse_data(this_url, **kwargs)\nuk_bin_collection/uk_bin_collection/get_bin_data.py:84: in get_and_parse_data\n    bin_data_dict = self.parse_data(\"\", url=address_url, **kwargs)\nuk_bin_collection/uk_bin_collection/councils/KirkleesCouncil.py:41: in parse_data\n    return self._parse_data(*args, **kwargs)\nuk_bin_collection/uk_bin_collection/councils/KirkleesCouncil.py:74: in _parse_data\n    wait_for_element(\nuk_bin_collection/uk_bin_collection/councils/KirkleesCouncil.py:18: in wait_for_element\n    wait_for_element_conditions(driver, element_present, timeout=timeout)\nuk_bin_collection/uk_bin_collection/councils/KirkleesCouncil.py:23: in wait_for_element_conditions\n    WebDriverWait(driver, timeout).until(conditions)\n_ _ _ _ _ _ _ _ _ _ _ _ _ _ _ _ _ _ _ _ _ _ _ _ _ _ _ _ _ _ _ _ _ _ _ _ _ _ _ _ \n\nself = <selenium.webdriver.support.wait.WebDriverWait (session=\"2e555488ae1f96f660a2f9d03368e05b\")>\nmethod = <function presence_of_element_located.<locals>._predicate at 0x7f74f132cb80>\nmessage = ''\n\n    def until(self, method: Callable[[D], Union[Literal[False], T]], message: str = \"\") -> T:\n        \"\"\"Calls the method provided with the driver as an argument until the \\\n        return value does not evaluate to ``False``.\n    \n        :param method: callable(WebDriver)\n        :param message: optional message for :exc:`TimeoutException`\n        :returns: the result of the last call to `method`\n        :raises: :exc:`selenium.common.exceptions.TimeoutException` if timeout occurs\n        \"\"\"\n        screen = None\n        stacktrace = None\n    \n        end_time = time.monotonic() + self._timeout\n        while True:\n            try:\n                value = method(self._driver)\n                if value:\n                    return value\n            except self._ignored_exceptions as exc:\n                screen = getattr(exc, \"screen\", None)\n                stacktrace = getattr(exc, \"stacktrace\", None)\n            time.sleep(self._poll)\n            if time.monotonic() > end_time:\n                break\n>       raise TimeoutException(message, screen, stacktrace)\nE       selenium.common.exceptions.TimeoutException: Message: \nE       Stacktrace:\nE       #0 0x5646c0a74b9a <unknown>\nE       #1 0x5646c075a670 <unknown>\nE       #2 0x5646c07a9c48 <unknown>\nE       #3 0x5646c07a9ee1 <unknown>\nE       #4 0x5646c07f0924 <unknown>\nE       #5 0x5646c07cebad <unknown>\nE       #6 0x5646c07eddd6 <unknown>\nE       #7 0x5646c07ce923 <unknown>\nE       #8 0x5646c079c6e7 <unknown>\nE       #9 0x5646c079d6de <unknown>\nE       #10 0x5646c0a3e66b <unknown>\nE       #11 0x5646c0a42611 <unknown>\nE       #12 0x5646c0a2a4e5 <unknown>\nE       #13 0x5646c0a43192 <unknown>\nE       #14 0x5646c0a0f6ef <unknown>\nE       #15 0x5646c0a639d8 <unknown>\nE       #16 0x5646c0a63ba7 <unknown>\nE       #17 0x5646c0a739ec <unknown>\nE       #18 0x7feacd503a94 <unknown>\nE       #19 0x7feacd590a34 __clone\n\n../../../.cache/pypoetry/virtualenvs/uk-bin-collection-EwS6Gn8s-py3.12/lib/python3.12/site-packages/selenium/webdriver/support/wait.py:105: TimeoutException","flaky":false,"newFailed":false,"newBroken":false,"newPassed":false,"retriesCount":0,"retriesStatusChange":false,"beforeStages":[],"testStage":{"status":"failed","statusMessage":"selenium.common.exceptions.TimeoutException: Message: \nStacktrace:\n#0 0x5646c0a74b9a <unknown>\n#1 0x5646c075a670 <unknown>\n#2 0x5646c07a9c48 <unknown>\n#3 0x5646c07a9ee1 <unknown>\n#4 0x5646c07f0924 <unknown>\n#5 0x5646c07cebad <unknown>\n#6 0x5646c07eddd6 <unknown>\n#7 0x5646c07ce923 <unknown>\n#8 0x5646c079c6e7 <unknown>\n#9 0x5646c079d6de <unknown>\n#10 0x5646c0a3e66b <unknown>\n#11 0x5646c0a42611 <unknown>\n#12 0x5646c0a2a4e5 <unknown>\n#13 0x5646c0a43192 <unknown>\n#14 0x5646c0a0f6ef <unknown>\n#15 0x5646c0a639d8 <unknown>\n#16 0x5646c0a63ba7 <unknown>\n#17 0x5646c0a739ec <unknown>\n#18 0x7feacd503a94 <unknown>\n#19 0x7feacd590a34 __clone","statusTrace":"fixturefunc = <function scrape_step at 0x7f74f26afec0>\nrequest = <FixtureRequest for <Function test_scenario_outline[KirkleesCouncil]>>\nkwargs = {'context': <test_validate_council.Context object at 0x7f75042a6450>, 'headless_mode': 'True', 'local_browser': 'False', 'selenium_url': 'http://localhost:4444'}\n\n    def call_fixture_func(\n        fixturefunc: _FixtureFunc[FixtureValue], request: FixtureRequest, kwargs\n    ) -> FixtureValue:\n        if is_generator(fixturefunc):\n            fixturefunc = cast(\n                Callable[..., Generator[FixtureValue, None, None]], fixturefunc\n            )\n            generator = fixturefunc(**kwargs)\n            try:\n                fixture_result = next(generator)\n            except StopIteration:\n                raise ValueError(f\"{request.fixturename} did not yield a value\") from None\n            finalizer = functools.partial(_teardown_yield_fixture, fixturefunc, generator)\n            request.addfinalizer(finalizer)\n        else:\n            fixturefunc = cast(Callable[..., FixtureValue], fixturefunc)\n>           fixture_result = fixturefunc(**kwargs)\n\n../../../.cache/pypoetry/virtualenvs/uk-bin-collection-EwS6Gn8s-py3.12/lib/python3.12/site-packages/_pytest/fixtures.py:898: \n_ _ _ _ _ _ _ _ _ _ _ _ _ _ _ _ _ _ _ _ _ _ _ _ _ _ _ _ _ _ _ _ _ _ _ _ _ _ _ _ \nuk_bin_collection/tests/step_defs/test_validate_council.py:100: in scrape_step\n    context.parse_result = CollectData.run()\nuk_bin_collection/uk_bin_collection/collect_data.py:101: in run\n    return self.client_code(\nuk_bin_collection/uk_bin_collection/collect_data.py:121: in client_code\n    return get_bin_data_class.template_method(address_url, **kwargs)\nuk_bin_collection/uk_bin_collection/get_bin_data.py:61: in template_method\n    bin_data_dict = self.get_and_parse_data(this_url, **kwargs)\nuk_bin_collection/uk_bin_collection/get_bin_data.py:84: in get_and_parse_data\n    bin_data_dict = self.parse_data(\"\", url=address_url, **kwargs)\nuk_bin_collection/uk_bin_collection/councils/KirkleesCouncil.py:41: in parse_data\n    return self._parse_data(*args, **kwargs)\nuk_bin_collection/uk_bin_collection/councils/KirkleesCouncil.py:74: in _parse_data\n    wait_for_element(\nuk_bin_collection/uk_bin_collection/councils/KirkleesCouncil.py:18: in wait_for_element\n    wait_for_element_conditions(driver, element_present, timeout=timeout)\nuk_bin_collection/uk_bin_collection/councils/KirkleesCouncil.py:23: in wait_for_element_conditions\n    WebDriverWait(driver, timeout).until(conditions)\n_ _ _ _ _ _ _ _ _ _ _ _ _ _ _ _ _ _ _ _ _ _ _ _ _ _ _ _ _ _ _ _ _ _ _ _ _ _ _ _ \n\nself = <selenium.webdriver.support.wait.WebDriverWait (session=\"2e555488ae1f96f660a2f9d03368e05b\")>\nmethod = <function presence_of_element_located.<locals>._predicate at 0x7f74f132cb80>\nmessage = ''\n\n    def until(self, method: Callable[[D], Union[Literal[False], T]], message: str = \"\") -> T:\n        \"\"\"Calls the method provided with the driver as an argument until the \\\n        return value does not evaluate to ``False``.\n    \n        :param method: callable(WebDriver)\n        :param message: optional message for :exc:`TimeoutException`\n        :returns: the result of the last call to `method`\n        :raises: :exc:`selenium.common.exceptions.TimeoutException` if timeout occurs\n        \"\"\"\n        screen = None\n        stacktrace = None\n    \n        end_time = time.monotonic() + self._timeout\n        while True:\n            try:\n                value = method(self._driver)\n                if value:\n                    return value\n            except self._ignored_exceptions as exc:\n                screen = getattr(exc, \"screen\", None)\n                stacktrace = getattr(exc, \"stacktrace\", None)\n            time.sleep(self._poll)\n            if time.monotonic() > end_time:\n                break\n>       raise TimeoutException(message, screen, stacktrace)\nE       selenium.common.exceptions.TimeoutException: Message: \nE       Stacktrace:\nE       #0 0x5646c0a74b9a <unknown>\nE       #1 0x5646c075a670 <unknown>\nE       #2 0x5646c07a9c48 <unknown>\nE       #3 0x5646c07a9ee1 <unknown>\nE       #4 0x5646c07f0924 <unknown>\nE       #5 0x5646c07cebad <unknown>\nE       #6 0x5646c07eddd6 <unknown>\nE       #7 0x5646c07ce923 <unknown>\nE       #8 0x5646c079c6e7 <unknown>\nE       #9 0x5646c079d6de <unknown>\nE       #10 0x5646c0a3e66b <unknown>\nE       #11 0x5646c0a42611 <unknown>\nE       #12 0x5646c0a2a4e5 <unknown>\nE       #13 0x5646c0a43192 <unknown>\nE       #14 0x5646c0a0f6ef <unknown>\nE       #15 0x5646c0a639d8 <unknown>\nE       #16 0x5646c0a63ba7 <unknown>\nE       #17 0x5646c0a739ec <unknown>\nE       #18 0x7feacd503a94 <unknown>\nE       #19 0x7feacd590a34 __clone\n\n../../../.cache/pypoetry/virtualenvs/uk-bin-collection-EwS6Gn8s-py3.12/lib/python3.12/site-packages/selenium/webdriver/support/wait.py:105: TimeoutException","steps":[{"name":"Given the council","time":{"start":1729210615538,"stop":1729210615538,"duration":0},"status":"passed","steps":[],"attachments":[],"parameters":[],"shouldDisplayMessage":false,"stepsCount":0,"attachmentsCount":0,"hasContent":false,"attachmentStep":false},{"name":"When we scrape the data from the council","time":{"start":1729210615538,"stop":1729210628281,"duration":12743},"status":"failed","statusMessage":"Message: \nStacktrace:\n#0 0x5646c0a74b9a <unknown>\n#1 0x5646c075a670 <unknown>\n#2 0x5646c07a9c48 <unknown>\n#3 0x5646c07a9ee1 <unknown>\n#4 0x5646c07f0924 <unknown>\n#5 0x5646c07cebad <unknown>\n#6 0x5646c07eddd6 <unknown>\n#7 0x5646c07ce923 <unknown>\n#8 0x5646c079c6e7 <unknown>\n#9 0x5646c079d6de <unknown>\n#10 0x5646c0a3e66b <unknown>\n#11 0x5646c0a42611 <unknown>\n#12 0x5646c0a2a4e5 <unknown>\n#13 0x5646c0a43192 <unknown>\n#14 0x5646c0a0f6ef <unknown>\n#15 0x5646c0a639d8 <unknown>\n#16 0x5646c0a63ba7 <unknown>\n#17 0x5646c0a739ec <unknown>\n#18 0x7feacd503a94 <unknown>\n#19 0x7feacd590a34 __clone\n","statusTrace":"selenium.common.exceptions.TimeoutException: Message: \nStacktrace:\n#0 0x5646c0a74b9a <unknown>\n#1 0x5646c075a670 <unknown>\n#2 0x5646c07a9c48 <unknown>\n#3 0x5646c07a9ee1 <unknown>\n#4 0x5646c07f0924 <unknown>\n#5 0x5646c07cebad <unknown>\n#6 0x5646c07eddd6 <unknown>\n#7 0x5646c07ce923 <unknown>\n#8 0x5646c079c6e7 <unknown>\n#9 0x5646c079d6de <unknown>\n#10 0x5646c0a3e66b <unknown>\n#11 0x5646c0a42611 <unknown>\n#12 0x5646c0a2a4e5 <unknown>\n#13 0x5646c0a43192 <unknown>\n#14 0x5646c0a0f6ef <unknown>\n#15 0x5646c0a639d8 <unknown>\n#16 0x5646c0a63ba7 <unknown>\n#17 0x5646c0a739ec <unknown>\n#18 0x7feacd503a94 <unknown>\n#19 0x7feacd590a34 __clone\n\n","steps":[],"attachments":[],"parameters":[],"shouldDisplayMessage":true,"stepsCount":0,"attachmentsCount":0,"hasContent":true,"attachmentStep":false}],"attachments":[{"uid":"bf6e4360424f44e6","name":"stdout","source":"bf6e4360424f44e6.txt","type":"text/plain","size":77}],"parameters":[],"shouldDisplayMessage":true,"stepsCount":2,"attachmentsCount":1,"hasContent":true,"attachmentStep":false},"afterStages":[],"labels":[{"name":"host","value":"fv-az702-150"},{"name":"thread","value":"2845-MainThread"},{"name":"framework","value":"pytest-bdd"},{"name":"language","value":"cpython3"},{"name":"feature","value":"Test each council output matches expected results"},{"name":"resultFormat","value":"allure2"}],"parameters":[{"name":"council","value":"KirkleesCouncil"}],"links":[],"hidden":false,"retry":false,"extra":{"severity":"normal","retries":[],"categories":[{"name":"Product defects","matchedStatuses":[],"flaky":false}],"history":{"statistic":{"failed":177,"broken":0,"skipped":0,"passed":0,"unknown":0,"total":177},"items":[{"uid":"aa5c61e6c16fc691","reportUrl":"https://robbrad.github.io/UKBinCollectionData/3.12/2244//#testresult/aa5c61e6c16fc691","status":"failed","statusDetails":"selenium.common.exceptions.TimeoutException: Message: \nStacktrace:\n#0 0x56286b733b9a <unknown>\n#1 0x56286b419670 <unknown>\n#2 0x56286b468c48 <unknown>\n#3 0x56286b468ee1 <unknown>\n#4 0x56286b4af924 <unknown>\n#5 0x56286b48dbad <unknown>\n#6 0x56286b4acdd6 <unknown>\n#7 0x56286b48d923 <unknown>\n#8 0x56286b45b6e7 <unknown>\n#9 0x56286b45c6de <unknown>\n#10 0x56286b6fd66b <unknown>\n#11 0x56286b701611 <unknown>\n#12 0x56286b6e94e5 <unknown>\n#13 0x56286b702192 <unknown>\n#14 0x56286b6ce6ef <unknown>\n#15 0x56286b7229d8 <unknown>\n#16 0x56286b722ba7 <unknown>\n#17 0x56286b7329ec <unknown>\n#18 0x7f118c230a94 <unknown>\n#19 0x7f118c2bda34 __clone","time":{"start":1729124291341,"stop":1729124373512,"duration":82171}},{"uid":"cc74834ce30a49d3","reportUrl":"https://robbrad.github.io/UKBinCollectionData/3.12/2242//#testresult/cc74834ce30a49d3","status":"failed","statusDetails":"selenium.common.exceptions.TimeoutException: Message: \nStacktrace:\n#0 0x55f5247dbb9a <unknown>\n#1 0x55f5244c1670 <unknown>\n#2 0x55f524510c48 <unknown>\n#3 0x55f524510ee1 <unknown>\n#4 0x55f524557924 <unknown>\n#5 0x55f524535bad <unknown>\n#6 0x55f524554dd6 <unknown>\n#7 0x55f524535923 <unknown>\n#8 0x55f5245036e7 <unknown>\n#9 0x55f5245046de <unknown>\n#10 0x55f5247a566b <unknown>\n#11 0x55f5247a9611 <unknown>\n#12 0x55f5247914e5 <unknown>\n#13 0x55f5247aa192 <unknown>\n#14 0x55f5247766ef <unknown>\n#15 0x55f5247ca9d8 <unknown>\n#16 0x55f5247caba7 <unknown>\n#17 0x55f5247da9ec <unknown>\n#18 0x7f2a1f7e2a94 <unknown>\n#19 0x7f2a1f86fa34 __clone","time":{"start":1729112319692,"stop":1729112410010,"duration":90318}},{"uid":"38592785a7d26876","reportUrl":"https://robbrad.github.io/UKBinCollectionData/3.12/2237//#testresult/38592785a7d26876","status":"failed","statusDetails":"selenium.common.exceptions.TimeoutException: Message: \nStacktrace:\n#0 0x55d817bfcb9a <unknown>\n#1 0x55d8178e2670 <unknown>\n#2 0x55d817931c48 <unknown>\n#3 0x55d817931ee1 <unknown>\n#4 0x55d817978924 <unknown>\n#5 0x55d817956bad <unknown>\n#6 0x55d817975dd6 <unknown>\n#7 0x55d817956923 <unknown>\n#8 0x55d8179246e7 <unknown>\n#9 0x55d8179256de <unknown>\n#10 0x55d817bc666b <unknown>\n#11 0x55d817bca611 <unknown>\n#12 0x55d817bb24e5 <unknown>\n#13 0x55d817bcb192 <unknown>\n#14 0x55d817b976ef <unknown>\n#15 0x55d817beb9d8 <unknown>\n#16 0x55d817bebba7 <unknown>\n#17 0x55d817bfb9ec <unknown>\n#18 0x7fedbae00a94 <unknown>\n#19 0x7fedbae8da34 __clone","time":{"start":1729037870581,"stop":1729037960978,"duration":90397}},{"uid":"1e61adc83b40e0e","reportUrl":"https://robbrad.github.io/UKBinCollectionData/3.12/2233//#testresult/1e61adc83b40e0e","status":"failed","statusDetails":"selenium.common.exceptions.TimeoutException: Message: \nStacktrace:\n#0 0x55dd81053b9a <unknown>\n#1 0x55dd80d39670 <unknown>\n#2 0x55dd80d88c48 <unknown>\n#3 0x55dd80d88ee1 <unknown>\n#4 0x55dd80dcf924 <unknown>\n#5 0x55dd80dadbad <unknown>\n#6 0x55dd80dccdd6 <unknown>\n#7 0x55dd80dad923 <unknown>\n#8 0x55dd80d7b6e7 <unknown>\n#9 0x55dd80d7c6de <unknown>\n#10 0x55dd8101d66b <unknown>\n#11 0x55dd81021611 <unknown>\n#12 0x55dd810094e5 <unknown>\n#13 0x55dd81022192 <unknown>\n#14 0x55dd80fee6ef <unknown>\n#15 0x55dd810429d8 <unknown>\n#16 0x55dd81042ba7 <unknown>\n#17 0x55dd810529ec <unknown>\n#18 0x7f4f7ac02a94 <unknown>\n#19 0x7f4f7ac8fa34 __clone","time":{"start":1728951608004,"stop":1728951620245,"duration":12241}},{"uid":"9f57ab523b5d9b2c","reportUrl":"https://robbrad.github.io/UKBinCollectionData/3.12/2227//#testresult/9f57ab523b5d9b2c","status":"failed","statusDetails":"selenium.common.exceptions.TimeoutException: Message: \nStacktrace:\n#0 0x564da0006b9a <unknown>\n#1 0x564d9fcec670 <unknown>\n#2 0x564d9fd3bc48 <unknown>\n#3 0x564d9fd3bee1 <unknown>\n#4 0x564d9fd82924 <unknown>\n#5 0x564d9fd60bad <unknown>\n#6 0x564d9fd7fdd6 <unknown>\n#7 0x564d9fd60923 <unknown>\n#8 0x564d9fd2e6e7 <unknown>\n#9 0x564d9fd2f6de <unknown>\n#10 0x564d9ffd066b <unknown>\n#11 0x564d9ffd4611 <unknown>\n#12 0x564d9ffbc4e5 <unknown>\n#13 0x564d9ffd5192 <unknown>\n#14 0x564d9ffa16ef <unknown>\n#15 0x564d9fff59d8 <unknown>\n#16 0x564d9fff5ba7 <unknown>\n#17 0x564da00059ec <unknown>\n#18 0x7ff1f8caca94 <unknown>\n#19 0x7ff1f8d39a34 __clone","time":{"start":1728865110701,"stop":1728865123496,"duration":12795}},{"uid":"cc03baf8153a5b27","reportUrl":"https://robbrad.github.io/UKBinCollectionData/3.12/2214//#testresult/cc03baf8153a5b27","status":"failed","statusDetails":"selenium.common.exceptions.TimeoutException: Message: \nStacktrace:\n#0 0x5628e5163b9a <unknown>\n#1 0x5628e4e49670 <unknown>\n#2 0x5628e4e98c48 <unknown>\n#3 0x5628e4e98ee1 <unknown>\n#4 0x5628e4edf924 <unknown>\n#5 0x5628e4ebdbad <unknown>\n#6 0x5628e4edcdd6 <unknown>\n#7 0x5628e4ebd923 <unknown>\n#8 0x5628e4e8b6e7 <unknown>\n#9 0x5628e4e8c6de <unknown>\n#10 0x5628e512d66b <unknown>\n#11 0x5628e5131611 <unknown>\n#12 0x5628e51194e5 <unknown>\n#13 0x5628e5132192 <unknown>\n#14 0x5628e50fe6ef <unknown>\n#15 0x5628e51529d8 <unknown>\n#16 0x5628e5152ba7 <unknown>\n#17 0x5628e51629ec <unknown>\n#18 0x7f3a54f9ba94 <unknown>\n#19 0x7f3a55028a34 __clone","time":{"start":1728778591142,"stop":1728778644943,"duration":53801}},{"uid":"81af4d2ef939b5a","reportUrl":"https://robbrad.github.io/UKBinCollectionData/3.12/2211//#testresult/81af4d2ef939b5a","status":"failed","statusDetails":"selenium.common.exceptions.SessionNotCreatedException: Message: Could not start a new session. New session request timed out \nHost info: host: 'selenium', ip: '172.18.0.2'\nBuild info: version: '4.25.0', revision: '030fcf7918'\nSystem info: os.name: 'Linux', os.arch: 'amd64', os.version: '6.5.0-1025-azure', java.version: '17.0.12'\nDriver info: driver.version: unknown\nStacktrace:\n    at org.openqa.selenium.grid.sessionqueue.local.LocalNewSessionQueue.addToQueue (LocalNewSessionQueue.java:221)\n    at org.openqa.selenium.grid.sessionqueue.NewSessionQueue.lambda$new$0 (NewSessionQueue.java:68)\n    at org.openqa.selenium.remote.http.Route$TemplatizedRoute.handle (Route.java:192)\n    at org.openqa.selenium.remote.http.Route.execute (Route.java:69)\n    at org.openqa.selenium.remote.http.Route$CombinedRoute.handle (Route.java:360)\n    at org.openqa.selenium.remote.http.Route.execute (Route.java:69)\n    at org.openqa.selenium.grid.sessionqueue.NewSessionQueue.execute (NewSessionQueue.java:128)\n    at org.openqa.selenium.remote.tracing.SpanWrappedHttpHandler.execute (SpanWrappedHttpHandler.java:87)\n    at org.openqa.selenium.remote.http.Filter$1.execute (Filter.java:63)\n    at org.openqa.selenium.remote.http.Route$CombinedRoute.handle (Route.java:360)\n    at org.openqa.selenium.remote.http.Route.execute (Route.java:69)\n    at org.openqa.selenium.grid.router.Router.execute (Router.java:87)\n    at org.openqa.selenium.grid.web.EnsureSpecCompliantResponseHeaders.lambda$apply$0 (EnsureSpecCompliantResponseHeaders.java:34)\n    at org.openqa.selenium.remote.http.Filter$1.execute (Filter.java:63)\n    at org.openqa.selenium.remote.http.Route$CombinedRoute.handle (Route.java:360)\n    at org.openqa.selenium.remote.http.Route.execute (Route.java:69)\n    at org.openqa.selenium.remote.AddWebDriverSpecHeaders.lambda$apply$0 (AddWebDriverSpecHeaders.java:35)\n    at org.openqa.selenium.remote.ErrorFilter.lambda$apply$0 (ErrorFilter.java:44)\n    at org.openqa.selenium.remote.http.Filter$1.execute (Filter.java:63)\n    at org.openqa.selenium.remote.ErrorFilter.lambda$apply$0 (ErrorFilter.java:44)\n    at org.openqa.selenium.remote.http.Filter$1.execute (Filter.java:63)\n    at org.openqa.selenium.netty.server.SeleniumHandler.lambda$channelRead0$0 (SeleniumHandler.java:44)\n    at java.util.concurrent.Executors$RunnableAdapter.call (Executors.java:539)\n    at java.util.concurrent.FutureTask.run (FutureTask.java:264)\n    at java.util.concurrent.ThreadPoolExecutor.runWorker (ThreadPoolExecutor.java:1136)\n    at java.util.concurrent.ThreadPoolExecutor$Worker.run (ThreadPoolExecutor.java:635)\n    at java.lang.Thread.run (Thread.java:840)","time":{"start":1728692216054,"stop":1728692516063,"duration":300009}},{"uid":"78e0a2bb56c80c2","reportUrl":"https://robbrad.github.io/UKBinCollectionData/3.12/2210//#testresult/78e0a2bb56c80c2","status":"failed","statusDetails":"selenium.common.exceptions.TimeoutException: Message: \nStacktrace:\n#0 0x5619633bfb9a <unknown>\n#1 0x5619630a5670 <unknown>\n#2 0x5619630f4c48 <unknown>\n#3 0x5619630f4ee1 <unknown>\n#4 0x56196313b924 <unknown>\n#5 0x561963119bad <unknown>\n#6 0x561963138dd6 <unknown>\n#7 0x561963119923 <unknown>\n#8 0x5619630e76e7 <unknown>\n#9 0x5619630e86de <unknown>\n#10 0x56196338966b <unknown>\n#11 0x56196338d611 <unknown>\n#12 0x5619633754e5 <unknown>\n#13 0x56196338e192 <unknown>\n#14 0x56196335a6ef <unknown>\n#15 0x5619633ae9d8 <unknown>\n#16 0x5619633aeba7 <unknown>\n#17 0x5619633be9ec <unknown>\n#18 0x7fe3d8b42a94 <unknown>\n#19 0x7fe3d8bcfa34 __clone","time":{"start":1728605747703,"stop":1728605848136,"duration":100433}},{"uid":"abe826039858b445","reportUrl":"https://robbrad.github.io/UKBinCollectionData/3.12/2199//#testresult/abe826039858b445","status":"failed","statusDetails":"selenium.common.exceptions.TimeoutException: Message: \nStacktrace:\n#0 0x55d8ceca913a <unknown>\n#1 0x55d8ce98f5e0 <unknown>\n#2 0x55d8ce9debe8 <unknown>\n#3 0x55d8ce9dee81 <unknown>\n#4 0x55d8cea258c4 <unknown>\n#5 0x55d8cea03b4d <unknown>\n#6 0x55d8cea22d7d <unknown>\n#7 0x55d8cea038c3 <unknown>\n#8 0x55d8ce9d16b3 <unknown>\n#9 0x55d8ce9d268e <unknown>\n#10 0x55d8cec73b3b <unknown>\n#11 0x55d8cec77ac1 <unknown>\n#12 0x55d8cec60335 <unknown>\n#13 0x55d8cec78642 <unknown>\n#14 0x55d8cec4549f <unknown>\n#15 0x55d8cec98038 <unknown>\n#16 0x55d8cec98203 <unknown>\n#17 0x55d8ceca7f8c <unknown>\n#18 0x7f581a2e4a94 <unknown>\n#19 0x7f581a371a34 __clone","time":{"start":1728519409685,"stop":1728519457301,"duration":47616}},{"uid":"db67d48e6169abaf","reportUrl":"https://robbrad.github.io/UKBinCollectionData/3.12/2188//#testresult/db67d48e6169abaf","status":"failed","statusDetails":"selenium.common.exceptions.TimeoutException: Message: \nStacktrace:\n#0 0x56133616e13a <unknown>\n#1 0x561335e545e0 <unknown>\n#2 0x561335ea3be8 <unknown>\n#3 0x561335ea3e81 <unknown>\n#4 0x561335eea8c4 <unknown>\n#5 0x561335ec8b4d <unknown>\n#6 0x561335ee7d7d <unknown>\n#7 0x561335ec88c3 <unknown>\n#8 0x561335e966b3 <unknown>\n#9 0x561335e9768e <unknown>\n#10 0x561336138b3b <unknown>\n#11 0x56133613cac1 <unknown>\n#12 0x561336125335 <unknown>\n#13 0x56133613d642 <unknown>\n#14 0x56133610a49f <unknown>\n#15 0x56133615d038 <unknown>\n#16 0x56133615d203 <unknown>\n#17 0x56133616cf8c <unknown>\n#18 0x7f1722dffa94 <unknown>\n#19 0x7f1722e8ca34 __clone","time":{"start":1728432944384,"stop":1728432975905,"duration":31521}},{"uid":"2ef9e01879a8e44e","reportUrl":"https://robbrad.github.io/UKBinCollectionData/3.12/2169//#testresult/2ef9e01879a8e44e","status":"failed","statusDetails":"selenium.common.exceptions.TimeoutException: Message: \nStacktrace:\n#0 0x55f36fdc713a <unknown>\n#1 0x55f36faad5e0 <unknown>\n#2 0x55f36fafcbe8 <unknown>\n#3 0x55f36fafce81 <unknown>\n#4 0x55f36fb438c4 <unknown>\n#5 0x55f36fb21b4d <unknown>\n#6 0x55f36fb40d7d <unknown>\n#7 0x55f36fb218c3 <unknown>\n#8 0x55f36faef6b3 <unknown>\n#9 0x55f36faf068e <unknown>\n#10 0x55f36fd91b3b <unknown>\n#11 0x55f36fd95ac1 <unknown>\n#12 0x55f36fd7e335 <unknown>\n#13 0x55f36fd96642 <unknown>\n#14 0x55f36fd6349f <unknown>\n#15 0x55f36fdb6038 <unknown>\n#16 0x55f36fdb6203 <unknown>\n#17 0x55f36fdc5f8c <unknown>\n#18 0x7f5fd1711a94 <unknown>\n#19 0x7f5fd179ea34 __clone","time":{"start":1728332944087,"stop":1728332962113,"duration":18026}},{"uid":"6ab07ecf6e0f9cea","reportUrl":"https://robbrad.github.io/UKBinCollectionData/3.12/2165//#testresult/6ab07ecf6e0f9cea","status":"failed","statusDetails":"selenium.common.exceptions.TimeoutException: Message: \nStacktrace:\n#0 0x5626d67ea13a <unknown>\n#1 0x5626d64d05e0 <unknown>\n#2 0x5626d651fbe8 <unknown>\n#3 0x5626d651fe81 <unknown>\n#4 0x5626d65668c4 <unknown>\n#5 0x5626d6544b4d <unknown>\n#6 0x5626d6563d7d <unknown>\n#7 0x5626d65448c3 <unknown>\n#8 0x5626d65126b3 <unknown>\n#9 0x5626d651368e <unknown>\n#10 0x5626d67b4b3b <unknown>\n#11 0x5626d67b8ac1 <unknown>\n#12 0x5626d67a1335 <unknown>\n#13 0x5626d67b9642 <unknown>\n#14 0x5626d678649f <unknown>\n#15 0x5626d67d9038 <unknown>\n#16 0x5626d67d9203 <unknown>\n#17 0x5626d67e8f8c <unknown>\n#18 0x7f3bf2311a94 <unknown>\n#19 0x7f3bf239ea34 __clone","time":{"start":1728260313290,"stop":1728260355776,"duration":42486}},{"uid":"a120fee53eb7eca8","reportUrl":"https://robbrad.github.io/UKBinCollectionData/3.12/2164//#testresult/a120fee53eb7eca8","status":"failed","statusDetails":"selenium.common.exceptions.TimeoutException: Message: \nStacktrace:\n#0 0x55b202e3513a <unknown>\n#1 0x55b202b1b5e0 <unknown>\n#2 0x55b202b6abe8 <unknown>\n#3 0x55b202b6ae81 <unknown>\n#4 0x55b202bb18c4 <unknown>\n#5 0x55b202b8fb4d <unknown>\n#6 0x55b202baed7d <unknown>\n#7 0x55b202b8f8c3 <unknown>\n#8 0x55b202b5d6b3 <unknown>\n#9 0x55b202b5e68e <unknown>\n#10 0x55b202dffb3b <unknown>\n#11 0x55b202e03ac1 <unknown>\n#12 0x55b202dec335 <unknown>\n#13 0x55b202e04642 <unknown>\n#14 0x55b202dd149f <unknown>\n#15 0x55b202e24038 <unknown>\n#16 0x55b202e24203 <unknown>\n#17 0x55b202e33f8c <unknown>\n#18 0x7f854f877a94 <unknown>\n#19 0x7f854f904a34 __clone","time":{"start":1728173360374,"stop":1728173382485,"duration":22111}},{"uid":"6203bfe6ee526031","reportUrl":"https://robbrad.github.io/UKBinCollectionData/3.12/2160//#testresult/6203bfe6ee526031","status":"failed","statusDetails":"selenium.common.exceptions.TimeoutException: Message: \nStacktrace:\n#0 0x55bd839f913a <unknown>\n#1 0x55bd836df5e0 <unknown>\n#2 0x55bd8372ebe8 <unknown>\n#3 0x55bd8372ee81 <unknown>\n#4 0x55bd837758c4 <unknown>\n#5 0x55bd83753b4d <unknown>\n#6 0x55bd83772d7d <unknown>\n#7 0x55bd837538c3 <unknown>\n#8 0x55bd837216b3 <unknown>\n#9 0x55bd8372268e <unknown>\n#10 0x55bd839c3b3b <unknown>\n#11 0x55bd839c7ac1 <unknown>\n#12 0x55bd839b0335 <unknown>\n#13 0x55bd839c8642 <unknown>\n#14 0x55bd8399549f <unknown>\n#15 0x55bd839e8038 <unknown>\n#16 0x55bd839e8203 <unknown>\n#17 0x55bd839f7f8c <unknown>\n#18 0x7ff354050a94 <unknown>\n#19 0x7ff3540dda34 __clone","time":{"start":1728086786459,"stop":1728086861216,"duration":74757}},{"uid":"aba6a0e6d203db57","reportUrl":"https://robbrad.github.io/UKBinCollectionData/3.12/2152//#testresult/aba6a0e6d203db57","status":"failed","statusDetails":"selenium.common.exceptions.TimeoutException: Message: \nStacktrace:\n#0 0x55f6ac71f13a <unknown>\n#1 0x55f6ac4055e0 <unknown>\n#2 0x55f6ac454be8 <unknown>\n#3 0x55f6ac454e81 <unknown>\n#4 0x55f6ac49b8c4 <unknown>\n#5 0x55f6ac479b4d <unknown>\n#6 0x55f6ac498d7d <unknown>\n#7 0x55f6ac4798c3 <unknown>\n#8 0x55f6ac4476b3 <unknown>\n#9 0x55f6ac44868e <unknown>\n#10 0x55f6ac6e9b3b <unknown>\n#11 0x55f6ac6edac1 <unknown>\n#12 0x55f6ac6d6335 <unknown>\n#13 0x55f6ac6ee642 <unknown>\n#14 0x55f6ac6bb49f <unknown>\n#15 0x55f6ac70e038 <unknown>\n#16 0x55f6ac70e203 <unknown>\n#17 0x55f6ac71df8c <unknown>\n#18 0x7f0a1f131a94 <unknown>\n#19 0x7f0a1f1bea34 __clone","time":{"start":1728000426503,"stop":1728000447036,"duration":20533}},{"uid":"6705bdcbeb3aa07","reportUrl":"https://robbrad.github.io/UKBinCollectionData/3.12/2148//#testresult/6705bdcbeb3aa07","status":"failed","statusDetails":"selenium.common.exceptions.TimeoutException: Message: \nStacktrace:\n#0 0x563a6a8af13a <unknown>\n#1 0x563a6a5955e0 <unknown>\n#2 0x563a6a5e4be8 <unknown>\n#3 0x563a6a5e4e81 <unknown>\n#4 0x563a6a62b8c4 <unknown>\n#5 0x563a6a609b4d <unknown>\n#6 0x563a6a628d7d <unknown>\n#7 0x563a6a6098c3 <unknown>\n#8 0x563a6a5d76b3 <unknown>\n#9 0x563a6a5d868e <unknown>\n#10 0x563a6a879b3b <unknown>\n#11 0x563a6a87dac1 <unknown>\n#12 0x563a6a866335 <unknown>\n#13 0x563a6a87e642 <unknown>\n#14 0x563a6a84b49f <unknown>\n#15 0x563a6a89e038 <unknown>\n#16 0x563a6a89e203 <unknown>\n#17 0x563a6a8adf8c <unknown>\n#18 0x7f916b380a94 <unknown>\n#19 0x7f916b40da34 __clone","time":{"start":1727932654666,"stop":1727932779847,"duration":125181}},{"uid":"e5a228f748179689","reportUrl":"https://robbrad.github.io/UKBinCollectionData/3.12/2146//#testresult/e5a228f748179689","status":"failed","statusDetails":"selenium.common.exceptions.TimeoutException: Message: \nStacktrace:\n#0 0x564b9c60413a <unknown>\n#1 0x564b9c2ea5e0 <unknown>\n#2 0x564b9c339be8 <unknown>\n#3 0x564b9c339e81 <unknown>\n#4 0x564b9c3808c4 <unknown>\n#5 0x564b9c35eb4d <unknown>\n#6 0x564b9c37dd7d <unknown>\n#7 0x564b9c35e8c3 <unknown>\n#8 0x564b9c32c6b3 <unknown>\n#9 0x564b9c32d68e <unknown>\n#10 0x564b9c5ceb3b <unknown>\n#11 0x564b9c5d2ac1 <unknown>\n#12 0x564b9c5bb335 <unknown>\n#13 0x564b9c5d3642 <unknown>\n#14 0x564b9c5a049f <unknown>\n#15 0x564b9c5f3038 <unknown>\n#16 0x564b9c5f3203 <unknown>\n#17 0x564b9c602f8c <unknown>\n#18 0x7f600f9eca94 <unknown>\n#19 0x7f600fa79a34 __clone","time":{"start":1727914514481,"stop":1727914577513,"duration":63032}},{"uid":"b96f3d21d9129f05","reportUrl":"https://robbrad.github.io/UKBinCollectionData/3.12/2139//#testresult/b96f3d21d9129f05","status":"failed","statusDetails":"selenium.common.exceptions.TimeoutException: Message: \nStacktrace:\n#0 0x558a7a6b613a <unknown>\n#1 0x558a7a39c5e0 <unknown>\n#2 0x558a7a3ebbe8 <unknown>\n#3 0x558a7a3ebe81 <unknown>\n#4 0x558a7a4328c4 <unknown>\n#5 0x558a7a410b4d <unknown>\n#6 0x558a7a42fd7d <unknown>\n#7 0x558a7a4108c3 <unknown>\n#8 0x558a7a3de6b3 <unknown>\n#9 0x558a7a3df68e <unknown>\n#10 0x558a7a680b3b <unknown>\n#11 0x558a7a684ac1 <unknown>\n#12 0x558a7a66d335 <unknown>\n#13 0x558a7a685642 <unknown>\n#14 0x558a7a65249f <unknown>\n#15 0x558a7a6a5038 <unknown>\n#16 0x558a7a6a5203 <unknown>\n#17 0x558a7a6b4f8c <unknown>\n#18 0x7fae520a1a94 <unknown>\n#19 0x7fae5212ea34 __clone","time":{"start":1727828007855,"stop":1727828126146,"duration":118291}},{"uid":"1653762bba7c564","reportUrl":"https://robbrad.github.io/UKBinCollectionData/3.12/2138//#testresult/1653762bba7c564","status":"failed","statusDetails":"selenium.common.exceptions.TimeoutException: Message: \nStacktrace:\n#0 0x55c7b3d4b13a <unknown>\n#1 0x55c7b3a315e0 <unknown>\n#2 0x55c7b3a80be8 <unknown>\n#3 0x55c7b3a80e81 <unknown>\n#4 0x55c7b3ac78c4 <unknown>\n#5 0x55c7b3aa5b4d <unknown>\n#6 0x55c7b3ac4d7d <unknown>\n#7 0x55c7b3aa58c3 <unknown>\n#8 0x55c7b3a736b3 <unknown>\n#9 0x55c7b3a7468e <unknown>\n#10 0x55c7b3d15b3b <unknown>\n#11 0x55c7b3d19ac1 <unknown>\n#12 0x55c7b3d02335 <unknown>\n#13 0x55c7b3d1a642 <unknown>\n#14 0x55c7b3ce749f <unknown>\n#15 0x55c7b3d3a038 <unknown>\n#16 0x55c7b3d3a203 <unknown>\n#17 0x55c7b3d49f8c <unknown>\n#18 0x7f05d24d2a94 <unknown>\n#19 0x7f05d255fa34 __clone","time":{"start":1727741655418,"stop":1727741765334,"duration":109916}},{"uid":"d5e8000a80dd2a95","reportUrl":"https://robbrad.github.io/UKBinCollectionData/3.12/2137//#testresult/d5e8000a80dd2a95","status":"failed","statusDetails":"selenium.common.exceptions.TimeoutException: Message: \nStacktrace:\n#0 0x555e40e3413a <unknown>\n#1 0x555e40b1a5e0 <unknown>\n#2 0x555e40b69be8 <unknown>\n#3 0x555e40b69e81 <unknown>\n#4 0x555e40bb08c4 <unknown>\n#5 0x555e40b8eb4d <unknown>\n#6 0x555e40badd7d <unknown>\n#7 0x555e40b8e8c3 <unknown>\n#8 0x555e40b5c6b3 <unknown>\n#9 0x555e40b5d68e <unknown>\n#10 0x555e40dfeb3b <unknown>\n#11 0x555e40e02ac1 <unknown>\n#12 0x555e40deb335 <unknown>\n#13 0x555e40e03642 <unknown>\n#14 0x555e40dd049f <unknown>\n#15 0x555e40e23038 <unknown>\n#16 0x555e40e23203 <unknown>\n#17 0x555e40e32f8c <unknown>\n#18 0x7fa2d7b0ca94 <unknown>\n#19 0x7fa2d7b99a34 __clone","time":{"start":1727655265053,"stop":1727655378798,"duration":113745}}]},"tags":[]},"source":"9150341bf7b06b07.json","parameterValues":["KirkleesCouncil"]}