{"uid":"64fca7da5e2fb880","name":"Validate Council Output [HighPeakCouncil]","fullName":"features/validate_council_outputs.feature:Validate Council Output","historyId":"f014a970b405df22a91c3a1e6926ba51","time":{"start":1728951126565,"stop":1728951459345,"duration":332780},"status":"failed","statusMessage":"selenium.common.exceptions.NoSuchElementException: Message: no such element: Unable to locate element: {\"method\":\"css selector\",\"selector\":\"[id=\"FINDBINDAYSHIGHPEAK_POSTCODESELECT_POSTCODE\"]\"}\n  (Session info: chrome=129.0.6668.100); For documentation on this error, please visit: https://www.selenium.dev/documentation/webdriver/troubleshooting/errors#no-such-element-exception\nStacktrace:\n#0 0x56158d4e8b9a <unknown>\n#1 0x56158d1ce670 <unknown>\n#2 0x56158d21dc48 <unknown>\n#3 0x56158d21dee1 <unknown>\n#4 0x56158d264924 <unknown>\n#5 0x56158d242bad <unknown>\n#6 0x56158d261dd6 <unknown>\n#7 0x56158d242923 <unknown>\n#8 0x56158d2106e7 <unknown>\n#9 0x56158d2116de <unknown>\n#10 0x56158d4b266b <unknown>\n#11 0x56158d4b6611 <unknown>\n#12 0x56158d49e4e5 <unknown>\n#13 0x56158d4b7192 <unknown>\n#14 0x56158d4836ef <unknown>\n#15 0x56158d4d79d8 <unknown>\n#16 0x56158d4d7ba7 <unknown>\n#17 0x56158d4e79ec <unknown>\n#18 0x7f4f834fba94 <unknown>\n#19 0x7f4f83588a34 __clone","statusTrace":"fixturefunc = <function scrape_step at 0x7f214f7fe0c0>\nrequest = <FixtureRequest for <Function test_scenario_outline[HighPeakCouncil]>>\nkwargs = {'context': <test_validate_council.Context object at 0x7f21623b2de0>, 'headless_mode': 'True', 'local_browser': 'False', 'selenium_url': 'http://localhost:4444'}\n\n    def call_fixture_func(\n        fixturefunc: _FixtureFunc[FixtureValue], request: FixtureRequest, kwargs\n    ) -> FixtureValue:\n        if is_generator(fixturefunc):\n            fixturefunc = cast(\n                Callable[..., Generator[FixtureValue, None, None]], fixturefunc\n            )\n            generator = fixturefunc(**kwargs)\n            try:\n                fixture_result = next(generator)\n            except StopIteration:\n                raise ValueError(f\"{request.fixturename} did not yield a value\") from None\n            finalizer = functools.partial(_teardown_yield_fixture, fixturefunc, generator)\n            request.addfinalizer(finalizer)\n        else:\n            fixturefunc = cast(Callable[..., FixtureValue], fixturefunc)\n>           fixture_result = fixturefunc(**kwargs)\n\n../../../.cache/pypoetry/virtualenvs/uk-bin-collection-EwS6Gn8s-py3.12/lib/python3.12/site-packages/_pytest/fixtures.py:898: \n_ _ _ _ _ _ _ _ _ _ _ _ _ _ _ _ _ _ _ _ _ _ _ _ _ _ _ _ _ _ _ _ _ _ _ _ _ _ _ _ \nuk_bin_collection/tests/step_defs/test_validate_council.py:100: in scrape_step\n    context.parse_result = CollectData.run()\nuk_bin_collection/uk_bin_collection/collect_data.py:101: in run\n    return self.client_code(\nuk_bin_collection/uk_bin_collection/collect_data.py:121: in client_code\n    return get_bin_data_class.template_method(address_url, **kwargs)\nuk_bin_collection/uk_bin_collection/get_bin_data.py:61: in template_method\n    bin_data_dict = self.get_and_parse_data(this_url, **kwargs)\nuk_bin_collection/uk_bin_collection/get_bin_data.py:84: in get_and_parse_data\n    bin_data_dict = self.parse_data(\"\", url=address_url, **kwargs)\nuk_bin_collection/uk_bin_collection/councils/HighPeakCouncil.py:73: in parse_data\n    inputElement_pc = driver.find_element(\n../../../.cache/pypoetry/virtualenvs/uk-bin-collection-EwS6Gn8s-py3.12/lib/python3.12/site-packages/selenium/webdriver/remote/webdriver.py:748: in find_element\n    return self.execute(Command.FIND_ELEMENT, {\"using\": by, \"value\": value})[\"value\"]\n../../../.cache/pypoetry/virtualenvs/uk-bin-collection-EwS6Gn8s-py3.12/lib/python3.12/site-packages/selenium/webdriver/remote/webdriver.py:354: in execute\n    self.error_handler.check_response(response)\n_ _ _ _ _ _ _ _ _ _ _ _ _ _ _ _ _ _ _ _ _ _ _ _ _ _ _ _ _ _ _ _ _ _ _ _ _ _ _ _ \n\nself = <selenium.webdriver.remote.errorhandler.ErrorHandler object at 0x7f214e685a90>\nresponse = {'status': 404, 'value': '{\"value\":{\"error\":\"no such element\",\"message\":\"no such element: Unable to locate element: {\\...unknown>\\\\n#17 0x56158d4e79ec \\\\u003Cunknown>\\\\n#18 0x7f4f834fba94 \\\\u003Cunknown>\\\\n#19 0x7f4f83588a34 __clone\\\\n\"}}'}\n\n    def check_response(self, response: Dict[str, Any]) -> None:\n        \"\"\"Checks that a JSON response from the WebDriver does not have an\n        error.\n    \n        :Args:\n         - response - The JSON response from the WebDriver server as a dictionary\n           object.\n    \n        :Raises: If the response contains an error message.\n        \"\"\"\n        status = response.get(\"status\", None)\n        if not status or status == ErrorCode.SUCCESS:\n            return\n        value = None\n        message = response.get(\"message\", \"\")\n        screen: str = response.get(\"screen\", \"\")\n        stacktrace = None\n        if isinstance(status, int):\n            value_json = response.get(\"value\", None)\n            if value_json and isinstance(value_json, str):\n                import json\n    \n                try:\n                    value = json.loads(value_json)\n                    if len(value) == 1:\n                        value = value[\"value\"]\n                    status = value.get(\"error\", None)\n                    if not status:\n                        status = value.get(\"status\", ErrorCode.UNKNOWN_ERROR)\n                        message = value.get(\"value\") or value.get(\"message\")\n                        if not isinstance(message, str):\n                            value = message\n                            message = message.get(\"message\")\n                    else:\n                        message = value.get(\"message\", None)\n                except ValueError:\n                    pass\n    \n        exception_class: Type[WebDriverException]\n        e = ErrorCode()\n        error_codes = [item for item in dir(e) if not item.startswith(\"__\")]\n        for error_code in error_codes:\n            error_info = getattr(ErrorCode, error_code)\n            if isinstance(error_info, list) and status in error_info:\n                exception_class = getattr(ExceptionMapping, error_code, WebDriverException)\n                break\n        else:\n            exception_class = WebDriverException\n    \n        if not value:\n            value = response[\"value\"]\n        if isinstance(value, str):\n            raise exception_class(value)\n        if message == \"\" and \"message\" in value:\n            message = value[\"message\"]\n    \n        screen = None  # type: ignore[assignment]\n        if \"screen\" in value:\n            screen = value[\"screen\"]\n    \n        stacktrace = None\n        st_value = value.get(\"stackTrace\") or value.get(\"stacktrace\")\n        if st_value:\n            if isinstance(st_value, str):\n                stacktrace = st_value.split(\"\\n\")\n            else:\n                stacktrace = []\n                try:\n                    for frame in st_value:\n                        line = frame.get(\"lineNumber\", \"\")\n                        file = frame.get(\"fileName\", \"<anonymous>\")\n                        if line:\n                            file = f\"{file}:{line}\"\n                        meth = frame.get(\"methodName\", \"<anonymous>\")\n                        if \"className\" in frame:\n                            meth = f\"{frame['className']}.{meth}\"\n                        msg = \"    at %s (%s)\"\n                        msg = msg % (meth, file)\n                        stacktrace.append(msg)\n                except TypeError:\n                    pass\n        if exception_class == UnexpectedAlertPresentException:\n            alert_text = None\n            if \"data\" in value:\n                alert_text = value[\"data\"].get(\"text\")\n            elif \"alert\" in value:\n                alert_text = value[\"alert\"].get(\"text\")\n            raise exception_class(message, screen, stacktrace, alert_text)  # type: ignore[call-arg]  # mypy is not smart enough here\n>       raise exception_class(message, screen, stacktrace)\nE       selenium.common.exceptions.NoSuchElementException: Message: no such element: Unable to locate element: {\"method\":\"css selector\",\"selector\":\"[id=\"FINDBINDAYSHIGHPEAK_POSTCODESELECT_POSTCODE\"]\"}\nE         (Session info: chrome=129.0.6668.100); For documentation on this error, please visit: https://www.selenium.dev/documentation/webdriver/troubleshooting/errors#no-such-element-exception\nE       Stacktrace:\nE       #0 0x56158d4e8b9a <unknown>\nE       #1 0x56158d1ce670 <unknown>\nE       #2 0x56158d21dc48 <unknown>\nE       #3 0x56158d21dee1 <unknown>\nE       #4 0x56158d264924 <unknown>\nE       #5 0x56158d242bad <unknown>\nE       #6 0x56158d261dd6 <unknown>\nE       #7 0x56158d242923 <unknown>\nE       #8 0x56158d2106e7 <unknown>\nE       #9 0x56158d2116de <unknown>\nE       #10 0x56158d4b266b <unknown>\nE       #11 0x56158d4b6611 <unknown>\nE       #12 0x56158d49e4e5 <unknown>\nE       #13 0x56158d4b7192 <unknown>\nE       #14 0x56158d4836ef <unknown>\nE       #15 0x56158d4d79d8 <unknown>\nE       #16 0x56158d4d7ba7 <unknown>\nE       #17 0x56158d4e79ec <unknown>\nE       #18 0x7f4f834fba94 <unknown>\nE       #19 0x7f4f83588a34 __clone\n\n../../../.cache/pypoetry/virtualenvs/uk-bin-collection-EwS6Gn8s-py3.12/lib/python3.12/site-packages/selenium/webdriver/remote/errorhandler.py:229: NoSuchElementException","flaky":false,"newFailed":true,"newBroken":false,"newPassed":false,"retriesCount":0,"retriesStatusChange":false,"beforeStages":[],"testStage":{"status":"failed","statusMessage":"selenium.common.exceptions.NoSuchElementException: Message: no such element: Unable to locate element: {\"method\":\"css selector\",\"selector\":\"[id=\"FINDBINDAYSHIGHPEAK_POSTCODESELECT_POSTCODE\"]\"}\n  (Session info: chrome=129.0.6668.100); For documentation on this error, please visit: https://www.selenium.dev/documentation/webdriver/troubleshooting/errors#no-such-element-exception\nStacktrace:\n#0 0x56158d4e8b9a <unknown>\n#1 0x56158d1ce670 <unknown>\n#2 0x56158d21dc48 <unknown>\n#3 0x56158d21dee1 <unknown>\n#4 0x56158d264924 <unknown>\n#5 0x56158d242bad <unknown>\n#6 0x56158d261dd6 <unknown>\n#7 0x56158d242923 <unknown>\n#8 0x56158d2106e7 <unknown>\n#9 0x56158d2116de <unknown>\n#10 0x56158d4b266b <unknown>\n#11 0x56158d4b6611 <unknown>\n#12 0x56158d49e4e5 <unknown>\n#13 0x56158d4b7192 <unknown>\n#14 0x56158d4836ef <unknown>\n#15 0x56158d4d79d8 <unknown>\n#16 0x56158d4d7ba7 <unknown>\n#17 0x56158d4e79ec <unknown>\n#18 0x7f4f834fba94 <unknown>\n#19 0x7f4f83588a34 __clone","statusTrace":"fixturefunc = <function scrape_step at 0x7f214f7fe0c0>\nrequest = <FixtureRequest for <Function test_scenario_outline[HighPeakCouncil]>>\nkwargs = {'context': <test_validate_council.Context object at 0x7f21623b2de0>, 'headless_mode': 'True', 'local_browser': 'False', 'selenium_url': 'http://localhost:4444'}\n\n    def call_fixture_func(\n        fixturefunc: _FixtureFunc[FixtureValue], request: FixtureRequest, kwargs\n    ) -> FixtureValue:\n        if is_generator(fixturefunc):\n            fixturefunc = cast(\n                Callable[..., Generator[FixtureValue, None, None]], fixturefunc\n            )\n            generator = fixturefunc(**kwargs)\n            try:\n                fixture_result = next(generator)\n            except StopIteration:\n                raise ValueError(f\"{request.fixturename} did not yield a value\") from None\n            finalizer = functools.partial(_teardown_yield_fixture, fixturefunc, generator)\n            request.addfinalizer(finalizer)\n        else:\n            fixturefunc = cast(Callable[..., FixtureValue], fixturefunc)\n>           fixture_result = fixturefunc(**kwargs)\n\n../../../.cache/pypoetry/virtualenvs/uk-bin-collection-EwS6Gn8s-py3.12/lib/python3.12/site-packages/_pytest/fixtures.py:898: \n_ _ _ _ _ _ _ _ _ _ _ _ _ _ _ _ _ _ _ _ _ _ _ _ _ _ _ _ _ _ _ _ _ _ _ _ _ _ _ _ \nuk_bin_collection/tests/step_defs/test_validate_council.py:100: in scrape_step\n    context.parse_result = CollectData.run()\nuk_bin_collection/uk_bin_collection/collect_data.py:101: in run\n    return self.client_code(\nuk_bin_collection/uk_bin_collection/collect_data.py:121: in client_code\n    return get_bin_data_class.template_method(address_url, **kwargs)\nuk_bin_collection/uk_bin_collection/get_bin_data.py:61: in template_method\n    bin_data_dict = self.get_and_parse_data(this_url, **kwargs)\nuk_bin_collection/uk_bin_collection/get_bin_data.py:84: in get_and_parse_data\n    bin_data_dict = self.parse_data(\"\", url=address_url, **kwargs)\nuk_bin_collection/uk_bin_collection/councils/HighPeakCouncil.py:73: in parse_data\n    inputElement_pc = driver.find_element(\n../../../.cache/pypoetry/virtualenvs/uk-bin-collection-EwS6Gn8s-py3.12/lib/python3.12/site-packages/selenium/webdriver/remote/webdriver.py:748: in find_element\n    return self.execute(Command.FIND_ELEMENT, {\"using\": by, \"value\": value})[\"value\"]\n../../../.cache/pypoetry/virtualenvs/uk-bin-collection-EwS6Gn8s-py3.12/lib/python3.12/site-packages/selenium/webdriver/remote/webdriver.py:354: in execute\n    self.error_handler.check_response(response)\n_ _ _ _ _ _ _ _ _ _ _ _ _ _ _ _ _ _ _ _ _ _ _ _ _ _ _ _ _ _ _ _ _ _ _ _ _ _ _ _ \n\nself = <selenium.webdriver.remote.errorhandler.ErrorHandler object at 0x7f214e685a90>\nresponse = {'status': 404, 'value': '{\"value\":{\"error\":\"no such element\",\"message\":\"no such element: Unable to locate element: {\\...unknown>\\\\n#17 0x56158d4e79ec \\\\u003Cunknown>\\\\n#18 0x7f4f834fba94 \\\\u003Cunknown>\\\\n#19 0x7f4f83588a34 __clone\\\\n\"}}'}\n\n    def check_response(self, response: Dict[str, Any]) -> None:\n        \"\"\"Checks that a JSON response from the WebDriver does not have an\n        error.\n    \n        :Args:\n         - response - The JSON response from the WebDriver server as a dictionary\n           object.\n    \n        :Raises: If the response contains an error message.\n        \"\"\"\n        status = response.get(\"status\", None)\n        if not status or status == ErrorCode.SUCCESS:\n            return\n        value = None\n        message = response.get(\"message\", \"\")\n        screen: str = response.get(\"screen\", \"\")\n        stacktrace = None\n        if isinstance(status, int):\n            value_json = response.get(\"value\", None)\n            if value_json and isinstance(value_json, str):\n                import json\n    \n                try:\n                    value = json.loads(value_json)\n                    if len(value) == 1:\n                        value = value[\"value\"]\n                    status = value.get(\"error\", None)\n                    if not status:\n                        status = value.get(\"status\", ErrorCode.UNKNOWN_ERROR)\n                        message = value.get(\"value\") or value.get(\"message\")\n                        if not isinstance(message, str):\n                            value = message\n                            message = message.get(\"message\")\n                    else:\n                        message = value.get(\"message\", None)\n                except ValueError:\n                    pass\n    \n        exception_class: Type[WebDriverException]\n        e = ErrorCode()\n        error_codes = [item for item in dir(e) if not item.startswith(\"__\")]\n        for error_code in error_codes:\n            error_info = getattr(ErrorCode, error_code)\n            if isinstance(error_info, list) and status in error_info:\n                exception_class = getattr(ExceptionMapping, error_code, WebDriverException)\n                break\n        else:\n            exception_class = WebDriverException\n    \n        if not value:\n            value = response[\"value\"]\n        if isinstance(value, str):\n            raise exception_class(value)\n        if message == \"\" and \"message\" in value:\n            message = value[\"message\"]\n    \n        screen = None  # type: ignore[assignment]\n        if \"screen\" in value:\n            screen = value[\"screen\"]\n    \n        stacktrace = None\n        st_value = value.get(\"stackTrace\") or value.get(\"stacktrace\")\n        if st_value:\n            if isinstance(st_value, str):\n                stacktrace = st_value.split(\"\\n\")\n            else:\n                stacktrace = []\n                try:\n                    for frame in st_value:\n                        line = frame.get(\"lineNumber\", \"\")\n                        file = frame.get(\"fileName\", \"<anonymous>\")\n                        if line:\n                            file = f\"{file}:{line}\"\n                        meth = frame.get(\"methodName\", \"<anonymous>\")\n                        if \"className\" in frame:\n                            meth = f\"{frame['className']}.{meth}\"\n                        msg = \"    at %s (%s)\"\n                        msg = msg % (meth, file)\n                        stacktrace.append(msg)\n                except TypeError:\n                    pass\n        if exception_class == UnexpectedAlertPresentException:\n            alert_text = None\n            if \"data\" in value:\n                alert_text = value[\"data\"].get(\"text\")\n            elif \"alert\" in value:\n                alert_text = value[\"alert\"].get(\"text\")\n            raise exception_class(message, screen, stacktrace, alert_text)  # type: ignore[call-arg]  # mypy is not smart enough here\n>       raise exception_class(message, screen, stacktrace)\nE       selenium.common.exceptions.NoSuchElementException: Message: no such element: Unable to locate element: {\"method\":\"css selector\",\"selector\":\"[id=\"FINDBINDAYSHIGHPEAK_POSTCODESELECT_POSTCODE\"]\"}\nE         (Session info: chrome=129.0.6668.100); For documentation on this error, please visit: https://www.selenium.dev/documentation/webdriver/troubleshooting/errors#no-such-element-exception\nE       Stacktrace:\nE       #0 0x56158d4e8b9a <unknown>\nE       #1 0x56158d1ce670 <unknown>\nE       #2 0x56158d21dc48 <unknown>\nE       #3 0x56158d21dee1 <unknown>\nE       #4 0x56158d264924 <unknown>\nE       #5 0x56158d242bad <unknown>\nE       #6 0x56158d261dd6 <unknown>\nE       #7 0x56158d242923 <unknown>\nE       #8 0x56158d2106e7 <unknown>\nE       #9 0x56158d2116de <unknown>\nE       #10 0x56158d4b266b <unknown>\nE       #11 0x56158d4b6611 <unknown>\nE       #12 0x56158d49e4e5 <unknown>\nE       #13 0x56158d4b7192 <unknown>\nE       #14 0x56158d4836ef <unknown>\nE       #15 0x56158d4d79d8 <unknown>\nE       #16 0x56158d4d7ba7 <unknown>\nE       #17 0x56158d4e79ec <unknown>\nE       #18 0x7f4f834fba94 <unknown>\nE       #19 0x7f4f83588a34 __clone\n\n../../../.cache/pypoetry/virtualenvs/uk-bin-collection-EwS6Gn8s-py3.12/lib/python3.12/site-packages/selenium/webdriver/remote/errorhandler.py:229: NoSuchElementException","steps":[{"name":"Given the council","time":{"start":1728951126566,"stop":1728951126566,"duration":0},"status":"passed","steps":[],"attachments":[],"parameters":[],"shouldDisplayMessage":false,"stepsCount":0,"attachmentsCount":0,"hasContent":false,"attachmentStep":false},{"name":"When we scrape the data from the council","time":{"start":1728951126566,"stop":1728951459345,"duration":332779},"status":"failed","statusMessage":"Message: no such element: Unable to locate element: {\"method\":\"css selector\",\"selector\":\"[id=\"FINDBINDAYSHIGHPEAK_POSTCODESELECT_POSTCODE\"]\"}\n  (Session info: chrome=129.0.6668.100); For documentation on this error, please visit: https://www.selenium.dev/documentation/webdriver/troubleshooting/errors#no-such-element-exception\nStacktrace:\n#0 0x56158d4e8b9a <unknown>\n#1 0x56158d1ce670 <unknown>\n#2 0x56158d21dc48 <unknown>\n#3 0x56158d21dee1 <unknown>\n#4 0x56158d264924 <unknown>\n#5 0x56158d242bad <unknown>\n#6 0x56158d261dd6 <unknown>\n#7 0x56158d242923 <unknown>\n#8 0x56158d2106e7 <unknown>\n#9 0x56158d2116de <unknown>\n#10 0x56158d4b266b <unknown>\n#11 0x56158d4b6611 <unknown>\n#12 0x56158d49e4e5 <unknown>\n#13 0x56158d4b7192 <unknown>\n#14 0x56158d4836ef <unknown>\n#15 0x56158d4d79d8 <unknown>\n#16 0x56158d4d7ba7 <unknown>\n#17 0x56158d4e79ec <unknown>\n#18 0x7f4f834fba94 <unknown>\n#19 0x7f4f83588a34 __clone\n","statusTrace":"selenium.common.exceptions.NoSuchElementException: Message: no such element: Unable to locate element: {\"method\":\"css selector\",\"selector\":\"[id=\"FINDBINDAYSHIGHPEAK_POSTCODESELECT_POSTCODE\"]\"}\n  (Session info: chrome=129.0.6668.100); For documentation on this error, please visit: https://www.selenium.dev/documentation/webdriver/troubleshooting/errors#no-such-element-exception\nStacktrace:\n#0 0x56158d4e8b9a <unknown>\n#1 0x56158d1ce670 <unknown>\n#2 0x56158d21dc48 <unknown>\n#3 0x56158d21dee1 <unknown>\n#4 0x56158d264924 <unknown>\n#5 0x56158d242bad <unknown>\n#6 0x56158d261dd6 <unknown>\n#7 0x56158d242923 <unknown>\n#8 0x56158d2106e7 <unknown>\n#9 0x56158d2116de <unknown>\n#10 0x56158d4b266b <unknown>\n#11 0x56158d4b6611 <unknown>\n#12 0x56158d49e4e5 <unknown>\n#13 0x56158d4b7192 <unknown>\n#14 0x56158d4836ef <unknown>\n#15 0x56158d4d79d8 <unknown>\n#16 0x56158d4d7ba7 <unknown>\n#17 0x56158d4e79ec <unknown>\n#18 0x7f4f834fba94 <unknown>\n#19 0x7f4f83588a34 __clone\n\n","steps":[],"attachments":[],"parameters":[],"shouldDisplayMessage":true,"stepsCount":0,"attachmentsCount":0,"hasContent":true,"attachmentStep":false}],"attachments":[{"uid":"869c3e3dcb7ac8c8","name":"stdout","source":"869c3e3dcb7ac8c8.txt","type":"text/plain","size":970}],"parameters":[],"shouldDisplayMessage":true,"stepsCount":2,"attachmentsCount":1,"hasContent":true,"attachmentStep":false},"afterStages":[],"labels":[{"name":"host","value":"fv-az1344-963"},{"name":"thread","value":"2978-MainThread"},{"name":"framework","value":"pytest-bdd"},{"name":"language","value":"cpython3"},{"name":"feature","value":"Test each council output matches expected results"},{"name":"resultFormat","value":"allure2"}],"parameters":[{"name":"council","value":"HighPeakCouncil"}],"links":[],"hidden":false,"retry":false,"extra":{"severity":"normal","retries":[],"categories":[{"name":"Product defects","matchedStatuses":[],"flaky":false}],"history":{"statistic":{"failed":74,"broken":0,"skipped":0,"passed":279,"unknown":0,"total":353},"items":[{"uid":"9d0509bb1b155dd","reportUrl":"https://robbrad.github.io/UKBinCollectionData/3.11/2227//#testresult/9d0509bb1b155dd","status":"passed","time":{"start":1728864674305,"stop":1728864927550,"duration":253245}},{"uid":"4806fcc5dd5c5d00","reportUrl":"https://robbrad.github.io/UKBinCollectionData/3.11/2214//#testresult/4806fcc5dd5c5d00","status":"passed","time":{"start":1728778785823,"stop":1728778814857,"duration":29034}},{"uid":"1f68f063a3ec90d6","reportUrl":"https://robbrad.github.io/UKBinCollectionData/3.11/2211//#testresult/1f68f063a3ec90d6","status":"passed","time":{"start":1728692423430,"stop":1728692454643,"duration":31213}},{"uid":"161bb68e09dc06f8","reportUrl":"https://robbrad.github.io/UKBinCollectionData/3.11/2210//#testresult/161bb68e09dc06f8","status":"passed","time":{"start":1728605958187,"stop":1728606026995,"duration":68808}},{"uid":"a8f16d06fdc2baed","reportUrl":"https://robbrad.github.io/UKBinCollectionData/3.11/2199//#testresult/a8f16d06fdc2baed","status":"passed","time":{"start":1728519905436,"stop":1728519916628,"duration":11192}},{"uid":"296aeb8937e0585b","reportUrl":"https://robbrad.github.io/UKBinCollectionData/3.11/2188//#testresult/296aeb8937e0585b","status":"passed","time":{"start":1728433095424,"stop":1728433149644,"duration":54220}},{"uid":"8ea67c69cf12d51e","reportUrl":"https://robbrad.github.io/UKBinCollectionData/3.11/2169//#testresult/8ea67c69cf12d51e","status":"failed","statusDetails":"selenium.common.exceptions.SessionNotCreatedException: Message: Could not start a new session. New session request timed out \nHost info: host: 'selenium', ip: '172.18.0.2'\nBuild info: version: '4.25.0', revision: '030fcf7918'\nSystem info: os.name: 'Linux', os.arch: 'amd64', os.version: '6.8.0-1014-azure', java.version: '17.0.12'\nDriver info: driver.version: unknown\nStacktrace:\n    at org.openqa.selenium.grid.sessionqueue.local.LocalNewSessionQueue.addToQueue (LocalNewSessionQueue.java:221)\n    at org.openqa.selenium.grid.sessionqueue.NewSessionQueue.lambda$new$0 (NewSessionQueue.java:68)\n    at org.openqa.selenium.remote.http.Route$TemplatizedRoute.handle (Route.java:192)\n    at org.openqa.selenium.remote.http.Route.execute (Route.java:69)\n    at org.openqa.selenium.remote.http.Route$CombinedRoute.handle (Route.java:360)\n    at org.openqa.selenium.remote.http.Route.execute (Route.java:69)\n    at org.openqa.selenium.grid.sessionqueue.NewSessionQueue.execute (NewSessionQueue.java:128)\n    at org.openqa.selenium.remote.tracing.SpanWrappedHttpHandler.execute (SpanWrappedHttpHandler.java:87)\n    at org.openqa.selenium.remote.http.Filter$1.execute (Filter.java:63)\n    at org.openqa.selenium.remote.http.Route$CombinedRoute.handle (Route.java:360)\n    at org.openqa.selenium.remote.http.Route.execute (Route.java:69)\n    at org.openqa.selenium.grid.router.Router.execute (Router.java:87)\n    at org.openqa.selenium.grid.web.EnsureSpecCompliantResponseHeaders.lambda$apply$0 (EnsureSpecCompliantResponseHeaders.java:34)\n    at org.openqa.selenium.remote.http.Filter$1.execute (Filter.java:63)\n    at org.openqa.selenium.remote.http.Route$CombinedRoute.handle (Route.java:360)\n    at org.openqa.selenium.remote.http.Route.execute (Route.java:69)\n    at org.openqa.selenium.remote.AddWebDriverSpecHeaders.lambda$apply$0 (AddWebDriverSpecHeaders.java:35)\n    at org.openqa.selenium.remote.ErrorFilter.lambda$apply$0 (ErrorFilter.java:44)\n    at org.openqa.selenium.remote.http.Filter$1.execute (Filter.java:63)\n    at org.openqa.selenium.remote.ErrorFilter.lambda$apply$0 (ErrorFilter.java:44)\n    at org.openqa.selenium.remote.http.Filter$1.execute (Filter.java:63)\n    at org.openqa.selenium.netty.server.SeleniumHandler.lambda$channelRead0$0 (SeleniumHandler.java:44)\n    at java.util.concurrent.Executors$RunnableAdapter.call (Executors.java:539)\n    at java.util.concurrent.FutureTask.run (FutureTask.java:264)\n    at java.util.concurrent.ThreadPoolExecutor.runWorker (ThreadPoolExecutor.java:1136)\n    at java.util.concurrent.ThreadPoolExecutor$Worker.run (ThreadPoolExecutor.java:635)\n    at java.lang.Thread.run (Thread.java:840)","time":{"start":1728332562053,"stop":1728332862062,"duration":300009}},{"uid":"d9fe89afef192eb2","reportUrl":"https://robbrad.github.io/UKBinCollectionData/3.11/2165//#testresult/d9fe89afef192eb2","status":"failed","statusDetails":"selenium.common.exceptions.SessionNotCreatedException: Message: Could not start a new session. New session request timed out \nHost info: host: 'selenium', ip: '172.18.0.2'\nBuild info: version: '4.25.0', revision: '030fcf7918'\nSystem info: os.name: 'Linux', os.arch: 'amd64', os.version: '6.8.0-1014-azure', java.version: '17.0.12'\nDriver info: driver.version: unknown\nStacktrace:\n    at org.openqa.selenium.grid.sessionqueue.local.LocalNewSessionQueue.addToQueue (LocalNewSessionQueue.java:221)\n    at org.openqa.selenium.grid.sessionqueue.NewSessionQueue.lambda$new$0 (NewSessionQueue.java:68)\n    at org.openqa.selenium.remote.http.Route$TemplatizedRoute.handle (Route.java:192)\n    at org.openqa.selenium.remote.http.Route.execute (Route.java:69)\n    at org.openqa.selenium.remote.http.Route$CombinedRoute.handle (Route.java:360)\n    at org.openqa.selenium.remote.http.Route.execute (Route.java:69)\n    at org.openqa.selenium.grid.sessionqueue.NewSessionQueue.execute (NewSessionQueue.java:128)\n    at org.openqa.selenium.remote.tracing.SpanWrappedHttpHandler.execute (SpanWrappedHttpHandler.java:87)\n    at org.openqa.selenium.remote.http.Filter$1.execute (Filter.java:63)\n    at org.openqa.selenium.remote.http.Route$CombinedRoute.handle (Route.java:360)\n    at org.openqa.selenium.remote.http.Route.execute (Route.java:69)\n    at org.openqa.selenium.grid.router.Router.execute (Router.java:87)\n    at org.openqa.selenium.grid.web.EnsureSpecCompliantResponseHeaders.lambda$apply$0 (EnsureSpecCompliantResponseHeaders.java:34)\n    at org.openqa.selenium.remote.http.Filter$1.execute (Filter.java:63)\n    at org.openqa.selenium.remote.http.Route$CombinedRoute.handle (Route.java:360)\n    at org.openqa.selenium.remote.http.Route.execute (Route.java:69)\n    at org.openqa.selenium.remote.AddWebDriverSpecHeaders.lambda$apply$0 (AddWebDriverSpecHeaders.java:35)\n    at org.openqa.selenium.remote.ErrorFilter.lambda$apply$0 (ErrorFilter.java:44)\n    at org.openqa.selenium.remote.http.Filter$1.execute (Filter.java:63)\n    at org.openqa.selenium.remote.ErrorFilter.lambda$apply$0 (ErrorFilter.java:44)\n    at org.openqa.selenium.remote.http.Filter$1.execute (Filter.java:63)\n    at org.openqa.selenium.netty.server.SeleniumHandler.lambda$channelRead0$0 (SeleniumHandler.java:44)\n    at java.util.concurrent.Executors$RunnableAdapter.call (Executors.java:539)\n    at java.util.concurrent.FutureTask.run (FutureTask.java:264)\n    at java.util.concurrent.ThreadPoolExecutor.runWorker (ThreadPoolExecutor.java:1136)\n    at java.util.concurrent.ThreadPoolExecutor$Worker.run (ThreadPoolExecutor.java:635)\n    at java.lang.Thread.run (Thread.java:840)","time":{"start":1728259636917,"stop":1728259936928,"duration":300011}},{"uid":"646423c7bef5bd52","reportUrl":"https://robbrad.github.io/UKBinCollectionData/3.11/2164//#testresult/646423c7bef5bd52","status":"failed","statusDetails":"selenium.common.exceptions.SessionNotCreatedException: Message: Could not start a new session. New session request timed out \nHost info: host: 'selenium', ip: '172.18.0.2'\nBuild info: version: '4.25.0', revision: '030fcf7918'\nSystem info: os.name: 'Linux', os.arch: 'amd64', os.version: '6.8.0-1014-azure', java.version: '17.0.12'\nDriver info: driver.version: unknown\nStacktrace:\n    at org.openqa.selenium.grid.sessionqueue.local.LocalNewSessionQueue.addToQueue (LocalNewSessionQueue.java:221)\n    at org.openqa.selenium.grid.sessionqueue.NewSessionQueue.lambda$new$0 (NewSessionQueue.java:68)\n    at org.openqa.selenium.remote.http.Route$TemplatizedRoute.handle (Route.java:192)\n    at org.openqa.selenium.remote.http.Route.execute (Route.java:69)\n    at org.openqa.selenium.remote.http.Route$CombinedRoute.handle (Route.java:360)\n    at org.openqa.selenium.remote.http.Route.execute (Route.java:69)\n    at org.openqa.selenium.grid.sessionqueue.NewSessionQueue.execute (NewSessionQueue.java:128)\n    at org.openqa.selenium.remote.tracing.SpanWrappedHttpHandler.execute (SpanWrappedHttpHandler.java:87)\n    at org.openqa.selenium.remote.http.Filter$1.execute (Filter.java:63)\n    at org.openqa.selenium.remote.http.Route$CombinedRoute.handle (Route.java:360)\n    at org.openqa.selenium.remote.http.Route.execute (Route.java:69)\n    at org.openqa.selenium.grid.router.Router.execute (Router.java:87)\n    at org.openqa.selenium.grid.web.EnsureSpecCompliantResponseHeaders.lambda$apply$0 (EnsureSpecCompliantResponseHeaders.java:34)\n    at org.openqa.selenium.remote.http.Filter$1.execute (Filter.java:63)\n    at org.openqa.selenium.remote.http.Route$CombinedRoute.handle (Route.java:360)\n    at org.openqa.selenium.remote.http.Route.execute (Route.java:69)\n    at org.openqa.selenium.remote.AddWebDriverSpecHeaders.lambda$apply$0 (AddWebDriverSpecHeaders.java:35)\n    at org.openqa.selenium.remote.ErrorFilter.lambda$apply$0 (ErrorFilter.java:44)\n    at org.openqa.selenium.remote.http.Filter$1.execute (Filter.java:63)\n    at org.openqa.selenium.remote.ErrorFilter.lambda$apply$0 (ErrorFilter.java:44)\n    at org.openqa.selenium.remote.http.Filter$1.execute (Filter.java:63)\n    at org.openqa.selenium.netty.server.SeleniumHandler.lambda$channelRead0$0 (SeleniumHandler.java:44)\n    at java.util.concurrent.Executors$RunnableAdapter.call (Executors.java:539)\n    at java.util.concurrent.FutureTask.run (FutureTask.java:264)\n    at java.util.concurrent.ThreadPoolExecutor.runWorker (ThreadPoolExecutor.java:1136)\n    at java.util.concurrent.ThreadPoolExecutor$Worker.run (ThreadPoolExecutor.java:635)\n    at java.lang.Thread.run (Thread.java:840)","time":{"start":1728173277584,"stop":1728173577594,"duration":300010}},{"uid":"64b61998fb7c4865","reportUrl":"https://robbrad.github.io/UKBinCollectionData/3.11/2160//#testresult/64b61998fb7c4865","status":"passed","time":{"start":1728087262685,"stop":1728087326859,"duration":64174}},{"uid":"53c4922bf4d0287d","reportUrl":"https://robbrad.github.io/UKBinCollectionData/3.11/2152//#testresult/53c4922bf4d0287d","status":"passed","time":{"start":1728001186711,"stop":1728001253798,"duration":67087}},{"uid":"9194707e8744b5b7","reportUrl":"https://robbrad.github.io/UKBinCollectionData/3.11/2148//#testresult/9194707e8744b5b7","status":"passed","time":{"start":1727932938191,"stop":1727932951207,"duration":13016}},{"uid":"d500874f4cf5dc83","reportUrl":"https://robbrad.github.io/UKBinCollectionData/3.11/2146//#testresult/d500874f4cf5dc83","status":"passed","time":{"start":1727914742121,"stop":1727914771156,"duration":29035}},{"uid":"8760fa4477daa3e","reportUrl":"https://robbrad.github.io/UKBinCollectionData/3.11/2141//#testresult/8760fa4477daa3e","status":"passed","time":{"start":1727864354881,"stop":1727864363890,"duration":9009}},{"uid":"7b704fb035dea6ba","reportUrl":"https://robbrad.github.io/UKBinCollectionData/3.11/2139//#testresult/7b704fb035dea6ba","status":"failed","statusDetails":"selenium.common.exceptions.NoSuchElementException: Message: no such element: Unable to locate element: {\"method\":\"css selector\",\"selector\":\".cookiemessage__link--close\"}\n  (Session info: chrome=129.0.6668.58); For documentation on this error, please visit: https://www.selenium.dev/documentation/webdriver/troubleshooting/errors#no-such-element-exception\nStacktrace:\n#0 0x563e841af13a <unknown>\n#1 0x563e83e955e0 <unknown>\n#2 0x563e83ee4be8 <unknown>\n#3 0x563e83ee4e81 <unknown>\n#4 0x563e83f2b8c4 <unknown>\n#5 0x563e83f09b4d <unknown>\n#6 0x563e83f28d7d <unknown>\n#7 0x563e83f098c3 <unknown>\n#8 0x563e83ed76b3 <unknown>\n#9 0x563e83ed868e <unknown>\n#10 0x563e84179b3b <unknown>\n#11 0x563e8417dac1 <unknown>\n#12 0x563e84166335 <unknown>\n#13 0x563e8417e642 <unknown>\n#14 0x563e8414b49f <unknown>\n#15 0x563e8419e038 <unknown>\n#16 0x563e8419e203 <unknown>\n#17 0x563e841adf8c <unknown>\n#18 0x7f3fce790a94 <unknown>\n#19 0x7f3fce81da34 __clone","time":{"start":1727828305100,"stop":1727828336785,"duration":31685}},{"uid":"fed4c1291f70626c","reportUrl":"https://robbrad.github.io/UKBinCollectionData/3.11/2138//#testresult/fed4c1291f70626c","status":"passed","time":{"start":1727742010274,"stop":1727742048698,"duration":38424}},{"uid":"bdb24747e6ae5127","reportUrl":"https://robbrad.github.io/UKBinCollectionData/3.11/2137//#testresult/bdb24747e6ae5127","status":"failed","statusDetails":"selenium.common.exceptions.SessionNotCreatedException: Message: Could not start a new session. New session request timed out \nHost info: host: 'selenium', ip: '172.18.0.2'\nBuild info: version: '4.25.0', revision: '030fcf7918'\nSystem info: os.name: 'Linux', os.arch: 'amd64', os.version: '6.8.0-1014-azure', java.version: '17.0.12'\nDriver info: driver.version: unknown\nStacktrace:\n    at org.openqa.selenium.grid.sessionqueue.local.LocalNewSessionQueue.addToQueue (LocalNewSessionQueue.java:221)\n    at org.openqa.selenium.grid.sessionqueue.NewSessionQueue.lambda$new$0 (NewSessionQueue.java:68)\n    at org.openqa.selenium.remote.http.Route$TemplatizedRoute.handle (Route.java:192)\n    at org.openqa.selenium.remote.http.Route.execute (Route.java:69)\n    at org.openqa.selenium.remote.http.Route$CombinedRoute.handle (Route.java:360)\n    at org.openqa.selenium.remote.http.Route.execute (Route.java:69)\n    at org.openqa.selenium.grid.sessionqueue.NewSessionQueue.execute (NewSessionQueue.java:128)\n    at org.openqa.selenium.remote.tracing.SpanWrappedHttpHandler.execute (SpanWrappedHttpHandler.java:87)\n    at org.openqa.selenium.remote.http.Filter$1.execute (Filter.java:63)\n    at org.openqa.selenium.remote.http.Route$CombinedRoute.handle (Route.java:360)\n    at org.openqa.selenium.remote.http.Route.execute (Route.java:69)\n    at org.openqa.selenium.grid.router.Router.execute (Router.java:87)\n    at org.openqa.selenium.grid.web.EnsureSpecCompliantResponseHeaders.lambda$apply$0 (EnsureSpecCompliantResponseHeaders.java:34)\n    at org.openqa.selenium.remote.http.Filter$1.execute (Filter.java:63)\n    at org.openqa.selenium.remote.http.Route$CombinedRoute.handle (Route.java:360)\n    at org.openqa.selenium.remote.http.Route.execute (Route.java:69)\n    at org.openqa.selenium.remote.AddWebDriverSpecHeaders.lambda$apply$0 (AddWebDriverSpecHeaders.java:35)\n    at org.openqa.selenium.remote.ErrorFilter.lambda$apply$0 (ErrorFilter.java:44)\n    at org.openqa.selenium.remote.http.Filter$1.execute (Filter.java:63)\n    at org.openqa.selenium.remote.ErrorFilter.lambda$apply$0 (ErrorFilter.java:44)\n    at org.openqa.selenium.remote.http.Filter$1.execute (Filter.java:63)\n    at org.openqa.selenium.netty.server.SeleniumHandler.lambda$channelRead0$0 (SeleniumHandler.java:44)\n    at java.util.concurrent.Executors$RunnableAdapter.call (Executors.java:539)\n    at java.util.concurrent.FutureTask.run (FutureTask.java:264)\n    at java.util.concurrent.ThreadPoolExecutor.runWorker (ThreadPoolExecutor.java:1136)\n    at java.util.concurrent.ThreadPoolExecutor$Worker.run (ThreadPoolExecutor.java:635)\n    at java.lang.Thread.run (Thread.java:840)","time":{"start":1727655530378,"stop":1727655830386,"duration":300008}},{"uid":"86aa036bd75ed6fe","reportUrl":"https://robbrad.github.io/UKBinCollectionData/3.11/2136//#testresult/86aa036bd75ed6fe","status":"passed","time":{"start":1727569148458,"stop":1727569195227,"duration":46769}},{"uid":"f430330bb173075d","reportUrl":"https://robbrad.github.io/UKBinCollectionData/3.11/2135//#testresult/f430330bb173075d","status":"failed","statusDetails":"selenium.common.exceptions.TimeoutException: Message: \nStacktrace:\n#0 0x555b2278513a <unknown>\n#1 0x555b2246b5e0 <unknown>\n#2 0x555b224babe8 <unknown>\n#3 0x555b224bae81 <unknown>\n#4 0x555b225018c4 <unknown>\n#5 0x555b224dfb4d <unknown>\n#6 0x555b224fed7d <unknown>\n#7 0x555b224df8c3 <unknown>\n#8 0x555b224ad6b3 <unknown>\n#9 0x555b224ae68e <unknown>\n#10 0x555b2274fb3b <unknown>\n#11 0x555b22753ac1 <unknown>\n#12 0x555b2273c335 <unknown>\n#13 0x555b22754642 <unknown>\n#14 0x555b2272149f <unknown>\n#15 0x555b22774038 <unknown>\n#16 0x555b22774203 <unknown>\n#17 0x555b22783f8c <unknown>\n#18 0x7fee646a0a94 <unknown>\n#19 0x7fee6472da34 __clone","time":{"start":1727482808530,"stop":1727482895768,"duration":87238}},{"uid":"b2b5a1ba82fdd3c7","reportUrl":"https://robbrad.github.io/UKBinCollectionData/3.11/2131//#testresult/b2b5a1ba82fdd3c7","status":"passed","time":{"start":1727422733106,"stop":1727422759307,"duration":26201}}]},"tags":[]},"source":"64fca7da5e2fb880.json","parameterValues":["HighPeakCouncil"]}