{"uid":"da7acda3a5fe6462","name":"Validate Council Output [KirkleesCouncil]","fullName":"features/validate_council_outputs.feature:Validate Council Output","historyId":"2f6e35714aa3faf6e527401d2be1436f","time":{"start":1728951620784,"stop":1728951649119,"duration":28335},"status":"failed","statusMessage":"selenium.common.exceptions.TimeoutException: Message: \nStacktrace:\n#0 0x561264075b9a <unknown>\n#1 0x561263d5b670 <unknown>\n#2 0x561263daac48 <unknown>\n#3 0x561263daaee1 <unknown>\n#4 0x561263df1924 <unknown>\n#5 0x561263dcfbad <unknown>\n#6 0x561263deedd6 <unknown>\n#7 0x561263dcf923 <unknown>\n#8 0x561263d9d6e7 <unknown>\n#9 0x561263d9e6de <unknown>\n#10 0x56126403f66b <unknown>\n#11 0x561264043611 <unknown>\n#12 0x56126402b4e5 <unknown>\n#13 0x561264044192 <unknown>\n#14 0x5612640106ef <unknown>\n#15 0x5612640649d8 <unknown>\n#16 0x561264064ba7 <unknown>\n#17 0x5612640749ec <unknown>\n#18 0x7f95ca504a94 <unknown>\n#19 0x7f95ca591a34 __clone","statusTrace":"fixturefunc = <function scrape_step at 0x7f214f7fe0c0>\nrequest = <FixtureRequest for <Function test_scenario_outline[KirkleesCouncil]>>\nkwargs = {'context': <test_validate_council.Context object at 0x7f21623b2de0>, 'headless_mode': 'True', 'local_browser': 'False', 'selenium_url': 'http://localhost:4444'}\n\n    def call_fixture_func(\n        fixturefunc: _FixtureFunc[FixtureValue], request: FixtureRequest, kwargs\n    ) -> FixtureValue:\n        if is_generator(fixturefunc):\n            fixturefunc = cast(\n                Callable[..., Generator[FixtureValue, None, None]], fixturefunc\n            )\n            generator = fixturefunc(**kwargs)\n            try:\n                fixture_result = next(generator)\n            except StopIteration:\n                raise ValueError(f\"{request.fixturename} did not yield a value\") from None\n            finalizer = functools.partial(_teardown_yield_fixture, fixturefunc, generator)\n            request.addfinalizer(finalizer)\n        else:\n            fixturefunc = cast(Callable[..., FixtureValue], fixturefunc)\n>           fixture_result = fixturefunc(**kwargs)\n\n../../../.cache/pypoetry/virtualenvs/uk-bin-collection-EwS6Gn8s-py3.12/lib/python3.12/site-packages/_pytest/fixtures.py:898: \n_ _ _ _ _ _ _ _ _ _ _ _ _ _ _ _ _ _ _ _ _ _ _ _ _ _ _ _ _ _ _ _ _ _ _ _ _ _ _ _ \nuk_bin_collection/tests/step_defs/test_validate_council.py:100: in scrape_step\n    context.parse_result = CollectData.run()\nuk_bin_collection/uk_bin_collection/collect_data.py:101: in run\n    return self.client_code(\nuk_bin_collection/uk_bin_collection/collect_data.py:121: in client_code\n    return get_bin_data_class.template_method(address_url, **kwargs)\nuk_bin_collection/uk_bin_collection/get_bin_data.py:61: in template_method\n    bin_data_dict = self.get_and_parse_data(this_url, **kwargs)\nuk_bin_collection/uk_bin_collection/get_bin_data.py:84: in get_and_parse_data\n    bin_data_dict = self.parse_data(\"\", url=address_url, **kwargs)\nuk_bin_collection/uk_bin_collection/councils/KirkleesCouncil.py:41: in parse_data\n    return self._parse_data(*args, **kwargs)\nuk_bin_collection/uk_bin_collection/councils/KirkleesCouncil.py:74: in _parse_data\n    wait_for_element(\nuk_bin_collection/uk_bin_collection/councils/KirkleesCouncil.py:18: in wait_for_element\n    wait_for_element_conditions(driver, element_present, timeout=timeout)\nuk_bin_collection/uk_bin_collection/councils/KirkleesCouncil.py:23: in wait_for_element_conditions\n    WebDriverWait(driver, timeout).until(conditions)\n_ _ _ _ _ _ _ _ _ _ _ _ _ _ _ _ _ _ _ _ _ _ _ _ _ _ _ _ _ _ _ _ _ _ _ _ _ _ _ _ \n\nself = <selenium.webdriver.support.wait.WebDriverWait (session=\"ac47b0d7aa02f826c5b99be33fdde219\")>\nmethod = <function presence_of_element_located.<locals>._predicate at 0x7f214e6a0ea0>\nmessage = ''\n\n    def until(self, method: Callable[[D], Union[Literal[False], T]], message: str = \"\") -> T:\n        \"\"\"Calls the method provided with the driver as an argument until the \\\n        return value does not evaluate to ``False``.\n    \n        :param method: callable(WebDriver)\n        :param message: optional message for :exc:`TimeoutException`\n        :returns: the result of the last call to `method`\n        :raises: :exc:`selenium.common.exceptions.TimeoutException` if timeout occurs\n        \"\"\"\n        screen = None\n        stacktrace = None\n    \n        end_time = time.monotonic() + self._timeout\n        while True:\n            try:\n                value = method(self._driver)\n                if value:\n                    return value\n            except self._ignored_exceptions as exc:\n                screen = getattr(exc, \"screen\", None)\n                stacktrace = getattr(exc, \"stacktrace\", None)\n            time.sleep(self._poll)\n            if time.monotonic() > end_time:\n                break\n>       raise TimeoutException(message, screen, stacktrace)\nE       selenium.common.exceptions.TimeoutException: Message: \nE       Stacktrace:\nE       #0 0x561264075b9a <unknown>\nE       #1 0x561263d5b670 <unknown>\nE       #2 0x561263daac48 <unknown>\nE       #3 0x561263daaee1 <unknown>\nE       #4 0x561263df1924 <unknown>\nE       #5 0x561263dcfbad <unknown>\nE       #6 0x561263deedd6 <unknown>\nE       #7 0x561263dcf923 <unknown>\nE       #8 0x561263d9d6e7 <unknown>\nE       #9 0x561263d9e6de <unknown>\nE       #10 0x56126403f66b <unknown>\nE       #11 0x561264043611 <unknown>\nE       #12 0x56126402b4e5 <unknown>\nE       #13 0x561264044192 <unknown>\nE       #14 0x5612640106ef <unknown>\nE       #15 0x5612640649d8 <unknown>\nE       #16 0x561264064ba7 <unknown>\nE       #17 0x5612640749ec <unknown>\nE       #18 0x7f95ca504a94 <unknown>\nE       #19 0x7f95ca591a34 __clone\n\n../../../.cache/pypoetry/virtualenvs/uk-bin-collection-EwS6Gn8s-py3.12/lib/python3.12/site-packages/selenium/webdriver/support/wait.py:105: TimeoutException","flaky":false,"newFailed":false,"newBroken":false,"newPassed":false,"retriesCount":0,"retriesStatusChange":false,"beforeStages":[],"testStage":{"status":"failed","statusMessage":"selenium.common.exceptions.TimeoutException: Message: \nStacktrace:\n#0 0x561264075b9a <unknown>\n#1 0x561263d5b670 <unknown>\n#2 0x561263daac48 <unknown>\n#3 0x561263daaee1 <unknown>\n#4 0x561263df1924 <unknown>\n#5 0x561263dcfbad <unknown>\n#6 0x561263deedd6 <unknown>\n#7 0x561263dcf923 <unknown>\n#8 0x561263d9d6e7 <unknown>\n#9 0x561263d9e6de <unknown>\n#10 0x56126403f66b <unknown>\n#11 0x561264043611 <unknown>\n#12 0x56126402b4e5 <unknown>\n#13 0x561264044192 <unknown>\n#14 0x5612640106ef <unknown>\n#15 0x5612640649d8 <unknown>\n#16 0x561264064ba7 <unknown>\n#17 0x5612640749ec <unknown>\n#18 0x7f95ca504a94 <unknown>\n#19 0x7f95ca591a34 __clone","statusTrace":"fixturefunc = <function scrape_step at 0x7f214f7fe0c0>\nrequest = <FixtureRequest for <Function test_scenario_outline[KirkleesCouncil]>>\nkwargs = {'context': <test_validate_council.Context object at 0x7f21623b2de0>, 'headless_mode': 'True', 'local_browser': 'False', 'selenium_url': 'http://localhost:4444'}\n\n    def call_fixture_func(\n        fixturefunc: _FixtureFunc[FixtureValue], request: FixtureRequest, kwargs\n    ) -> FixtureValue:\n        if is_generator(fixturefunc):\n            fixturefunc = cast(\n                Callable[..., Generator[FixtureValue, None, None]], fixturefunc\n            )\n            generator = fixturefunc(**kwargs)\n            try:\n                fixture_result = next(generator)\n            except StopIteration:\n                raise ValueError(f\"{request.fixturename} did not yield a value\") from None\n            finalizer = functools.partial(_teardown_yield_fixture, fixturefunc, generator)\n            request.addfinalizer(finalizer)\n        else:\n            fixturefunc = cast(Callable[..., FixtureValue], fixturefunc)\n>           fixture_result = fixturefunc(**kwargs)\n\n../../../.cache/pypoetry/virtualenvs/uk-bin-collection-EwS6Gn8s-py3.12/lib/python3.12/site-packages/_pytest/fixtures.py:898: \n_ _ _ _ _ _ _ _ _ _ _ _ _ _ _ _ _ _ _ _ _ _ _ _ _ _ _ _ _ _ _ _ _ _ _ _ _ _ _ _ \nuk_bin_collection/tests/step_defs/test_validate_council.py:100: in scrape_step\n    context.parse_result = CollectData.run()\nuk_bin_collection/uk_bin_collection/collect_data.py:101: in run\n    return self.client_code(\nuk_bin_collection/uk_bin_collection/collect_data.py:121: in client_code\n    return get_bin_data_class.template_method(address_url, **kwargs)\nuk_bin_collection/uk_bin_collection/get_bin_data.py:61: in template_method\n    bin_data_dict = self.get_and_parse_data(this_url, **kwargs)\nuk_bin_collection/uk_bin_collection/get_bin_data.py:84: in get_and_parse_data\n    bin_data_dict = self.parse_data(\"\", url=address_url, **kwargs)\nuk_bin_collection/uk_bin_collection/councils/KirkleesCouncil.py:41: in parse_data\n    return self._parse_data(*args, **kwargs)\nuk_bin_collection/uk_bin_collection/councils/KirkleesCouncil.py:74: in _parse_data\n    wait_for_element(\nuk_bin_collection/uk_bin_collection/councils/KirkleesCouncil.py:18: in wait_for_element\n    wait_for_element_conditions(driver, element_present, timeout=timeout)\nuk_bin_collection/uk_bin_collection/councils/KirkleesCouncil.py:23: in wait_for_element_conditions\n    WebDriverWait(driver, timeout).until(conditions)\n_ _ _ _ _ _ _ _ _ _ _ _ _ _ _ _ _ _ _ _ _ _ _ _ _ _ _ _ _ _ _ _ _ _ _ _ _ _ _ _ \n\nself = <selenium.webdriver.support.wait.WebDriverWait (session=\"ac47b0d7aa02f826c5b99be33fdde219\")>\nmethod = <function presence_of_element_located.<locals>._predicate at 0x7f214e6a0ea0>\nmessage = ''\n\n    def until(self, method: Callable[[D], Union[Literal[False], T]], message: str = \"\") -> T:\n        \"\"\"Calls the method provided with the driver as an argument until the \\\n        return value does not evaluate to ``False``.\n    \n        :param method: callable(WebDriver)\n        :param message: optional message for :exc:`TimeoutException`\n        :returns: the result of the last call to `method`\n        :raises: :exc:`selenium.common.exceptions.TimeoutException` if timeout occurs\n        \"\"\"\n        screen = None\n        stacktrace = None\n    \n        end_time = time.monotonic() + self._timeout\n        while True:\n            try:\n                value = method(self._driver)\n                if value:\n                    return value\n            except self._ignored_exceptions as exc:\n                screen = getattr(exc, \"screen\", None)\n                stacktrace = getattr(exc, \"stacktrace\", None)\n            time.sleep(self._poll)\n            if time.monotonic() > end_time:\n                break\n>       raise TimeoutException(message, screen, stacktrace)\nE       selenium.common.exceptions.TimeoutException: Message: \nE       Stacktrace:\nE       #0 0x561264075b9a <unknown>\nE       #1 0x561263d5b670 <unknown>\nE       #2 0x561263daac48 <unknown>\nE       #3 0x561263daaee1 <unknown>\nE       #4 0x561263df1924 <unknown>\nE       #5 0x561263dcfbad <unknown>\nE       #6 0x561263deedd6 <unknown>\nE       #7 0x561263dcf923 <unknown>\nE       #8 0x561263d9d6e7 <unknown>\nE       #9 0x561263d9e6de <unknown>\nE       #10 0x56126403f66b <unknown>\nE       #11 0x561264043611 <unknown>\nE       #12 0x56126402b4e5 <unknown>\nE       #13 0x561264044192 <unknown>\nE       #14 0x5612640106ef <unknown>\nE       #15 0x5612640649d8 <unknown>\nE       #16 0x561264064ba7 <unknown>\nE       #17 0x5612640749ec <unknown>\nE       #18 0x7f95ca504a94 <unknown>\nE       #19 0x7f95ca591a34 __clone\n\n../../../.cache/pypoetry/virtualenvs/uk-bin-collection-EwS6Gn8s-py3.12/lib/python3.12/site-packages/selenium/webdriver/support/wait.py:105: TimeoutException","steps":[{"name":"Given the council","time":{"start":1728951620784,"stop":1728951620784,"duration":0},"status":"passed","steps":[],"attachments":[],"parameters":[],"shouldDisplayMessage":false,"stepsCount":0,"attachmentsCount":0,"hasContent":false,"attachmentStep":false},{"name":"When we scrape the data from the council","time":{"start":1728951620784,"stop":1728951649119,"duration":28335},"status":"failed","statusMessage":"Message: \nStacktrace:\n#0 0x561264075b9a <unknown>\n#1 0x561263d5b670 <unknown>\n#2 0x561263daac48 <unknown>\n#3 0x561263daaee1 <unknown>\n#4 0x561263df1924 <unknown>\n#5 0x561263dcfbad <unknown>\n#6 0x561263deedd6 <unknown>\n#7 0x561263dcf923 <unknown>\n#8 0x561263d9d6e7 <unknown>\n#9 0x561263d9e6de <unknown>\n#10 0x56126403f66b <unknown>\n#11 0x561264043611 <unknown>\n#12 0x56126402b4e5 <unknown>\n#13 0x561264044192 <unknown>\n#14 0x5612640106ef <unknown>\n#15 0x5612640649d8 <unknown>\n#16 0x561264064ba7 <unknown>\n#17 0x5612640749ec <unknown>\n#18 0x7f95ca504a94 <unknown>\n#19 0x7f95ca591a34 __clone\n","statusTrace":"selenium.common.exceptions.TimeoutException: Message: \nStacktrace:\n#0 0x561264075b9a <unknown>\n#1 0x561263d5b670 <unknown>\n#2 0x561263daac48 <unknown>\n#3 0x561263daaee1 <unknown>\n#4 0x561263df1924 <unknown>\n#5 0x561263dcfbad <unknown>\n#6 0x561263deedd6 <unknown>\n#7 0x561263dcf923 <unknown>\n#8 0x561263d9d6e7 <unknown>\n#9 0x561263d9e6de <unknown>\n#10 0x56126403f66b <unknown>\n#11 0x561264043611 <unknown>\n#12 0x56126402b4e5 <unknown>\n#13 0x561264044192 <unknown>\n#14 0x5612640106ef <unknown>\n#15 0x5612640649d8 <unknown>\n#16 0x561264064ba7 <unknown>\n#17 0x5612640749ec <unknown>\n#18 0x7f95ca504a94 <unknown>\n#19 0x7f95ca591a34 __clone\n\n","steps":[],"attachments":[],"parameters":[],"shouldDisplayMessage":true,"stepsCount":0,"attachmentsCount":0,"hasContent":true,"attachmentStep":false}],"attachments":[{"uid":"4cfb363706c364d8","name":"stdout","source":"4cfb363706c364d8.txt","type":"text/plain","size":77}],"parameters":[],"shouldDisplayMessage":true,"stepsCount":2,"attachmentsCount":1,"hasContent":true,"attachmentStep":false},"afterStages":[],"labels":[{"name":"host","value":"fv-az1344-963"},{"name":"thread","value":"2978-MainThread"},{"name":"framework","value":"pytest-bdd"},{"name":"language","value":"cpython3"},{"name":"feature","value":"Test each council output matches expected results"},{"name":"resultFormat","value":"allure2"}],"parameters":[{"name":"council","value":"KirkleesCouncil"}],"links":[],"hidden":false,"retry":false,"extra":{"severity":"normal","retries":[],"categories":[{"name":"Product defects","matchedStatuses":[],"flaky":false}],"history":{"statistic":{"failed":174,"broken":0,"skipped":0,"passed":0,"unknown":0,"total":174},"items":[{"uid":"c0db24ad5f91e4fa","reportUrl":"https://robbrad.github.io/UKBinCollectionData/3.11/2227//#testresult/c0db24ad5f91e4fa","status":"failed","statusDetails":"selenium.common.exceptions.TimeoutException: Message: \nStacktrace:\n#0 0x55c0ed212b9a <unknown>\n#1 0x55c0ecef8670 <unknown>\n#2 0x55c0ecf47c48 <unknown>\n#3 0x55c0ecf47ee1 <unknown>\n#4 0x55c0ecf8e924 <unknown>\n#5 0x55c0ecf6cbad <unknown>\n#6 0x55c0ecf8bdd6 <unknown>\n#7 0x55c0ecf6c923 <unknown>\n#8 0x55c0ecf3a6e7 <unknown>\n#9 0x55c0ecf3b6de <unknown>\n#10 0x55c0ed1dc66b <unknown>\n#11 0x55c0ed1e0611 <unknown>\n#12 0x55c0ed1c84e5 <unknown>\n#13 0x55c0ed1e1192 <unknown>\n#14 0x55c0ed1ad6ef <unknown>\n#15 0x55c0ed2019d8 <unknown>\n#16 0x55c0ed201ba7 <unknown>\n#17 0x55c0ed2119ec <unknown>\n#18 0x7fd71ed4fa94 <unknown>\n#19 0x7fd71eddca34 __clone","time":{"start":1728865068029,"stop":1728865148470,"duration":80441}},{"uid":"82d326f6850aec12","reportUrl":"https://robbrad.github.io/UKBinCollectionData/3.11/2214//#testresult/82d326f6850aec12","status":"failed","statusDetails":"selenium.common.exceptions.TimeoutException: Message: \nStacktrace:\n#0 0x56057ff86b9a <unknown>\n#1 0x56057fc6c670 <unknown>\n#2 0x56057fcbbc48 <unknown>\n#3 0x56057fcbbee1 <unknown>\n#4 0x56057fd02924 <unknown>\n#5 0x56057fce0bad <unknown>\n#6 0x56057fcffdd6 <unknown>\n#7 0x56057fce0923 <unknown>\n#8 0x56057fcae6e7 <unknown>\n#9 0x56057fcaf6de <unknown>\n#10 0x56057ff5066b <unknown>\n#11 0x56057ff54611 <unknown>\n#12 0x56057ff3c4e5 <unknown>\n#13 0x56057ff55192 <unknown>\n#14 0x56057ff216ef <unknown>\n#15 0x56057ff759d8 <unknown>\n#16 0x56057ff75ba7 <unknown>\n#17 0x56057ff859ec <unknown>\n#18 0x7f39b64baa94 <unknown>\n#19 0x7f39b6547a34 __clone","time":{"start":1728778594279,"stop":1728778656987,"duration":62708}},{"uid":"f060ec88428cc58d","reportUrl":"https://robbrad.github.io/UKBinCollectionData/3.11/2211//#testresult/f060ec88428cc58d","status":"failed","statusDetails":"selenium.common.exceptions.TimeoutException: Message: \nStacktrace:\n#0 0x55fc9525cb9a <unknown>\n#1 0x55fc94f42670 <unknown>\n#2 0x55fc94f91c48 <unknown>\n#3 0x55fc94f91ee1 <unknown>\n#4 0x55fc94fd8924 <unknown>\n#5 0x55fc94fb6bad <unknown>\n#6 0x55fc94fd5dd6 <unknown>\n#7 0x55fc94fb6923 <unknown>\n#8 0x55fc94f846e7 <unknown>\n#9 0x55fc94f856de <unknown>\n#10 0x55fc9522666b <unknown>\n#11 0x55fc9522a611 <unknown>\n#12 0x55fc952124e5 <unknown>\n#13 0x55fc9522b192 <unknown>\n#14 0x55fc951f76ef <unknown>\n#15 0x55fc9524b9d8 <unknown>\n#16 0x55fc9524bba7 <unknown>\n#17 0x55fc9525b9ec <unknown>\n#18 0x7fdd1b97da94 <unknown>\n#19 0x7fdd1ba0aa34 __clone","time":{"start":1728692278248,"stop":1728692335058,"duration":56810}},{"uid":"8c7c8bb5255da406","reportUrl":"https://robbrad.github.io/UKBinCollectionData/3.11/2210//#testresult/8c7c8bb5255da406","status":"failed","statusDetails":"selenium.common.exceptions.TimeoutException: Message: \nStacktrace:\n#0 0x55675bb14b9a <unknown>\n#1 0x55675b7fa670 <unknown>\n#2 0x55675b849c48 <unknown>\n#3 0x55675b849ee1 <unknown>\n#4 0x55675b890924 <unknown>\n#5 0x55675b86ebad <unknown>\n#6 0x55675b88ddd6 <unknown>\n#7 0x55675b86e923 <unknown>\n#8 0x55675b83c6e7 <unknown>\n#9 0x55675b83d6de <unknown>\n#10 0x55675bade66b <unknown>\n#11 0x55675bae2611 <unknown>\n#12 0x55675baca4e5 <unknown>\n#13 0x55675bae3192 <unknown>\n#14 0x55675baaf6ef <unknown>\n#15 0x55675bb039d8 <unknown>\n#16 0x55675bb03ba7 <unknown>\n#17 0x55675bb139ec <unknown>\n#18 0x7f882f1fca94 <unknown>\n#19 0x7f882f289a34 __clone","time":{"start":1728605754025,"stop":1728605780122,"duration":26097}},{"uid":"88c7365c326c326e","reportUrl":"https://robbrad.github.io/UKBinCollectionData/3.11/2199//#testresult/88c7365c326c326e","status":"failed","statusDetails":"selenium.common.exceptions.SessionNotCreatedException: Message: Could not start a new session. New session request timed out \nHost info: host: 'selenium', ip: '172.18.0.2'\nBuild info: version: '4.25.0', revision: '030fcf7918'\nSystem info: os.name: 'Linux', os.arch: 'amd64', os.version: '6.5.0-1025-azure', java.version: '17.0.12'\nDriver info: driver.version: unknown\nStacktrace:\n    at org.openqa.selenium.grid.sessionqueue.local.LocalNewSessionQueue.addToQueue (LocalNewSessionQueue.java:221)\n    at org.openqa.selenium.grid.sessionqueue.NewSessionQueue.lambda$new$0 (NewSessionQueue.java:68)\n    at org.openqa.selenium.remote.http.Route$TemplatizedRoute.handle (Route.java:192)\n    at org.openqa.selenium.remote.http.Route.execute (Route.java:69)\n    at org.openqa.selenium.remote.http.Route$CombinedRoute.handle (Route.java:360)\n    at org.openqa.selenium.remote.http.Route.execute (Route.java:69)\n    at org.openqa.selenium.grid.sessionqueue.NewSessionQueue.execute (NewSessionQueue.java:128)\n    at org.openqa.selenium.remote.tracing.SpanWrappedHttpHandler.execute (SpanWrappedHttpHandler.java:87)\n    at org.openqa.selenium.remote.http.Filter$1.execute (Filter.java:63)\n    at org.openqa.selenium.remote.http.Route$CombinedRoute.handle (Route.java:360)\n    at org.openqa.selenium.remote.http.Route.execute (Route.java:69)\n    at org.openqa.selenium.grid.router.Router.execute (Router.java:87)\n    at org.openqa.selenium.grid.web.EnsureSpecCompliantResponseHeaders.lambda$apply$0 (EnsureSpecCompliantResponseHeaders.java:34)\n    at org.openqa.selenium.remote.http.Filter$1.execute (Filter.java:63)\n    at org.openqa.selenium.remote.http.Route$CombinedRoute.handle (Route.java:360)\n    at org.openqa.selenium.remote.http.Route.execute (Route.java:69)\n    at org.openqa.selenium.remote.AddWebDriverSpecHeaders.lambda$apply$0 (AddWebDriverSpecHeaders.java:35)\n    at org.openqa.selenium.remote.ErrorFilter.lambda$apply$0 (ErrorFilter.java:44)\n    at org.openqa.selenium.remote.http.Filter$1.execute (Filter.java:63)\n    at org.openqa.selenium.remote.ErrorFilter.lambda$apply$0 (ErrorFilter.java:44)\n    at org.openqa.selenium.remote.http.Filter$1.execute (Filter.java:63)\n    at org.openqa.selenium.netty.server.SeleniumHandler.lambda$channelRead0$0 (SeleniumHandler.java:44)\n    at java.util.concurrent.Executors$RunnableAdapter.call (Executors.java:539)\n    at java.util.concurrent.FutureTask.run (FutureTask.java:264)\n    at java.util.concurrent.ThreadPoolExecutor.runWorker (ThreadPoolExecutor.java:1136)\n    at java.util.concurrent.ThreadPoolExecutor$Worker.run (ThreadPoolExecutor.java:635)\n    at java.lang.Thread.run (Thread.java:840)","time":{"start":1728519428181,"stop":1728519728191,"duration":300010}},{"uid":"d0ba1b6708caaf27","reportUrl":"https://robbrad.github.io/UKBinCollectionData/3.11/2188//#testresult/d0ba1b6708caaf27","status":"failed","statusDetails":"selenium.common.exceptions.TimeoutException: Message: \nStacktrace:\n#0 0x55753ab7213a <unknown>\n#1 0x55753a8585e0 <unknown>\n#2 0x55753a8a7be8 <unknown>\n#3 0x55753a8a7e81 <unknown>\n#4 0x55753a8ee8c4 <unknown>\n#5 0x55753a8ccb4d <unknown>\n#6 0x55753a8ebd7d <unknown>\n#7 0x55753a8cc8c3 <unknown>\n#8 0x55753a89a6b3 <unknown>\n#9 0x55753a89b68e <unknown>\n#10 0x55753ab3cb3b <unknown>\n#11 0x55753ab40ac1 <unknown>\n#12 0x55753ab29335 <unknown>\n#13 0x55753ab41642 <unknown>\n#14 0x55753ab0e49f <unknown>\n#15 0x55753ab61038 <unknown>\n#16 0x55753ab61203 <unknown>\n#17 0x55753ab70f8c <unknown>\n#18 0x7f6e70e7ba94 <unknown>\n#19 0x7f6e70f08a34 __clone","time":{"start":1728432830820,"stop":1728432915905,"duration":85085}},{"uid":"f01956c36d8b2908","reportUrl":"https://robbrad.github.io/UKBinCollectionData/3.11/2169//#testresult/f01956c36d8b2908","status":"failed","statusDetails":"selenium.common.exceptions.TimeoutException: Message: \nStacktrace:\n#0 0x56079b1eb13a <unknown>\n#1 0x56079aed15e0 <unknown>\n#2 0x56079af20be8 <unknown>\n#3 0x56079af20e81 <unknown>\n#4 0x56079af678c4 <unknown>\n#5 0x56079af45b4d <unknown>\n#6 0x56079af64d7d <unknown>\n#7 0x56079af458c3 <unknown>\n#8 0x56079af136b3 <unknown>\n#9 0x56079af1468e <unknown>\n#10 0x56079b1b5b3b <unknown>\n#11 0x56079b1b9ac1 <unknown>\n#12 0x56079b1a2335 <unknown>\n#13 0x56079b1ba642 <unknown>\n#14 0x56079b18749f <unknown>\n#15 0x56079b1da038 <unknown>\n#16 0x56079b1da203 <unknown>\n#17 0x56079b1e9f8c <unknown>\n#18 0x7f0aa9b3aa94 <unknown>\n#19 0x7f0aa9bc7a34 __clone","time":{"start":1728332872511,"stop":1728332901305,"duration":28794}},{"uid":"144b31bd83b97314","reportUrl":"https://robbrad.github.io/UKBinCollectionData/3.11/2165//#testresult/144b31bd83b97314","status":"failed","statusDetails":"selenium.common.exceptions.TimeoutException: Message: \nStacktrace:\n#0 0x564b4d35913a <unknown>\n#1 0x564b4d03f5e0 <unknown>\n#2 0x564b4d08ebe8 <unknown>\n#3 0x564b4d08ee81 <unknown>\n#4 0x564b4d0d58c4 <unknown>\n#5 0x564b4d0b3b4d <unknown>\n#6 0x564b4d0d2d7d <unknown>\n#7 0x564b4d0b38c3 <unknown>\n#8 0x564b4d0816b3 <unknown>\n#9 0x564b4d08268e <unknown>\n#10 0x564b4d323b3b <unknown>\n#11 0x564b4d327ac1 <unknown>\n#12 0x564b4d310335 <unknown>\n#13 0x564b4d328642 <unknown>\n#14 0x564b4d2f549f <unknown>\n#15 0x564b4d348038 <unknown>\n#16 0x564b4d348203 <unknown>\n#17 0x564b4d357f8c <unknown>\n#18 0x7f23afb03a94 <unknown>\n#19 0x7f23afb90a34 __clone","time":{"start":1728260214479,"stop":1728260259532,"duration":45053}},{"uid":"85890018254e7e1c","reportUrl":"https://robbrad.github.io/UKBinCollectionData/3.11/2164//#testresult/85890018254e7e1c","status":"failed","statusDetails":"selenium.common.exceptions.TimeoutException: Message: \nStacktrace:\n#0 0x5608d3e1c13a <unknown>\n#1 0x5608d3b025e0 <unknown>\n#2 0x5608d3b51be8 <unknown>\n#3 0x5608d3b51e81 <unknown>\n#4 0x5608d3b988c4 <unknown>\n#5 0x5608d3b76b4d <unknown>\n#6 0x5608d3b95d7d <unknown>\n#7 0x5608d3b768c3 <unknown>\n#8 0x5608d3b446b3 <unknown>\n#9 0x5608d3b4568e <unknown>\n#10 0x5608d3de6b3b <unknown>\n#11 0x5608d3deaac1 <unknown>\n#12 0x5608d3dd3335 <unknown>\n#13 0x5608d3deb642 <unknown>\n#14 0x5608d3db849f <unknown>\n#15 0x5608d3e0b038 <unknown>\n#16 0x5608d3e0b203 <unknown>\n#17 0x5608d3e1af8c <unknown>\n#18 0x7f87af443a94 <unknown>\n#19 0x7f87af4d0a34 __clone","time":{"start":1728173814665,"stop":1728173880006,"duration":65341}},{"uid":"56d904da82c5ab0f","reportUrl":"https://robbrad.github.io/UKBinCollectionData/3.11/2160//#testresult/56d904da82c5ab0f","status":"failed","statusDetails":"selenium.common.exceptions.TimeoutException: Message: \nStacktrace:\n#0 0x564ad34f013a <unknown>\n#1 0x564ad31d65e0 <unknown>\n#2 0x564ad3225be8 <unknown>\n#3 0x564ad3225e81 <unknown>\n#4 0x564ad326c8c4 <unknown>\n#5 0x564ad324ab4d <unknown>\n#6 0x564ad3269d7d <unknown>\n#7 0x564ad324a8c3 <unknown>\n#8 0x564ad32186b3 <unknown>\n#9 0x564ad321968e <unknown>\n#10 0x564ad34bab3b <unknown>\n#11 0x564ad34beac1 <unknown>\n#12 0x564ad34a7335 <unknown>\n#13 0x564ad34bf642 <unknown>\n#14 0x564ad348c49f <unknown>\n#15 0x564ad34df038 <unknown>\n#16 0x564ad34df203 <unknown>\n#17 0x564ad34eef8c <unknown>\n#18 0x7f89f28fda94 <unknown>\n#19 0x7f89f298aa34 __clone","time":{"start":1728086768551,"stop":1728086817782,"duration":49231}},{"uid":"e5f1f1c65f61b6c1","reportUrl":"https://robbrad.github.io/UKBinCollectionData/3.11/2152//#testresult/e5f1f1c65f61b6c1","status":"failed","statusDetails":"selenium.common.exceptions.TimeoutException: Message: \nStacktrace:\n#0 0x55ec9ccfd13a <unknown>\n#1 0x55ec9c9e35e0 <unknown>\n#2 0x55ec9ca32be8 <unknown>\n#3 0x55ec9ca32e81 <unknown>\n#4 0x55ec9ca798c4 <unknown>\n#5 0x55ec9ca57b4d <unknown>\n#6 0x55ec9ca76d7d <unknown>\n#7 0x55ec9ca578c3 <unknown>\n#8 0x55ec9ca256b3 <unknown>\n#9 0x55ec9ca2668e <unknown>\n#10 0x55ec9ccc7b3b <unknown>\n#11 0x55ec9cccbac1 <unknown>\n#12 0x55ec9ccb4335 <unknown>\n#13 0x55ec9cccc642 <unknown>\n#14 0x55ec9cc9949f <unknown>\n#15 0x55ec9ccec038 <unknown>\n#16 0x55ec9ccec203 <unknown>\n#17 0x55ec9ccfbf8c <unknown>\n#18 0x7f0117a2aa94 <unknown>\n#19 0x7f0117ab7a34 __clone","time":{"start":1728000418306,"stop":1728000444772,"duration":26466}},{"uid":"7b2271e12d9a0c52","reportUrl":"https://robbrad.github.io/UKBinCollectionData/3.11/2148//#testresult/7b2271e12d9a0c52","status":"failed","statusDetails":"selenium.common.exceptions.TimeoutException: Message: \nStacktrace:\n#0 0x55a3c2cfe13a <unknown>\n#1 0x55a3c29e45e0 <unknown>\n#2 0x55a3c2a33be8 <unknown>\n#3 0x55a3c2a33e81 <unknown>\n#4 0x55a3c2a7a8c4 <unknown>\n#5 0x55a3c2a58b4d <unknown>\n#6 0x55a3c2a77d7d <unknown>\n#7 0x55a3c2a588c3 <unknown>\n#8 0x55a3c2a266b3 <unknown>\n#9 0x55a3c2a2768e <unknown>\n#10 0x55a3c2cc8b3b <unknown>\n#11 0x55a3c2cccac1 <unknown>\n#12 0x55a3c2cb5335 <unknown>\n#13 0x55a3c2ccd642 <unknown>\n#14 0x55a3c2c9a49f <unknown>\n#15 0x55a3c2ced038 <unknown>\n#16 0x55a3c2ced203 <unknown>\n#17 0x55a3c2cfcf8c <unknown>\n#18 0x7f35a3f31a94 <unknown>\n#19 0x7f35a3fbea34 __clone","time":{"start":1727932700772,"stop":1727932765450,"duration":64678}},{"uid":"c6d11cc356fb964c","reportUrl":"https://robbrad.github.io/UKBinCollectionData/3.11/2146//#testresult/c6d11cc356fb964c","status":"failed","statusDetails":"selenium.common.exceptions.TimeoutException: Message: \nStacktrace:\n#0 0x563b7471213a <unknown>\n#1 0x563b743f85e0 <unknown>\n#2 0x563b74447be8 <unknown>\n#3 0x563b74447e81 <unknown>\n#4 0x563b7448e8c4 <unknown>\n#5 0x563b7446cb4d <unknown>\n#6 0x563b7448bd7d <unknown>\n#7 0x563b7446c8c3 <unknown>\n#8 0x563b7443a6b3 <unknown>\n#9 0x563b7443b68e <unknown>\n#10 0x563b746dcb3b <unknown>\n#11 0x563b746e0ac1 <unknown>\n#12 0x563b746c9335 <unknown>\n#13 0x563b746e1642 <unknown>\n#14 0x563b746ae49f <unknown>\n#15 0x563b74701038 <unknown>\n#16 0x563b74701203 <unknown>\n#17 0x563b74710f8c <unknown>\n#18 0x7f7c86091a94 <unknown>\n#19 0x7f7c8611ea34 __clone","time":{"start":1727914448980,"stop":1727914568268,"duration":119288}},{"uid":"6e2ed3589c00cb4c","reportUrl":"https://robbrad.github.io/UKBinCollectionData/3.11/2139//#testresult/6e2ed3589c00cb4c","status":"failed","statusDetails":"selenium.common.exceptions.TimeoutException: Message: \nStacktrace:\n#0 0x562699c3d13a <unknown>\n#1 0x5626999235e0 <unknown>\n#2 0x562699972be8 <unknown>\n#3 0x562699972e81 <unknown>\n#4 0x5626999b98c4 <unknown>\n#5 0x562699997b4d <unknown>\n#6 0x5626999b6d7d <unknown>\n#7 0x5626999978c3 <unknown>\n#8 0x5626999656b3 <unknown>\n#9 0x56269996668e <unknown>\n#10 0x562699c07b3b <unknown>\n#11 0x562699c0bac1 <unknown>\n#12 0x562699bf4335 <unknown>\n#13 0x562699c0c642 <unknown>\n#14 0x562699bd949f <unknown>\n#15 0x562699c2c038 <unknown>\n#16 0x562699c2c203 <unknown>\n#17 0x562699c3bf8c <unknown>\n#18 0x7f41bd685a94 <unknown>\n#19 0x7f41bd712a34 __clone","time":{"start":1727828028476,"stop":1727828148099,"duration":119623}},{"uid":"21fef809f20386d9","reportUrl":"https://robbrad.github.io/UKBinCollectionData/3.11/2138//#testresult/21fef809f20386d9","status":"failed","statusDetails":"selenium.common.exceptions.TimeoutException: Message: \nStacktrace:\n#0 0x558b9bb0213a <unknown>\n#1 0x558b9b7e85e0 <unknown>\n#2 0x558b9b837be8 <unknown>\n#3 0x558b9b837e81 <unknown>\n#4 0x558b9b87e8c4 <unknown>\n#5 0x558b9b85cb4d <unknown>\n#6 0x558b9b87bd7d <unknown>\n#7 0x558b9b85c8c3 <unknown>\n#8 0x558b9b82a6b3 <unknown>\n#9 0x558b9b82b68e <unknown>\n#10 0x558b9baccb3b <unknown>\n#11 0x558b9bad0ac1 <unknown>\n#12 0x558b9bab9335 <unknown>\n#13 0x558b9bad1642 <unknown>\n#14 0x558b9ba9e49f <unknown>\n#15 0x558b9baf1038 <unknown>\n#16 0x558b9baf1203 <unknown>\n#17 0x558b9bb00f8c <unknown>\n#18 0x7f802133ba94 <unknown>\n#19 0x7f80213c8a34 __clone","time":{"start":1727741841719,"stop":1727741913935,"duration":72216}},{"uid":"690b323707d22df8","reportUrl":"https://robbrad.github.io/UKBinCollectionData/3.11/2137//#testresult/690b323707d22df8","status":"failed","statusDetails":"selenium.common.exceptions.TimeoutException: Message: \nStacktrace:\n#0 0x55dd446d813a <unknown>\n#1 0x55dd443be5e0 <unknown>\n#2 0x55dd4440dbe8 <unknown>\n#3 0x55dd4440de81 <unknown>\n#4 0x55dd444548c4 <unknown>\n#5 0x55dd44432b4d <unknown>\n#6 0x55dd44451d7d <unknown>\n#7 0x55dd444328c3 <unknown>\n#8 0x55dd444006b3 <unknown>\n#9 0x55dd4440168e <unknown>\n#10 0x55dd446a2b3b <unknown>\n#11 0x55dd446a6ac1 <unknown>\n#12 0x55dd4468f335 <unknown>\n#13 0x55dd446a7642 <unknown>\n#14 0x55dd4467449f <unknown>\n#15 0x55dd446c7038 <unknown>\n#16 0x55dd446c7203 <unknown>\n#17 0x55dd446d6f8c <unknown>\n#18 0x7fd69b3eca94 <unknown>\n#19 0x7fd69b479a34 __clone","time":{"start":1727655206361,"stop":1727655251606,"duration":45245}},{"uid":"662e2dd552886c04","reportUrl":"https://robbrad.github.io/UKBinCollectionData/3.11/2136//#testresult/662e2dd552886c04","status":"failed","statusDetails":"selenium.common.exceptions.TimeoutException: Message: \nStacktrace:\n#0 0x555671b0a13a <unknown>\n#1 0x5556717f05e0 <unknown>\n#2 0x55567183fbe8 <unknown>\n#3 0x55567183fe81 <unknown>\n#4 0x5556718868c4 <unknown>\n#5 0x555671864b4d <unknown>\n#6 0x555671883d7d <unknown>\n#7 0x5556718648c3 <unknown>\n#8 0x5556718326b3 <unknown>\n#9 0x55567183368e <unknown>\n#10 0x555671ad4b3b <unknown>\n#11 0x555671ad8ac1 <unknown>\n#12 0x555671ac1335 <unknown>\n#13 0x555671ad9642 <unknown>\n#14 0x555671aa649f <unknown>\n#15 0x555671af9038 <unknown>\n#16 0x555671af9203 <unknown>\n#17 0x555671b08f8c <unknown>\n#18 0x7f2e91da4a94 <unknown>\n#19 0x7f2e91e31a34 __clone","time":{"start":1727568840733,"stop":1727568964018,"duration":123285}},{"uid":"1ba1641d75634bfe","reportUrl":"https://robbrad.github.io/UKBinCollectionData/3.11/2135//#testresult/1ba1641d75634bfe","status":"failed","statusDetails":"selenium.common.exceptions.TimeoutException: Message: \nStacktrace:\n#0 0x559650d3713a <unknown>\n#1 0x559650a1d5e0 <unknown>\n#2 0x559650a6cbe8 <unknown>\n#3 0x559650a6ce81 <unknown>\n#4 0x559650ab38c4 <unknown>\n#5 0x559650a91b4d <unknown>\n#6 0x559650ab0d7d <unknown>\n#7 0x559650a918c3 <unknown>\n#8 0x559650a5f6b3 <unknown>\n#9 0x559650a6068e <unknown>\n#10 0x559650d01b3b <unknown>\n#11 0x559650d05ac1 <unknown>\n#12 0x559650cee335 <unknown>\n#13 0x559650d06642 <unknown>\n#14 0x559650cd349f <unknown>\n#15 0x559650d26038 <unknown>\n#16 0x559650d26203 <unknown>\n#17 0x559650d35f8c <unknown>\n#18 0x7f5eaf342a94 <unknown>\n#19 0x7f5eaf3cfa34 __clone","time":{"start":1727482475860,"stop":1727482593989,"duration":118129}},{"uid":"a1bd166364ba5a81","reportUrl":"https://robbrad.github.io/UKBinCollectionData/3.11/2131//#testresult/a1bd166364ba5a81","status":"failed","statusDetails":"selenium.common.exceptions.TimeoutException: Message: \nStacktrace:\n#0 0x55fe72b6d13a <unknown>\n#1 0x55fe728535e0 <unknown>\n#2 0x55fe728a2be8 <unknown>\n#3 0x55fe728a2e81 <unknown>\n#4 0x55fe728e98c4 <unknown>\n#5 0x55fe728c7b4d <unknown>\n#6 0x55fe728e6d7d <unknown>\n#7 0x55fe728c78c3 <unknown>\n#8 0x55fe728956b3 <unknown>\n#9 0x55fe7289668e <unknown>\n#10 0x55fe72b37b3b <unknown>\n#11 0x55fe72b3bac1 <unknown>\n#12 0x55fe72b24335 <unknown>\n#13 0x55fe72b3c642 <unknown>\n#14 0x55fe72b0949f <unknown>\n#15 0x55fe72b5c038 <unknown>\n#16 0x55fe72b5c203 <unknown>\n#17 0x55fe72b6bf8c <unknown>\n#18 0x7faadef65a94 <unknown>\n#19 0x7faadeff2a34 __clone","time":{"start":1727422558937,"stop":1727422625477,"duration":66540}},{"uid":"924f7309a3b31caf","reportUrl":"https://robbrad.github.io/UKBinCollectionData/3.11/2130//#testresult/924f7309a3b31caf","status":"failed","statusDetails":"selenium.common.exceptions.TimeoutException: Message: \nStacktrace:\n#0 0x55d833b6113a <unknown>\n#1 0x55d8338475e0 <unknown>\n#2 0x55d833896be8 <unknown>\n#3 0x55d833896e81 <unknown>\n#4 0x55d8338dd8c4 <unknown>\n#5 0x55d8338bbb4d <unknown>\n#6 0x55d8338dad7d <unknown>\n#7 0x55d8338bb8c3 <unknown>\n#8 0x55d8338896b3 <unknown>\n#9 0x55d83388a68e <unknown>\n#10 0x55d833b2bb3b <unknown>\n#11 0x55d833b2fac1 <unknown>\n#12 0x55d833b18335 <unknown>\n#13 0x55d833b30642 <unknown>\n#14 0x55d833afd49f <unknown>\n#15 0x55d833b50038 <unknown>\n#16 0x55d833b50203 <unknown>\n#17 0x55d833b5ff8c <unknown>\n#18 0x7ff4a2be5a94 <unknown>\n#19 0x7ff4a2c72a34 __clone","time":{"start":1727396262557,"stop":1727396330293,"duration":67736}}]},"tags":[]},"source":"da7acda3a5fe6462.json","parameterValues":["KirkleesCouncil"]}