{"uid":"2a8eaf4f00335a9e","name":"Validate Council Output [RenfrewshireCouncil]","fullName":"features/validate_council_outputs.feature:Validate Council Output","historyId":"21c77c05ec171f4a60a68c21bf3d0b55","time":{"start":1728693463275,"stop":1728693506874,"duration":43599},"status":"passed","flaky":false,"newFailed":false,"newBroken":false,"newPassed":false,"retriesCount":0,"retriesStatusChange":false,"beforeStages":[],"testStage":{"status":"passed","steps":[{"name":"Given the council","time":{"start":1728693463276,"stop":1728693463276,"duration":0},"status":"passed","steps":[],"attachments":[],"parameters":[],"shouldDisplayMessage":false,"stepsCount":0,"attachmentsCount":0,"hasContent":false,"attachmentStep":false},{"name":"When we scrape the data from the council","time":{"start":1728693463276,"stop":1728693506872,"duration":43596},"status":"passed","steps":[],"attachments":[],"parameters":[],"shouldDisplayMessage":false,"stepsCount":0,"attachmentsCount":0,"hasContent":false,"attachmentStep":false},{"name":"Then the result is valid json","time":{"start":1728693506872,"stop":1728693506872,"duration":0},"status":"passed","steps":[],"attachments":[],"parameters":[],"shouldDisplayMessage":false,"stepsCount":0,"attachmentsCount":0,"hasContent":false,"attachmentStep":false},{"name":"And the output should validate against the schema","time":{"start":1728693506872,"stop":1728693506874,"duration":2},"status":"passed","steps":[],"attachments":[],"parameters":[],"shouldDisplayMessage":false,"stepsCount":0,"attachmentsCount":0,"hasContent":false,"attachmentStep":false}],"attachments":[{"uid":"616ade80cc016e20","name":"stdout","source":"616ade80cc016e20.txt","type":"text/plain","size":46}],"parameters":[],"shouldDisplayMessage":false,"stepsCount":4,"attachmentsCount":1,"hasContent":true,"attachmentStep":false},"afterStages":[],"labels":[{"name":"host","value":"fv-az661-552"},{"name":"thread","value":"2848-MainThread"},{"name":"framework","value":"pytest-bdd"},{"name":"language","value":"cpython3"},{"name":"feature","value":"Test each council output matches expected results"},{"name":"resultFormat","value":"allure2"}],"parameters":[{"name":"council","value":"RenfrewshireCouncil"}],"links":[],"hidden":false,"retry":false,"extra":{"severity":"normal","retries":[],"categories":[],"history":{"statistic":{"failed":60,"broken":0,"skipped":0,"passed":109,"unknown":0,"total":169},"items":[{"uid":"a481529039721f1d","reportUrl":"https://robbrad.github.io/UKBinCollectionData/3.12/2210//#testresult/a481529039721f1d","status":"passed","time":{"start":1728606677084,"stop":1728606741331,"duration":64247}},{"uid":"c6f0d40c09ecfe38","reportUrl":"https://robbrad.github.io/UKBinCollectionData/3.12/2199//#testresult/c6f0d40c09ecfe38","status":"failed","statusDetails":"selenium.common.exceptions.ElementClickInterceptedException: Message: element click intercepted: Element is not clickable at point (1142, 1033)\n  (Session info: chrome=129.0.6668.58)\nStacktrace:\n#0 0x564a9607b13a <unknown>\n#1 0x564a95d615e0 <unknown>\n#2 0x564a95db7866 <unknown>\n#3 0x564a95db578d <unknown>\n#4 0x564a95db3237 <unknown>\n#5 0x564a95db2646 <unknown>\n#6 0x564a95da5a98 <unknown>\n#7 0x564a95dd5b22 <unknown>\n#8 0x564a95da5478 <unknown>\n#9 0x564a95dd5cee <unknown>\n#10 0x564a95df4d7d <unknown>\n#11 0x564a95dd58c3 <unknown>\n#12 0x564a95da36b3 <unknown>\n#13 0x564a95da468e <unknown>\n#14 0x564a96045b3b <unknown>\n#15 0x564a96049ac1 <unknown>\n#16 0x564a96032335 <unknown>\n#17 0x564a9604a642 <unknown>\n#18 0x564a9601749f <unknown>\n#19 0x564a9606a038 <unknown>\n#20 0x564a9606a203 <unknown>\n#21 0x564a96079f8c <unknown>\n#22 0x7febd94d0a94 <unknown>\n#23 0x7febd955da34 __clone","time":{"start":1728520338586,"stop":1728520396231,"duration":57645}},{"uid":"6e3d9e9326830437","reportUrl":"https://robbrad.github.io/UKBinCollectionData/3.12/2188//#testresult/6e3d9e9326830437","status":"failed","statusDetails":"selenium.common.exceptions.ElementClickInterceptedException: Message: element click intercepted: Element is not clickable at point (1142, 1043)\n  (Session info: chrome=129.0.6668.58)\nStacktrace:\n#0 0x55c5bb76e13a <unknown>\n#1 0x55c5bb4545e0 <unknown>\n#2 0x55c5bb4aa866 <unknown>\n#3 0x55c5bb4a878d <unknown>\n#4 0x55c5bb4a6237 <unknown>\n#5 0x55c5bb4a5646 <unknown>\n#6 0x55c5bb498a98 <unknown>\n#7 0x55c5bb4c8b22 <unknown>\n#8 0x55c5bb498478 <unknown>\n#9 0x55c5bb4c8cee <unknown>\n#10 0x55c5bb4e7d7d <unknown>\n#11 0x55c5bb4c88c3 <unknown>\n#12 0x55c5bb4966b3 <unknown>\n#13 0x55c5bb49768e <unknown>\n#14 0x55c5bb738b3b <unknown>\n#15 0x55c5bb73cac1 <unknown>\n#16 0x55c5bb725335 <unknown>\n#17 0x55c5bb73d642 <unknown>\n#18 0x55c5bb70a49f <unknown>\n#19 0x55c5bb75d038 <unknown>\n#20 0x55c5bb75d203 <unknown>\n#21 0x55c5bb76cf8c <unknown>\n#22 0x7f8c09ce1a94 <unknown>\n#23 0x7f8c09d6ea34 __clone","time":{"start":1728433285661,"stop":1728433316199,"duration":30538}},{"uid":"d82e1527674f7b1","reportUrl":"https://robbrad.github.io/UKBinCollectionData/3.12/2169//#testresult/d82e1527674f7b1","status":"passed","time":{"start":1728333614675,"stop":1728333665153,"duration":50478}},{"uid":"5d4b699cc4649687","reportUrl":"https://robbrad.github.io/UKBinCollectionData/3.12/2165//#testresult/5d4b699cc4649687","status":"failed","statusDetails":"selenium.common.exceptions.ElementClickInterceptedException: Message: element click intercepted: Element is not clickable at point (1142, 1043)\n  (Session info: chrome=129.0.6668.58)\nStacktrace:\n#0 0x55e877b4d13a <unknown>\n#1 0x55e8778335e0 <unknown>\n#2 0x55e877889866 <unknown>\n#3 0x55e87788778d <unknown>\n#4 0x55e877885237 <unknown>\n#5 0x55e877884646 <unknown>\n#6 0x55e877877a98 <unknown>\n#7 0x55e8778a7b22 <unknown>\n#8 0x55e877877478 <unknown>\n#9 0x55e8778a7cee <unknown>\n#10 0x55e8778c6d7d <unknown>\n#11 0x55e8778a78c3 <unknown>\n#12 0x55e8778756b3 <unknown>\n#13 0x55e87787668e <unknown>\n#14 0x55e877b17b3b <unknown>\n#15 0x55e877b1bac1 <unknown>\n#16 0x55e877b04335 <unknown>\n#17 0x55e877b1c642 <unknown>\n#18 0x55e877ae949f <unknown>\n#19 0x55e877b3c038 <unknown>\n#20 0x55e877b3c203 <unknown>\n#21 0x55e877b4bf8c <unknown>\n#22 0x7f18bad09a94 <unknown>\n#23 0x7f18bad96a34 __clone","time":{"start":1728260830135,"stop":1728260844557,"duration":14422}},{"uid":"6c5d4682247ed4e0","reportUrl":"https://robbrad.github.io/UKBinCollectionData/3.12/2164//#testresult/6c5d4682247ed4e0","status":"passed","time":{"start":1728174545241,"stop":1728174573523,"duration":28282}},{"uid":"2d47376a937d637a","reportUrl":"https://robbrad.github.io/UKBinCollectionData/3.12/2160//#testresult/2d47376a937d637a","status":"failed","statusDetails":"selenium.common.exceptions.SessionNotCreatedException: Message: Could not start a new session. New session request timed out \nHost info: host: 'selenium', ip: '172.18.0.2'\nBuild info: version: '4.25.0', revision: '030fcf7918'\nSystem info: os.name: 'Linux', os.arch: 'amd64', os.version: '6.8.0-1014-azure', java.version: '17.0.12'\nDriver info: driver.version: unknown\nStacktrace:\n    at org.openqa.selenium.grid.sessionqueue.local.LocalNewSessionQueue.addToQueue (LocalNewSessionQueue.java:221)\n    at org.openqa.selenium.grid.sessionqueue.NewSessionQueue.lambda$new$0 (NewSessionQueue.java:68)\n    at org.openqa.selenium.remote.http.Route$TemplatizedRoute.handle (Route.java:192)\n    at org.openqa.selenium.remote.http.Route.execute (Route.java:69)\n    at org.openqa.selenium.remote.http.Route$CombinedRoute.handle (Route.java:360)\n    at org.openqa.selenium.remote.http.Route.execute (Route.java:69)\n    at org.openqa.selenium.grid.sessionqueue.NewSessionQueue.execute (NewSessionQueue.java:128)\n    at org.openqa.selenium.remote.tracing.SpanWrappedHttpHandler.execute (SpanWrappedHttpHandler.java:87)\n    at org.openqa.selenium.remote.http.Filter$1.execute (Filter.java:63)\n    at org.openqa.selenium.remote.http.Route$CombinedRoute.handle (Route.java:360)\n    at org.openqa.selenium.remote.http.Route.execute (Route.java:69)\n    at org.openqa.selenium.grid.router.Router.execute (Router.java:87)\n    at org.openqa.selenium.grid.web.EnsureSpecCompliantResponseHeaders.lambda$apply$0 (EnsureSpecCompliantResponseHeaders.java:34)\n    at org.openqa.selenium.remote.http.Filter$1.execute (Filter.java:63)\n    at org.openqa.selenium.remote.http.Route$CombinedRoute.handle (Route.java:360)\n    at org.openqa.selenium.remote.http.Route.execute (Route.java:69)\n    at org.openqa.selenium.remote.AddWebDriverSpecHeaders.lambda$apply$0 (AddWebDriverSpecHeaders.java:35)\n    at org.openqa.selenium.remote.ErrorFilter.lambda$apply$0 (ErrorFilter.java:44)\n    at org.openqa.selenium.remote.http.Filter$1.execute (Filter.java:63)\n    at org.openqa.selenium.remote.ErrorFilter.lambda$apply$0 (ErrorFilter.java:44)\n    at org.openqa.selenium.remote.http.Filter$1.execute (Filter.java:63)\n    at org.openqa.selenium.netty.server.SeleniumHandler.lambda$channelRead0$0 (SeleniumHandler.java:44)\n    at java.util.concurrent.Executors$RunnableAdapter.call (Executors.java:539)\n    at java.util.concurrent.FutureTask.run (FutureTask.java:264)\n    at java.util.concurrent.ThreadPoolExecutor.runWorker (ThreadPoolExecutor.java:1136)\n    at java.util.concurrent.ThreadPoolExecutor$Worker.run (ThreadPoolExecutor.java:635)\n    at java.lang.Thread.run (Thread.java:840)","time":{"start":1728087723854,"stop":1728088023902,"duration":300048}},{"uid":"fb575b8d60ee4775","reportUrl":"https://robbrad.github.io/UKBinCollectionData/3.12/2152//#testresult/fb575b8d60ee4775","status":"failed","statusDetails":"selenium.common.exceptions.SessionNotCreatedException: Message: Could not start a new session. New session request timed out \nHost info: host: 'selenium', ip: '172.18.0.2'\nBuild info: version: '4.25.0', revision: '030fcf7918'\nSystem info: os.name: 'Linux', os.arch: 'amd64', os.version: '6.8.0-1014-azure', java.version: '17.0.12'\nDriver info: driver.version: unknown\nStacktrace:\n    at org.openqa.selenium.grid.sessionqueue.local.LocalNewSessionQueue.addToQueue (LocalNewSessionQueue.java:221)\n    at org.openqa.selenium.grid.sessionqueue.NewSessionQueue.lambda$new$0 (NewSessionQueue.java:68)\n    at org.openqa.selenium.remote.http.Route$TemplatizedRoute.handle (Route.java:192)\n    at org.openqa.selenium.remote.http.Route.execute (Route.java:69)\n    at org.openqa.selenium.remote.http.Route$CombinedRoute.handle (Route.java:360)\n    at org.openqa.selenium.remote.http.Route.execute (Route.java:69)\n    at org.openqa.selenium.grid.sessionqueue.NewSessionQueue.execute (NewSessionQueue.java:128)\n    at org.openqa.selenium.remote.tracing.SpanWrappedHttpHandler.execute (SpanWrappedHttpHandler.java:87)\n    at org.openqa.selenium.remote.http.Filter$1.execute (Filter.java:63)\n    at org.openqa.selenium.remote.http.Route$CombinedRoute.handle (Route.java:360)\n    at org.openqa.selenium.remote.http.Route.execute (Route.java:69)\n    at org.openqa.selenium.grid.router.Router.execute (Router.java:87)\n    at org.openqa.selenium.grid.web.EnsureSpecCompliantResponseHeaders.lambda$apply$0 (EnsureSpecCompliantResponseHeaders.java:34)\n    at org.openqa.selenium.remote.http.Filter$1.execute (Filter.java:63)\n    at org.openqa.selenium.remote.http.Route$CombinedRoute.handle (Route.java:360)\n    at org.openqa.selenium.remote.http.Route.execute (Route.java:69)\n    at org.openqa.selenium.remote.AddWebDriverSpecHeaders.lambda$apply$0 (AddWebDriverSpecHeaders.java:35)\n    at org.openqa.selenium.remote.ErrorFilter.lambda$apply$0 (ErrorFilter.java:44)\n    at org.openqa.selenium.remote.http.Filter$1.execute (Filter.java:63)\n    at org.openqa.selenium.remote.ErrorFilter.lambda$apply$0 (ErrorFilter.java:44)\n    at org.openqa.selenium.remote.http.Filter$1.execute (Filter.java:63)\n    at org.openqa.selenium.netty.server.SeleniumHandler.lambda$channelRead0$0 (SeleniumHandler.java:44)\n    at java.util.concurrent.Executors$RunnableAdapter.call (Executors.java:539)\n    at java.util.concurrent.FutureTask.run (FutureTask.java:264)\n    at java.util.concurrent.ThreadPoolExecutor.runWorker (ThreadPoolExecutor.java:1136)\n    at java.util.concurrent.ThreadPoolExecutor$Worker.run (ThreadPoolExecutor.java:635)\n    at java.lang.Thread.run (Thread.java:840)","time":{"start":1728001646093,"stop":1728001946214,"duration":300121}},{"uid":"fcb9298dad8fd634","reportUrl":"https://robbrad.github.io/UKBinCollectionData/3.12/2148//#testresult/fcb9298dad8fd634","status":"failed","statusDetails":"selenium.common.exceptions.SessionNotCreatedException: Message: Could not start a new session. New session request timed out \nHost info: host: 'selenium', ip: '172.18.0.2'\nBuild info: version: '4.25.0', revision: '030fcf7918'\nSystem info: os.name: 'Linux', os.arch: 'amd64', os.version: '6.8.0-1014-azure', java.version: '17.0.12'\nDriver info: driver.version: unknown\nStacktrace:\n    at org.openqa.selenium.grid.sessionqueue.local.LocalNewSessionQueue.addToQueue (LocalNewSessionQueue.java:221)\n    at org.openqa.selenium.grid.sessionqueue.NewSessionQueue.lambda$new$0 (NewSessionQueue.java:68)\n    at org.openqa.selenium.remote.http.Route$TemplatizedRoute.handle (Route.java:192)\n    at org.openqa.selenium.remote.http.Route.execute (Route.java:69)\n    at org.openqa.selenium.remote.http.Route$CombinedRoute.handle (Route.java:360)\n    at org.openqa.selenium.remote.http.Route.execute (Route.java:69)\n    at org.openqa.selenium.grid.sessionqueue.NewSessionQueue.execute (NewSessionQueue.java:128)\n    at org.openqa.selenium.remote.tracing.SpanWrappedHttpHandler.execute (SpanWrappedHttpHandler.java:87)\n    at org.openqa.selenium.remote.http.Filter$1.execute (Filter.java:63)\n    at org.openqa.selenium.remote.http.Route$CombinedRoute.handle (Route.java:360)\n    at org.openqa.selenium.remote.http.Route.execute (Route.java:69)\n    at org.openqa.selenium.grid.router.Router.execute (Router.java:87)\n    at org.openqa.selenium.grid.web.EnsureSpecCompliantResponseHeaders.lambda$apply$0 (EnsureSpecCompliantResponseHeaders.java:34)\n    at org.openqa.selenium.remote.http.Filter$1.execute (Filter.java:63)\n    at org.openqa.selenium.remote.http.Route$CombinedRoute.handle (Route.java:360)\n    at org.openqa.selenium.remote.http.Route.execute (Route.java:69)\n    at org.openqa.selenium.remote.AddWebDriverSpecHeaders.lambda$apply$0 (AddWebDriverSpecHeaders.java:35)\n    at org.openqa.selenium.remote.ErrorFilter.lambda$apply$0 (ErrorFilter.java:44)\n    at org.openqa.selenium.remote.http.Filter$1.execute (Filter.java:63)\n    at org.openqa.selenium.remote.ErrorFilter.lambda$apply$0 (ErrorFilter.java:44)\n    at org.openqa.selenium.remote.http.Filter$1.execute (Filter.java:63)\n    at org.openqa.selenium.netty.server.SeleniumHandler.lambda$channelRead0$0 (SeleniumHandler.java:44)\n    at java.util.concurrent.Executors$RunnableAdapter.call (Executors.java:539)\n    at java.util.concurrent.FutureTask.run (FutureTask.java:264)\n    at java.util.concurrent.ThreadPoolExecutor.runWorker (ThreadPoolExecutor.java:1136)\n    at java.util.concurrent.ThreadPoolExecutor$Worker.run (ThreadPoolExecutor.java:635)\n    at java.lang.Thread.run (Thread.java:840)","time":{"start":1727933281042,"stop":1727933581071,"duration":300029}},{"uid":"7e625435018c3123","reportUrl":"https://robbrad.github.io/UKBinCollectionData/3.12/2146//#testresult/7e625435018c3123","status":"passed","time":{"start":1727915375213,"stop":1727915435472,"duration":60259}},{"uid":"2a2f1d6b86a21a23","reportUrl":"https://robbrad.github.io/UKBinCollectionData/3.12/2139//#testresult/2a2f1d6b86a21a23","status":"passed","time":{"start":1727828916561,"stop":1727828994091,"duration":77530}},{"uid":"46166860f9ba7d81","reportUrl":"https://robbrad.github.io/UKBinCollectionData/3.12/2138//#testresult/46166860f9ba7d81","status":"failed","statusDetails":"selenium.common.exceptions.SessionNotCreatedException: Message: Could not start a new session. New session request timed out \nHost info: host: 'selenium', ip: '172.18.0.2'\nBuild info: version: '4.25.0', revision: '030fcf7918'\nSystem info: os.name: 'Linux', os.arch: 'amd64', os.version: '6.8.0-1014-azure', java.version: '17.0.12'\nDriver info: driver.version: unknown\nStacktrace:\n    at org.openqa.selenium.grid.sessionqueue.local.LocalNewSessionQueue.addToQueue (LocalNewSessionQueue.java:221)\n    at org.openqa.selenium.grid.sessionqueue.NewSessionQueue.lambda$new$0 (NewSessionQueue.java:68)\n    at org.openqa.selenium.remote.http.Route$TemplatizedRoute.handle (Route.java:192)\n    at org.openqa.selenium.remote.http.Route.execute (Route.java:69)\n    at org.openqa.selenium.remote.http.Route$CombinedRoute.handle (Route.java:360)\n    at org.openqa.selenium.remote.http.Route.execute (Route.java:69)\n    at org.openqa.selenium.grid.sessionqueue.NewSessionQueue.execute (NewSessionQueue.java:128)\n    at org.openqa.selenium.remote.tracing.SpanWrappedHttpHandler.execute (SpanWrappedHttpHandler.java:87)\n    at org.openqa.selenium.remote.http.Filter$1.execute (Filter.java:63)\n    at org.openqa.selenium.remote.http.Route$CombinedRoute.handle (Route.java:360)\n    at org.openqa.selenium.remote.http.Route.execute (Route.java:69)\n    at org.openqa.selenium.grid.router.Router.execute (Router.java:87)\n    at org.openqa.selenium.grid.web.EnsureSpecCompliantResponseHeaders.lambda$apply$0 (EnsureSpecCompliantResponseHeaders.java:34)\n    at org.openqa.selenium.remote.http.Filter$1.execute (Filter.java:63)\n    at org.openqa.selenium.remote.http.Route$CombinedRoute.handle (Route.java:360)\n    at org.openqa.selenium.remote.http.Route.execute (Route.java:69)\n    at org.openqa.selenium.remote.AddWebDriverSpecHeaders.lambda$apply$0 (AddWebDriverSpecHeaders.java:35)\n    at org.openqa.selenium.remote.ErrorFilter.lambda$apply$0 (ErrorFilter.java:44)\n    at org.openqa.selenium.remote.http.Filter$1.execute (Filter.java:63)\n    at org.openqa.selenium.remote.ErrorFilter.lambda$apply$0 (ErrorFilter.java:44)\n    at org.openqa.selenium.remote.http.Filter$1.execute (Filter.java:63)\n    at org.openqa.selenium.netty.server.SeleniumHandler.lambda$channelRead0$0 (SeleniumHandler.java:44)\n    at java.util.concurrent.Executors$RunnableAdapter.call (Executors.java:539)\n    at java.util.concurrent.FutureTask.run (FutureTask.java:264)\n    at java.util.concurrent.ThreadPoolExecutor.runWorker (ThreadPoolExecutor.java:1136)\n    at java.util.concurrent.ThreadPoolExecutor$Worker.run (ThreadPoolExecutor.java:635)\n    at java.lang.Thread.run (Thread.java:840)","time":{"start":1727742338322,"stop":1727742638506,"duration":300184}},{"uid":"227d7e58993f5631","reportUrl":"https://robbrad.github.io/UKBinCollectionData/3.12/2137//#testresult/227d7e58993f5631","status":"passed","time":{"start":1727655946174,"stop":1727655980925,"duration":34751}},{"uid":"c7d0cf3e3c328230","reportUrl":"https://robbrad.github.io/UKBinCollectionData/3.12/2136//#testresult/c7d0cf3e3c328230","status":"failed","statusDetails":"selenium.common.exceptions.TimeoutException: Message: \nStacktrace:\n#0 0x55bd4a2cb13a <unknown>\n#1 0x55bd49fb15e0 <unknown>\n#2 0x55bd4a000be8 <unknown>\n#3 0x55bd4a000e81 <unknown>\n#4 0x55bd4a0478c4 <unknown>\n#5 0x55bd4a025b4d <unknown>\n#6 0x55bd4a044d7d <unknown>\n#7 0x55bd4a0258c3 <unknown>\n#8 0x55bd49ff36b3 <unknown>\n#9 0x55bd49ff468e <unknown>\n#10 0x55bd4a295b3b <unknown>\n#11 0x55bd4a299ac1 <unknown>\n#12 0x55bd4a282335 <unknown>\n#13 0x55bd4a29a642 <unknown>\n#14 0x55bd4a26749f <unknown>\n#15 0x55bd4a2ba038 <unknown>\n#16 0x55bd4a2ba203 <unknown>\n#17 0x55bd4a2c9f8c <unknown>\n#18 0x7f3c32d8ba94 <unknown>\n#19 0x7f3c32e18a34 __clone","time":{"start":1727569581829,"stop":1727569608418,"duration":26589}},{"uid":"e5602f89dec04ce3","reportUrl":"https://robbrad.github.io/UKBinCollectionData/3.12/2135//#testresult/e5602f89dec04ce3","status":"failed","statusDetails":"selenium.common.exceptions.SessionNotCreatedException: Message: Could not start a new session. New session request timed out \nHost info: host: 'selenium', ip: '172.18.0.2'\nBuild info: version: '4.25.0', revision: '030fcf7918'\nSystem info: os.name: 'Linux', os.arch: 'amd64', os.version: '6.8.0-1014-azure', java.version: '17.0.12'\nDriver info: driver.version: unknown\nStacktrace:\n    at org.openqa.selenium.grid.sessionqueue.local.LocalNewSessionQueue.addToQueue (LocalNewSessionQueue.java:221)\n    at org.openqa.selenium.grid.sessionqueue.NewSessionQueue.lambda$new$0 (NewSessionQueue.java:68)\n    at org.openqa.selenium.remote.http.Route$TemplatizedRoute.handle (Route.java:192)\n    at org.openqa.selenium.remote.http.Route.execute (Route.java:69)\n    at org.openqa.selenium.remote.http.Route$CombinedRoute.handle (Route.java:360)\n    at org.openqa.selenium.remote.http.Route.execute (Route.java:69)\n    at org.openqa.selenium.grid.sessionqueue.NewSessionQueue.execute (NewSessionQueue.java:128)\n    at org.openqa.selenium.remote.tracing.SpanWrappedHttpHandler.execute (SpanWrappedHttpHandler.java:87)\n    at org.openqa.selenium.remote.http.Filter$1.execute (Filter.java:63)\n    at org.openqa.selenium.remote.http.Route$CombinedRoute.handle (Route.java:360)\n    at org.openqa.selenium.remote.http.Route.execute (Route.java:69)\n    at org.openqa.selenium.grid.router.Router.execute (Router.java:87)\n    at org.openqa.selenium.grid.web.EnsureSpecCompliantResponseHeaders.lambda$apply$0 (EnsureSpecCompliantResponseHeaders.java:34)\n    at org.openqa.selenium.remote.http.Filter$1.execute (Filter.java:63)\n    at org.openqa.selenium.remote.http.Route$CombinedRoute.handle (Route.java:360)\n    at org.openqa.selenium.remote.http.Route.execute (Route.java:69)\n    at org.openqa.selenium.remote.AddWebDriverSpecHeaders.lambda$apply$0 (AddWebDriverSpecHeaders.java:35)\n    at org.openqa.selenium.remote.ErrorFilter.lambda$apply$0 (ErrorFilter.java:44)\n    at org.openqa.selenium.remote.http.Filter$1.execute (Filter.java:63)\n    at org.openqa.selenium.remote.ErrorFilter.lambda$apply$0 (ErrorFilter.java:44)\n    at org.openqa.selenium.remote.http.Filter$1.execute (Filter.java:63)\n    at org.openqa.selenium.netty.server.SeleniumHandler.lambda$channelRead0$0 (SeleniumHandler.java:44)\n    at java.util.concurrent.Executors$RunnableAdapter.call (Executors.java:539)\n    at java.util.concurrent.FutureTask.run (FutureTask.java:264)\n    at java.util.concurrent.ThreadPoolExecutor.runWorker (ThreadPoolExecutor.java:1136)\n    at java.util.concurrent.ThreadPoolExecutor$Worker.run (ThreadPoolExecutor.java:635)\n    at java.lang.Thread.run (Thread.java:840)","time":{"start":1727483222852,"stop":1727483522888,"duration":300036}},{"uid":"1349641407b2dfae","reportUrl":"https://robbrad.github.io/UKBinCollectionData/3.12/2131//#testresult/1349641407b2dfae","status":"failed","statusDetails":"selenium.common.exceptions.SessionNotCreatedException: Message: Could not start a new session. New session request timed out \nHost info: host: 'selenium', ip: '172.18.0.2'\nBuild info: version: '4.25.0', revision: '030fcf7918'\nSystem info: os.name: 'Linux', os.arch: 'amd64', os.version: '6.8.0-1014-azure', java.version: '17.0.12'\nDriver info: driver.version: unknown\nStacktrace:\n    at org.openqa.selenium.grid.sessionqueue.local.LocalNewSessionQueue.addToQueue (LocalNewSessionQueue.java:221)\n    at org.openqa.selenium.grid.sessionqueue.NewSessionQueue.lambda$new$0 (NewSessionQueue.java:68)\n    at org.openqa.selenium.remote.http.Route$TemplatizedRoute.handle (Route.java:192)\n    at org.openqa.selenium.remote.http.Route.execute (Route.java:69)\n    at org.openqa.selenium.remote.http.Route$CombinedRoute.handle (Route.java:360)\n    at org.openqa.selenium.remote.http.Route.execute (Route.java:69)\n    at org.openqa.selenium.grid.sessionqueue.NewSessionQueue.execute (NewSessionQueue.java:128)\n    at org.openqa.selenium.remote.tracing.SpanWrappedHttpHandler.execute (SpanWrappedHttpHandler.java:87)\n    at org.openqa.selenium.remote.http.Filter$1.execute (Filter.java:63)\n    at org.openqa.selenium.remote.http.Route$CombinedRoute.handle (Route.java:360)\n    at org.openqa.selenium.remote.http.Route.execute (Route.java:69)\n    at org.openqa.selenium.grid.router.Router.execute (Router.java:87)\n    at org.openqa.selenium.grid.web.EnsureSpecCompliantResponseHeaders.lambda$apply$0 (EnsureSpecCompliantResponseHeaders.java:34)\n    at org.openqa.selenium.remote.http.Filter$1.execute (Filter.java:63)\n    at org.openqa.selenium.remote.http.Route$CombinedRoute.handle (Route.java:360)\n    at org.openqa.selenium.remote.http.Route.execute (Route.java:69)\n    at org.openqa.selenium.remote.AddWebDriverSpecHeaders.lambda$apply$0 (AddWebDriverSpecHeaders.java:35)\n    at org.openqa.selenium.remote.ErrorFilter.lambda$apply$0 (ErrorFilter.java:44)\n    at org.openqa.selenium.remote.http.Filter$1.execute (Filter.java:63)\n    at org.openqa.selenium.remote.ErrorFilter.lambda$apply$0 (ErrorFilter.java:44)\n    at org.openqa.selenium.remote.http.Filter$1.execute (Filter.java:63)\n    at org.openqa.selenium.netty.server.SeleniumHandler.lambda$channelRead0$0 (SeleniumHandler.java:44)\n    at java.util.concurrent.Executors$RunnableAdapter.call (Executors.java:539)\n    at java.util.concurrent.FutureTask.run (FutureTask.java:264)\n    at java.util.concurrent.ThreadPoolExecutor.runWorker (ThreadPoolExecutor.java:1136)\n    at java.util.concurrent.ThreadPoolExecutor$Worker.run (ThreadPoolExecutor.java:635)\n    at java.lang.Thread.run (Thread.java:840)","time":{"start":1727423028010,"stop":1727423328229,"duration":300219}},{"uid":"e5b0cf4d4fe5a2f6","reportUrl":"https://robbrad.github.io/UKBinCollectionData/3.12/2130//#testresult/e5b0cf4d4fe5a2f6","status":"failed","statusDetails":"selenium.common.exceptions.ElementClickInterceptedException: Message: element click intercepted: Element is not clickable at point (1142, 1043)\n  (Session info: chrome=129.0.6668.58)\nStacktrace:\n#0 0x556b25bb113a <unknown>\n#1 0x556b258975e0 <unknown>\n#2 0x556b258ed866 <unknown>\n#3 0x556b258eb78d <unknown>\n#4 0x556b258e9237 <unknown>\n#5 0x556b258e8646 <unknown>\n#6 0x556b258dba98 <unknown>\n#7 0x556b2590bb22 <unknown>\n#8 0x556b258db478 <unknown>\n#9 0x556b2590bcee <unknown>\n#10 0x556b2592ad7d <unknown>\n#11 0x556b2590b8c3 <unknown>\n#12 0x556b258d96b3 <unknown>\n#13 0x556b258da68e <unknown>\n#14 0x556b25b7bb3b <unknown>\n#15 0x556b25b7fac1 <unknown>\n#16 0x556b25b68335 <unknown>\n#17 0x556b25b80642 <unknown>\n#18 0x556b25b4d49f <unknown>\n#19 0x556b25ba0038 <unknown>\n#20 0x556b25ba0203 <unknown>\n#21 0x556b25baff8c <unknown>\n#22 0x7f3aa6496a94 <unknown>\n#23 0x7f3aa6523a34 __clone","time":{"start":1727396821962,"stop":1727396863257,"duration":41295}},{"uid":"b02a8fea8b68ad07","reportUrl":"https://robbrad.github.io/UKBinCollectionData/3.12/2129//#testresult/b02a8fea8b68ad07","status":"failed","statusDetails":"selenium.common.exceptions.ElementClickInterceptedException: Message: element click intercepted: Element is not clickable at point (1142, 1033)\n  (Session info: chrome=129.0.6668.58)\nStacktrace:\n#0 0x5605a7d2113a <unknown>\n#1 0x5605a7a075e0 <unknown>\n#2 0x5605a7a5d866 <unknown>\n#3 0x5605a7a5b78d <unknown>\n#4 0x5605a7a59237 <unknown>\n#5 0x5605a7a58646 <unknown>\n#6 0x5605a7a4ba98 <unknown>\n#7 0x5605a7a7bb22 <unknown>\n#8 0x5605a7a4b478 <unknown>\n#9 0x5605a7a7bcee <unknown>\n#10 0x5605a7a9ad7d <unknown>\n#11 0x5605a7a7b8c3 <unknown>\n#12 0x5605a7a496b3 <unknown>\n#13 0x5605a7a4a68e <unknown>\n#14 0x5605a7cebb3b <unknown>\n#15 0x5605a7cefac1 <unknown>\n#16 0x5605a7cd8335 <unknown>\n#17 0x5605a7cf0642 <unknown>\n#18 0x5605a7cbd49f <unknown>\n#19 0x5605a7d10038 <unknown>\n#20 0x5605a7d10203 <unknown>\n#21 0x5605a7d1ff8c <unknown>\n#22 0x7f8550b30a94 <unknown>\n#23 0x7f8550bbda34 __clone","time":{"start":1727310709049,"stop":1727310720199,"duration":11150}},{"uid":"5b19d7b2a004691e","reportUrl":"https://robbrad.github.io/UKBinCollectionData/3.12/2128//#testresult/5b19d7b2a004691e","status":"failed","statusDetails":"selenium.common.exceptions.SessionNotCreatedException: Message: Could not start a new session. New session request timed out \nHost info: host: 'selenium', ip: '172.18.0.2'\nBuild info: version: '4.25.0', revision: '030fcf7918'\nSystem info: os.name: 'Linux', os.arch: 'amd64', os.version: '6.8.0-1014-azure', java.version: '17.0.12'\nDriver info: driver.version: unknown\nStacktrace:\n    at org.openqa.selenium.grid.sessionqueue.local.LocalNewSessionQueue.addToQueue (LocalNewSessionQueue.java:221)\n    at org.openqa.selenium.grid.sessionqueue.NewSessionQueue.lambda$new$0 (NewSessionQueue.java:68)\n    at org.openqa.selenium.remote.http.Route$TemplatizedRoute.handle (Route.java:192)\n    at org.openqa.selenium.remote.http.Route.execute (Route.java:69)\n    at org.openqa.selenium.remote.http.Route$CombinedRoute.handle (Route.java:360)\n    at org.openqa.selenium.remote.http.Route.execute (Route.java:69)\n    at org.openqa.selenium.grid.sessionqueue.NewSessionQueue.execute (NewSessionQueue.java:128)\n    at org.openqa.selenium.remote.tracing.SpanWrappedHttpHandler.execute (SpanWrappedHttpHandler.java:87)\n    at org.openqa.selenium.remote.http.Filter$1.execute (Filter.java:63)\n    at org.openqa.selenium.remote.http.Route$CombinedRoute.handle (Route.java:360)\n    at org.openqa.selenium.remote.http.Route.execute (Route.java:69)\n    at org.openqa.selenium.grid.router.Router.execute (Router.java:87)\n    at org.openqa.selenium.grid.web.EnsureSpecCompliantResponseHeaders.lambda$apply$0 (EnsureSpecCompliantResponseHeaders.java:34)\n    at org.openqa.selenium.remote.http.Filter$1.execute (Filter.java:63)\n    at org.openqa.selenium.remote.http.Route$CombinedRoute.handle (Route.java:360)\n    at org.openqa.selenium.remote.http.Route.execute (Route.java:69)\n    at org.openqa.selenium.remote.AddWebDriverSpecHeaders.lambda$apply$0 (AddWebDriverSpecHeaders.java:35)\n    at org.openqa.selenium.remote.ErrorFilter.lambda$apply$0 (ErrorFilter.java:44)\n    at org.openqa.selenium.remote.http.Filter$1.execute (Filter.java:63)\n    at org.openqa.selenium.remote.ErrorFilter.lambda$apply$0 (ErrorFilter.java:44)\n    at org.openqa.selenium.remote.http.Filter$1.execute (Filter.java:63)\n    at org.openqa.selenium.netty.server.SeleniumHandler.lambda$channelRead0$0 (SeleniumHandler.java:44)\n    at java.util.concurrent.Executors$RunnableAdapter.call (Executors.java:539)\n    at java.util.concurrent.FutureTask.run (FutureTask.java:264)\n    at java.util.concurrent.ThreadPoolExecutor.runWorker (ThreadPoolExecutor.java:1136)\n    at java.util.concurrent.ThreadPoolExecutor$Worker.run (ThreadPoolExecutor.java:635)\n    at java.lang.Thread.run (Thread.java:840)","time":{"start":1727223972846,"stop":1727224272897,"duration":300051}},{"uid":"542e9f068e40327e","reportUrl":"https://robbrad.github.io/UKBinCollectionData/3.12/2127//#testresult/542e9f068e40327e","status":"failed","statusDetails":"selenium.common.exceptions.TimeoutException: Message: \nStacktrace:\n#0 0x5648adcad13a <unknown>\n#1 0x5648ad9935e0 <unknown>\n#2 0x5648ad9e2be8 <unknown>\n#3 0x5648ad9e2e81 <unknown>\n#4 0x5648ada298c4 <unknown>\n#5 0x5648ada07b4d <unknown>\n#6 0x5648ada26d7d <unknown>\n#7 0x5648ada078c3 <unknown>\n#8 0x5648ad9d56b3 <unknown>\n#9 0x5648ad9d668e <unknown>\n#10 0x5648adc77b3b <unknown>\n#11 0x5648adc7bac1 <unknown>\n#12 0x5648adc64335 <unknown>\n#13 0x5648adc7c642 <unknown>\n#14 0x5648adc4949f <unknown>\n#15 0x5648adc9c038 <unknown>\n#16 0x5648adc9c203 <unknown>\n#17 0x5648adcabf8c <unknown>\n#18 0x7f2758c02a94 <unknown>\n#19 0x7f2758c8fa34 __clone","time":{"start":1727137611524,"stop":1727137632727,"duration":21203}}]},"tags":[]},"source":"2a8eaf4f00335a9e.json","parameterValues":["RenfrewshireCouncil"]}