{"uid":"782a269a941b0a3b","name":"Validate Council Output [BexleyCouncil]","fullName":"features/validate_council_outputs.feature:Validate Council Output","historyId":"b14d94c00a7a02b15ede5862fe9627b6","time":{"start":1728691272066,"stop":1728691572083,"duration":300017},"status":"failed","statusMessage":"selenium.common.exceptions.SessionNotCreatedException: Message: Could not start a new session. New session request timed out \nHost info: host: 'selenium', ip: '172.18.0.2'\nBuild info: version: '4.25.0', revision: '030fcf7918'\nSystem info: os.name: 'Linux', os.arch: 'amd64', os.version: '6.5.0-1025-azure', java.version: '17.0.12'\nDriver info: driver.version: unknown\nStacktrace:\n    at org.openqa.selenium.grid.sessionqueue.local.LocalNewSessionQueue.addToQueue (LocalNewSessionQueue.java:221)\n    at org.openqa.selenium.grid.sessionqueue.NewSessionQueue.lambda$new$0 (NewSessionQueue.java:68)\n    at org.openqa.selenium.remote.http.Route$TemplatizedRoute.handle (Route.java:192)\n    at org.openqa.selenium.remote.http.Route.execute (Route.java:69)\n    at org.openqa.selenium.remote.http.Route$CombinedRoute.handle (Route.java:360)\n    at org.openqa.selenium.remote.http.Route.execute (Route.java:69)\n    at org.openqa.selenium.grid.sessionqueue.NewSessionQueue.execute (NewSessionQueue.java:128)\n    at org.openqa.selenium.remote.tracing.SpanWrappedHttpHandler.execute (SpanWrappedHttpHandler.java:87)\n    at org.openqa.selenium.remote.http.Filter$1.execute (Filter.java:63)\n    at org.openqa.selenium.remote.http.Route$CombinedRoute.handle (Route.java:360)\n    at org.openqa.selenium.remote.http.Route.execute (Route.java:69)\n    at org.openqa.selenium.grid.router.Router.execute (Router.java:87)\n    at org.openqa.selenium.grid.web.EnsureSpecCompliantResponseHeaders.lambda$apply$0 (EnsureSpecCompliantResponseHeaders.java:34)\n    at org.openqa.selenium.remote.http.Filter$1.execute (Filter.java:63)\n    at org.openqa.selenium.remote.http.Route$CombinedRoute.handle (Route.java:360)\n    at org.openqa.selenium.remote.http.Route.execute (Route.java:69)\n    at org.openqa.selenium.remote.AddWebDriverSpecHeaders.lambda$apply$0 (AddWebDriverSpecHeaders.java:35)\n    at org.openqa.selenium.remote.ErrorFilter.lambda$apply$0 (ErrorFilter.java:44)\n    at org.openqa.selenium.remote.http.Filter$1.execute (Filter.java:63)\n    at org.openqa.selenium.remote.ErrorFilter.lambda$apply$0 (ErrorFilter.java:44)\n    at org.openqa.selenium.remote.http.Filter$1.execute (Filter.java:63)\n    at org.openqa.selenium.netty.server.SeleniumHandler.lambda$channelRead0$0 (SeleniumHandler.java:44)\n    at java.util.concurrent.Executors$RunnableAdapter.call (Executors.java:539)\n    at java.util.concurrent.FutureTask.run (FutureTask.java:264)\n    at java.util.concurrent.ThreadPoolExecutor.runWorker (ThreadPoolExecutor.java:1136)\n    at java.util.concurrent.ThreadPoolExecutor$Worker.run (ThreadPoolExecutor.java:635)\n    at java.lang.Thread.run (Thread.java:840)","statusTrace":"fixturefunc = <function scrape_step at 0x7f6be121bd80>\nrequest = <FixtureRequest for <Function test_scenario_outline[BexleyCouncil]>>\nkwargs = {'context': <test_validate_council.Context object at 0x7f6befbad9d0>, 'headless_mode': 'True', 'local_browser': 'False', 'selenium_url': 'http://localhost:4444'}\n\n    def call_fixture_func(\n        fixturefunc: _FixtureFunc[FixtureValue], request: FixtureRequest, kwargs\n    ) -> FixtureValue:\n        if is_generator(fixturefunc):\n            fixturefunc = cast(\n                Callable[..., Generator[FixtureValue, None, None]], fixturefunc\n            )\n            generator = fixturefunc(**kwargs)\n            try:\n                fixture_result = next(generator)\n            except StopIteration:\n                raise ValueError(f\"{request.fixturename} did not yield a value\") from None\n            finalizer = functools.partial(_teardown_yield_fixture, fixturefunc, generator)\n            request.addfinalizer(finalizer)\n        else:\n            fixturefunc = cast(Callable[..., FixtureValue], fixturefunc)\n>           fixture_result = fixturefunc(**kwargs)\n\n../../../.cache/pypoetry/virtualenvs/uk-bin-collection-EwS6Gn8s-py3.12/lib/python3.12/site-packages/_pytest/fixtures.py:898: \n_ _ _ _ _ _ _ _ _ _ _ _ _ _ _ _ _ _ _ _ _ _ _ _ _ _ _ _ _ _ _ _ _ _ _ _ _ _ _ _ \nuk_bin_collection/tests/step_defs/test_validate_council.py:100: in scrape_step\n    context.parse_result = CollectData.run()\nuk_bin_collection/uk_bin_collection/collect_data.py:101: in run\n    return self.client_code(\nuk_bin_collection/uk_bin_collection/collect_data.py:121: in client_code\n    return get_bin_data_class.template_method(address_url, **kwargs)\nuk_bin_collection/uk_bin_collection/get_bin_data.py:61: in template_method\n    bin_data_dict = self.get_and_parse_data(this_url, **kwargs)\nuk_bin_collection/uk_bin_collection/get_bin_data.py:84: in get_and_parse_data\n    bin_data_dict = self.parse_data(\"\", url=address_url, **kwargs)\nuk_bin_collection/uk_bin_collection/councils/BexleyCouncil.py:38: in parse_data\n    driver = create_webdriver(web_driver, headless, None, __name__)\nuk_bin_collection/uk_bin_collection/common.py:323: in create_webdriver\n    return webdriver.Remote(command_executor=web_driver, options=options)\n../../../.cache/pypoetry/virtualenvs/uk-bin-collection-EwS6Gn8s-py3.12/lib/python3.12/site-packages/selenium/webdriver/remote/webdriver.py:212: in __init__\n    self.start_session(capabilities)\n../../../.cache/pypoetry/virtualenvs/uk-bin-collection-EwS6Gn8s-py3.12/lib/python3.12/site-packages/selenium/webdriver/remote/webdriver.py:299: in start_session\n    response = self.execute(Command.NEW_SESSION, caps)[\"value\"]\n../../../.cache/pypoetry/virtualenvs/uk-bin-collection-EwS6Gn8s-py3.12/lib/python3.12/site-packages/selenium/webdriver/remote/webdriver.py:354: in execute\n    self.error_handler.check_response(response)\n_ _ _ _ _ _ _ _ _ _ _ _ _ _ _ _ _ _ _ _ _ _ _ _ _ _ _ _ _ _ _ _ _ _ _ _ _ _ _ _ \n\nself = <selenium.webdriver.remote.errorhandler.ErrorHandler object at 0x7f6be10c40e0>\nresponse = {'status': 500, 'value': '{\\n  \"value\": {\\n    \"error\": \"session not created\",\\n    \"message\": \"Could not start a new ...\"className\": \"java.lang.Thread\",\\n        \"lineNumber\": 840,\\n        \"classLoaderName\": null\\n      }\\n    ]\\n  }\\n}'}\n\n    def check_response(self, response: Dict[str, Any]) -> None:\n        \"\"\"Checks that a JSON response from the WebDriver does not have an\n        error.\n    \n        :Args:\n         - response - The JSON response from the WebDriver server as a dictionary\n           object.\n    \n        :Raises: If the response contains an error message.\n        \"\"\"\n        status = response.get(\"status\", None)\n        if not status or status == ErrorCode.SUCCESS:\n            return\n        value = None\n        message = response.get(\"message\", \"\")\n        screen: str = response.get(\"screen\", \"\")\n        stacktrace = None\n        if isinstance(status, int):\n            value_json = response.get(\"value\", None)\n            if value_json and isinstance(value_json, str):\n                import json\n    \n                try:\n                    value = json.loads(value_json)\n                    if len(value) == 1:\n                        value = value[\"value\"]\n                    status = value.get(\"error\", None)\n                    if not status:\n                        status = value.get(\"status\", ErrorCode.UNKNOWN_ERROR)\n                        message = value.get(\"value\") or value.get(\"message\")\n                        if not isinstance(message, str):\n                            value = message\n                            message = message.get(\"message\")\n                    else:\n                        message = value.get(\"message\", None)\n                except ValueError:\n                    pass\n    \n        exception_class: Type[WebDriverException]\n        e = ErrorCode()\n        error_codes = [item for item in dir(e) if not item.startswith(\"__\")]\n        for error_code in error_codes:\n            error_info = getattr(ErrorCode, error_code)\n            if isinstance(error_info, list) and status in error_info:\n                exception_class = getattr(ExceptionMapping, error_code, WebDriverException)\n                break\n        else:\n            exception_class = WebDriverException\n    \n        if not value:\n            value = response[\"value\"]\n        if isinstance(value, str):\n            raise exception_class(value)\n        if message == \"\" and \"message\" in value:\n            message = value[\"message\"]\n    \n        screen = None  # type: ignore[assignment]\n        if \"screen\" in value:\n            screen = value[\"screen\"]\n    \n        stacktrace = None\n        st_value = value.get(\"stackTrace\") or value.get(\"stacktrace\")\n        if st_value:\n            if isinstance(st_value, str):\n                stacktrace = st_value.split(\"\\n\")\n            else:\n                stacktrace = []\n                try:\n                    for frame in st_value:\n                        line = frame.get(\"lineNumber\", \"\")\n                        file = frame.get(\"fileName\", \"<anonymous>\")\n                        if line:\n                            file = f\"{file}:{line}\"\n                        meth = frame.get(\"methodName\", \"<anonymous>\")\n                        if \"className\" in frame:\n                            meth = f\"{frame['className']}.{meth}\"\n                        msg = \"    at %s (%s)\"\n                        msg = msg % (meth, file)\n                        stacktrace.append(msg)\n                except TypeError:\n                    pass\n        if exception_class == UnexpectedAlertPresentException:\n            alert_text = None\n            if \"data\" in value:\n                alert_text = value[\"data\"].get(\"text\")\n            elif \"alert\" in value:\n                alert_text = value[\"alert\"].get(\"text\")\n            raise exception_class(message, screen, stacktrace, alert_text)  # type: ignore[call-arg]  # mypy is not smart enough here\n>       raise exception_class(message, screen, stacktrace)\nE       selenium.common.exceptions.SessionNotCreatedException: Message: Could not start a new session. New session request timed out \nE       Host info: host: 'selenium', ip: '172.18.0.2'\nE       Build info: version: '4.25.0', revision: '030fcf7918'\nE       System info: os.name: 'Linux', os.arch: 'amd64', os.version: '6.5.0-1025-azure', java.version: '17.0.12'\nE       Driver info: driver.version: unknown\nE       Stacktrace:\nE           at org.openqa.selenium.grid.sessionqueue.local.LocalNewSessionQueue.addToQueue (LocalNewSessionQueue.java:221)\nE           at org.openqa.selenium.grid.sessionqueue.NewSessionQueue.lambda$new$0 (NewSessionQueue.java:68)\nE           at org.openqa.selenium.remote.http.Route$TemplatizedRoute.handle (Route.java:192)\nE           at org.openqa.selenium.remote.http.Route.execute (Route.java:69)\nE           at org.openqa.selenium.remote.http.Route$CombinedRoute.handle (Route.java:360)\nE           at org.openqa.selenium.remote.http.Route.execute (Route.java:69)\nE           at org.openqa.selenium.grid.sessionqueue.NewSessionQueue.execute (NewSessionQueue.java:128)\nE           at org.openqa.selenium.remote.tracing.SpanWrappedHttpHandler.execute (SpanWrappedHttpHandler.java:87)\nE           at org.openqa.selenium.remote.http.Filter$1.execute (Filter.java:63)\nE           at org.openqa.selenium.remote.http.Route$CombinedRoute.handle (Route.java:360)\nE           at org.openqa.selenium.remote.http.Route.execute (Route.java:69)\nE           at org.openqa.selenium.grid.router.Router.execute (Router.java:87)\nE           at org.openqa.selenium.grid.web.EnsureSpecCompliantResponseHeaders.lambda$apply$0 (EnsureSpecCompliantResponseHeaders.java:34)\nE           at org.openqa.selenium.remote.http.Filter$1.execute (Filter.java:63)\nE           at org.openqa.selenium.remote.http.Route$CombinedRoute.handle (Route.java:360)\nE           at org.openqa.selenium.remote.http.Route.execute (Route.java:69)\nE           at org.openqa.selenium.remote.AddWebDriverSpecHeaders.lambda$apply$0 (AddWebDriverSpecHeaders.java:35)\nE           at org.openqa.selenium.remote.ErrorFilter.lambda$apply$0 (ErrorFilter.java:44)\nE           at org.openqa.selenium.remote.http.Filter$1.execute (Filter.java:63)\nE           at org.openqa.selenium.remote.ErrorFilter.lambda$apply$0 (ErrorFilter.java:44)\nE           at org.openqa.selenium.remote.http.Filter$1.execute (Filter.java:63)\nE           at org.openqa.selenium.netty.server.SeleniumHandler.lambda$channelRead0$0 (SeleniumHandler.java:44)\nE           at java.util.concurrent.Executors$RunnableAdapter.call (Executors.java:539)\nE           at java.util.concurrent.FutureTask.run (FutureTask.java:264)\nE           at java.util.concurrent.ThreadPoolExecutor.runWorker (ThreadPoolExecutor.java:1136)\nE           at java.util.concurrent.ThreadPoolExecutor$Worker.run (ThreadPoolExecutor.java:635)\nE           at java.lang.Thread.run (Thread.java:840)\n\n../../../.cache/pypoetry/virtualenvs/uk-bin-collection-EwS6Gn8s-py3.12/lib/python3.12/site-packages/selenium/webdriver/remote/errorhandler.py:229: SessionNotCreatedException","flaky":false,"newFailed":false,"newBroken":false,"newPassed":false,"retriesCount":0,"retriesStatusChange":false,"beforeStages":[],"testStage":{"status":"failed","statusMessage":"selenium.common.exceptions.SessionNotCreatedException: Message: Could not start a new session. New session request timed out \nHost info: host: 'selenium', ip: '172.18.0.2'\nBuild info: version: '4.25.0', revision: '030fcf7918'\nSystem info: os.name: 'Linux', os.arch: 'amd64', os.version: '6.5.0-1025-azure', java.version: '17.0.12'\nDriver info: driver.version: unknown\nStacktrace:\n    at org.openqa.selenium.grid.sessionqueue.local.LocalNewSessionQueue.addToQueue (LocalNewSessionQueue.java:221)\n    at org.openqa.selenium.grid.sessionqueue.NewSessionQueue.lambda$new$0 (NewSessionQueue.java:68)\n    at org.openqa.selenium.remote.http.Route$TemplatizedRoute.handle (Route.java:192)\n    at org.openqa.selenium.remote.http.Route.execute (Route.java:69)\n    at org.openqa.selenium.remote.http.Route$CombinedRoute.handle (Route.java:360)\n    at org.openqa.selenium.remote.http.Route.execute (Route.java:69)\n    at org.openqa.selenium.grid.sessionqueue.NewSessionQueue.execute (NewSessionQueue.java:128)\n    at org.openqa.selenium.remote.tracing.SpanWrappedHttpHandler.execute (SpanWrappedHttpHandler.java:87)\n    at org.openqa.selenium.remote.http.Filter$1.execute (Filter.java:63)\n    at org.openqa.selenium.remote.http.Route$CombinedRoute.handle (Route.java:360)\n    at org.openqa.selenium.remote.http.Route.execute (Route.java:69)\n    at org.openqa.selenium.grid.router.Router.execute (Router.java:87)\n    at org.openqa.selenium.grid.web.EnsureSpecCompliantResponseHeaders.lambda$apply$0 (EnsureSpecCompliantResponseHeaders.java:34)\n    at org.openqa.selenium.remote.http.Filter$1.execute (Filter.java:63)\n    at org.openqa.selenium.remote.http.Route$CombinedRoute.handle (Route.java:360)\n    at org.openqa.selenium.remote.http.Route.execute (Route.java:69)\n    at org.openqa.selenium.remote.AddWebDriverSpecHeaders.lambda$apply$0 (AddWebDriverSpecHeaders.java:35)\n    at org.openqa.selenium.remote.ErrorFilter.lambda$apply$0 (ErrorFilter.java:44)\n    at org.openqa.selenium.remote.http.Filter$1.execute (Filter.java:63)\n    at org.openqa.selenium.remote.ErrorFilter.lambda$apply$0 (ErrorFilter.java:44)\n    at org.openqa.selenium.remote.http.Filter$1.execute (Filter.java:63)\n    at org.openqa.selenium.netty.server.SeleniumHandler.lambda$channelRead0$0 (SeleniumHandler.java:44)\n    at java.util.concurrent.Executors$RunnableAdapter.call (Executors.java:539)\n    at java.util.concurrent.FutureTask.run (FutureTask.java:264)\n    at java.util.concurrent.ThreadPoolExecutor.runWorker (ThreadPoolExecutor.java:1136)\n    at java.util.concurrent.ThreadPoolExecutor$Worker.run (ThreadPoolExecutor.java:635)\n    at java.lang.Thread.run (Thread.java:840)","statusTrace":"fixturefunc = <function scrape_step at 0x7f6be121bd80>\nrequest = <FixtureRequest for <Function test_scenario_outline[BexleyCouncil]>>\nkwargs = {'context': <test_validate_council.Context object at 0x7f6befbad9d0>, 'headless_mode': 'True', 'local_browser': 'False', 'selenium_url': 'http://localhost:4444'}\n\n    def call_fixture_func(\n        fixturefunc: _FixtureFunc[FixtureValue], request: FixtureRequest, kwargs\n    ) -> FixtureValue:\n        if is_generator(fixturefunc):\n            fixturefunc = cast(\n                Callable[..., Generator[FixtureValue, None, None]], fixturefunc\n            )\n            generator = fixturefunc(**kwargs)\n            try:\n                fixture_result = next(generator)\n            except StopIteration:\n                raise ValueError(f\"{request.fixturename} did not yield a value\") from None\n            finalizer = functools.partial(_teardown_yield_fixture, fixturefunc, generator)\n            request.addfinalizer(finalizer)\n        else:\n            fixturefunc = cast(Callable[..., FixtureValue], fixturefunc)\n>           fixture_result = fixturefunc(**kwargs)\n\n../../../.cache/pypoetry/virtualenvs/uk-bin-collection-EwS6Gn8s-py3.12/lib/python3.12/site-packages/_pytest/fixtures.py:898: \n_ _ _ _ _ _ _ _ _ _ _ _ _ _ _ _ _ _ _ _ _ _ _ _ _ _ _ _ _ _ _ _ _ _ _ _ _ _ _ _ \nuk_bin_collection/tests/step_defs/test_validate_council.py:100: in scrape_step\n    context.parse_result = CollectData.run()\nuk_bin_collection/uk_bin_collection/collect_data.py:101: in run\n    return self.client_code(\nuk_bin_collection/uk_bin_collection/collect_data.py:121: in client_code\n    return get_bin_data_class.template_method(address_url, **kwargs)\nuk_bin_collection/uk_bin_collection/get_bin_data.py:61: in template_method\n    bin_data_dict = self.get_and_parse_data(this_url, **kwargs)\nuk_bin_collection/uk_bin_collection/get_bin_data.py:84: in get_and_parse_data\n    bin_data_dict = self.parse_data(\"\", url=address_url, **kwargs)\nuk_bin_collection/uk_bin_collection/councils/BexleyCouncil.py:38: in parse_data\n    driver = create_webdriver(web_driver, headless, None, __name__)\nuk_bin_collection/uk_bin_collection/common.py:323: in create_webdriver\n    return webdriver.Remote(command_executor=web_driver, options=options)\n../../../.cache/pypoetry/virtualenvs/uk-bin-collection-EwS6Gn8s-py3.12/lib/python3.12/site-packages/selenium/webdriver/remote/webdriver.py:212: in __init__\n    self.start_session(capabilities)\n../../../.cache/pypoetry/virtualenvs/uk-bin-collection-EwS6Gn8s-py3.12/lib/python3.12/site-packages/selenium/webdriver/remote/webdriver.py:299: in start_session\n    response = self.execute(Command.NEW_SESSION, caps)[\"value\"]\n../../../.cache/pypoetry/virtualenvs/uk-bin-collection-EwS6Gn8s-py3.12/lib/python3.12/site-packages/selenium/webdriver/remote/webdriver.py:354: in execute\n    self.error_handler.check_response(response)\n_ _ _ _ _ _ _ _ _ _ _ _ _ _ _ _ _ _ _ _ _ _ _ _ _ _ _ _ _ _ _ _ _ _ _ _ _ _ _ _ \n\nself = <selenium.webdriver.remote.errorhandler.ErrorHandler object at 0x7f6be10c40e0>\nresponse = {'status': 500, 'value': '{\\n  \"value\": {\\n    \"error\": \"session not created\",\\n    \"message\": \"Could not start a new ...\"className\": \"java.lang.Thread\",\\n        \"lineNumber\": 840,\\n        \"classLoaderName\": null\\n      }\\n    ]\\n  }\\n}'}\n\n    def check_response(self, response: Dict[str, Any]) -> None:\n        \"\"\"Checks that a JSON response from the WebDriver does not have an\n        error.\n    \n        :Args:\n         - response - The JSON response from the WebDriver server as a dictionary\n           object.\n    \n        :Raises: If the response contains an error message.\n        \"\"\"\n        status = response.get(\"status\", None)\n        if not status or status == ErrorCode.SUCCESS:\n            return\n        value = None\n        message = response.get(\"message\", \"\")\n        screen: str = response.get(\"screen\", \"\")\n        stacktrace = None\n        if isinstance(status, int):\n            value_json = response.get(\"value\", None)\n            if value_json and isinstance(value_json, str):\n                import json\n    \n                try:\n                    value = json.loads(value_json)\n                    if len(value) == 1:\n                        value = value[\"value\"]\n                    status = value.get(\"error\", None)\n                    if not status:\n                        status = value.get(\"status\", ErrorCode.UNKNOWN_ERROR)\n                        message = value.get(\"value\") or value.get(\"message\")\n                        if not isinstance(message, str):\n                            value = message\n                            message = message.get(\"message\")\n                    else:\n                        message = value.get(\"message\", None)\n                except ValueError:\n                    pass\n    \n        exception_class: Type[WebDriverException]\n        e = ErrorCode()\n        error_codes = [item for item in dir(e) if not item.startswith(\"__\")]\n        for error_code in error_codes:\n            error_info = getattr(ErrorCode, error_code)\n            if isinstance(error_info, list) and status in error_info:\n                exception_class = getattr(ExceptionMapping, error_code, WebDriverException)\n                break\n        else:\n            exception_class = WebDriverException\n    \n        if not value:\n            value = response[\"value\"]\n        if isinstance(value, str):\n            raise exception_class(value)\n        if message == \"\" and \"message\" in value:\n            message = value[\"message\"]\n    \n        screen = None  # type: ignore[assignment]\n        if \"screen\" in value:\n            screen = value[\"screen\"]\n    \n        stacktrace = None\n        st_value = value.get(\"stackTrace\") or value.get(\"stacktrace\")\n        if st_value:\n            if isinstance(st_value, str):\n                stacktrace = st_value.split(\"\\n\")\n            else:\n                stacktrace = []\n                try:\n                    for frame in st_value:\n                        line = frame.get(\"lineNumber\", \"\")\n                        file = frame.get(\"fileName\", \"<anonymous>\")\n                        if line:\n                            file = f\"{file}:{line}\"\n                        meth = frame.get(\"methodName\", \"<anonymous>\")\n                        if \"className\" in frame:\n                            meth = f\"{frame['className']}.{meth}\"\n                        msg = \"    at %s (%s)\"\n                        msg = msg % (meth, file)\n                        stacktrace.append(msg)\n                except TypeError:\n                    pass\n        if exception_class == UnexpectedAlertPresentException:\n            alert_text = None\n            if \"data\" in value:\n                alert_text = value[\"data\"].get(\"text\")\n            elif \"alert\" in value:\n                alert_text = value[\"alert\"].get(\"text\")\n            raise exception_class(message, screen, stacktrace, alert_text)  # type: ignore[call-arg]  # mypy is not smart enough here\n>       raise exception_class(message, screen, stacktrace)\nE       selenium.common.exceptions.SessionNotCreatedException: Message: Could not start a new session. New session request timed out \nE       Host info: host: 'selenium', ip: '172.18.0.2'\nE       Build info: version: '4.25.0', revision: '030fcf7918'\nE       System info: os.name: 'Linux', os.arch: 'amd64', os.version: '6.5.0-1025-azure', java.version: '17.0.12'\nE       Driver info: driver.version: unknown\nE       Stacktrace:\nE           at org.openqa.selenium.grid.sessionqueue.local.LocalNewSessionQueue.addToQueue (LocalNewSessionQueue.java:221)\nE           at org.openqa.selenium.grid.sessionqueue.NewSessionQueue.lambda$new$0 (NewSessionQueue.java:68)\nE           at org.openqa.selenium.remote.http.Route$TemplatizedRoute.handle (Route.java:192)\nE           at org.openqa.selenium.remote.http.Route.execute (Route.java:69)\nE           at org.openqa.selenium.remote.http.Route$CombinedRoute.handle (Route.java:360)\nE           at org.openqa.selenium.remote.http.Route.execute (Route.java:69)\nE           at org.openqa.selenium.grid.sessionqueue.NewSessionQueue.execute (NewSessionQueue.java:128)\nE           at org.openqa.selenium.remote.tracing.SpanWrappedHttpHandler.execute (SpanWrappedHttpHandler.java:87)\nE           at org.openqa.selenium.remote.http.Filter$1.execute (Filter.java:63)\nE           at org.openqa.selenium.remote.http.Route$CombinedRoute.handle (Route.java:360)\nE           at org.openqa.selenium.remote.http.Route.execute (Route.java:69)\nE           at org.openqa.selenium.grid.router.Router.execute (Router.java:87)\nE           at org.openqa.selenium.grid.web.EnsureSpecCompliantResponseHeaders.lambda$apply$0 (EnsureSpecCompliantResponseHeaders.java:34)\nE           at org.openqa.selenium.remote.http.Filter$1.execute (Filter.java:63)\nE           at org.openqa.selenium.remote.http.Route$CombinedRoute.handle (Route.java:360)\nE           at org.openqa.selenium.remote.http.Route.execute (Route.java:69)\nE           at org.openqa.selenium.remote.AddWebDriverSpecHeaders.lambda$apply$0 (AddWebDriverSpecHeaders.java:35)\nE           at org.openqa.selenium.remote.ErrorFilter.lambda$apply$0 (ErrorFilter.java:44)\nE           at org.openqa.selenium.remote.http.Filter$1.execute (Filter.java:63)\nE           at org.openqa.selenium.remote.ErrorFilter.lambda$apply$0 (ErrorFilter.java:44)\nE           at org.openqa.selenium.remote.http.Filter$1.execute (Filter.java:63)\nE           at org.openqa.selenium.netty.server.SeleniumHandler.lambda$channelRead0$0 (SeleniumHandler.java:44)\nE           at java.util.concurrent.Executors$RunnableAdapter.call (Executors.java:539)\nE           at java.util.concurrent.FutureTask.run (FutureTask.java:264)\nE           at java.util.concurrent.ThreadPoolExecutor.runWorker (ThreadPoolExecutor.java:1136)\nE           at java.util.concurrent.ThreadPoolExecutor$Worker.run (ThreadPoolExecutor.java:635)\nE           at java.lang.Thread.run (Thread.java:840)\n\n../../../.cache/pypoetry/virtualenvs/uk-bin-collection-EwS6Gn8s-py3.12/lib/python3.12/site-packages/selenium/webdriver/remote/errorhandler.py:229: SessionNotCreatedException","steps":[{"name":"Given the council","time":{"start":1728691272067,"stop":1728691272067,"duration":0},"status":"passed","steps":[],"attachments":[],"parameters":[],"shouldDisplayMessage":false,"stepsCount":0,"attachmentsCount":0,"hasContent":false,"attachmentStep":false},{"name":"When we scrape the data from the council","time":{"start":1728691272067,"stop":1728691572083,"duration":300016},"status":"failed","statusMessage":"Message: Could not start a new session. New session request timed out \nHost info: host: 'selenium', ip: '172.18.0.2'\nBuild info: version: '4.25.0', revision: '030fcf7918'\nSystem info: os.name: 'Linux', os.arch: 'amd64', os.version: '6.5.0-1025-azure', java.version: '17.0.12'\nDriver info: driver.version: unknown\nStacktrace:\n    at org.openqa.selenium.grid.sessionqueue.local.LocalNewSessionQueue.addToQueue (LocalNewSessionQueue.java:221)\n    at org.openqa.selenium.grid.sessionqueue.NewSessionQueue.lambda$new$0 (NewSessionQueue.java:68)\n    at org.openqa.selenium.remote.http.Route$TemplatizedRoute.handle (Route.java:192)\n    at org.openqa.selenium.remote.http.Route.execute (Route.java:69)\n    at org.openqa.selenium.remote.http.Route$CombinedRoute.handle (Route.java:360)\n    at org.openqa.selenium.remote.http.Route.execute (Route.java:69)\n    at org.openqa.selenium.grid.sessionqueue.NewSessionQueue.execute (NewSessionQueue.java:128)\n    at org.openqa.selenium.remote.tracing.SpanWrappedHttpHandler.execute (SpanWrappedHttpHandler.java:87)\n    at org.openqa.selenium.remote.http.Filter$1.execute (Filter.java:63)\n    at org.openqa.selenium.remote.http.Route$CombinedRoute.handle (Route.java:360)\n    at org.openqa.selenium.remote.http.Route.execute (Route.java:69)\n    at org.openqa.selenium.grid.router.Router.execute (Router.java:87)\n    at org.openqa.selenium.grid.web.EnsureSpecCompliantResponseHeaders.lambda$apply$0 (EnsureSpecCompliantResponseHeaders.java:34)\n    at org.openqa.selenium.remote.http.Filter$1.execute (Filter.java:63)\n    at org.openqa.selenium.remote.http.Route$CombinedRoute.handle (Route.java:360)\n    at org.openqa.selenium.remote.http.Route.execute (Route.java:69)\n    at org.openqa.selenium.remote.AddWebDriverSpecHeaders.lambda$apply$0 (AddWebDriverSpecHeaders.java:35)\n    at org.openqa.selenium.remote.ErrorFilter.lambda$apply$0 (ErrorFilter.java:44)\n    at org.openqa.selenium.remote.http.Filter$1.execute (Filter.java:63)\n    at org.openqa.selenium.remote.ErrorFilter.lambda$apply$0 (ErrorFilter.java:44)\n    at org.openqa.selenium.remote.http.Filter$1.execute (Filter.java:63)\n    at org.openqa.selenium.netty.server.SeleniumHandler.lambda$channelRead0$0 (SeleniumHandler.java:44)\n    at java.util.concurrent.Executors$RunnableAdapter.call (Executors.java:539)\n    at java.util.concurrent.FutureTask.run (FutureTask.java:264)\n    at java.util.concurrent.ThreadPoolExecutor.runWorker (ThreadPoolExecutor.java:1136)\n    at java.util.concurrent.ThreadPoolExecutor$Worker.run (ThreadPoolExecutor.java:635)\n    at java.lang.Thread.run (Thread.java:840)","statusTrace":"selenium.common.exceptions.SessionNotCreatedException: Message: Could not start a new session. New session request timed out \nHost info: host: 'selenium', ip: '172.18.0.2'\nBuild info: version: '4.25.0', revision: '030fcf7918'\nSystem info: os.name: 'Linux', os.arch: 'amd64', os.version: '6.5.0-1025-azure', java.version: '17.0.12'\nDriver info: driver.version: unknown\nStacktrace:\n    at org.openqa.selenium.grid.sessionqueue.local.LocalNewSessionQueue.addToQueue (LocalNewSessionQueue.java:221)\n    at org.openqa.selenium.grid.sessionqueue.NewSessionQueue.lambda$new$0 (NewSessionQueue.java:68)\n    at org.openqa.selenium.remote.http.Route$TemplatizedRoute.handle (Route.java:192)\n    at org.openqa.selenium.remote.http.Route.execute (Route.java:69)\n    at org.openqa.selenium.remote.http.Route$CombinedRoute.handle (Route.java:360)\n    at org.openqa.selenium.remote.http.Route.execute (Route.java:69)\n    at org.openqa.selenium.grid.sessionqueue.NewSessionQueue.execute (NewSessionQueue.java:128)\n    at org.openqa.selenium.remote.tracing.SpanWrappedHttpHandler.execute (SpanWrappedHttpHandler.java:87)\n    at org.openqa.selenium.remote.http.Filter$1.execute (Filter.java:63)\n    at org.openqa.selenium.remote.http.Route$CombinedRoute.handle (Route.java:360)\n    at org.openqa.selenium.remote.http.Route.execute (Route.java:69)\n    at org.openqa.selenium.grid.router.Router.execute (Router.java:87)\n    at org.openqa.selenium.grid.web.EnsureSpecCompliantResponseHeaders.lambda$apply$0 (EnsureSpecCompliantResponseHeaders.java:34)\n    at org.openqa.selenium.remote.http.Filter$1.execute (Filter.java:63)\n    at org.openqa.selenium.remote.http.Route$CombinedRoute.handle (Route.java:360)\n    at org.openqa.selenium.remote.http.Route.execute (Route.java:69)\n    at org.openqa.selenium.remote.AddWebDriverSpecHeaders.lambda$apply$0 (AddWebDriverSpecHeaders.java:35)\n    at org.openqa.selenium.remote.ErrorFilter.lambda$apply$0 (ErrorFilter.java:44)\n    at org.openqa.selenium.remote.http.Filter$1.execute (Filter.java:63)\n    at org.openqa.selenium.remote.ErrorFilter.lambda$apply$0 (ErrorFilter.java:44)\n    at org.openqa.selenium.remote.http.Filter$1.execute (Filter.java:63)\n    at org.openqa.selenium.netty.server.SeleniumHandler.lambda$channelRead0$0 (SeleniumHandler.java:44)\n    at java.util.concurrent.Executors$RunnableAdapter.call (Executors.java:539)\n    at java.util.concurrent.FutureTask.run (FutureTask.java:264)\n    at java.util.concurrent.ThreadPoolExecutor.runWorker (ThreadPoolExecutor.java:1136)\n    at java.util.concurrent.ThreadPoolExecutor$Worker.run (ThreadPoolExecutor.java:635)\n    at java.lang.Thread.run (Thread.java:840)\n","steps":[],"attachments":[],"parameters":[],"shouldDisplayMessage":true,"stepsCount":0,"attachmentsCount":0,"hasContent":true,"attachmentStep":false}],"attachments":[{"uid":"67450bfec3043620","name":"stdout","source":"67450bfec3043620.txt","type":"text/plain","size":2650}],"parameters":[],"shouldDisplayMessage":true,"stepsCount":2,"attachmentsCount":1,"hasContent":true,"attachmentStep":false},"afterStages":[],"labels":[{"name":"host","value":"fv-az661-552"},{"name":"thread","value":"2851-MainThread"},{"name":"framework","value":"pytest-bdd"},{"name":"language","value":"cpython3"},{"name":"feature","value":"Test each council output matches expected results"},{"name":"resultFormat","value":"allure2"}],"parameters":[{"name":"council","value":"BexleyCouncil"}],"links":[],"hidden":false,"retry":false,"extra":{"severity":"normal","retries":[],"categories":[{"name":"Product defects","matchedStatuses":[],"flaky":false}],"history":{"statistic":{"failed":116,"broken":0,"skipped":0,"passed":53,"unknown":0,"total":169},"items":[{"uid":"278eb74a79ee9c31","reportUrl":"https://robbrad.github.io/UKBinCollectionData/3.12/2210//#testresult/278eb74a79ee9c31","status":"failed","statusDetails":"selenium.common.exceptions.SessionNotCreatedException: Message: Could not start a new session. New session request timed out \nHost info: host: 'selenium', ip: '172.18.0.2'\nBuild info: version: '4.25.0', revision: '030fcf7918'\nSystem info: os.name: 'Linux', os.arch: 'amd64', os.version: '6.5.0-1025-azure', java.version: '17.0.12'\nDriver info: driver.version: unknown\nStacktrace:\n    at org.openqa.selenium.grid.sessionqueue.local.LocalNewSessionQueue.addToQueue (LocalNewSessionQueue.java:221)\n    at org.openqa.selenium.grid.sessionqueue.NewSessionQueue.lambda$new$0 (NewSessionQueue.java:68)\n    at org.openqa.selenium.remote.http.Route$TemplatizedRoute.handle (Route.java:192)\n    at org.openqa.selenium.remote.http.Route.execute (Route.java:69)\n    at org.openqa.selenium.remote.http.Route$CombinedRoute.handle (Route.java:360)\n    at org.openqa.selenium.remote.http.Route.execute (Route.java:69)\n    at org.openqa.selenium.grid.sessionqueue.NewSessionQueue.execute (NewSessionQueue.java:128)\n    at org.openqa.selenium.remote.tracing.SpanWrappedHttpHandler.execute (SpanWrappedHttpHandler.java:87)\n    at org.openqa.selenium.remote.http.Filter$1.execute (Filter.java:63)\n    at org.openqa.selenium.remote.http.Route$CombinedRoute.handle (Route.java:360)\n    at org.openqa.selenium.remote.http.Route.execute (Route.java:69)\n    at org.openqa.selenium.grid.router.Router.execute (Router.java:87)\n    at org.openqa.selenium.grid.web.EnsureSpecCompliantResponseHeaders.lambda$apply$0 (EnsureSpecCompliantResponseHeaders.java:34)\n    at org.openqa.selenium.remote.http.Filter$1.execute (Filter.java:63)\n    at org.openqa.selenium.remote.http.Route$CombinedRoute.handle (Route.java:360)\n    at org.openqa.selenium.remote.http.Route.execute (Route.java:69)\n    at org.openqa.selenium.remote.AddWebDriverSpecHeaders.lambda$apply$0 (AddWebDriverSpecHeaders.java:35)\n    at org.openqa.selenium.remote.ErrorFilter.lambda$apply$0 (ErrorFilter.java:44)\n    at org.openqa.selenium.remote.http.Filter$1.execute (Filter.java:63)\n    at org.openqa.selenium.remote.ErrorFilter.lambda$apply$0 (ErrorFilter.java:44)\n    at org.openqa.selenium.remote.http.Filter$1.execute (Filter.java:63)\n    at org.openqa.selenium.netty.server.SeleniumHandler.lambda$channelRead0$0 (SeleniumHandler.java:44)\n    at java.util.concurrent.Executors$RunnableAdapter.call (Executors.java:539)\n    at java.util.concurrent.FutureTask.run (FutureTask.java:264)\n    at java.util.concurrent.ThreadPoolExecutor.runWorker (ThreadPoolExecutor.java:1136)\n    at java.util.concurrent.ThreadPoolExecutor$Worker.run (ThreadPoolExecutor.java:635)\n    at java.lang.Thread.run (Thread.java:840)","time":{"start":1728604893522,"stop":1728605193541,"duration":300019}},{"uid":"b209f4e57fcf5e61","reportUrl":"https://robbrad.github.io/UKBinCollectionData/3.12/2199//#testresult/b209f4e57fcf5e61","status":"failed","statusDetails":"selenium.common.exceptions.SessionNotCreatedException: Message: Could not start a new session. New session request timed out \nHost info: host: 'selenium', ip: '172.18.0.2'\nBuild info: version: '4.25.0', revision: '030fcf7918'\nSystem info: os.name: 'Linux', os.arch: 'amd64', os.version: '6.5.0-1025-azure', java.version: '17.0.12'\nDriver info: driver.version: unknown\nStacktrace:\n    at org.openqa.selenium.grid.sessionqueue.local.LocalNewSessionQueue.addToQueue (LocalNewSessionQueue.java:221)\n    at org.openqa.selenium.grid.sessionqueue.NewSessionQueue.lambda$new$0 (NewSessionQueue.java:68)\n    at org.openqa.selenium.remote.http.Route$TemplatizedRoute.handle (Route.java:192)\n    at org.openqa.selenium.remote.http.Route.execute (Route.java:69)\n    at org.openqa.selenium.remote.http.Route$CombinedRoute.handle (Route.java:360)\n    at org.openqa.selenium.remote.http.Route.execute (Route.java:69)\n    at org.openqa.selenium.grid.sessionqueue.NewSessionQueue.execute (NewSessionQueue.java:128)\n    at org.openqa.selenium.remote.tracing.SpanWrappedHttpHandler.execute (SpanWrappedHttpHandler.java:87)\n    at org.openqa.selenium.remote.http.Filter$1.execute (Filter.java:63)\n    at org.openqa.selenium.remote.http.Route$CombinedRoute.handle (Route.java:360)\n    at org.openqa.selenium.remote.http.Route.execute (Route.java:69)\n    at org.openqa.selenium.grid.router.Router.execute (Router.java:87)\n    at org.openqa.selenium.grid.web.EnsureSpecCompliantResponseHeaders.lambda$apply$0 (EnsureSpecCompliantResponseHeaders.java:34)\n    at org.openqa.selenium.remote.http.Filter$1.execute (Filter.java:63)\n    at org.openqa.selenium.remote.http.Route$CombinedRoute.handle (Route.java:360)\n    at org.openqa.selenium.remote.http.Route.execute (Route.java:69)\n    at org.openqa.selenium.remote.AddWebDriverSpecHeaders.lambda$apply$0 (AddWebDriverSpecHeaders.java:35)\n    at org.openqa.selenium.remote.ErrorFilter.lambda$apply$0 (ErrorFilter.java:44)\n    at org.openqa.selenium.remote.http.Filter$1.execute (Filter.java:63)\n    at org.openqa.selenium.remote.ErrorFilter.lambda$apply$0 (ErrorFilter.java:44)\n    at org.openqa.selenium.remote.http.Filter$1.execute (Filter.java:63)\n    at org.openqa.selenium.netty.server.SeleniumHandler.lambda$channelRead0$0 (SeleniumHandler.java:44)\n    at java.util.concurrent.Executors$RunnableAdapter.call (Executors.java:539)\n    at java.util.concurrent.FutureTask.run (FutureTask.java:264)\n    at java.util.concurrent.ThreadPoolExecutor.runWorker (ThreadPoolExecutor.java:1136)\n    at java.util.concurrent.ThreadPoolExecutor$Worker.run (ThreadPoolExecutor.java:635)\n    at java.lang.Thread.run (Thread.java:840)","time":{"start":1728518482424,"stop":1728518782448,"duration":300024}},{"uid":"f75a0b69973a4818","reportUrl":"https://robbrad.github.io/UKBinCollectionData/3.12/2188//#testresult/f75a0b69973a4818","status":"failed","statusDetails":"selenium.common.exceptions.SessionNotCreatedException: Message: Could not start a new session. New session request timed out \nHost info: host: 'selenium', ip: '172.18.0.2'\nBuild info: version: '4.25.0', revision: '030fcf7918'\nSystem info: os.name: 'Linux', os.arch: 'amd64', os.version: '6.8.0-1014-azure', java.version: '17.0.12'\nDriver info: driver.version: unknown\nStacktrace:\n    at org.openqa.selenium.grid.sessionqueue.local.LocalNewSessionQueue.addToQueue (LocalNewSessionQueue.java:221)\n    at org.openqa.selenium.grid.sessionqueue.NewSessionQueue.lambda$new$0 (NewSessionQueue.java:68)\n    at org.openqa.selenium.remote.http.Route$TemplatizedRoute.handle (Route.java:192)\n    at org.openqa.selenium.remote.http.Route.execute (Route.java:69)\n    at org.openqa.selenium.remote.http.Route$CombinedRoute.handle (Route.java:360)\n    at org.openqa.selenium.remote.http.Route.execute (Route.java:69)\n    at org.openqa.selenium.grid.sessionqueue.NewSessionQueue.execute (NewSessionQueue.java:128)\n    at org.openqa.selenium.remote.tracing.SpanWrappedHttpHandler.execute (SpanWrappedHttpHandler.java:87)\n    at org.openqa.selenium.remote.http.Filter$1.execute (Filter.java:63)\n    at org.openqa.selenium.remote.http.Route$CombinedRoute.handle (Route.java:360)\n    at org.openqa.selenium.remote.http.Route.execute (Route.java:69)\n    at org.openqa.selenium.grid.router.Router.execute (Router.java:87)\n    at org.openqa.selenium.grid.web.EnsureSpecCompliantResponseHeaders.lambda$apply$0 (EnsureSpecCompliantResponseHeaders.java:34)\n    at org.openqa.selenium.remote.http.Filter$1.execute (Filter.java:63)\n    at org.openqa.selenium.remote.http.Route$CombinedRoute.handle (Route.java:360)\n    at org.openqa.selenium.remote.http.Route.execute (Route.java:69)\n    at org.openqa.selenium.remote.AddWebDriverSpecHeaders.lambda$apply$0 (AddWebDriverSpecHeaders.java:35)\n    at org.openqa.selenium.remote.ErrorFilter.lambda$apply$0 (ErrorFilter.java:44)\n    at org.openqa.selenium.remote.http.Filter$1.execute (Filter.java:63)\n    at org.openqa.selenium.remote.ErrorFilter.lambda$apply$0 (ErrorFilter.java:44)\n    at org.openqa.selenium.remote.http.Filter$1.execute (Filter.java:63)\n    at org.openqa.selenium.netty.server.SeleniumHandler.lambda$channelRead0$0 (SeleniumHandler.java:44)\n    at java.util.concurrent.Executors$RunnableAdapter.call (Executors.java:539)\n    at java.util.concurrent.FutureTask.run (FutureTask.java:264)\n    at java.util.concurrent.ThreadPoolExecutor.runWorker (ThreadPoolExecutor.java:1136)\n    at java.util.concurrent.ThreadPoolExecutor$Worker.run (ThreadPoolExecutor.java:635)\n    at java.lang.Thread.run (Thread.java:840)","time":{"start":1728432089652,"stop":1728432389668,"duration":300016}},{"uid":"8e05748bdcc94211","reportUrl":"https://robbrad.github.io/UKBinCollectionData/3.12/2169//#testresult/8e05748bdcc94211","status":"failed","statusDetails":"selenium.common.exceptions.TimeoutException: Message: \nStacktrace:\n#0 0x55d72dd1913a <unknown>\n#1 0x55d72d9ff5e0 <unknown>\n#2 0x55d72da4ebe8 <unknown>\n#3 0x55d72da4ee81 <unknown>\n#4 0x55d72da958c4 <unknown>\n#5 0x55d72da73b4d <unknown>\n#6 0x55d72da92d7d <unknown>\n#7 0x55d72da738c3 <unknown>\n#8 0x55d72da416b3 <unknown>\n#9 0x55d72da4268e <unknown>\n#10 0x55d72dce3b3b <unknown>\n#11 0x55d72dce7ac1 <unknown>\n#12 0x55d72dcd0335 <unknown>\n#13 0x55d72dce8642 <unknown>\n#14 0x55d72dcb549f <unknown>\n#15 0x55d72dd08038 <unknown>\n#16 0x55d72dd08203 <unknown>\n#17 0x55d72dd17f8c <unknown>\n#18 0x7fc9c7019a94 <unknown>\n#19 0x7fc9c70a6a34 __clone","time":{"start":1728331939853,"stop":1728331974251,"duration":34398}},{"uid":"9fccb8e19b0822a6","reportUrl":"https://robbrad.github.io/UKBinCollectionData/3.12/2165//#testresult/9fccb8e19b0822a6","status":"failed","statusDetails":"selenium.common.exceptions.TimeoutException: Message: \nStacktrace:\n#0 0x5559056c513a <unknown>\n#1 0x5559053ab5e0 <unknown>\n#2 0x5559053fabe8 <unknown>\n#3 0x5559053fae81 <unknown>\n#4 0x5559054418c4 <unknown>\n#5 0x55590541fb4d <unknown>\n#6 0x55590543ed7d <unknown>\n#7 0x55590541f8c3 <unknown>\n#8 0x5559053ed6b3 <unknown>\n#9 0x5559053ee68e <unknown>\n#10 0x55590568fb3b <unknown>\n#11 0x555905693ac1 <unknown>\n#12 0x55590567c335 <unknown>\n#13 0x555905694642 <unknown>\n#14 0x55590566149f <unknown>\n#15 0x5559056b4038 <unknown>\n#16 0x5559056b4203 <unknown>\n#17 0x5559056c3f8c <unknown>\n#18 0x7f3350d88a94 <unknown>\n#19 0x7f3350e15a34 __clone","time":{"start":1728259281944,"stop":1728259320308,"duration":38364}},{"uid":"5ee889b38a3873eb","reportUrl":"https://robbrad.github.io/UKBinCollectionData/3.12/2164//#testresult/5ee889b38a3873eb","status":"failed","statusDetails":"selenium.common.exceptions.TimeoutException: Message: \nStacktrace:\n#0 0x5632f844a13a <unknown>\n#1 0x5632f81305e0 <unknown>\n#2 0x5632f817fbe8 <unknown>\n#3 0x5632f817fe81 <unknown>\n#4 0x5632f81c68c4 <unknown>\n#5 0x5632f81a4b4d <unknown>\n#6 0x5632f81c3d7d <unknown>\n#7 0x5632f81a48c3 <unknown>\n#8 0x5632f81726b3 <unknown>\n#9 0x5632f817368e <unknown>\n#10 0x5632f8414b3b <unknown>\n#11 0x5632f8418ac1 <unknown>\n#12 0x5632f8401335 <unknown>\n#13 0x5632f8419642 <unknown>\n#14 0x5632f83e649f <unknown>\n#15 0x5632f8439038 <unknown>\n#16 0x5632f8439203 <unknown>\n#17 0x5632f8448f8c <unknown>\n#18 0x7ff68394aa94 <unknown>\n#19 0x7ff6839d7a34 __clone","time":{"start":1728172875951,"stop":1728172915521,"duration":39570}},{"uid":"b37ce21ed01e850","reportUrl":"https://robbrad.github.io/UKBinCollectionData/3.12/2160//#testresult/b37ce21ed01e850","status":"failed","statusDetails":"selenium.common.exceptions.TimeoutException: Message: \nStacktrace:\n#0 0x55cb3131413a <unknown>\n#1 0x55cb30ffa5e0 <unknown>\n#2 0x55cb31049be8 <unknown>\n#3 0x55cb31049e81 <unknown>\n#4 0x55cb310908c4 <unknown>\n#5 0x55cb3106eb4d <unknown>\n#6 0x55cb3108dd7d <unknown>\n#7 0x55cb3106e8c3 <unknown>\n#8 0x55cb3103c6b3 <unknown>\n#9 0x55cb3103d68e <unknown>\n#10 0x55cb312deb3b <unknown>\n#11 0x55cb312e2ac1 <unknown>\n#12 0x55cb312cb335 <unknown>\n#13 0x55cb312e3642 <unknown>\n#14 0x55cb312b049f <unknown>\n#15 0x55cb31303038 <unknown>\n#16 0x55cb31303203 <unknown>\n#17 0x55cb31312f8c <unknown>\n#18 0x7f5363a87a94 <unknown>\n#19 0x7f5363b14a34 __clone","time":{"start":1728086472162,"stop":1728086506579,"duration":34417}},{"uid":"def4569dd8a4ed4d","reportUrl":"https://robbrad.github.io/UKBinCollectionData/3.12/2152//#testresult/def4569dd8a4ed4d","status":"failed","statusDetails":"selenium.common.exceptions.TimeoutException: Message: \nStacktrace:\n#0 0x55c02e35b13a <unknown>\n#1 0x55c02e0415e0 <unknown>\n#2 0x55c02e090be8 <unknown>\n#3 0x55c02e090e81 <unknown>\n#4 0x55c02e0d78c4 <unknown>\n#5 0x55c02e0b5b4d <unknown>\n#6 0x55c02e0d4d7d <unknown>\n#7 0x55c02e0b58c3 <unknown>\n#8 0x55c02e0836b3 <unknown>\n#9 0x55c02e08468e <unknown>\n#10 0x55c02e325b3b <unknown>\n#11 0x55c02e329ac1 <unknown>\n#12 0x55c02e312335 <unknown>\n#13 0x55c02e32a642 <unknown>\n#14 0x55c02e2f749f <unknown>\n#15 0x55c02e34a038 <unknown>\n#16 0x55c02e34a203 <unknown>\n#17 0x55c02e359f8c <unknown>\n#18 0x7f8b748cea94 <unknown>\n#19 0x7f8b7495ba34 __clone","time":{"start":1728000069729,"stop":1728000103814,"duration":34085}},{"uid":"f902bde5e225cc6c","reportUrl":"https://robbrad.github.io/UKBinCollectionData/3.12/2148//#testresult/f902bde5e225cc6c","status":"failed","statusDetails":"selenium.common.exceptions.TimeoutException: Message: \nStacktrace:\n#0 0x562088d1913a <unknown>\n#1 0x5620889ff5e0 <unknown>\n#2 0x562088a4ebe8 <unknown>\n#3 0x562088a4ee81 <unknown>\n#4 0x562088a958c4 <unknown>\n#5 0x562088a73b4d <unknown>\n#6 0x562088a92d7d <unknown>\n#7 0x562088a738c3 <unknown>\n#8 0x562088a416b3 <unknown>\n#9 0x562088a4268e <unknown>\n#10 0x562088ce3b3b <unknown>\n#11 0x562088ce7ac1 <unknown>\n#12 0x562088cd0335 <unknown>\n#13 0x562088ce8642 <unknown>\n#14 0x562088cb549f <unknown>\n#15 0x562088d08038 <unknown>\n#16 0x562088d08203 <unknown>\n#17 0x562088d17f8c <unknown>\n#18 0x7f99d181ea94 <unknown>\n#19 0x7f99d18aba34 __clone","time":{"start":1727931969601,"stop":1727932032232,"duration":62631}},{"uid":"bf7ea04e18406d99","reportUrl":"https://robbrad.github.io/UKBinCollectionData/3.12/2146//#testresult/bf7ea04e18406d99","status":"failed","statusDetails":"selenium.common.exceptions.TimeoutException: Message: \nStacktrace:\n#0 0x55f39fda513a <unknown>\n#1 0x55f39fa8b5e0 <unknown>\n#2 0x55f39fadabe8 <unknown>\n#3 0x55f39fadae81 <unknown>\n#4 0x55f39fb218c4 <unknown>\n#5 0x55f39faffb4d <unknown>\n#6 0x55f39fb1ed7d <unknown>\n#7 0x55f39faff8c3 <unknown>\n#8 0x55f39facd6b3 <unknown>\n#9 0x55f39face68e <unknown>\n#10 0x55f39fd6fb3b <unknown>\n#11 0x55f39fd73ac1 <unknown>\n#12 0x55f39fd5c335 <unknown>\n#13 0x55f39fd74642 <unknown>\n#14 0x55f39fd4149f <unknown>\n#15 0x55f39fd94038 <unknown>\n#16 0x55f39fd94203 <unknown>\n#17 0x55f39fda3f8c <unknown>\n#18 0x7fb066da6a94 <unknown>\n#19 0x7fb066e33a34 __clone","time":{"start":1727913672510,"stop":1727913752382,"duration":79872}},{"uid":"5e407ed7804d9968","reportUrl":"https://robbrad.github.io/UKBinCollectionData/3.12/2139//#testresult/5e407ed7804d9968","status":"failed","statusDetails":"selenium.common.exceptions.TimeoutException: Message: \nStacktrace:\n#0 0x55a2ca2f713a <unknown>\n#1 0x55a2c9fdd5e0 <unknown>\n#2 0x55a2ca02cbe8 <unknown>\n#3 0x55a2ca02ce81 <unknown>\n#4 0x55a2ca0738c4 <unknown>\n#5 0x55a2ca051b4d <unknown>\n#6 0x55a2ca070d7d <unknown>\n#7 0x55a2ca0518c3 <unknown>\n#8 0x55a2ca01f6b3 <unknown>\n#9 0x55a2ca02068e <unknown>\n#10 0x55a2ca2c1b3b <unknown>\n#11 0x55a2ca2c5ac1 <unknown>\n#12 0x55a2ca2ae335 <unknown>\n#13 0x55a2ca2c6642 <unknown>\n#14 0x55a2ca29349f <unknown>\n#15 0x55a2ca2e6038 <unknown>\n#16 0x55a2ca2e6203 <unknown>\n#17 0x55a2ca2f5f8c <unknown>\n#18 0x7fb00d77fa94 <unknown>\n#19 0x7fb00d80ca34 __clone","time":{"start":1727827272635,"stop":1727827348937,"duration":76302}},{"uid":"46acf01fbc65b62a","reportUrl":"https://robbrad.github.io/UKBinCollectionData/3.12/2138//#testresult/46acf01fbc65b62a","status":"failed","statusDetails":"selenium.common.exceptions.TimeoutException: Message: \nStacktrace:\n#0 0x56018beed13a <unknown>\n#1 0x56018bbd35e0 <unknown>\n#2 0x56018bc22be8 <unknown>\n#3 0x56018bc22e81 <unknown>\n#4 0x56018bc698c4 <unknown>\n#5 0x56018bc47b4d <unknown>\n#6 0x56018bc66d7d <unknown>\n#7 0x56018bc478c3 <unknown>\n#8 0x56018bc156b3 <unknown>\n#9 0x56018bc1668e <unknown>\n#10 0x56018beb7b3b <unknown>\n#11 0x56018bebbac1 <unknown>\n#12 0x56018bea4335 <unknown>\n#13 0x56018bebc642 <unknown>\n#14 0x56018be8949f <unknown>\n#15 0x56018bedc038 <unknown>\n#16 0x56018bedc203 <unknown>\n#17 0x56018beebf8c <unknown>\n#18 0x7f60b13e3a94 <unknown>\n#19 0x7f60b1470a34 __clone","time":{"start":1727740874286,"stop":1727740944432,"duration":70146}},{"uid":"b6cca5d050ca20e5","reportUrl":"https://robbrad.github.io/UKBinCollectionData/3.12/2137//#testresult/b6cca5d050ca20e5","status":"failed","statusDetails":"selenium.common.exceptions.TimeoutException: Message: \nStacktrace:\n#0 0x562e5ebed13a <unknown>\n#1 0x562e5e8d35e0 <unknown>\n#2 0x562e5e922be8 <unknown>\n#3 0x562e5e922e81 <unknown>\n#4 0x562e5e9698c4 <unknown>\n#5 0x562e5e947b4d <unknown>\n#6 0x562e5e966d7d <unknown>\n#7 0x562e5e9478c3 <unknown>\n#8 0x562e5e9156b3 <unknown>\n#9 0x562e5e91668e <unknown>\n#10 0x562e5ebb7b3b <unknown>\n#11 0x562e5ebbbac1 <unknown>\n#12 0x562e5eba4335 <unknown>\n#13 0x562e5ebbc642 <unknown>\n#14 0x562e5eb8949f <unknown>\n#15 0x562e5ebdc038 <unknown>\n#16 0x562e5ebdc203 <unknown>\n#17 0x562e5ebebf8c <unknown>\n#18 0x7f3b713dfa94 <unknown>\n#19 0x7f3b7146ca34 __clone","time":{"start":1727654477123,"stop":1727654546400,"duration":69277}},{"uid":"b9f8d3b907846a53","reportUrl":"https://robbrad.github.io/UKBinCollectionData/3.12/2136//#testresult/b9f8d3b907846a53","status":"failed","statusDetails":"selenium.common.exceptions.TimeoutException: Message: \nStacktrace:\n#0 0x5616ada4a13a <unknown>\n#1 0x5616ad7305e0 <unknown>\n#2 0x5616ad77fbe8 <unknown>\n#3 0x5616ad77fe81 <unknown>\n#4 0x5616ad7c68c4 <unknown>\n#5 0x5616ad7a4b4d <unknown>\n#6 0x5616ad7c3d7d <unknown>\n#7 0x5616ad7a48c3 <unknown>\n#8 0x5616ad7726b3 <unknown>\n#9 0x5616ad77368e <unknown>\n#10 0x5616ada14b3b <unknown>\n#11 0x5616ada18ac1 <unknown>\n#12 0x5616ada01335 <unknown>\n#13 0x5616ada19642 <unknown>\n#14 0x5616ad9e649f <unknown>\n#15 0x5616ada39038 <unknown>\n#16 0x5616ada39203 <unknown>\n#17 0x5616ada48f8c <unknown>\n#18 0x7f3d98cb0a94 <unknown>\n#19 0x7f3d98d3da34 __clone","time":{"start":1727568075330,"stop":1727568144378,"duration":69048}},{"uid":"6e6ea192b5422876","reportUrl":"https://robbrad.github.io/UKBinCollectionData/3.12/2135//#testresult/6e6ea192b5422876","status":"failed","statusDetails":"selenium.common.exceptions.TimeoutException: Message: \nStacktrace:\n#0 0x561c246ac13a <unknown>\n#1 0x561c243925e0 <unknown>\n#2 0x561c243e1be8 <unknown>\n#3 0x561c243e1e81 <unknown>\n#4 0x561c244288c4 <unknown>\n#5 0x561c24406b4d <unknown>\n#6 0x561c24425d7d <unknown>\n#7 0x561c244068c3 <unknown>\n#8 0x561c243d46b3 <unknown>\n#9 0x561c243d568e <unknown>\n#10 0x561c24676b3b <unknown>\n#11 0x561c2467aac1 <unknown>\n#12 0x561c24663335 <unknown>\n#13 0x561c2467b642 <unknown>\n#14 0x561c2464849f <unknown>\n#15 0x561c2469b038 <unknown>\n#16 0x561c2469b203 <unknown>\n#17 0x561c246aaf8c <unknown>\n#18 0x7f701227ca94 <unknown>\n#19 0x7f7012309a34 __clone","time":{"start":1727481677762,"stop":1727481754909,"duration":77147}},{"uid":"35d461333a2a1203","reportUrl":"https://robbrad.github.io/UKBinCollectionData/3.12/2131//#testresult/35d461333a2a1203","status":"failed","statusDetails":"selenium.common.exceptions.TimeoutException: Message: \nStacktrace:\n#0 0x556d1166513a <unknown>\n#1 0x556d1134b5e0 <unknown>\n#2 0x556d1139abe8 <unknown>\n#3 0x556d1139ae81 <unknown>\n#4 0x556d113e18c4 <unknown>\n#5 0x556d113bfb4d <unknown>\n#6 0x556d113ded7d <unknown>\n#7 0x556d113bf8c3 <unknown>\n#8 0x556d1138d6b3 <unknown>\n#9 0x556d1138e68e <unknown>\n#10 0x556d1162fb3b <unknown>\n#11 0x556d11633ac1 <unknown>\n#12 0x556d1161c335 <unknown>\n#13 0x556d11634642 <unknown>\n#14 0x556d1160149f <unknown>\n#15 0x556d11654038 <unknown>\n#16 0x556d11654203 <unknown>\n#17 0x556d11663f8c <unknown>\n#18 0x7f637b7b1a94 <unknown>\n#19 0x7f637b83ea34 __clone","time":{"start":1727421652208,"stop":1727421707055,"duration":54847}},{"uid":"26fd00457a47accf","reportUrl":"https://robbrad.github.io/UKBinCollectionData/3.12/2130//#testresult/26fd00457a47accf","status":"failed","statusDetails":"selenium.common.exceptions.TimeoutException: Message: \nStacktrace:\n#0 0x55715d2ff13a <unknown>\n#1 0x55715cfe55e0 <unknown>\n#2 0x55715d034be8 <unknown>\n#3 0x55715d034e81 <unknown>\n#4 0x55715d07b8c4 <unknown>\n#5 0x55715d059b4d <unknown>\n#6 0x55715d078d7d <unknown>\n#7 0x55715d0598c3 <unknown>\n#8 0x55715d0276b3 <unknown>\n#9 0x55715d02868e <unknown>\n#10 0x55715d2c9b3b <unknown>\n#11 0x55715d2cdac1 <unknown>\n#12 0x55715d2b6335 <unknown>\n#13 0x55715d2ce642 <unknown>\n#14 0x55715d29b49f <unknown>\n#15 0x55715d2ee038 <unknown>\n#16 0x55715d2ee203 <unknown>\n#17 0x55715d2fdf8c <unknown>\n#18 0x7fed97d0fa94 <unknown>\n#19 0x7fed97d9ca34 __clone","time":{"start":1727395293915,"stop":1727395374226,"duration":80311}},{"uid":"24e262e7700f81c6","reportUrl":"https://robbrad.github.io/UKBinCollectionData/3.12/2129//#testresult/24e262e7700f81c6","status":"failed","statusDetails":"selenium.common.exceptions.TimeoutException: Message: \nStacktrace:\n#0 0x5561a7dd813a <unknown>\n#1 0x5561a7abe5e0 <unknown>\n#2 0x5561a7b0dbe8 <unknown>\n#3 0x5561a7b0de81 <unknown>\n#4 0x5561a7b548c4 <unknown>\n#5 0x5561a7b32b4d <unknown>\n#6 0x5561a7b51d7d <unknown>\n#7 0x5561a7b328c3 <unknown>\n#8 0x5561a7b006b3 <unknown>\n#9 0x5561a7b0168e <unknown>\n#10 0x5561a7da2b3b <unknown>\n#11 0x5561a7da6ac1 <unknown>\n#12 0x5561a7d8f335 <unknown>\n#13 0x5561a7da7642 <unknown>\n#14 0x5561a7d7449f <unknown>\n#15 0x5561a7dc7038 <unknown>\n#16 0x5561a7dc7203 <unknown>\n#17 0x5561a7dd6f8c <unknown>\n#18 0x7fa1d07c2a94 <unknown>\n#19 0x7fa1d084fa34 __clone","time":{"start":1727308876657,"stop":1727308954897,"duration":78240}},{"uid":"41a52451e207334d","reportUrl":"https://robbrad.github.io/UKBinCollectionData/3.12/2128//#testresult/41a52451e207334d","status":"failed","statusDetails":"selenium.common.exceptions.TimeoutException: Message: \nStacktrace:\n#0 0x560c5a21a13a <unknown>\n#1 0x560c59f005e0 <unknown>\n#2 0x560c59f4fbe8 <unknown>\n#3 0x560c59f4fe81 <unknown>\n#4 0x560c59f968c4 <unknown>\n#5 0x560c59f74b4d <unknown>\n#6 0x560c59f93d7d <unknown>\n#7 0x560c59f748c3 <unknown>\n#8 0x560c59f426b3 <unknown>\n#9 0x560c59f4368e <unknown>\n#10 0x560c5a1e4b3b <unknown>\n#11 0x560c5a1e8ac1 <unknown>\n#12 0x560c5a1d1335 <unknown>\n#13 0x560c5a1e9642 <unknown>\n#14 0x560c5a1b649f <unknown>\n#15 0x560c5a209038 <unknown>\n#16 0x560c5a209203 <unknown>\n#17 0x560c5a218f8c <unknown>\n#18 0x7f2eae091a94 <unknown>\n#19 0x7f2eae11ea34 __clone","time":{"start":1727222477435,"stop":1727222571019,"duration":93584}},{"uid":"e3b429485558d22b","reportUrl":"https://robbrad.github.io/UKBinCollectionData/3.12/2127//#testresult/e3b429485558d22b","status":"failed","statusDetails":"selenium.common.exceptions.TimeoutException: Message: \nStacktrace:\n#0 0x5608941f713a <unknown>\n#1 0x560893edd5e0 <unknown>\n#2 0x560893f2cbe8 <unknown>\n#3 0x560893f2ce81 <unknown>\n#4 0x560893f738c4 <unknown>\n#5 0x560893f51b4d <unknown>\n#6 0x560893f70d7d <unknown>\n#7 0x560893f518c3 <unknown>\n#8 0x560893f1f6b3 <unknown>\n#9 0x560893f2068e <unknown>\n#10 0x5608941c1b3b <unknown>\n#11 0x5608941c5ac1 <unknown>\n#12 0x5608941ae335 <unknown>\n#13 0x5608941c6642 <unknown>\n#14 0x56089419349f <unknown>\n#15 0x5608941e6038 <unknown>\n#16 0x5608941e6203 <unknown>\n#17 0x5608941f5f8c <unknown>\n#18 0x7f0f462caa94 <unknown>\n#19 0x7f0f46357a34 __clone","time":{"start":1727136087275,"stop":1727136173620,"duration":86345}}]},"tags":[]},"source":"782a269a941b0a3b.json","parameterValues":["BexleyCouncil"]}