{"uid":"9f37e14987d2656f","name":"Validate Council Output [HighPeakCouncil]","fullName":"features/validate_council_outputs.feature:Validate Council Output","historyId":"f014a970b405df22a91c3a1e6926ba51","time":{"start":1728692675178,"stop":1728692769965,"duration":94787},"status":"failed","statusMessage":"selenium.common.exceptions.TimeoutException: Message: \nStacktrace:\n#0 0x558b66368b9a <unknown>\n#1 0x558b6604e670 <unknown>\n#2 0x558b6609dc48 <unknown>\n#3 0x558b6609dee1 <unknown>\n#4 0x558b660e4924 <unknown>\n#5 0x558b660c2bad <unknown>\n#6 0x558b660e1dd6 <unknown>\n#7 0x558b660c2923 <unknown>\n#8 0x558b660906e7 <unknown>\n#9 0x558b660916de <unknown>\n#10 0x558b6633266b <unknown>\n#11 0x558b66336611 <unknown>\n#12 0x558b6631e4e5 <unknown>\n#13 0x558b66337192 <unknown>\n#14 0x558b663036ef <unknown>\n#15 0x558b663579d8 <unknown>\n#16 0x558b66357ba7 <unknown>\n#17 0x558b663679ec <unknown>\n#18 0x7f4d0cde6a94 <unknown>\n#19 0x7f4d0ce73a34 __clone","statusTrace":"fixturefunc = <function scrape_step at 0x7fe826967920>\nrequest = <FixtureRequest for <Function test_scenario_outline[HighPeakCouncil]>>\nkwargs = {'context': <test_validate_council.Context object at 0x7fe8277ff530>, 'headless_mode': 'True', 'local_browser': 'False', 'selenium_url': 'http://localhost:4444'}\n\n    def call_fixture_func(\n        fixturefunc: _FixtureFunc[FixtureValue], request: FixtureRequest, kwargs\n    ) -> FixtureValue:\n        if is_generator(fixturefunc):\n            fixturefunc = cast(\n                Callable[..., Generator[FixtureValue, None, None]], fixturefunc\n            )\n            generator = fixturefunc(**kwargs)\n            try:\n                fixture_result = next(generator)\n            except StopIteration:\n                raise ValueError(f\"{request.fixturename} did not yield a value\") from None\n            finalizer = functools.partial(_teardown_yield_fixture, fixturefunc, generator)\n            request.addfinalizer(finalizer)\n        else:\n            fixturefunc = cast(Callable[..., FixtureValue], fixturefunc)\n>           fixture_result = fixturefunc(**kwargs)\n\n../../../.cache/pypoetry/virtualenvs/uk-bin-collection-EwS6Gn8s-py3.12/lib/python3.12/site-packages/_pytest/fixtures.py:898: \n_ _ _ _ _ _ _ _ _ _ _ _ _ _ _ _ _ _ _ _ _ _ _ _ _ _ _ _ _ _ _ _ _ _ _ _ _ _ _ _ \nuk_bin_collection/tests/step_defs/test_validate_council.py:100: in scrape_step\n    context.parse_result = CollectData.run()\nuk_bin_collection/uk_bin_collection/collect_data.py:101: in run\n    return self.client_code(\nuk_bin_collection/uk_bin_collection/collect_data.py:121: in client_code\n    return get_bin_data_class.template_method(address_url, **kwargs)\nuk_bin_collection/uk_bin_collection/get_bin_data.py:61: in template_method\n    bin_data_dict = self.get_and_parse_data(this_url, **kwargs)\nuk_bin_collection/uk_bin_collection/get_bin_data.py:84: in get_and_parse_data\n    bin_data_dict = self.parse_data(\"\", url=address_url, **kwargs)\nuk_bin_collection/uk_bin_collection/councils/HighPeakCouncil.py:106: in parse_data\n    WebDriverWait(driver, 10).until(\n_ _ _ _ _ _ _ _ _ _ _ _ _ _ _ _ _ _ _ _ _ _ _ _ _ _ _ _ _ _ _ _ _ _ _ _ _ _ _ _ \n\nself = <selenium.webdriver.support.wait.WebDriverWait (session=\"60cf117ca76e22da9ed490880994d0da\")>\nmethod = <function presence_of_element_located.<locals>._predicate at 0x7fe826525760>\nmessage = ''\n\n    def until(self, method: Callable[[D], Union[Literal[False], T]], message: str = \"\") -> T:\n        \"\"\"Calls the method provided with the driver as an argument until the \\\n        return value does not evaluate to ``False``.\n    \n        :param method: callable(WebDriver)\n        :param message: optional message for :exc:`TimeoutException`\n        :returns: the result of the last call to `method`\n        :raises: :exc:`selenium.common.exceptions.TimeoutException` if timeout occurs\n        \"\"\"\n        screen = None\n        stacktrace = None\n    \n        end_time = time.monotonic() + self._timeout\n        while True:\n            try:\n                value = method(self._driver)\n                if value:\n                    return value\n            except self._ignored_exceptions as exc:\n                screen = getattr(exc, \"screen\", None)\n                stacktrace = getattr(exc, \"stacktrace\", None)\n            time.sleep(self._poll)\n            if time.monotonic() > end_time:\n                break\n>       raise TimeoutException(message, screen, stacktrace)\nE       selenium.common.exceptions.TimeoutException: Message: \nE       Stacktrace:\nE       #0 0x558b66368b9a <unknown>\nE       #1 0x558b6604e670 <unknown>\nE       #2 0x558b6609dc48 <unknown>\nE       #3 0x558b6609dee1 <unknown>\nE       #4 0x558b660e4924 <unknown>\nE       #5 0x558b660c2bad <unknown>\nE       #6 0x558b660e1dd6 <unknown>\nE       #7 0x558b660c2923 <unknown>\nE       #8 0x558b660906e7 <unknown>\nE       #9 0x558b660916de <unknown>\nE       #10 0x558b6633266b <unknown>\nE       #11 0x558b66336611 <unknown>\nE       #12 0x558b6631e4e5 <unknown>\nE       #13 0x558b66337192 <unknown>\nE       #14 0x558b663036ef <unknown>\nE       #15 0x558b663579d8 <unknown>\nE       #16 0x558b66357ba7 <unknown>\nE       #17 0x558b663679ec <unknown>\nE       #18 0x7f4d0cde6a94 <unknown>\nE       #19 0x7f4d0ce73a34 __clone\n\n../../../.cache/pypoetry/virtualenvs/uk-bin-collection-EwS6Gn8s-py3.12/lib/python3.12/site-packages/selenium/webdriver/support/wait.py:105: TimeoutException","flaky":true,"newFailed":true,"newBroken":false,"newPassed":false,"retriesCount":0,"retriesStatusChange":false,"beforeStages":[],"testStage":{"status":"failed","statusMessage":"selenium.common.exceptions.TimeoutException: Message: \nStacktrace:\n#0 0x558b66368b9a <unknown>\n#1 0x558b6604e670 <unknown>\n#2 0x558b6609dc48 <unknown>\n#3 0x558b6609dee1 <unknown>\n#4 0x558b660e4924 <unknown>\n#5 0x558b660c2bad <unknown>\n#6 0x558b660e1dd6 <unknown>\n#7 0x558b660c2923 <unknown>\n#8 0x558b660906e7 <unknown>\n#9 0x558b660916de <unknown>\n#10 0x558b6633266b <unknown>\n#11 0x558b66336611 <unknown>\n#12 0x558b6631e4e5 <unknown>\n#13 0x558b66337192 <unknown>\n#14 0x558b663036ef <unknown>\n#15 0x558b663579d8 <unknown>\n#16 0x558b66357ba7 <unknown>\n#17 0x558b663679ec <unknown>\n#18 0x7f4d0cde6a94 <unknown>\n#19 0x7f4d0ce73a34 __clone","statusTrace":"fixturefunc = <function scrape_step at 0x7fe826967920>\nrequest = <FixtureRequest for <Function test_scenario_outline[HighPeakCouncil]>>\nkwargs = {'context': <test_validate_council.Context object at 0x7fe8277ff530>, 'headless_mode': 'True', 'local_browser': 'False', 'selenium_url': 'http://localhost:4444'}\n\n    def call_fixture_func(\n        fixturefunc: _FixtureFunc[FixtureValue], request: FixtureRequest, kwargs\n    ) -> FixtureValue:\n        if is_generator(fixturefunc):\n            fixturefunc = cast(\n                Callable[..., Generator[FixtureValue, None, None]], fixturefunc\n            )\n            generator = fixturefunc(**kwargs)\n            try:\n                fixture_result = next(generator)\n            except StopIteration:\n                raise ValueError(f\"{request.fixturename} did not yield a value\") from None\n            finalizer = functools.partial(_teardown_yield_fixture, fixturefunc, generator)\n            request.addfinalizer(finalizer)\n        else:\n            fixturefunc = cast(Callable[..., FixtureValue], fixturefunc)\n>           fixture_result = fixturefunc(**kwargs)\n\n../../../.cache/pypoetry/virtualenvs/uk-bin-collection-EwS6Gn8s-py3.12/lib/python3.12/site-packages/_pytest/fixtures.py:898: \n_ _ _ _ _ _ _ _ _ _ _ _ _ _ _ _ _ _ _ _ _ _ _ _ _ _ _ _ _ _ _ _ _ _ _ _ _ _ _ _ \nuk_bin_collection/tests/step_defs/test_validate_council.py:100: in scrape_step\n    context.parse_result = CollectData.run()\nuk_bin_collection/uk_bin_collection/collect_data.py:101: in run\n    return self.client_code(\nuk_bin_collection/uk_bin_collection/collect_data.py:121: in client_code\n    return get_bin_data_class.template_method(address_url, **kwargs)\nuk_bin_collection/uk_bin_collection/get_bin_data.py:61: in template_method\n    bin_data_dict = self.get_and_parse_data(this_url, **kwargs)\nuk_bin_collection/uk_bin_collection/get_bin_data.py:84: in get_and_parse_data\n    bin_data_dict = self.parse_data(\"\", url=address_url, **kwargs)\nuk_bin_collection/uk_bin_collection/councils/HighPeakCouncil.py:106: in parse_data\n    WebDriverWait(driver, 10).until(\n_ _ _ _ _ _ _ _ _ _ _ _ _ _ _ _ _ _ _ _ _ _ _ _ _ _ _ _ _ _ _ _ _ _ _ _ _ _ _ _ \n\nself = <selenium.webdriver.support.wait.WebDriverWait (session=\"60cf117ca76e22da9ed490880994d0da\")>\nmethod = <function presence_of_element_located.<locals>._predicate at 0x7fe826525760>\nmessage = ''\n\n    def until(self, method: Callable[[D], Union[Literal[False], T]], message: str = \"\") -> T:\n        \"\"\"Calls the method provided with the driver as an argument until the \\\n        return value does not evaluate to ``False``.\n    \n        :param method: callable(WebDriver)\n        :param message: optional message for :exc:`TimeoutException`\n        :returns: the result of the last call to `method`\n        :raises: :exc:`selenium.common.exceptions.TimeoutException` if timeout occurs\n        \"\"\"\n        screen = None\n        stacktrace = None\n    \n        end_time = time.monotonic() + self._timeout\n        while True:\n            try:\n                value = method(self._driver)\n                if value:\n                    return value\n            except self._ignored_exceptions as exc:\n                screen = getattr(exc, \"screen\", None)\n                stacktrace = getattr(exc, \"stacktrace\", None)\n            time.sleep(self._poll)\n            if time.monotonic() > end_time:\n                break\n>       raise TimeoutException(message, screen, stacktrace)\nE       selenium.common.exceptions.TimeoutException: Message: \nE       Stacktrace:\nE       #0 0x558b66368b9a <unknown>\nE       #1 0x558b6604e670 <unknown>\nE       #2 0x558b6609dc48 <unknown>\nE       #3 0x558b6609dee1 <unknown>\nE       #4 0x558b660e4924 <unknown>\nE       #5 0x558b660c2bad <unknown>\nE       #6 0x558b660e1dd6 <unknown>\nE       #7 0x558b660c2923 <unknown>\nE       #8 0x558b660906e7 <unknown>\nE       #9 0x558b660916de <unknown>\nE       #10 0x558b6633266b <unknown>\nE       #11 0x558b66336611 <unknown>\nE       #12 0x558b6631e4e5 <unknown>\nE       #13 0x558b66337192 <unknown>\nE       #14 0x558b663036ef <unknown>\nE       #15 0x558b663579d8 <unknown>\nE       #16 0x558b66357ba7 <unknown>\nE       #17 0x558b663679ec <unknown>\nE       #18 0x7f4d0cde6a94 <unknown>\nE       #19 0x7f4d0ce73a34 __clone\n\n../../../.cache/pypoetry/virtualenvs/uk-bin-collection-EwS6Gn8s-py3.12/lib/python3.12/site-packages/selenium/webdriver/support/wait.py:105: TimeoutException","steps":[{"name":"Given the council","time":{"start":1728692675178,"stop":1728692675179,"duration":1},"status":"passed","steps":[],"attachments":[],"parameters":[],"shouldDisplayMessage":false,"stepsCount":0,"attachmentsCount":0,"hasContent":false,"attachmentStep":false},{"name":"When we scrape the data from the council","time":{"start":1728692675179,"stop":1728692769965,"duration":94786},"status":"failed","statusMessage":"Message: \nStacktrace:\n#0 0x558b66368b9a <unknown>\n#1 0x558b6604e670 <unknown>\n#2 0x558b6609dc48 <unknown>\n#3 0x558b6609dee1 <unknown>\n#4 0x558b660e4924 <unknown>\n#5 0x558b660c2bad <unknown>\n#6 0x558b660e1dd6 <unknown>\n#7 0x558b660c2923 <unknown>\n#8 0x558b660906e7 <unknown>\n#9 0x558b660916de <unknown>\n#10 0x558b6633266b <unknown>\n#11 0x558b66336611 <unknown>\n#12 0x558b6631e4e5 <unknown>\n#13 0x558b66337192 <unknown>\n#14 0x558b663036ef <unknown>\n#15 0x558b663579d8 <unknown>\n#16 0x558b66357ba7 <unknown>\n#17 0x558b663679ec <unknown>\n#18 0x7f4d0cde6a94 <unknown>\n#19 0x7f4d0ce73a34 __clone\n","statusTrace":"selenium.common.exceptions.TimeoutException: Message: \nStacktrace:\n#0 0x558b66368b9a <unknown>\n#1 0x558b6604e670 <unknown>\n#2 0x558b6609dc48 <unknown>\n#3 0x558b6609dee1 <unknown>\n#4 0x558b660e4924 <unknown>\n#5 0x558b660c2bad <unknown>\n#6 0x558b660e1dd6 <unknown>\n#7 0x558b660c2923 <unknown>\n#8 0x558b660906e7 <unknown>\n#9 0x558b660916de <unknown>\n#10 0x558b6633266b <unknown>\n#11 0x558b66336611 <unknown>\n#12 0x558b6631e4e5 <unknown>\n#13 0x558b66337192 <unknown>\n#14 0x558b663036ef <unknown>\n#15 0x558b663579d8 <unknown>\n#16 0x558b66357ba7 <unknown>\n#17 0x558b663679ec <unknown>\n#18 0x7f4d0cde6a94 <unknown>\n#19 0x7f4d0ce73a34 __clone\n\n","steps":[],"attachments":[],"parameters":[],"shouldDisplayMessage":true,"stepsCount":0,"attachmentsCount":0,"hasContent":true,"attachmentStep":false}],"attachments":[{"uid":"9a6bcca4f8fa1048","name":"stdout","source":"9a6bcca4f8fa1048.txt","type":"text/plain","size":652}],"parameters":[],"shouldDisplayMessage":true,"stepsCount":2,"attachmentsCount":1,"hasContent":true,"attachmentStep":false},"afterStages":[],"labels":[{"name":"host","value":"fv-az661-552"},{"name":"thread","value":"2854-MainThread"},{"name":"framework","value":"pytest-bdd"},{"name":"language","value":"cpython3"},{"name":"feature","value":"Test each council output matches expected results"},{"name":"resultFormat","value":"allure2"}],"parameters":[{"name":"council","value":"HighPeakCouncil"}],"links":[],"hidden":false,"retry":false,"extra":{"severity":"normal","retries":[],"categories":[{"name":"Product defects","matchedStatuses":[],"flaky":false}],"history":{"statistic":{"failed":11,"broken":0,"skipped":0,"passed":159,"unknown":0,"total":170},"items":[{"uid":"a5b7585bd4706c8a","reportUrl":"https://robbrad.github.io/UKBinCollectionData/3.12/2210//#testresult/a5b7585bd4706c8a","status":"passed","time":{"start":1728606007358,"stop":1728606024840,"duration":17482}},{"uid":"1dfce0e75296aca6","reportUrl":"https://robbrad.github.io/UKBinCollectionData/3.12/2199//#testresult/1dfce0e75296aca6","status":"passed","time":{"start":1728519638636,"stop":1728519657380,"duration":18744}},{"uid":"394e73add3bbdedc","reportUrl":"https://robbrad.github.io/UKBinCollectionData/3.12/2188//#testresult/394e73add3bbdedc","status":"passed","time":{"start":1728433083229,"stop":1728433150098,"duration":66869}},{"uid":"6ef85361994177ad","reportUrl":"https://robbrad.github.io/UKBinCollectionData/3.12/2169//#testresult/6ef85361994177ad","status":"failed","statusDetails":"selenium.common.exceptions.SessionNotCreatedException: Message: Could not start a new session. New session request timed out \nHost info: host: 'selenium', ip: '172.18.0.2'\nBuild info: version: '4.25.0', revision: '030fcf7918'\nSystem info: os.name: 'Linux', os.arch: 'amd64', os.version: '6.5.0-1025-azure', java.version: '17.0.12'\nDriver info: driver.version: unknown\nStacktrace:\n    at org.openqa.selenium.grid.sessionqueue.local.LocalNewSessionQueue.addToQueue (LocalNewSessionQueue.java:221)\n    at org.openqa.selenium.grid.sessionqueue.NewSessionQueue.lambda$new$0 (NewSessionQueue.java:68)\n    at org.openqa.selenium.remote.http.Route$TemplatizedRoute.handle (Route.java:192)\n    at org.openqa.selenium.remote.http.Route.execute (Route.java:69)\n    at org.openqa.selenium.remote.http.Route$CombinedRoute.handle (Route.java:360)\n    at org.openqa.selenium.remote.http.Route.execute (Route.java:69)\n    at org.openqa.selenium.grid.sessionqueue.NewSessionQueue.execute (NewSessionQueue.java:128)\n    at org.openqa.selenium.remote.tracing.SpanWrappedHttpHandler.execute (SpanWrappedHttpHandler.java:87)\n    at org.openqa.selenium.remote.http.Filter$1.execute (Filter.java:63)\n    at org.openqa.selenium.remote.http.Route$CombinedRoute.handle (Route.java:360)\n    at org.openqa.selenium.remote.http.Route.execute (Route.java:69)\n    at org.openqa.selenium.grid.router.Router.execute (Router.java:87)\n    at org.openqa.selenium.grid.web.EnsureSpecCompliantResponseHeaders.lambda$apply$0 (EnsureSpecCompliantResponseHeaders.java:34)\n    at org.openqa.selenium.remote.http.Filter$1.execute (Filter.java:63)\n    at org.openqa.selenium.remote.http.Route$CombinedRoute.handle (Route.java:360)\n    at org.openqa.selenium.remote.http.Route.execute (Route.java:69)\n    at org.openqa.selenium.remote.AddWebDriverSpecHeaders.lambda$apply$0 (AddWebDriverSpecHeaders.java:35)\n    at org.openqa.selenium.remote.ErrorFilter.lambda$apply$0 (ErrorFilter.java:44)\n    at org.openqa.selenium.remote.http.Filter$1.execute (Filter.java:63)\n    at org.openqa.selenium.remote.ErrorFilter.lambda$apply$0 (ErrorFilter.java:44)\n    at org.openqa.selenium.remote.http.Filter$1.execute (Filter.java:63)\n    at org.openqa.selenium.netty.server.SeleniumHandler.lambda$channelRead0$0 (SeleniumHandler.java:44)\n    at java.util.concurrent.Executors$RunnableAdapter.call (Executors.java:539)\n    at java.util.concurrent.FutureTask.run (FutureTask.java:264)\n    at java.util.concurrent.ThreadPoolExecutor.runWorker (ThreadPoolExecutor.java:1136)\n    at java.util.concurrent.ThreadPoolExecutor$Worker.run (ThreadPoolExecutor.java:635)\n    at java.lang.Thread.run (Thread.java:840)","time":{"start":1728332550968,"stop":1728332850977,"duration":300009}},{"uid":"244c863995d4468d","reportUrl":"https://robbrad.github.io/UKBinCollectionData/3.12/2165//#testresult/244c863995d4468d","status":"failed","statusDetails":"selenium.common.exceptions.SessionNotCreatedException: Message: Could not start a new session. New session request timed out \nHost info: host: 'selenium', ip: '172.18.0.2'\nBuild info: version: '4.25.0', revision: '030fcf7918'\nSystem info: os.name: 'Linux', os.arch: 'amd64', os.version: '6.8.0-1014-azure', java.version: '17.0.12'\nDriver info: driver.version: unknown\nStacktrace:\n    at org.openqa.selenium.grid.sessionqueue.local.LocalNewSessionQueue.addToQueue (LocalNewSessionQueue.java:221)\n    at org.openqa.selenium.grid.sessionqueue.NewSessionQueue.lambda$new$0 (NewSessionQueue.java:68)\n    at org.openqa.selenium.remote.http.Route$TemplatizedRoute.handle (Route.java:192)\n    at org.openqa.selenium.remote.http.Route.execute (Route.java:69)\n    at org.openqa.selenium.remote.http.Route$CombinedRoute.handle (Route.java:360)\n    at org.openqa.selenium.remote.http.Route.execute (Route.java:69)\n    at org.openqa.selenium.grid.sessionqueue.NewSessionQueue.execute (NewSessionQueue.java:128)\n    at org.openqa.selenium.remote.tracing.SpanWrappedHttpHandler.execute (SpanWrappedHttpHandler.java:87)\n    at org.openqa.selenium.remote.http.Filter$1.execute (Filter.java:63)\n    at org.openqa.selenium.remote.http.Route$CombinedRoute.handle (Route.java:360)\n    at org.openqa.selenium.remote.http.Route.execute (Route.java:69)\n    at org.openqa.selenium.grid.router.Router.execute (Router.java:87)\n    at org.openqa.selenium.grid.web.EnsureSpecCompliantResponseHeaders.lambda$apply$0 (EnsureSpecCompliantResponseHeaders.java:34)\n    at org.openqa.selenium.remote.http.Filter$1.execute (Filter.java:63)\n    at org.openqa.selenium.remote.http.Route$CombinedRoute.handle (Route.java:360)\n    at org.openqa.selenium.remote.http.Route.execute (Route.java:69)\n    at org.openqa.selenium.remote.AddWebDriverSpecHeaders.lambda$apply$0 (AddWebDriverSpecHeaders.java:35)\n    at org.openqa.selenium.remote.ErrorFilter.lambda$apply$0 (ErrorFilter.java:44)\n    at org.openqa.selenium.remote.http.Filter$1.execute (Filter.java:63)\n    at org.openqa.selenium.remote.ErrorFilter.lambda$apply$0 (ErrorFilter.java:44)\n    at org.openqa.selenium.remote.http.Filter$1.execute (Filter.java:63)\n    at org.openqa.selenium.netty.server.SeleniumHandler.lambda$channelRead0$0 (SeleniumHandler.java:44)\n    at java.util.concurrent.Executors$RunnableAdapter.call (Executors.java:539)\n    at java.util.concurrent.FutureTask.run (FutureTask.java:264)\n    at java.util.concurrent.ThreadPoolExecutor.runWorker (ThreadPoolExecutor.java:1136)\n    at java.util.concurrent.ThreadPoolExecutor$Worker.run (ThreadPoolExecutor.java:635)\n    at java.lang.Thread.run (Thread.java:840)","time":{"start":1728259642950,"stop":1728259942961,"duration":300011}},{"uid":"e529001f8ca3912a","reportUrl":"https://robbrad.github.io/UKBinCollectionData/3.12/2164//#testresult/e529001f8ca3912a","status":"passed","time":{"start":1728174058820,"stop":1728174151736,"duration":92916}},{"uid":"fcba238ed364d84","reportUrl":"https://robbrad.github.io/UKBinCollectionData/3.12/2160//#testresult/fcba238ed364d84","status":"passed","time":{"start":1728087354406,"stop":1728087371534,"duration":17128}},{"uid":"6f31a9d6ee270458","reportUrl":"https://robbrad.github.io/UKBinCollectionData/3.12/2152//#testresult/6f31a9d6ee270458","status":"passed","time":{"start":1728001128687,"stop":1728001225884,"duration":97197}},{"uid":"49ebfe2f953e3f71","reportUrl":"https://robbrad.github.io/UKBinCollectionData/3.12/2148//#testresult/49ebfe2f953e3f71","status":"passed","time":{"start":1727932943068,"stop":1727932961378,"duration":18310}},{"uid":"c97cbe4915b39b6d","reportUrl":"https://robbrad.github.io/UKBinCollectionData/3.12/2146//#testresult/c97cbe4915b39b6d","status":"passed","time":{"start":1727914731287,"stop":1727914770942,"duration":39655}},{"uid":"7fe9eabc8c9b6ce3","reportUrl":"https://robbrad.github.io/UKBinCollectionData/3.12/2141//#testresult/7fe9eabc8c9b6ce3","status":"passed","time":{"start":1727864354507,"stop":1727864363717,"duration":9210}},{"uid":"3338121bbe428df2","reportUrl":"https://robbrad.github.io/UKBinCollectionData/3.12/2139//#testresult/3338121bbe428df2","status":"failed","statusDetails":"selenium.common.exceptions.NoSuchElementException: Message: no such element: Unable to locate element: {\"method\":\"css selector\",\"selector\":\".cookiemessage__link--close\"}\n  (Session info: chrome=129.0.6668.58); For documentation on this error, please visit: https://www.selenium.dev/documentation/webdriver/troubleshooting/errors#no-such-element-exception\nStacktrace:\n#0 0x556c444c213a <unknown>\n#1 0x556c441a85e0 <unknown>\n#2 0x556c441f7be8 <unknown>\n#3 0x556c441f7e81 <unknown>\n#4 0x556c4423e8c4 <unknown>\n#5 0x556c4421cb4d <unknown>\n#6 0x556c4423bd7d <unknown>\n#7 0x556c4421c8c3 <unknown>\n#8 0x556c441ea6b3 <unknown>\n#9 0x556c441eb68e <unknown>\n#10 0x556c4448cb3b <unknown>\n#11 0x556c44490ac1 <unknown>\n#12 0x556c44479335 <unknown>\n#13 0x556c44491642 <unknown>\n#14 0x556c4445e49f <unknown>\n#15 0x556c444b1038 <unknown>\n#16 0x556c444b1203 <unknown>\n#17 0x556c444c0f8c <unknown>\n#18 0x7ffaa96b6a94 <unknown>\n#19 0x7ffaa9743a34 __clone","time":{"start":1727828296623,"stop":1727828315774,"duration":19151}},{"uid":"233130f198142d6e","reportUrl":"https://robbrad.github.io/UKBinCollectionData/3.12/2138//#testresult/233130f198142d6e","status":"passed","time":{"start":1727741940165,"stop":1727741961459,"duration":21294}},{"uid":"7e2399faf320e730","reportUrl":"https://robbrad.github.io/UKBinCollectionData/3.12/2137//#testresult/7e2399faf320e730","status":"passed","time":{"start":1727655549227,"stop":1727655597901,"duration":48674}},{"uid":"933674da94b750d7","reportUrl":"https://robbrad.github.io/UKBinCollectionData/3.12/2136//#testresult/933674da94b750d7","status":"passed","time":{"start":1727569091704,"stop":1727569157442,"duration":65738}},{"uid":"12b5bd81ae55d9e8","reportUrl":"https://robbrad.github.io/UKBinCollectionData/3.12/2135//#testresult/12b5bd81ae55d9e8","status":"failed","statusDetails":"selenium.common.exceptions.TimeoutException: Message: \nStacktrace:\n#0 0x56478a15913a <unknown>\n#1 0x564789e3f5e0 <unknown>\n#2 0x564789e8ebe8 <unknown>\n#3 0x564789e8ee81 <unknown>\n#4 0x564789ed58c4 <unknown>\n#5 0x564789eb3b4d <unknown>\n#6 0x564789ed2d7d <unknown>\n#7 0x564789eb38c3 <unknown>\n#8 0x564789e816b3 <unknown>\n#9 0x564789e8268e <unknown>\n#10 0x56478a123b3b <unknown>\n#11 0x56478a127ac1 <unknown>\n#12 0x56478a110335 <unknown>\n#13 0x56478a128642 <unknown>\n#14 0x56478a0f549f <unknown>\n#15 0x56478a148038 <unknown>\n#16 0x56478a148203 <unknown>\n#17 0x56478a157f8c <unknown>\n#18 0x7f0055f77a94 <unknown>\n#19 0x7f0056004a34 __clone","time":{"start":1727482767324,"stop":1727482861244,"duration":93920}},{"uid":"a92c1557aa8cccca","reportUrl":"https://robbrad.github.io/UKBinCollectionData/3.12/2131//#testresult/a92c1557aa8cccca","status":"failed","statusDetails":"selenium.common.exceptions.SessionNotCreatedException: Message: Could not start a new session. New session request timed out \nHost info: host: 'selenium', ip: '172.18.0.2'\nBuild info: version: '4.25.0', revision: '030fcf7918'\nSystem info: os.name: 'Linux', os.arch: 'amd64', os.version: '6.8.0-1014-azure', java.version: '17.0.12'\nDriver info: driver.version: unknown\nStacktrace:\n    at org.openqa.selenium.grid.sessionqueue.local.LocalNewSessionQueue.addToQueue (LocalNewSessionQueue.java:221)\n    at org.openqa.selenium.grid.sessionqueue.NewSessionQueue.lambda$new$0 (NewSessionQueue.java:68)\n    at org.openqa.selenium.remote.http.Route$TemplatizedRoute.handle (Route.java:192)\n    at org.openqa.selenium.remote.http.Route.execute (Route.java:69)\n    at org.openqa.selenium.remote.http.Route$CombinedRoute.handle (Route.java:360)\n    at org.openqa.selenium.remote.http.Route.execute (Route.java:69)\n    at org.openqa.selenium.grid.sessionqueue.NewSessionQueue.execute (NewSessionQueue.java:128)\n    at org.openqa.selenium.remote.tracing.SpanWrappedHttpHandler.execute (SpanWrappedHttpHandler.java:87)\n    at org.openqa.selenium.remote.http.Filter$1.execute (Filter.java:63)\n    at org.openqa.selenium.remote.http.Route$CombinedRoute.handle (Route.java:360)\n    at org.openqa.selenium.remote.http.Route.execute (Route.java:69)\n    at org.openqa.selenium.grid.router.Router.execute (Router.java:87)\n    at org.openqa.selenium.grid.web.EnsureSpecCompliantResponseHeaders.lambda$apply$0 (EnsureSpecCompliantResponseHeaders.java:34)\n    at org.openqa.selenium.remote.http.Filter$1.execute (Filter.java:63)\n    at org.openqa.selenium.remote.http.Route$CombinedRoute.handle (Route.java:360)\n    at org.openqa.selenium.remote.http.Route.execute (Route.java:69)\n    at org.openqa.selenium.remote.AddWebDriverSpecHeaders.lambda$apply$0 (AddWebDriverSpecHeaders.java:35)\n    at org.openqa.selenium.remote.ErrorFilter.lambda$apply$0 (ErrorFilter.java:44)\n    at org.openqa.selenium.remote.http.Filter$1.execute (Filter.java:63)\n    at org.openqa.selenium.remote.ErrorFilter.lambda$apply$0 (ErrorFilter.java:44)\n    at org.openqa.selenium.remote.http.Filter$1.execute (Filter.java:63)\n    at org.openqa.selenium.netty.server.SeleniumHandler.lambda$channelRead0$0 (SeleniumHandler.java:44)\n    at java.util.concurrent.Executors$RunnableAdapter.call (Executors.java:539)\n    at java.util.concurrent.FutureTask.run (FutureTask.java:264)\n    at java.util.concurrent.ThreadPoolExecutor.runWorker (ThreadPoolExecutor.java:1136)\n    at java.util.concurrent.ThreadPoolExecutor$Worker.run (ThreadPoolExecutor.java:635)\n    at java.lang.Thread.run (Thread.java:840)","time":{"start":1727422687412,"stop":1727422987420,"duration":300008}},{"uid":"f08e6a6892fb6bfb","reportUrl":"https://robbrad.github.io/UKBinCollectionData/3.12/2130//#testresult/f08e6a6892fb6bfb","status":"passed","time":{"start":1727396437502,"stop":1727396458659,"duration":21157}},{"uid":"80765f293f6c4329","reportUrl":"https://robbrad.github.io/UKBinCollectionData/3.12/2129//#testresult/80765f293f6c4329","status":"passed","time":{"start":1727309960009,"stop":1727309969465,"duration":9456}},{"uid":"4a267f86ffbe72fc","reportUrl":"https://robbrad.github.io/UKBinCollectionData/3.12/2128//#testresult/4a267f86ffbe72fc","status":"passed","time":{"start":1727223602580,"stop":1727223623263,"duration":20683}}]},"tags":[]},"source":"9f37e14987d2656f.json","parameterValues":["HighPeakCouncil"]}