{"uid":"3d3332de8682a24f","name":"Validate Council Output [HaltonBoroughCouncil]","fullName":"features/validate_council_outputs.feature:Validate Council Output","historyId":"c374d82e35cddae996ab318f5012ecc7","time":{"start":1728968454836,"stop":1728968476399,"duration":21563},"status":"failed","statusMessage":"selenium.common.exceptions.TimeoutException: Message: \nStacktrace:\n#0 0x55c326437b9a <unknown>\n#1 0x55c32611d670 <unknown>\n#2 0x55c32616cc48 <unknown>\n#3 0x55c32616cee1 <unknown>\n#4 0x55c3261b3924 <unknown>\n#5 0x55c326191bad <unknown>\n#6 0x55c3261b0dd6 <unknown>\n#7 0x55c326191923 <unknown>\n#8 0x55c32615f6e7 <unknown>\n#9 0x55c3261606de <unknown>\n#10 0x55c32640166b <unknown>\n#11 0x55c326405611 <unknown>\n#12 0x55c3263ed4e5 <unknown>\n#13 0x55c326406192 <unknown>\n#14 0x55c3263d26ef <unknown>\n#15 0x55c3264269d8 <unknown>\n#16 0x55c326426ba7 <unknown>\n#17 0x55c3264369ec <unknown>\n#18 0x7f6d79b23a94 <unknown>\n#19 0x7f6d79bb0a34 __clone","statusTrace":"fixturefunc = <function scrape_step at 0x7f50a435e8e0>\nrequest = <FixtureRequest for <Function test_scenario_outline[HaltonBoroughCouncil]>>\nkwargs = {'context': <test_validate_council.Context object at 0x7f50b6ab8560>, 'headless_mode': 'True', 'local_browser': 'False', 'selenium_url': 'http://localhost:4444'}\n\n    def call_fixture_func(\n        fixturefunc: _FixtureFunc[FixtureValue], request: FixtureRequest, kwargs\n    ) -> FixtureValue:\n        if is_generator(fixturefunc):\n            fixturefunc = cast(\n                Callable[..., Generator[FixtureValue, None, None]], fixturefunc\n            )\n            generator = fixturefunc(**kwargs)\n            try:\n                fixture_result = next(generator)\n            except StopIteration:\n                raise ValueError(f\"{request.fixturename} did not yield a value\") from None\n            finalizer = functools.partial(_teardown_yield_fixture, fixturefunc, generator)\n            request.addfinalizer(finalizer)\n        else:\n            fixturefunc = cast(Callable[..., FixtureValue], fixturefunc)\n>           fixture_result = fixturefunc(**kwargs)\n\n../../../.cache/pypoetry/virtualenvs/uk-bin-collection-EwS6Gn8s-py3.12/lib/python3.12/site-packages/_pytest/fixtures.py:898: \n_ _ _ _ _ _ _ _ _ _ _ _ _ _ _ _ _ _ _ _ _ _ _ _ _ _ _ _ _ _ _ _ _ _ _ _ _ _ _ _ \nuk_bin_collection/tests/step_defs/test_validate_council.py:100: in scrape_step\n    context.parse_result = CollectData.run()\nuk_bin_collection/uk_bin_collection/collect_data.py:101: in run\n    return self.client_code(\nuk_bin_collection/uk_bin_collection/collect_data.py:121: in client_code\n    return get_bin_data_class.template_method(address_url, **kwargs)\nuk_bin_collection/uk_bin_collection/get_bin_data.py:61: in template_method\n    bin_data_dict = self.get_and_parse_data(this_url, **kwargs)\nuk_bin_collection/uk_bin_collection/get_bin_data.py:84: in get_and_parse_data\n    bin_data_dict = self.parse_data(\"\", url=address_url, **kwargs)\nuk_bin_collection/uk_bin_collection/councils/HaltonBoroughCouncil.py:83: in parse_data\n    WebDriverWait(driver, 10).until(\n_ _ _ _ _ _ _ _ _ _ _ _ _ _ _ _ _ _ _ _ _ _ _ _ _ _ _ _ _ _ _ _ _ _ _ _ _ _ _ _ \n\nself = <selenium.webdriver.support.wait.WebDriverWait (session=\"b14f1e77dabc3cf6a4d7babdecdd4b70\")>\nmethod = <function presence_of_element_located.<locals>._predicate at 0x7f50a43879c0>\nmessage = ''\n\n    def until(self, method: Callable[[D], Union[Literal[False], T]], message: str = \"\") -> T:\n        \"\"\"Calls the method provided with the driver as an argument until the \\\n        return value does not evaluate to ``False``.\n    \n        :param method: callable(WebDriver)\n        :param message: optional message for :exc:`TimeoutException`\n        :returns: the result of the last call to `method`\n        :raises: :exc:`selenium.common.exceptions.TimeoutException` if timeout occurs\n        \"\"\"\n        screen = None\n        stacktrace = None\n    \n        end_time = time.monotonic() + self._timeout\n        while True:\n            try:\n                value = method(self._driver)\n                if value:\n                    return value\n            except self._ignored_exceptions as exc:\n                screen = getattr(exc, \"screen\", None)\n                stacktrace = getattr(exc, \"stacktrace\", None)\n            time.sleep(self._poll)\n            if time.monotonic() > end_time:\n                break\n>       raise TimeoutException(message, screen, stacktrace)\nE       selenium.common.exceptions.TimeoutException: Message: \nE       Stacktrace:\nE       #0 0x55c326437b9a <unknown>\nE       #1 0x55c32611d670 <unknown>\nE       #2 0x55c32616cc48 <unknown>\nE       #3 0x55c32616cee1 <unknown>\nE       #4 0x55c3261b3924 <unknown>\nE       #5 0x55c326191bad <unknown>\nE       #6 0x55c3261b0dd6 <unknown>\nE       #7 0x55c326191923 <unknown>\nE       #8 0x55c32615f6e7 <unknown>\nE       #9 0x55c3261606de <unknown>\nE       #10 0x55c32640166b <unknown>\nE       #11 0x55c326405611 <unknown>\nE       #12 0x55c3263ed4e5 <unknown>\nE       #13 0x55c326406192 <unknown>\nE       #14 0x55c3263d26ef <unknown>\nE       #15 0x55c3264269d8 <unknown>\nE       #16 0x55c326426ba7 <unknown>\nE       #17 0x55c3264369ec <unknown>\nE       #18 0x7f6d79b23a94 <unknown>\nE       #19 0x7f6d79bb0a34 __clone\n\n../../../.cache/pypoetry/virtualenvs/uk-bin-collection-EwS6Gn8s-py3.12/lib/python3.12/site-packages/selenium/webdriver/support/wait.py:105: TimeoutException","flaky":false,"newFailed":false,"newBroken":false,"newPassed":false,"retriesCount":0,"retriesStatusChange":false,"beforeStages":[],"testStage":{"status":"failed","statusMessage":"selenium.common.exceptions.TimeoutException: Message: \nStacktrace:\n#0 0x55c326437b9a <unknown>\n#1 0x55c32611d670 <unknown>\n#2 0x55c32616cc48 <unknown>\n#3 0x55c32616cee1 <unknown>\n#4 0x55c3261b3924 <unknown>\n#5 0x55c326191bad <unknown>\n#6 0x55c3261b0dd6 <unknown>\n#7 0x55c326191923 <unknown>\n#8 0x55c32615f6e7 <unknown>\n#9 0x55c3261606de <unknown>\n#10 0x55c32640166b <unknown>\n#11 0x55c326405611 <unknown>\n#12 0x55c3263ed4e5 <unknown>\n#13 0x55c326406192 <unknown>\n#14 0x55c3263d26ef <unknown>\n#15 0x55c3264269d8 <unknown>\n#16 0x55c326426ba7 <unknown>\n#17 0x55c3264369ec <unknown>\n#18 0x7f6d79b23a94 <unknown>\n#19 0x7f6d79bb0a34 __clone","statusTrace":"fixturefunc = <function scrape_step at 0x7f50a435e8e0>\nrequest = <FixtureRequest for <Function test_scenario_outline[HaltonBoroughCouncil]>>\nkwargs = {'context': <test_validate_council.Context object at 0x7f50b6ab8560>, 'headless_mode': 'True', 'local_browser': 'False', 'selenium_url': 'http://localhost:4444'}\n\n    def call_fixture_func(\n        fixturefunc: _FixtureFunc[FixtureValue], request: FixtureRequest, kwargs\n    ) -> FixtureValue:\n        if is_generator(fixturefunc):\n            fixturefunc = cast(\n                Callable[..., Generator[FixtureValue, None, None]], fixturefunc\n            )\n            generator = fixturefunc(**kwargs)\n            try:\n                fixture_result = next(generator)\n            except StopIteration:\n                raise ValueError(f\"{request.fixturename} did not yield a value\") from None\n            finalizer = functools.partial(_teardown_yield_fixture, fixturefunc, generator)\n            request.addfinalizer(finalizer)\n        else:\n            fixturefunc = cast(Callable[..., FixtureValue], fixturefunc)\n>           fixture_result = fixturefunc(**kwargs)\n\n../../../.cache/pypoetry/virtualenvs/uk-bin-collection-EwS6Gn8s-py3.12/lib/python3.12/site-packages/_pytest/fixtures.py:898: \n_ _ _ _ _ _ _ _ _ _ _ _ _ _ _ _ _ _ _ _ _ _ _ _ _ _ _ _ _ _ _ _ _ _ _ _ _ _ _ _ \nuk_bin_collection/tests/step_defs/test_validate_council.py:100: in scrape_step\n    context.parse_result = CollectData.run()\nuk_bin_collection/uk_bin_collection/collect_data.py:101: in run\n    return self.client_code(\nuk_bin_collection/uk_bin_collection/collect_data.py:121: in client_code\n    return get_bin_data_class.template_method(address_url, **kwargs)\nuk_bin_collection/uk_bin_collection/get_bin_data.py:61: in template_method\n    bin_data_dict = self.get_and_parse_data(this_url, **kwargs)\nuk_bin_collection/uk_bin_collection/get_bin_data.py:84: in get_and_parse_data\n    bin_data_dict = self.parse_data(\"\", url=address_url, **kwargs)\nuk_bin_collection/uk_bin_collection/councils/HaltonBoroughCouncil.py:83: in parse_data\n    WebDriverWait(driver, 10).until(\n_ _ _ _ _ _ _ _ _ _ _ _ _ _ _ _ _ _ _ _ _ _ _ _ _ _ _ _ _ _ _ _ _ _ _ _ _ _ _ _ \n\nself = <selenium.webdriver.support.wait.WebDriverWait (session=\"b14f1e77dabc3cf6a4d7babdecdd4b70\")>\nmethod = <function presence_of_element_located.<locals>._predicate at 0x7f50a43879c0>\nmessage = ''\n\n    def until(self, method: Callable[[D], Union[Literal[False], T]], message: str = \"\") -> T:\n        \"\"\"Calls the method provided with the driver as an argument until the \\\n        return value does not evaluate to ``False``.\n    \n        :param method: callable(WebDriver)\n        :param message: optional message for :exc:`TimeoutException`\n        :returns: the result of the last call to `method`\n        :raises: :exc:`selenium.common.exceptions.TimeoutException` if timeout occurs\n        \"\"\"\n        screen = None\n        stacktrace = None\n    \n        end_time = time.monotonic() + self._timeout\n        while True:\n            try:\n                value = method(self._driver)\n                if value:\n                    return value\n            except self._ignored_exceptions as exc:\n                screen = getattr(exc, \"screen\", None)\n                stacktrace = getattr(exc, \"stacktrace\", None)\n            time.sleep(self._poll)\n            if time.monotonic() > end_time:\n                break\n>       raise TimeoutException(message, screen, stacktrace)\nE       selenium.common.exceptions.TimeoutException: Message: \nE       Stacktrace:\nE       #0 0x55c326437b9a <unknown>\nE       #1 0x55c32611d670 <unknown>\nE       #2 0x55c32616cc48 <unknown>\nE       #3 0x55c32616cee1 <unknown>\nE       #4 0x55c3261b3924 <unknown>\nE       #5 0x55c326191bad <unknown>\nE       #6 0x55c3261b0dd6 <unknown>\nE       #7 0x55c326191923 <unknown>\nE       #8 0x55c32615f6e7 <unknown>\nE       #9 0x55c3261606de <unknown>\nE       #10 0x55c32640166b <unknown>\nE       #11 0x55c326405611 <unknown>\nE       #12 0x55c3263ed4e5 <unknown>\nE       #13 0x55c326406192 <unknown>\nE       #14 0x55c3263d26ef <unknown>\nE       #15 0x55c3264269d8 <unknown>\nE       #16 0x55c326426ba7 <unknown>\nE       #17 0x55c3264369ec <unknown>\nE       #18 0x7f6d79b23a94 <unknown>\nE       #19 0x7f6d79bb0a34 __clone\n\n../../../.cache/pypoetry/virtualenvs/uk-bin-collection-EwS6Gn8s-py3.12/lib/python3.12/site-packages/selenium/webdriver/support/wait.py:105: TimeoutException","steps":[{"name":"Given the council","time":{"start":1728968454836,"stop":1728968454838,"duration":2},"status":"passed","steps":[],"attachments":[],"parameters":[],"shouldDisplayMessage":false,"stepsCount":0,"attachmentsCount":0,"hasContent":false,"attachmentStep":false},{"name":"When we scrape the data from the council","time":{"start":1728968454838,"stop":1728968476399,"duration":21561},"status":"failed","statusMessage":"Message: \nStacktrace:\n#0 0x55c326437b9a <unknown>\n#1 0x55c32611d670 <unknown>\n#2 0x55c32616cc48 <unknown>\n#3 0x55c32616cee1 <unknown>\n#4 0x55c3261b3924 <unknown>\n#5 0x55c326191bad <unknown>\n#6 0x55c3261b0dd6 <unknown>\n#7 0x55c326191923 <unknown>\n#8 0x55c32615f6e7 <unknown>\n#9 0x55c3261606de <unknown>\n#10 0x55c32640166b <unknown>\n#11 0x55c326405611 <unknown>\n#12 0x55c3263ed4e5 <unknown>\n#13 0x55c326406192 <unknown>\n#14 0x55c3263d26ef <unknown>\n#15 0x55c3264269d8 <unknown>\n#16 0x55c326426ba7 <unknown>\n#17 0x55c3264369ec <unknown>\n#18 0x7f6d79b23a94 <unknown>\n#19 0x7f6d79bb0a34 __clone\n","statusTrace":"selenium.common.exceptions.TimeoutException: Message: \nStacktrace:\n#0 0x55c326437b9a <unknown>\n#1 0x55c32611d670 <unknown>\n#2 0x55c32616cc48 <unknown>\n#3 0x55c32616cee1 <unknown>\n#4 0x55c3261b3924 <unknown>\n#5 0x55c326191bad <unknown>\n#6 0x55c3261b0dd6 <unknown>\n#7 0x55c326191923 <unknown>\n#8 0x55c32615f6e7 <unknown>\n#9 0x55c3261606de <unknown>\n#10 0x55c32640166b <unknown>\n#11 0x55c326405611 <unknown>\n#12 0x55c3263ed4e5 <unknown>\n#13 0x55c326406192 <unknown>\n#14 0x55c3263d26ef <unknown>\n#15 0x55c3264269d8 <unknown>\n#16 0x55c326426ba7 <unknown>\n#17 0x55c3264369ec <unknown>\n#18 0x7f6d79b23a94 <unknown>\n#19 0x7f6d79bb0a34 __clone\n\n","steps":[],"attachments":[],"parameters":[],"shouldDisplayMessage":true,"stepsCount":0,"attachmentsCount":0,"hasContent":true,"attachmentStep":false}],"attachments":[{"uid":"b63c3f40418c6b5f","name":"stdout","source":"b63c3f40418c6b5f.txt","type":"text/plain","size":657}],"parameters":[],"shouldDisplayMessage":true,"stepsCount":2,"attachmentsCount":1,"hasContent":true,"attachmentStep":false},"afterStages":[],"labels":[{"name":"host","value":"fv-az1931-503"},{"name":"thread","value":"2788-MainThread"},{"name":"framework","value":"pytest-bdd"},{"name":"language","value":"cpython3"},{"name":"feature","value":"Test each council output matches expected results"},{"name":"resultFormat","value":"allure2"}],"parameters":[{"name":"council","value":"HaltonBoroughCouncil"}],"links":[],"hidden":false,"retry":false,"extra":{"severity":"normal","retries":[],"categories":[{"name":"Product defects","matchedStatuses":[],"flaky":false}],"history":{"statistic":{"failed":157,"broken":0,"skipped":0,"passed":17,"unknown":0,"total":174},"items":[{"uid":"d122104b79dbdc4","reportUrl":"https://robbrad.github.io/UKBinCollectionData/3.11/2233//#testresult/d122104b79dbdc4","status":"failed","statusDetails":"selenium.common.exceptions.SessionNotCreatedException: Message: Could not start a new session. New session request timed out \nHost info: host: 'selenium', ip: '172.18.0.2'\nBuild info: version: '4.25.0', revision: '030fcf7918'\nSystem info: os.name: 'Linux', os.arch: 'amd64', os.version: '6.8.0-1015-azure', java.version: '17.0.12'\nDriver info: driver.version: unknown\nStacktrace:\n    at org.openqa.selenium.grid.sessionqueue.local.LocalNewSessionQueue.addToQueue (LocalNewSessionQueue.java:221)\n    at org.openqa.selenium.grid.sessionqueue.NewSessionQueue.lambda$new$0 (NewSessionQueue.java:68)\n    at org.openqa.selenium.remote.http.Route$TemplatizedRoute.handle (Route.java:192)\n    at org.openqa.selenium.remote.http.Route.execute (Route.java:69)\n    at org.openqa.selenium.remote.http.Route$CombinedRoute.handle (Route.java:360)\n    at org.openqa.selenium.remote.http.Route.execute (Route.java:69)\n    at org.openqa.selenium.grid.sessionqueue.NewSessionQueue.execute (NewSessionQueue.java:128)\n    at org.openqa.selenium.remote.tracing.SpanWrappedHttpHandler.execute (SpanWrappedHttpHandler.java:87)\n    at org.openqa.selenium.remote.http.Filter$1.execute (Filter.java:63)\n    at org.openqa.selenium.remote.http.Route$CombinedRoute.handle (Route.java:360)\n    at org.openqa.selenium.remote.http.Route.execute (Route.java:69)\n    at org.openqa.selenium.grid.router.Router.execute (Router.java:87)\n    at org.openqa.selenium.grid.web.EnsureSpecCompliantResponseHeaders.lambda$apply$0 (EnsureSpecCompliantResponseHeaders.java:34)\n    at org.openqa.selenium.remote.http.Filter$1.execute (Filter.java:63)\n    at org.openqa.selenium.remote.http.Route$CombinedRoute.handle (Route.java:360)\n    at org.openqa.selenium.remote.http.Route.execute (Route.java:69)\n    at org.openqa.selenium.remote.AddWebDriverSpecHeaders.lambda$apply$0 (AddWebDriverSpecHeaders.java:35)\n    at org.openqa.selenium.remote.ErrorFilter.lambda$apply$0 (ErrorFilter.java:44)\n    at org.openqa.selenium.remote.http.Filter$1.execute (Filter.java:63)\n    at org.openqa.selenium.remote.ErrorFilter.lambda$apply$0 (ErrorFilter.java:44)\n    at org.openqa.selenium.remote.http.Filter$1.execute (Filter.java:63)\n    at org.openqa.selenium.netty.server.SeleniumHandler.lambda$channelRead0$0 (SeleniumHandler.java:44)\n    at java.util.concurrent.Executors$RunnableAdapter.call (Executors.java:539)\n    at java.util.concurrent.FutureTask.run (FutureTask.java:264)\n    at java.util.concurrent.ThreadPoolExecutor.runWorker (ThreadPoolExecutor.java:1136)\n    at java.util.concurrent.ThreadPoolExecutor$Worker.run (ThreadPoolExecutor.java:635)\n    at java.lang.Thread.run (Thread.java:840)","time":{"start":1728950819932,"stop":1728951119942,"duration":300010}},{"uid":"160f883e721873","reportUrl":"https://robbrad.github.io/UKBinCollectionData/3.11/2227//#testresult/160f883e721873","status":"failed","statusDetails":"selenium.common.exceptions.SessionNotCreatedException: Message: Could not start a new session. New session request timed out \nHost info: host: 'selenium', ip: '172.18.0.2'\nBuild info: version: '4.25.0', revision: '030fcf7918'\nSystem info: os.name: 'Linux', os.arch: 'amd64', os.version: '6.5.0-1025-azure', java.version: '17.0.12'\nDriver info: driver.version: unknown\nStacktrace:\n    at org.openqa.selenium.grid.sessionqueue.local.LocalNewSessionQueue.addToQueue (LocalNewSessionQueue.java:221)\n    at org.openqa.selenium.grid.sessionqueue.NewSessionQueue.lambda$new$0 (NewSessionQueue.java:68)\n    at org.openqa.selenium.remote.http.Route$TemplatizedRoute.handle (Route.java:192)\n    at org.openqa.selenium.remote.http.Route.execute (Route.java:69)\n    at org.openqa.selenium.remote.http.Route$CombinedRoute.handle (Route.java:360)\n    at org.openqa.selenium.remote.http.Route.execute (Route.java:69)\n    at org.openqa.selenium.grid.sessionqueue.NewSessionQueue.execute (NewSessionQueue.java:128)\n    at org.openqa.selenium.remote.tracing.SpanWrappedHttpHandler.execute (SpanWrappedHttpHandler.java:87)\n    at org.openqa.selenium.remote.http.Filter$1.execute (Filter.java:63)\n    at org.openqa.selenium.remote.http.Route$CombinedRoute.handle (Route.java:360)\n    at org.openqa.selenium.remote.http.Route.execute (Route.java:69)\n    at org.openqa.selenium.grid.router.Router.execute (Router.java:87)\n    at org.openqa.selenium.grid.web.EnsureSpecCompliantResponseHeaders.lambda$apply$0 (EnsureSpecCompliantResponseHeaders.java:34)\n    at org.openqa.selenium.remote.http.Filter$1.execute (Filter.java:63)\n    at org.openqa.selenium.remote.http.Route$CombinedRoute.handle (Route.java:360)\n    at org.openqa.selenium.remote.http.Route.execute (Route.java:69)\n    at org.openqa.selenium.remote.AddWebDriverSpecHeaders.lambda$apply$0 (AddWebDriverSpecHeaders.java:35)\n    at org.openqa.selenium.remote.ErrorFilter.lambda$apply$0 (ErrorFilter.java:44)\n    at org.openqa.selenium.remote.http.Filter$1.execute (Filter.java:63)\n    at org.openqa.selenium.remote.ErrorFilter.lambda$apply$0 (ErrorFilter.java:44)\n    at org.openqa.selenium.remote.http.Filter$1.execute (Filter.java:63)\n    at org.openqa.selenium.netty.server.SeleniumHandler.lambda$channelRead0$0 (SeleniumHandler.java:44)\n    at java.util.concurrent.Executors$RunnableAdapter.call (Executors.java:539)\n    at java.util.concurrent.FutureTask.run (FutureTask.java:264)\n    at java.util.concurrent.ThreadPoolExecutor.runWorker (ThreadPoolExecutor.java:1136)\n    at java.util.concurrent.ThreadPoolExecutor$Worker.run (ThreadPoolExecutor.java:635)\n    at java.lang.Thread.run (Thread.java:840)","time":{"start":1728864365944,"stop":1728864665954,"duration":300010}},{"uid":"db538164c3765c33","reportUrl":"https://robbrad.github.io/UKBinCollectionData/3.11/2214//#testresult/db538164c3765c33","status":"failed","statusDetails":"jsonschema.exceptions.ValidationError: [] should be non-empty\n\nFailed validating 'minItems' in schema['properties']['bins']:\n    {'type': 'array', 'items': {'$ref': '#/definitions/Bin'}, 'minItems': 1}\n\nOn instance['bins']:\n    []","time":{"start":1728778744666,"stop":1728778776216,"duration":31550}},{"uid":"9dfec370c0615f24","reportUrl":"https://robbrad.github.io/UKBinCollectionData/3.11/2211//#testresult/9dfec370c0615f24","status":"passed","time":{"start":1728692358317,"stop":1728692411667,"duration":53350}},{"uid":"c02b5e55d61efe7c","reportUrl":"https://robbrad.github.io/UKBinCollectionData/3.11/2210//#testresult/c02b5e55d61efe7c","status":"passed","time":{"start":1728605912216,"stop":1728605951629,"duration":39413}},{"uid":"eb50d6aa1b2c942f","reportUrl":"https://robbrad.github.io/UKBinCollectionData/3.11/2199//#testresult/eb50d6aa1b2c942f","status":"passed","time":{"start":1728519880568,"stop":1728519898055,"duration":17487}},{"uid":"3dbcb50d42de8b26","reportUrl":"https://robbrad.github.io/UKBinCollectionData/3.11/2188//#testresult/3dbcb50d42de8b26","status":"failed","statusDetails":"jsonschema.exceptions.ValidationError: [] should be non-empty\n\nFailed validating 'minItems' in schema['properties']['bins']:\n    {'type': 'array', 'items': {'$ref': '#/definitions/Bin'}, 'minItems': 1}\n\nOn instance['bins']:\n    []","time":{"start":1728433067130,"stop":1728433091172,"duration":24042}},{"uid":"122dcff274889c7a","reportUrl":"https://robbrad.github.io/UKBinCollectionData/3.11/2169//#testresult/122dcff274889c7a","status":"failed","statusDetails":"selenium.common.exceptions.SessionNotCreatedException: Message: Could not start a new session. New session request timed out \nHost info: host: 'selenium', ip: '172.18.0.2'\nBuild info: version: '4.25.0', revision: '030fcf7918'\nSystem info: os.name: 'Linux', os.arch: 'amd64', os.version: '6.8.0-1014-azure', java.version: '17.0.12'\nDriver info: driver.version: unknown\nStacktrace:\n    at org.openqa.selenium.grid.sessionqueue.local.LocalNewSessionQueue.addToQueue (LocalNewSessionQueue.java:221)\n    at org.openqa.selenium.grid.sessionqueue.NewSessionQueue.lambda$new$0 (NewSessionQueue.java:68)\n    at org.openqa.selenium.remote.http.Route$TemplatizedRoute.handle (Route.java:192)\n    at org.openqa.selenium.remote.http.Route.execute (Route.java:69)\n    at org.openqa.selenium.remote.http.Route$CombinedRoute.handle (Route.java:360)\n    at org.openqa.selenium.remote.http.Route.execute (Route.java:69)\n    at org.openqa.selenium.grid.sessionqueue.NewSessionQueue.execute (NewSessionQueue.java:128)\n    at org.openqa.selenium.remote.tracing.SpanWrappedHttpHandler.execute (SpanWrappedHttpHandler.java:87)\n    at org.openqa.selenium.remote.http.Filter$1.execute (Filter.java:63)\n    at org.openqa.selenium.remote.http.Route$CombinedRoute.handle (Route.java:360)\n    at org.openqa.selenium.remote.http.Route.execute (Route.java:69)\n    at org.openqa.selenium.grid.router.Router.execute (Router.java:87)\n    at org.openqa.selenium.grid.web.EnsureSpecCompliantResponseHeaders.lambda$apply$0 (EnsureSpecCompliantResponseHeaders.java:34)\n    at org.openqa.selenium.remote.http.Filter$1.execute (Filter.java:63)\n    at org.openqa.selenium.remote.http.Route$CombinedRoute.handle (Route.java:360)\n    at org.openqa.selenium.remote.http.Route.execute (Route.java:69)\n    at org.openqa.selenium.remote.AddWebDriverSpecHeaders.lambda$apply$0 (AddWebDriverSpecHeaders.java:35)\n    at org.openqa.selenium.remote.ErrorFilter.lambda$apply$0 (ErrorFilter.java:44)\n    at org.openqa.selenium.remote.http.Filter$1.execute (Filter.java:63)\n    at org.openqa.selenium.remote.ErrorFilter.lambda$apply$0 (ErrorFilter.java:44)\n    at org.openqa.selenium.remote.http.Filter$1.execute (Filter.java:63)\n    at org.openqa.selenium.netty.server.SeleniumHandler.lambda$channelRead0$0 (SeleniumHandler.java:44)\n    at java.util.concurrent.Executors$RunnableAdapter.call (Executors.java:539)\n    at java.util.concurrent.FutureTask.run (FutureTask.java:264)\n    at java.util.concurrent.ThreadPoolExecutor.runWorker (ThreadPoolExecutor.java:1136)\n    at java.util.concurrent.ThreadPoolExecutor$Worker.run (ThreadPoolExecutor.java:635)\n    at java.lang.Thread.run (Thread.java:840)","time":{"start":1728332256941,"stop":1728332556951,"duration":300010}},{"uid":"f35b63baf3395d5b","reportUrl":"https://robbrad.github.io/UKBinCollectionData/3.11/2165//#testresult/f35b63baf3395d5b","status":"failed","statusDetails":"jsonschema.exceptions.ValidationError: [] should be non-empty\n\nFailed validating 'minItems' in schema['properties']['bins']:\n    {'type': 'array', 'items': {'$ref': '#/definitions/Bin'}, 'minItems': 1}\n\nOn instance['bins']:\n    []","time":{"start":1728259596140,"stop":1728259629693,"duration":33553}},{"uid":"fa4f035bc583389d","reportUrl":"https://robbrad.github.io/UKBinCollectionData/3.11/2164//#testresult/fa4f035bc583389d","status":"failed","statusDetails":"jsonschema.exceptions.ValidationError: [] should be non-empty\n\nFailed validating 'minItems' in schema['properties']['bins']:\n    {'type': 'array', 'items': {'$ref': '#/definitions/Bin'}, 'minItems': 1}\n\nOn instance['bins']:\n    []","time":{"start":1728173240701,"stop":1728173272100,"duration":31399}},{"uid":"3e885eb6cfe749b6","reportUrl":"https://robbrad.github.io/UKBinCollectionData/3.11/2160//#testresult/3e885eb6cfe749b6","status":"failed","statusDetails":"jsonschema.exceptions.ValidationError: [] should be non-empty\n\nFailed validating 'minItems' in schema['properties']['bins']:\n    {'type': 'array', 'items': {'$ref': '#/definitions/Bin'}, 'minItems': 1}\n\nOn instance['bins']:\n    []","time":{"start":1728087153281,"stop":1728087257212,"duration":103931}},{"uid":"e05e963292d44359","reportUrl":"https://robbrad.github.io/UKBinCollectionData/3.11/2152//#testresult/e05e963292d44359","status":"passed","time":{"start":1728001082360,"stop":1728001182194,"duration":99834}},{"uid":"10c15c6e3cba25e0","reportUrl":"https://robbrad.github.io/UKBinCollectionData/3.11/2148//#testresult/10c15c6e3cba25e0","status":"failed","statusDetails":"jsonschema.exceptions.ValidationError: [] should be non-empty\n\nFailed validating 'minItems' in schema['properties']['bins']:\n    {'type': 'array', 'items': {'$ref': '#/definitions/Bin'}, 'minItems': 1}\n\nOn instance['bins']:\n    []","time":{"start":1727932904997,"stop":1727932933245,"duration":28248}},{"uid":"781202488b94a532","reportUrl":"https://robbrad.github.io/UKBinCollectionData/3.11/2146//#testresult/781202488b94a532","status":"failed","statusDetails":"jsonschema.exceptions.ValidationError: [] should be non-empty\n\nFailed validating 'minItems' in schema['properties']['bins']:\n    {'type': 'array', 'items': {'$ref': '#/definitions/Bin'}, 'minItems': 1}\n\nOn instance['bins']:\n    []","time":{"start":1727914717930,"stop":1727914737139,"duration":19209}},{"uid":"b27df061ce4a61d2","reportUrl":"https://robbrad.github.io/UKBinCollectionData/3.11/2139//#testresult/b27df061ce4a61d2","status":"failed","statusDetails":"jsonschema.exceptions.ValidationError: [] should be non-empty\n\nFailed validating 'minItems' in schema['properties']['bins']:\n    {'type': 'array', 'items': {'$ref': '#/definitions/Bin'}, 'minItems': 1}\n\nOn instance['bins']:\n    []","time":{"start":1727828284889,"stop":1727828298880,"duration":13991}},{"uid":"8c66380d4f83fc9b","reportUrl":"https://robbrad.github.io/UKBinCollectionData/3.11/2138//#testresult/8c66380d4f83fc9b","status":"passed","time":{"start":1727741978914,"stop":1727742003212,"duration":24298}},{"uid":"c2a4c0a6ba0fdb98","reportUrl":"https://robbrad.github.io/UKBinCollectionData/3.11/2137//#testresult/c2a4c0a6ba0fdb98","status":"failed","statusDetails":"jsonschema.exceptions.ValidationError: [] should be non-empty\n\nFailed validating 'minItems' in schema['properties']['bins']:\n    {'type': 'array', 'items': {'$ref': '#/definitions/Bin'}, 'minItems': 1}\n\nOn instance['bins']:\n    []","time":{"start":1727655498655,"stop":1727655523896,"duration":25241}},{"uid":"ceccfbfdbb4492c8","reportUrl":"https://robbrad.github.io/UKBinCollectionData/3.11/2136//#testresult/ceccfbfdbb4492c8","status":"failed","statusDetails":"jsonschema.exceptions.ValidationError: [] should be non-empty\n\nFailed validating 'minItems' in schema['properties']['bins']:\n    {'type': 'array', 'items': {'$ref': '#/definitions/Bin'}, 'minItems': 1}\n\nOn instance['bins']:\n    []","time":{"start":1727569131259,"stop":1727569141234,"duration":9975}},{"uid":"3c6b7b221652d2d2","reportUrl":"https://robbrad.github.io/UKBinCollectionData/3.11/2135//#testresult/3c6b7b221652d2d2","status":"failed","statusDetails":"jsonschema.exceptions.ValidationError: [] should be non-empty\n\nFailed validating 'minItems' in schema['properties']['bins']:\n    {'type': 'array', 'items': {'$ref': '#/definitions/Bin'}, 'minItems': 1}\n\nOn instance['bins']:\n    []","time":{"start":1727482784423,"stop":1727482803771,"duration":19348}},{"uid":"d137865c36f77fac","reportUrl":"https://robbrad.github.io/UKBinCollectionData/3.11/2131//#testresult/d137865c36f77fac","status":"failed","statusDetails":"jsonschema.exceptions.ValidationError: [] should be non-empty\n\nFailed validating 'minItems' in schema['properties']['bins']:\n    {'type': 'array', 'items': {'$ref': '#/definitions/Bin'}, 'minItems': 1}\n\nOn instance['bins']:\n    []","time":{"start":1727422689982,"stop":1727422728427,"duration":38445}}]},"tags":[]},"source":"3d3332de8682a24f.json","parameterValues":["HaltonBoroughCouncil"]}