{"uid":"4a1a371ca0a615f","name":"Validate Council Output [UttlesfordDistrictCouncil]","fullName":"features/validate_council_outputs.feature:Validate Council Output","historyId":"85e4c6b99adcc222d67fb70016996414","time":{"start":1728606678373,"stop":1728606726686,"duration":48313},"status":"failed","statusMessage":"ValueError: time data 'Thursday 31st October' does not match format '%A %dth %B'","statusTrace":"fixturefunc = <function scrape_step at 0x7fa44bef6840>\nrequest = <FixtureRequest for <Function test_scenario_outline[UttlesfordDistrictCouncil]>>\nkwargs = {'context': <test_validate_council.Context object at 0x7fa44bd80c50>, 'headless_mode': 'True', 'local_browser': 'False', 'selenium_url': 'http://localhost:4444'}\n\n    def call_fixture_func(\n        fixturefunc: _FixtureFunc[FixtureValue], request: FixtureRequest, kwargs\n    ) -> FixtureValue:\n        if is_generator(fixturefunc):\n            fixturefunc = cast(\n                Callable[..., Generator[FixtureValue, None, None]], fixturefunc\n            )\n            generator = fixturefunc(**kwargs)\n            try:\n                fixture_result = next(generator)\n            except StopIteration:\n                raise ValueError(f\"{request.fixturename} did not yield a value\") from None\n            finalizer = functools.partial(_teardown_yield_fixture, fixturefunc, generator)\n            request.addfinalizer(finalizer)\n        else:\n            fixturefunc = cast(Callable[..., FixtureValue], fixturefunc)\n>           fixture_result = fixturefunc(**kwargs)\n\n../../../.cache/pypoetry/virtualenvs/uk-bin-collection-EwS6Gn8s-py3.11/lib/python3.11/site-packages/_pytest/fixtures.py:898: \n_ _ _ _ _ _ _ _ _ _ _ _ _ _ _ _ _ _ _ _ _ _ _ _ _ _ _ _ _ _ _ _ _ _ _ _ _ _ _ _ \nuk_bin_collection/tests/step_defs/test_validate_council.py:100: in scrape_step\n    context.parse_result = CollectData.run()\nuk_bin_collection/uk_bin_collection/collect_data.py:101: in run\n    return self.client_code(\nuk_bin_collection/uk_bin_collection/collect_data.py:121: in client_code\n    return get_bin_data_class.template_method(address_url, **kwargs)\nuk_bin_collection/uk_bin_collection/get_bin_data.py:61: in template_method\n    bin_data_dict = self.get_and_parse_data(this_url, **kwargs)\nuk_bin_collection/uk_bin_collection/get_bin_data.py:84: in get_and_parse_data\n    bin_data_dict = self.parse_data(\"\", url=address_url, **kwargs)\nuk_bin_collection/uk_bin_collection/councils/UttlesfordDistrictCouncil.py:94: in parse_data\n    collection_date = datetime.strptime(\n/opt/hostedtoolcache/Python/3.11.10/x64/lib/python3.11/_strptime.py:567: in _strptime_datetime\n    tt, fraction, gmtoff_fraction = _strptime(data_string, format)\n_ _ _ _ _ _ _ _ _ _ _ _ _ _ _ _ _ _ _ _ _ _ _ _ _ _ _ _ _ _ _ _ _ _ _ _ _ _ _ _ \n\ndata_string = 'Thursday 31st October', format = '%A %dth %B'\n\n    def _strptime(data_string, format=\"%a %b %d %H:%M:%S %Y\"):\n        \"\"\"Return a 2-tuple consisting of a time struct and an int containing\n        the number of microseconds based on the input string and the\n        format string.\"\"\"\n    \n        for index, arg in enumerate([data_string, format]):\n            if not isinstance(arg, str):\n                msg = \"strptime() argument {} must be str, not {}\"\n                raise TypeError(msg.format(index, type(arg)))\n    \n        global _TimeRE_cache, _regex_cache\n        with _cache_lock:\n            locale_time = _TimeRE_cache.locale_time\n            if (_getlang() != locale_time.lang or\n                time.tzname != locale_time.tzname or\n                time.daylight != locale_time.daylight):\n                _TimeRE_cache = TimeRE()\n                _regex_cache.clear()\n                locale_time = _TimeRE_cache.locale_time\n            if len(_regex_cache) > _CACHE_MAX_SIZE:\n                _regex_cache.clear()\n            format_regex = _regex_cache.get(format)\n            if not format_regex:\n                try:\n                    format_regex = _TimeRE_cache.compile(format)\n                # KeyError raised when a bad format is found; can be specified as\n                # \\\\, in which case it was a stray % but with a space after it\n                except KeyError as err:\n                    bad_directive = err.args[0]\n                    if bad_directive == \"\\\\\":\n                        bad_directive = \"%\"\n                    del err\n                    raise ValueError(\"'%s' is a bad directive in format '%s'\" %\n                                        (bad_directive, format)) from None\n                # IndexError only occurs when the format string is \"%\"\n                except IndexError:\n                    raise ValueError(\"stray %% in format '%s'\" % format) from None\n                _regex_cache[format] = format_regex\n        found = format_regex.match(data_string)\n        if not found:\n>           raise ValueError(\"time data %r does not match format %r\" %\n                             (data_string, format))\nE           ValueError: time data 'Thursday 31st October' does not match format '%A %dth %B'\n\n/opt/hostedtoolcache/Python/3.11.10/x64/lib/python3.11/_strptime.py:349: ValueError","flaky":false,"newFailed":false,"newBroken":false,"newPassed":false,"retriesCount":0,"retriesStatusChange":false,"beforeStages":[],"testStage":{"status":"failed","statusMessage":"ValueError: time data 'Thursday 31st October' does not match format '%A %dth %B'","statusTrace":"fixturefunc = <function scrape_step at 0x7fa44bef6840>\nrequest = <FixtureRequest for <Function test_scenario_outline[UttlesfordDistrictCouncil]>>\nkwargs = {'context': <test_validate_council.Context object at 0x7fa44bd80c50>, 'headless_mode': 'True', 'local_browser': 'False', 'selenium_url': 'http://localhost:4444'}\n\n    def call_fixture_func(\n        fixturefunc: _FixtureFunc[FixtureValue], request: FixtureRequest, kwargs\n    ) -> FixtureValue:\n        if is_generator(fixturefunc):\n            fixturefunc = cast(\n                Callable[..., Generator[FixtureValue, None, None]], fixturefunc\n            )\n            generator = fixturefunc(**kwargs)\n            try:\n                fixture_result = next(generator)\n            except StopIteration:\n                raise ValueError(f\"{request.fixturename} did not yield a value\") from None\n            finalizer = functools.partial(_teardown_yield_fixture, fixturefunc, generator)\n            request.addfinalizer(finalizer)\n        else:\n            fixturefunc = cast(Callable[..., FixtureValue], fixturefunc)\n>           fixture_result = fixturefunc(**kwargs)\n\n../../../.cache/pypoetry/virtualenvs/uk-bin-collection-EwS6Gn8s-py3.11/lib/python3.11/site-packages/_pytest/fixtures.py:898: \n_ _ _ _ _ _ _ _ _ _ _ _ _ _ _ _ _ _ _ _ _ _ _ _ _ _ _ _ _ _ _ _ _ _ _ _ _ _ _ _ \nuk_bin_collection/tests/step_defs/test_validate_council.py:100: in scrape_step\n    context.parse_result = CollectData.run()\nuk_bin_collection/uk_bin_collection/collect_data.py:101: in run\n    return self.client_code(\nuk_bin_collection/uk_bin_collection/collect_data.py:121: in client_code\n    return get_bin_data_class.template_method(address_url, **kwargs)\nuk_bin_collection/uk_bin_collection/get_bin_data.py:61: in template_method\n    bin_data_dict = self.get_and_parse_data(this_url, **kwargs)\nuk_bin_collection/uk_bin_collection/get_bin_data.py:84: in get_and_parse_data\n    bin_data_dict = self.parse_data(\"\", url=address_url, **kwargs)\nuk_bin_collection/uk_bin_collection/councils/UttlesfordDistrictCouncil.py:94: in parse_data\n    collection_date = datetime.strptime(\n/opt/hostedtoolcache/Python/3.11.10/x64/lib/python3.11/_strptime.py:567: in _strptime_datetime\n    tt, fraction, gmtoff_fraction = _strptime(data_string, format)\n_ _ _ _ _ _ _ _ _ _ _ _ _ _ _ _ _ _ _ _ _ _ _ _ _ _ _ _ _ _ _ _ _ _ _ _ _ _ _ _ \n\ndata_string = 'Thursday 31st October', format = '%A %dth %B'\n\n    def _strptime(data_string, format=\"%a %b %d %H:%M:%S %Y\"):\n        \"\"\"Return a 2-tuple consisting of a time struct and an int containing\n        the number of microseconds based on the input string and the\n        format string.\"\"\"\n    \n        for index, arg in enumerate([data_string, format]):\n            if not isinstance(arg, str):\n                msg = \"strptime() argument {} must be str, not {}\"\n                raise TypeError(msg.format(index, type(arg)))\n    \n        global _TimeRE_cache, _regex_cache\n        with _cache_lock:\n            locale_time = _TimeRE_cache.locale_time\n            if (_getlang() != locale_time.lang or\n                time.tzname != locale_time.tzname or\n                time.daylight != locale_time.daylight):\n                _TimeRE_cache = TimeRE()\n                _regex_cache.clear()\n                locale_time = _TimeRE_cache.locale_time\n            if len(_regex_cache) > _CACHE_MAX_SIZE:\n                _regex_cache.clear()\n            format_regex = _regex_cache.get(format)\n            if not format_regex:\n                try:\n                    format_regex = _TimeRE_cache.compile(format)\n                # KeyError raised when a bad format is found; can be specified as\n                # \\\\, in which case it was a stray % but with a space after it\n                except KeyError as err:\n                    bad_directive = err.args[0]\n                    if bad_directive == \"\\\\\":\n                        bad_directive = \"%\"\n                    del err\n                    raise ValueError(\"'%s' is a bad directive in format '%s'\" %\n                                        (bad_directive, format)) from None\n                # IndexError only occurs when the format string is \"%\"\n                except IndexError:\n                    raise ValueError(\"stray %% in format '%s'\" % format) from None\n                _regex_cache[format] = format_regex\n        found = format_regex.match(data_string)\n        if not found:\n>           raise ValueError(\"time data %r does not match format %r\" %\n                             (data_string, format))\nE           ValueError: time data 'Thursday 31st October' does not match format '%A %dth %B'\n\n/opt/hostedtoolcache/Python/3.11.10/x64/lib/python3.11/_strptime.py:349: ValueError","steps":[{"name":"Given the council","time":{"start":1728606678373,"stop":1728606678374,"duration":1},"status":"passed","steps":[],"attachments":[],"parameters":[],"stepsCount":0,"attachmentsCount":0,"hasContent":false,"attachmentStep":false,"shouldDisplayMessage":false},{"name":"When we scrape the data from the council","time":{"start":1728606678374,"stop":1728606726686,"duration":48312},"status":"failed","statusMessage":"time data 'Thursday 31st October' does not match format '%A %dth %B'","statusTrace":"ValueError: time data 'Thursday 31st October' does not match format '%A %dth %B'\n","steps":[],"attachments":[],"parameters":[],"stepsCount":0,"attachmentsCount":0,"hasContent":true,"attachmentStep":false,"shouldDisplayMessage":true}],"attachments":[{"uid":"8479701dc4109475","name":"log","source":"8479701dc4109475.txt","type":"text/plain","size":134},{"uid":"835d7af0a65332","name":"stdout","source":"835d7af0a65332.txt","type":"text/plain","size":52}],"parameters":[],"stepsCount":2,"attachmentsCount":2,"hasContent":true,"attachmentStep":false,"shouldDisplayMessage":true},"afterStages":[],"labels":[{"name":"host","value":"fv-az1986-129"},{"name":"thread","value":"2819-MainThread"},{"name":"framework","value":"pytest-bdd"},{"name":"language","value":"cpython3"},{"name":"feature","value":"Test each council output matches expected results"},{"name":"resultFormat","value":"allure2"}],"parameters":[{"name":"council","value":"UttlesfordDistrictCouncil"}],"links":[],"hidden":false,"retry":false,"extra":{"severity":"normal","retries":[],"categories":[{"name":"Product defects","matchedStatuses":[],"flaky":false}],"history":{"statistic":{"failed":125,"broken":0,"skipped":0,"passed":19,"unknown":0,"total":144},"items":[{"uid":"aa01c8837c67263a","reportUrl":"https://robbrad.github.io/UKBinCollectionData/3.11/2199//#testresult/aa01c8837c67263a","status":"failed","statusDetails":"ValueError: time data 'Thursday 31st October' does not match format '%A %dth %B'","time":{"start":1728520635769,"stop":1728520658351,"duration":22582}},{"uid":"c05a922987cf9f24","reportUrl":"https://robbrad.github.io/UKBinCollectionData/3.11/2188//#testresult/c05a922987cf9f24","status":"failed","statusDetails":"ValueError: time data 'Thursday 31st October' does not match format '%A %dth %B'","time":{"start":1728433571468,"stop":1728433583668,"duration":12200}},{"uid":"4331c22ee0a33e49","reportUrl":"https://robbrad.github.io/UKBinCollectionData/3.11/2169//#testresult/4331c22ee0a33e49","status":"failed","statusDetails":"ValueError: time data 'Thursday 31st October' does not match format '%A %dth %B'","time":{"start":1728333715016,"stop":1728333751164,"duration":36148}},{"uid":"84f6df674a8c5b30","reportUrl":"https://robbrad.github.io/UKBinCollectionData/3.11/2165//#testresult/84f6df674a8c5b30","status":"failed","statusDetails":"selenium.common.exceptions.SessionNotCreatedException: Message: Could not start a new session. New session request timed out \nHost info: host: 'selenium', ip: '172.18.0.2'\nBuild info: version: '4.25.0', revision: '030fcf7918'\nSystem info: os.name: 'Linux', os.arch: 'amd64', os.version: '6.8.0-1014-azure', java.version: '17.0.12'\nDriver info: driver.version: unknown\nStacktrace:\n    at org.openqa.selenium.grid.sessionqueue.local.LocalNewSessionQueue.addToQueue (LocalNewSessionQueue.java:221)\n    at org.openqa.selenium.grid.sessionqueue.NewSessionQueue.lambda$new$0 (NewSessionQueue.java:68)\n    at org.openqa.selenium.remote.http.Route$TemplatizedRoute.handle (Route.java:192)\n    at org.openqa.selenium.remote.http.Route.execute (Route.java:69)\n    at org.openqa.selenium.remote.http.Route$CombinedRoute.handle (Route.java:360)\n    at org.openqa.selenium.remote.http.Route.execute (Route.java:69)\n    at org.openqa.selenium.grid.sessionqueue.NewSessionQueue.execute (NewSessionQueue.java:128)\n    at org.openqa.selenium.remote.tracing.SpanWrappedHttpHandler.execute (SpanWrappedHttpHandler.java:87)\n    at org.openqa.selenium.remote.http.Filter$1.execute (Filter.java:63)\n    at org.openqa.selenium.remote.http.Route$CombinedRoute.handle (Route.java:360)\n    at org.openqa.selenium.remote.http.Route.execute (Route.java:69)\n    at org.openqa.selenium.grid.router.Router.execute (Router.java:87)\n    at org.openqa.selenium.grid.web.EnsureSpecCompliantResponseHeaders.lambda$apply$0 (EnsureSpecCompliantResponseHeaders.java:34)\n    at org.openqa.selenium.remote.http.Filter$1.execute (Filter.java:63)\n    at org.openqa.selenium.remote.http.Route$CombinedRoute.handle (Route.java:360)\n    at org.openqa.selenium.remote.http.Route.execute (Route.java:69)\n    at org.openqa.selenium.remote.AddWebDriverSpecHeaders.lambda$apply$0 (AddWebDriverSpecHeaders.java:35)\n    at org.openqa.selenium.remote.ErrorFilter.lambda$apply$0 (ErrorFilter.java:44)\n    at org.openqa.selenium.remote.http.Filter$1.execute (Filter.java:63)\n    at org.openqa.selenium.remote.ErrorFilter.lambda$apply$0 (ErrorFilter.java:44)\n    at org.openqa.selenium.remote.http.Filter$1.execute (Filter.java:63)\n    at org.openqa.selenium.netty.server.SeleniumHandler.lambda$channelRead0$0 (SeleniumHandler.java:44)\n    at java.util.concurrent.Executors$RunnableAdapter.call (Executors.java:539)\n    at java.util.concurrent.FutureTask.run (FutureTask.java:264)\n    at java.util.concurrent.ThreadPoolExecutor.runWorker (ThreadPoolExecutor.java:1136)\n    at java.util.concurrent.ThreadPoolExecutor$Worker.run (ThreadPoolExecutor.java:635)\n    at java.lang.Thread.run (Thread.java:840)","time":{"start":1728261100583,"stop":1728261400721,"duration":300138}},{"uid":"a1c506079165a9be","reportUrl":"https://robbrad.github.io/UKBinCollectionData/3.11/2164//#testresult/a1c506079165a9be","status":"failed","statusDetails":"selenium.common.exceptions.SessionNotCreatedException: Message: Could not start a new session. New session request timed out \nHost info: host: 'selenium', ip: '172.18.0.2'\nBuild info: version: '4.25.0', revision: '030fcf7918'\nSystem info: os.name: 'Linux', os.arch: 'amd64', os.version: '6.8.0-1014-azure', java.version: '17.0.12'\nDriver info: driver.version: unknown\nStacktrace:\n    at org.openqa.selenium.grid.sessionqueue.local.LocalNewSessionQueue.addToQueue (LocalNewSessionQueue.java:221)\n    at org.openqa.selenium.grid.sessionqueue.NewSessionQueue.lambda$new$0 (NewSessionQueue.java:68)\n    at org.openqa.selenium.remote.http.Route$TemplatizedRoute.handle (Route.java:192)\n    at org.openqa.selenium.remote.http.Route.execute (Route.java:69)\n    at org.openqa.selenium.remote.http.Route$CombinedRoute.handle (Route.java:360)\n    at org.openqa.selenium.remote.http.Route.execute (Route.java:69)\n    at org.openqa.selenium.grid.sessionqueue.NewSessionQueue.execute (NewSessionQueue.java:128)\n    at org.openqa.selenium.remote.tracing.SpanWrappedHttpHandler.execute (SpanWrappedHttpHandler.java:87)\n    at org.openqa.selenium.remote.http.Filter$1.execute (Filter.java:63)\n    at org.openqa.selenium.remote.http.Route$CombinedRoute.handle (Route.java:360)\n    at org.openqa.selenium.remote.http.Route.execute (Route.java:69)\n    at org.openqa.selenium.grid.router.Router.execute (Router.java:87)\n    at org.openqa.selenium.grid.web.EnsureSpecCompliantResponseHeaders.lambda$apply$0 (EnsureSpecCompliantResponseHeaders.java:34)\n    at org.openqa.selenium.remote.http.Filter$1.execute (Filter.java:63)\n    at org.openqa.selenium.remote.http.Route$CombinedRoute.handle (Route.java:360)\n    at org.openqa.selenium.remote.http.Route.execute (Route.java:69)\n    at org.openqa.selenium.remote.AddWebDriverSpecHeaders.lambda$apply$0 (AddWebDriverSpecHeaders.java:35)\n    at org.openqa.selenium.remote.ErrorFilter.lambda$apply$0 (ErrorFilter.java:44)\n    at org.openqa.selenium.remote.http.Filter$1.execute (Filter.java:63)\n    at org.openqa.selenium.remote.ErrorFilter.lambda$apply$0 (ErrorFilter.java:44)\n    at org.openqa.selenium.remote.http.Filter$1.execute (Filter.java:63)\n    at org.openqa.selenium.netty.server.SeleniumHandler.lambda$channelRead0$0 (SeleniumHandler.java:44)\n    at java.util.concurrent.Executors$RunnableAdapter.call (Executors.java:539)\n    at java.util.concurrent.FutureTask.run (FutureTask.java:264)\n    at java.util.concurrent.ThreadPoolExecutor.runWorker (ThreadPoolExecutor.java:1136)\n    at java.util.concurrent.ThreadPoolExecutor$Worker.run (ThreadPoolExecutor.java:635)\n    at java.lang.Thread.run (Thread.java:840)","time":{"start":1728174463025,"stop":1728174763057,"duration":300032}},{"uid":"42bd2426fe10e7f3","reportUrl":"https://robbrad.github.io/UKBinCollectionData/3.11/2160//#testresult/42bd2426fe10e7f3","status":"failed","statusDetails":"ValueError: time data 'Thursday 31st October' does not match format '%A %dth %B'","time":{"start":1728088045856,"stop":1728088345964,"duration":300108}},{"uid":"52b6a22c22f2fcbc","reportUrl":"https://robbrad.github.io/UKBinCollectionData/3.11/2152//#testresult/52b6a22c22f2fcbc","status":"failed","statusDetails":"ValueError: time data 'Thursday 31st October' does not match format '%A %dth %B'","time":{"start":1728001743996,"stop":1728001942026,"duration":198030}},{"uid":"412b3750f28022d6","reportUrl":"https://robbrad.github.io/UKBinCollectionData/3.11/2148//#testresult/412b3750f28022d6","status":"failed","statusDetails":"ValueError: time data 'Thursday 3rd October' does not match format '%A %dth %B'","time":{"start":1727933583002,"stop":1727933618139,"duration":35137}},{"uid":"38aced99a8ad0ac1","reportUrl":"https://robbrad.github.io/UKBinCollectionData/3.11/2146//#testresult/38aced99a8ad0ac1","status":"failed","statusDetails":"ValueError: time data 'Thursday 3rd October' does not match format '%A %dth %B'","time":{"start":1727915411099,"stop":1727915451490,"duration":40391}},{"uid":"6c74455f7c2eb6a3","reportUrl":"https://robbrad.github.io/UKBinCollectionData/3.11/2139//#testresult/6c74455f7c2eb6a3","status":"failed","statusDetails":"ValueError: time data 'Thursday 3rd October' does not match format '%A %dth %B'","time":{"start":1727829016307,"stop":1727829028558,"duration":12251}},{"uid":"477908b8d38ca61","reportUrl":"https://robbrad.github.io/UKBinCollectionData/3.11/2138//#testresult/477908b8d38ca61","status":"failed","statusDetails":"ValueError: time data 'Thursday 3rd October' does not match format '%A %dth %B'","time":{"start":1727742669452,"stop":1727742718314,"duration":48862}},{"uid":"d7a92d11a958b0f3","reportUrl":"https://robbrad.github.io/UKBinCollectionData/3.11/2137//#testresult/d7a92d11a958b0f3","status":"failed","statusDetails":"ValueError: time data 'Thursday 3rd October' does not match format '%A %dth %B'","time":{"start":1727656233750,"stop":1727656242779,"duration":9029}},{"uid":"9688199127b06a83","reportUrl":"https://robbrad.github.io/UKBinCollectionData/3.11/2136//#testresult/9688199127b06a83","status":"failed","statusDetails":"ValueError: time data 'Thursday 3rd October' does not match format '%A %dth %B'","time":{"start":1727569576589,"stop":1727569593299,"duration":16710}},{"uid":"f7dcfb9fcc11a9ab","reportUrl":"https://robbrad.github.io/UKBinCollectionData/3.11/2135//#testresult/f7dcfb9fcc11a9ab","status":"failed","statusDetails":"ValueError: time data 'Thursday 3rd October' does not match format '%A %dth %B'","time":{"start":1727483285287,"stop":1727483316991,"duration":31704}},{"uid":"6962b76d66742c16","reportUrl":"https://robbrad.github.io/UKBinCollectionData/3.11/2131//#testresult/6962b76d66742c16","status":"failed","statusDetails":"ValueError: time data 'Thursday 3rd October' does not match format '%A %dth %B'","time":{"start":1727423378200,"stop":1727423422161,"duration":43961}},{"uid":"11015a3f5a4a7885","reportUrl":"https://robbrad.github.io/UKBinCollectionData/3.11/2130//#testresult/11015a3f5a4a7885","status":"failed","statusDetails":"ValueError: time data 'Thursday 3rd October' does not match format '%A %dth %B'","time":{"start":1727397106035,"stop":1727397156152,"duration":50117}},{"uid":"e23e3160ba10baed","reportUrl":"https://robbrad.github.io/UKBinCollectionData/3.11/2129//#testresult/e23e3160ba10baed","status":"failed","statusDetails":"ValueError: time data 'Thursday 3rd October' does not match format '%A %dth %B'","time":{"start":1727310306827,"stop":1727310324832,"duration":18005}},{"uid":"e611a78be60547ff","reportUrl":"https://robbrad.github.io/UKBinCollectionData/3.11/2128//#testresult/e611a78be60547ff","status":"failed","statusDetails":"ValueError: time data 'Thursday 3rd October' does not match format '%A %dth %B'","time":{"start":1727223965144,"stop":1727223982062,"duration":16918}},{"uid":"5accdaf4ed2d6a49","reportUrl":"https://robbrad.github.io/UKBinCollectionData/3.11/2127//#testresult/5accdaf4ed2d6a49","status":"failed","statusDetails":"ValueError: time data 'Thursday 3rd October' does not match format '%A %dth %B'","time":{"start":1727137893498,"stop":1727137914862,"duration":21364}},{"uid":"4b9a0e1dc3fe7df7","reportUrl":"https://robbrad.github.io/UKBinCollectionData/3.11/2126//#testresult/4b9a0e1dc3fe7df7","status":"failed","statusDetails":"ValueError: time data 'Thursday 3rd October' does not match format '%A %dth %B'","time":{"start":1727051197940,"stop":1727051209643,"duration":11703}}]},"tags":[]},"source":"4a1a371ca0a615f.json","parameterValues":["UttlesfordDistrictCouncil"]}