{"uid":"2bde52d73f6735ad","name":"Validate Council Output [RenfrewshireCouncil]","fullName":"features/validate_council_outputs.feature:Validate Council Output","historyId":"21c77c05ec171f4a60a68c21bf3d0b55","time":{"start":1729124721270,"stop":1729124736872,"duration":15602},"status":"failed","statusMessage":"selenium.common.exceptions.ElementClickInterceptedException: Message: element click intercepted: Element is not clickable at point (1142, 1033)\n  (Session info: chrome=129.0.6668.100)\nStacktrace:\n#0 0x561a7d910b9a <unknown>\n#1 0x561a7d5f6670 <unknown>\n#2 0x561a7d64c8c6 <unknown>\n#3 0x561a7d64a7e6 <unknown>\n#4 0x561a7d648297 <unknown>\n#5 0x561a7d6476a6 <unknown>\n#6 0x561a7d63aae8 <unknown>\n#7 0x561a7d66ab82 <unknown>\n#8 0x561a7d63a4c8 <unknown>\n#9 0x561a7d66ad4e <unknown>\n#10 0x561a7d689dd6 <unknown>\n#11 0x561a7d66a923 <unknown>\n#12 0x561a7d6386e7 <unknown>\n#13 0x561a7d6396de <unknown>\n#14 0x561a7d8da66b <unknown>\n#15 0x561a7d8de611 <unknown>\n#16 0x561a7d8c64e5 <unknown>\n#17 0x561a7d8df192 <unknown>\n#18 0x561a7d8ab6ef <unknown>\n#19 0x561a7d8ff9d8 <unknown>\n#20 0x561a7d8ffba7 <unknown>\n#21 0x561a7d90f9ec <unknown>\n#22 0x7f6c1144ea94 <unknown>\n#23 0x7f6c114dba34 __clone","statusTrace":"fixturefunc = <function scrape_step at 0x7f141b12c540>\nrequest = <FixtureRequest for <Function test_scenario_outline[RenfrewshireCouncil]>>\nkwargs = {'context': <test_validate_council.Context object at 0x7f141bef1940>, 'headless_mode': 'True', 'local_browser': 'False', 'selenium_url': 'http://localhost:4444'}\n\n    def call_fixture_func(\n        fixturefunc: _FixtureFunc[FixtureValue], request: FixtureRequest, kwargs\n    ) -> FixtureValue:\n        if is_generator(fixturefunc):\n            fixturefunc = cast(\n                Callable[..., Generator[FixtureValue, None, None]], fixturefunc\n            )\n            generator = fixturefunc(**kwargs)\n            try:\n                fixture_result = next(generator)\n            except StopIteration:\n                raise ValueError(f\"{request.fixturename} did not yield a value\") from None\n            finalizer = functools.partial(_teardown_yield_fixture, fixturefunc, generator)\n            request.addfinalizer(finalizer)\n        else:\n            fixturefunc = cast(Callable[..., FixtureValue], fixturefunc)\n>           fixture_result = fixturefunc(**kwargs)\n\n../../../.cache/pypoetry/virtualenvs/uk-bin-collection-EwS6Gn8s-py3.12/lib/python3.12/site-packages/_pytest/fixtures.py:898: \n_ _ _ _ _ _ _ _ _ _ _ _ _ _ _ _ _ _ _ _ _ _ _ _ _ _ _ _ _ _ _ _ _ _ _ _ _ _ _ _ \nuk_bin_collection/tests/step_defs/test_validate_council.py:100: in scrape_step\n    context.parse_result = CollectData.run()\nuk_bin_collection/uk_bin_collection/collect_data.py:101: in run\n    return self.client_code(\nuk_bin_collection/uk_bin_collection/collect_data.py:121: in client_code\n    return get_bin_data_class.template_method(address_url, **kwargs)\nuk_bin_collection/uk_bin_collection/get_bin_data.py:61: in template_method\n    bin_data_dict = self.get_and_parse_data(this_url, **kwargs)\nuk_bin_collection/uk_bin_collection/get_bin_data.py:84: in get_and_parse_data\n    bin_data_dict = self.parse_data(\"\", url=address_url, **kwargs)\nuk_bin_collection/uk_bin_collection/councils/RenfrewshireCouncil.py:38: in parse_data\n    accept_button.click()\n../../../.cache/pypoetry/virtualenvs/uk-bin-collection-EwS6Gn8s-py3.12/lib/python3.12/site-packages/selenium/webdriver/remote/webelement.py:94: in click\n    self._execute(Command.CLICK_ELEMENT)\n../../../.cache/pypoetry/virtualenvs/uk-bin-collection-EwS6Gn8s-py3.12/lib/python3.12/site-packages/selenium/webdriver/remote/webelement.py:395: in _execute\n    return self._parent.execute(command, params)\n../../../.cache/pypoetry/virtualenvs/uk-bin-collection-EwS6Gn8s-py3.12/lib/python3.12/site-packages/selenium/webdriver/remote/webdriver.py:354: in execute\n    self.error_handler.check_response(response)\n_ _ _ _ _ _ _ _ _ _ _ _ _ _ _ _ _ _ _ _ _ _ _ _ _ _ _ _ _ _ _ _ _ _ _ _ _ _ _ _ \n\nself = <selenium.webdriver.remote.errorhandler.ErrorHandler object at 0x7f141afbb080>\nresponse = {'status': 400, 'value': '{\"value\":{\"error\":\"element click intercepted\",\"message\":\"element click intercepted: Element ...unknown>\\\\n#21 0x561a7d90f9ec \\\\u003Cunknown>\\\\n#22 0x7f6c1144ea94 \\\\u003Cunknown>\\\\n#23 0x7f6c114dba34 __clone\\\\n\"}}'}\n\n    def check_response(self, response: Dict[str, Any]) -> None:\n        \"\"\"Checks that a JSON response from the WebDriver does not have an\n        error.\n    \n        :Args:\n         - response - The JSON response from the WebDriver server as a dictionary\n           object.\n    \n        :Raises: If the response contains an error message.\n        \"\"\"\n        status = response.get(\"status\", None)\n        if not status or status == ErrorCode.SUCCESS:\n            return\n        value = None\n        message = response.get(\"message\", \"\")\n        screen: str = response.get(\"screen\", \"\")\n        stacktrace = None\n        if isinstance(status, int):\n            value_json = response.get(\"value\", None)\n            if value_json and isinstance(value_json, str):\n                import json\n    \n                try:\n                    value = json.loads(value_json)\n                    if len(value) == 1:\n                        value = value[\"value\"]\n                    status = value.get(\"error\", None)\n                    if not status:\n                        status = value.get(\"status\", ErrorCode.UNKNOWN_ERROR)\n                        message = value.get(\"value\") or value.get(\"message\")\n                        if not isinstance(message, str):\n                            value = message\n                            message = message.get(\"message\")\n                    else:\n                        message = value.get(\"message\", None)\n                except ValueError:\n                    pass\n    \n        exception_class: Type[WebDriverException]\n        e = ErrorCode()\n        error_codes = [item for item in dir(e) if not item.startswith(\"__\")]\n        for error_code in error_codes:\n            error_info = getattr(ErrorCode, error_code)\n            if isinstance(error_info, list) and status in error_info:\n                exception_class = getattr(ExceptionMapping, error_code, WebDriverException)\n                break\n        else:\n            exception_class = WebDriverException\n    \n        if not value:\n            value = response[\"value\"]\n        if isinstance(value, str):\n            raise exception_class(value)\n        if message == \"\" and \"message\" in value:\n            message = value[\"message\"]\n    \n        screen = None  # type: ignore[assignment]\n        if \"screen\" in value:\n            screen = value[\"screen\"]\n    \n        stacktrace = None\n        st_value = value.get(\"stackTrace\") or value.get(\"stacktrace\")\n        if st_value:\n            if isinstance(st_value, str):\n                stacktrace = st_value.split(\"\\n\")\n            else:\n                stacktrace = []\n                try:\n                    for frame in st_value:\n                        line = frame.get(\"lineNumber\", \"\")\n                        file = frame.get(\"fileName\", \"<anonymous>\")\n                        if line:\n                            file = f\"{file}:{line}\"\n                        meth = frame.get(\"methodName\", \"<anonymous>\")\n                        if \"className\" in frame:\n                            meth = f\"{frame['className']}.{meth}\"\n                        msg = \"    at %s (%s)\"\n                        msg = msg % (meth, file)\n                        stacktrace.append(msg)\n                except TypeError:\n                    pass\n        if exception_class == UnexpectedAlertPresentException:\n            alert_text = None\n            if \"data\" in value:\n                alert_text = value[\"data\"].get(\"text\")\n            elif \"alert\" in value:\n                alert_text = value[\"alert\"].get(\"text\")\n            raise exception_class(message, screen, stacktrace, alert_text)  # type: ignore[call-arg]  # mypy is not smart enough here\n>       raise exception_class(message, screen, stacktrace)\nE       selenium.common.exceptions.ElementClickInterceptedException: Message: element click intercepted: Element is not clickable at point (1142, 1033)\nE         (Session info: chrome=129.0.6668.100)\nE       Stacktrace:\nE       #0 0x561a7d910b9a <unknown>\nE       #1 0x561a7d5f6670 <unknown>\nE       #2 0x561a7d64c8c6 <unknown>\nE       #3 0x561a7d64a7e6 <unknown>\nE       #4 0x561a7d648297 <unknown>\nE       #5 0x561a7d6476a6 <unknown>\nE       #6 0x561a7d63aae8 <unknown>\nE       #7 0x561a7d66ab82 <unknown>\nE       #8 0x561a7d63a4c8 <unknown>\nE       #9 0x561a7d66ad4e <unknown>\nE       #10 0x561a7d689dd6 <unknown>\nE       #11 0x561a7d66a923 <unknown>\nE       #12 0x561a7d6386e7 <unknown>\nE       #13 0x561a7d6396de <unknown>\nE       #14 0x561a7d8da66b <unknown>\nE       #15 0x561a7d8de611 <unknown>\nE       #16 0x561a7d8c64e5 <unknown>\nE       #17 0x561a7d8df192 <unknown>\nE       #18 0x561a7d8ab6ef <unknown>\nE       #19 0x561a7d8ff9d8 <unknown>\nE       #20 0x561a7d8ffba7 <unknown>\nE       #21 0x561a7d90f9ec <unknown>\nE       #22 0x7f6c1144ea94 <unknown>\nE       #23 0x7f6c114dba34 __clone\n\n../../../.cache/pypoetry/virtualenvs/uk-bin-collection-EwS6Gn8s-py3.12/lib/python3.12/site-packages/selenium/webdriver/remote/errorhandler.py:229: ElementClickInterceptedException","flaky":true,"newFailed":true,"newBroken":false,"newPassed":false,"retriesCount":0,"retriesStatusChange":false,"beforeStages":[],"testStage":{"status":"failed","statusMessage":"selenium.common.exceptions.ElementClickInterceptedException: Message: element click intercepted: Element is not clickable at point (1142, 1033)\n  (Session info: chrome=129.0.6668.100)\nStacktrace:\n#0 0x561a7d910b9a <unknown>\n#1 0x561a7d5f6670 <unknown>\n#2 0x561a7d64c8c6 <unknown>\n#3 0x561a7d64a7e6 <unknown>\n#4 0x561a7d648297 <unknown>\n#5 0x561a7d6476a6 <unknown>\n#6 0x561a7d63aae8 <unknown>\n#7 0x561a7d66ab82 <unknown>\n#8 0x561a7d63a4c8 <unknown>\n#9 0x561a7d66ad4e <unknown>\n#10 0x561a7d689dd6 <unknown>\n#11 0x561a7d66a923 <unknown>\n#12 0x561a7d6386e7 <unknown>\n#13 0x561a7d6396de <unknown>\n#14 0x561a7d8da66b <unknown>\n#15 0x561a7d8de611 <unknown>\n#16 0x561a7d8c64e5 <unknown>\n#17 0x561a7d8df192 <unknown>\n#18 0x561a7d8ab6ef <unknown>\n#19 0x561a7d8ff9d8 <unknown>\n#20 0x561a7d8ffba7 <unknown>\n#21 0x561a7d90f9ec <unknown>\n#22 0x7f6c1144ea94 <unknown>\n#23 0x7f6c114dba34 __clone","statusTrace":"fixturefunc = <function scrape_step at 0x7f141b12c540>\nrequest = <FixtureRequest for <Function test_scenario_outline[RenfrewshireCouncil]>>\nkwargs = {'context': <test_validate_council.Context object at 0x7f141bef1940>, 'headless_mode': 'True', 'local_browser': 'False', 'selenium_url': 'http://localhost:4444'}\n\n    def call_fixture_func(\n        fixturefunc: _FixtureFunc[FixtureValue], request: FixtureRequest, kwargs\n    ) -> FixtureValue:\n        if is_generator(fixturefunc):\n            fixturefunc = cast(\n                Callable[..., Generator[FixtureValue, None, None]], fixturefunc\n            )\n            generator = fixturefunc(**kwargs)\n            try:\n                fixture_result = next(generator)\n            except StopIteration:\n                raise ValueError(f\"{request.fixturename} did not yield a value\") from None\n            finalizer = functools.partial(_teardown_yield_fixture, fixturefunc, generator)\n            request.addfinalizer(finalizer)\n        else:\n            fixturefunc = cast(Callable[..., FixtureValue], fixturefunc)\n>           fixture_result = fixturefunc(**kwargs)\n\n../../../.cache/pypoetry/virtualenvs/uk-bin-collection-EwS6Gn8s-py3.12/lib/python3.12/site-packages/_pytest/fixtures.py:898: \n_ _ _ _ _ _ _ _ _ _ _ _ _ _ _ _ _ _ _ _ _ _ _ _ _ _ _ _ _ _ _ _ _ _ _ _ _ _ _ _ \nuk_bin_collection/tests/step_defs/test_validate_council.py:100: in scrape_step\n    context.parse_result = CollectData.run()\nuk_bin_collection/uk_bin_collection/collect_data.py:101: in run\n    return self.client_code(\nuk_bin_collection/uk_bin_collection/collect_data.py:121: in client_code\n    return get_bin_data_class.template_method(address_url, **kwargs)\nuk_bin_collection/uk_bin_collection/get_bin_data.py:61: in template_method\n    bin_data_dict = self.get_and_parse_data(this_url, **kwargs)\nuk_bin_collection/uk_bin_collection/get_bin_data.py:84: in get_and_parse_data\n    bin_data_dict = self.parse_data(\"\", url=address_url, **kwargs)\nuk_bin_collection/uk_bin_collection/councils/RenfrewshireCouncil.py:38: in parse_data\n    accept_button.click()\n../../../.cache/pypoetry/virtualenvs/uk-bin-collection-EwS6Gn8s-py3.12/lib/python3.12/site-packages/selenium/webdriver/remote/webelement.py:94: in click\n    self._execute(Command.CLICK_ELEMENT)\n../../../.cache/pypoetry/virtualenvs/uk-bin-collection-EwS6Gn8s-py3.12/lib/python3.12/site-packages/selenium/webdriver/remote/webelement.py:395: in _execute\n    return self._parent.execute(command, params)\n../../../.cache/pypoetry/virtualenvs/uk-bin-collection-EwS6Gn8s-py3.12/lib/python3.12/site-packages/selenium/webdriver/remote/webdriver.py:354: in execute\n    self.error_handler.check_response(response)\n_ _ _ _ _ _ _ _ _ _ _ _ _ _ _ _ _ _ _ _ _ _ _ _ _ _ _ _ _ _ _ _ _ _ _ _ _ _ _ _ \n\nself = <selenium.webdriver.remote.errorhandler.ErrorHandler object at 0x7f141afbb080>\nresponse = {'status': 400, 'value': '{\"value\":{\"error\":\"element click intercepted\",\"message\":\"element click intercepted: Element ...unknown>\\\\n#21 0x561a7d90f9ec \\\\u003Cunknown>\\\\n#22 0x7f6c1144ea94 \\\\u003Cunknown>\\\\n#23 0x7f6c114dba34 __clone\\\\n\"}}'}\n\n    def check_response(self, response: Dict[str, Any]) -> None:\n        \"\"\"Checks that a JSON response from the WebDriver does not have an\n        error.\n    \n        :Args:\n         - response - The JSON response from the WebDriver server as a dictionary\n           object.\n    \n        :Raises: If the response contains an error message.\n        \"\"\"\n        status = response.get(\"status\", None)\n        if not status or status == ErrorCode.SUCCESS:\n            return\n        value = None\n        message = response.get(\"message\", \"\")\n        screen: str = response.get(\"screen\", \"\")\n        stacktrace = None\n        if isinstance(status, int):\n            value_json = response.get(\"value\", None)\n            if value_json and isinstance(value_json, str):\n                import json\n    \n                try:\n                    value = json.loads(value_json)\n                    if len(value) == 1:\n                        value = value[\"value\"]\n                    status = value.get(\"error\", None)\n                    if not status:\n                        status = value.get(\"status\", ErrorCode.UNKNOWN_ERROR)\n                        message = value.get(\"value\") or value.get(\"message\")\n                        if not isinstance(message, str):\n                            value = message\n                            message = message.get(\"message\")\n                    else:\n                        message = value.get(\"message\", None)\n                except ValueError:\n                    pass\n    \n        exception_class: Type[WebDriverException]\n        e = ErrorCode()\n        error_codes = [item for item in dir(e) if not item.startswith(\"__\")]\n        for error_code in error_codes:\n            error_info = getattr(ErrorCode, error_code)\n            if isinstance(error_info, list) and status in error_info:\n                exception_class = getattr(ExceptionMapping, error_code, WebDriverException)\n                break\n        else:\n            exception_class = WebDriverException\n    \n        if not value:\n            value = response[\"value\"]\n        if isinstance(value, str):\n            raise exception_class(value)\n        if message == \"\" and \"message\" in value:\n            message = value[\"message\"]\n    \n        screen = None  # type: ignore[assignment]\n        if \"screen\" in value:\n            screen = value[\"screen\"]\n    \n        stacktrace = None\n        st_value = value.get(\"stackTrace\") or value.get(\"stacktrace\")\n        if st_value:\n            if isinstance(st_value, str):\n                stacktrace = st_value.split(\"\\n\")\n            else:\n                stacktrace = []\n                try:\n                    for frame in st_value:\n                        line = frame.get(\"lineNumber\", \"\")\n                        file = frame.get(\"fileName\", \"<anonymous>\")\n                        if line:\n                            file = f\"{file}:{line}\"\n                        meth = frame.get(\"methodName\", \"<anonymous>\")\n                        if \"className\" in frame:\n                            meth = f\"{frame['className']}.{meth}\"\n                        msg = \"    at %s (%s)\"\n                        msg = msg % (meth, file)\n                        stacktrace.append(msg)\n                except TypeError:\n                    pass\n        if exception_class == UnexpectedAlertPresentException:\n            alert_text = None\n            if \"data\" in value:\n                alert_text = value[\"data\"].get(\"text\")\n            elif \"alert\" in value:\n                alert_text = value[\"alert\"].get(\"text\")\n            raise exception_class(message, screen, stacktrace, alert_text)  # type: ignore[call-arg]  # mypy is not smart enough here\n>       raise exception_class(message, screen, stacktrace)\nE       selenium.common.exceptions.ElementClickInterceptedException: Message: element click intercepted: Element is not clickable at point (1142, 1033)\nE         (Session info: chrome=129.0.6668.100)\nE       Stacktrace:\nE       #0 0x561a7d910b9a <unknown>\nE       #1 0x561a7d5f6670 <unknown>\nE       #2 0x561a7d64c8c6 <unknown>\nE       #3 0x561a7d64a7e6 <unknown>\nE       #4 0x561a7d648297 <unknown>\nE       #5 0x561a7d6476a6 <unknown>\nE       #6 0x561a7d63aae8 <unknown>\nE       #7 0x561a7d66ab82 <unknown>\nE       #8 0x561a7d63a4c8 <unknown>\nE       #9 0x561a7d66ad4e <unknown>\nE       #10 0x561a7d689dd6 <unknown>\nE       #11 0x561a7d66a923 <unknown>\nE       #12 0x561a7d6386e7 <unknown>\nE       #13 0x561a7d6396de <unknown>\nE       #14 0x561a7d8da66b <unknown>\nE       #15 0x561a7d8de611 <unknown>\nE       #16 0x561a7d8c64e5 <unknown>\nE       #17 0x561a7d8df192 <unknown>\nE       #18 0x561a7d8ab6ef <unknown>\nE       #19 0x561a7d8ff9d8 <unknown>\nE       #20 0x561a7d8ffba7 <unknown>\nE       #21 0x561a7d90f9ec <unknown>\nE       #22 0x7f6c1144ea94 <unknown>\nE       #23 0x7f6c114dba34 __clone\n\n../../../.cache/pypoetry/virtualenvs/uk-bin-collection-EwS6Gn8s-py3.12/lib/python3.12/site-packages/selenium/webdriver/remote/errorhandler.py:229: ElementClickInterceptedException","steps":[{"name":"Given the council","time":{"start":1729124721270,"stop":1729124721271,"duration":1},"status":"passed","steps":[],"attachments":[],"parameters":[],"shouldDisplayMessage":false,"stepsCount":0,"attachmentsCount":0,"hasContent":false,"attachmentStep":false},{"name":"When we scrape the data from the council","time":{"start":1729124721271,"stop":1729124736871,"duration":15600},"status":"failed","statusMessage":"Message: element click intercepted: Element is not clickable at point (1142, 1033)\n  (Session info: chrome=129.0.6668.100)\nStacktrace:\n#0 0x561a7d910b9a <unknown>\n#1 0x561a7d5f6670 <unknown>\n#2 0x561a7d64c8c6 <unknown>\n#3 0x561a7d64a7e6 <unknown>\n#4 0x561a7d648297 <unknown>\n#5 0x561a7d6476a6 <unknown>\n#6 0x561a7d63aae8 <unknown>\n#7 0x561a7d66ab82 <unknown>\n#8 0x561a7d63a4c8 <unknown>\n#9 0x561a7d66ad4e <unknown>\n#10 0x561a7d689dd6 <unknown>\n#11 0x561a7d66a923 <unknown>\n#12 0x561a7d6386e7 <unknown>\n#13 0x561a7d6396de <unknown>\n#14 0x561a7d8da66b <unknown>\n#15 0x561a7d8de611 <unknown>\n#16 0x561a7d8c64e5 <unknown>\n#17 0x561a7d8df192 <unknown>\n#18 0x561a7d8ab6ef <unknown>\n#19 0x561a7d8ff9d8 <unknown>\n#20 0x561a7d8ffba7 <unknown>\n#21 0x561a7d90f9ec <unknown>\n#22 0x7f6c1144ea94 <unknown>\n#23 0x7f6c114dba34 __clone\n","statusTrace":"selenium.common.exceptions.ElementClickInterceptedException: Message: element click intercepted: Element is not clickable at point (1142, 1033)\n  (Session info: chrome=129.0.6668.100)\nStacktrace:\n#0 0x561a7d910b9a <unknown>\n#1 0x561a7d5f6670 <unknown>\n#2 0x561a7d64c8c6 <unknown>\n#3 0x561a7d64a7e6 <unknown>\n#4 0x561a7d648297 <unknown>\n#5 0x561a7d6476a6 <unknown>\n#6 0x561a7d63aae8 <unknown>\n#7 0x561a7d66ab82 <unknown>\n#8 0x561a7d63a4c8 <unknown>\n#9 0x561a7d66ad4e <unknown>\n#10 0x561a7d689dd6 <unknown>\n#11 0x561a7d66a923 <unknown>\n#12 0x561a7d6386e7 <unknown>\n#13 0x561a7d6396de <unknown>\n#14 0x561a7d8da66b <unknown>\n#15 0x561a7d8de611 <unknown>\n#16 0x561a7d8c64e5 <unknown>\n#17 0x561a7d8df192 <unknown>\n#18 0x561a7d8ab6ef <unknown>\n#19 0x561a7d8ff9d8 <unknown>\n#20 0x561a7d8ffba7 <unknown>\n#21 0x561a7d90f9ec <unknown>\n#22 0x7f6c1144ea94 <unknown>\n#23 0x7f6c114dba34 __clone\n\n","steps":[],"attachments":[],"parameters":[],"shouldDisplayMessage":true,"stepsCount":0,"attachmentsCount":0,"hasContent":true,"attachmentStep":false}],"attachments":[{"uid":"4accc8cc84bfd6b2","name":"stdout","source":"4accc8cc84bfd6b2.txt","type":"text/plain","size":885}],"parameters":[],"shouldDisplayMessage":true,"stepsCount":2,"attachmentsCount":1,"hasContent":true,"attachmentStep":false},"afterStages":[],"labels":[{"name":"host","value":"fv-az1272-281"},{"name":"thread","value":"2745-MainThread"},{"name":"framework","value":"pytest-bdd"},{"name":"language","value":"cpython3"},{"name":"feature","value":"Test each council output matches expected results"},{"name":"resultFormat","value":"allure2"}],"parameters":[{"name":"council","value":"RenfrewshireCouncil"}],"links":[],"hidden":false,"retry":false,"extra":{"severity":"normal","retries":[],"categories":[{"name":"Product defects","matchedStatuses":[],"flaky":false}],"history":{"statistic":{"failed":62,"broken":0,"skipped":0,"passed":113,"unknown":0,"total":175},"items":[{"uid":"c6cdb0b21b4212c4","reportUrl":"https://robbrad.github.io/UKBinCollectionData/3.12/2242//#testresult/c6cdb0b21b4212c4","status":"passed","time":{"start":1729112766019,"stop":1729112790438,"duration":24419}},{"uid":"121be0434719e579","reportUrl":"https://robbrad.github.io/UKBinCollectionData/3.12/2237//#testresult/121be0434719e579","status":"failed","statusDetails":"selenium.common.exceptions.ElementClickInterceptedException: Message: element click intercepted: Element is not clickable at point (1142, 1033)\n  (Session info: chrome=129.0.6668.100)\nStacktrace:\n#0 0x56464b4b8b9a <unknown>\n#1 0x56464b19e670 <unknown>\n#2 0x56464b1f48c6 <unknown>\n#3 0x56464b1f27e6 <unknown>\n#4 0x56464b1f0297 <unknown>\n#5 0x56464b1ef6a6 <unknown>\n#6 0x56464b1e2ae8 <unknown>\n#7 0x56464b212b82 <unknown>\n#8 0x56464b1e24c8 <unknown>\n#9 0x56464b212d4e <unknown>\n#10 0x56464b231dd6 <unknown>\n#11 0x56464b212923 <unknown>\n#12 0x56464b1e06e7 <unknown>\n#13 0x56464b1e16de <unknown>\n#14 0x56464b48266b <unknown>\n#15 0x56464b486611 <unknown>\n#16 0x56464b46e4e5 <unknown>\n#17 0x56464b487192 <unknown>\n#18 0x56464b4536ef <unknown>\n#19 0x56464b4a79d8 <unknown>\n#20 0x56464b4a7ba7 <unknown>\n#21 0x56464b4b79ec <unknown>\n#22 0x7f527fe9fa94 <unknown>\n#23 0x7f527ff2ca34 __clone","time":{"start":1729038308295,"stop":1729038341529,"duration":33234}},{"uid":"4367a39f364d2c14","reportUrl":"https://robbrad.github.io/UKBinCollectionData/3.12/2233//#testresult/4367a39f364d2c14","status":"passed","time":{"start":1728952001594,"stop":1728952025760,"duration":24166}},{"uid":"b77c4c761c89896f","reportUrl":"https://robbrad.github.io/UKBinCollectionData/3.12/2227//#testresult/b77c4c761c89896f","status":"passed","time":{"start":1728865234138,"stop":1728865250988,"duration":16850}},{"uid":"d48b2c158da13df3","reportUrl":"https://robbrad.github.io/UKBinCollectionData/3.12/2214//#testresult/d48b2c158da13df3","status":"passed","time":{"start":1728779476399,"stop":1728779534354,"duration":57955}},{"uid":"2a8eaf4f00335a9e","reportUrl":"https://robbrad.github.io/UKBinCollectionData/3.12/2211//#testresult/2a8eaf4f00335a9e","status":"passed","time":{"start":1728693463275,"stop":1728693506874,"duration":43599}},{"uid":"a481529039721f1d","reportUrl":"https://robbrad.github.io/UKBinCollectionData/3.12/2210//#testresult/a481529039721f1d","status":"passed","time":{"start":1728606677084,"stop":1728606741331,"duration":64247}},{"uid":"c6f0d40c09ecfe38","reportUrl":"https://robbrad.github.io/UKBinCollectionData/3.12/2199//#testresult/c6f0d40c09ecfe38","status":"failed","statusDetails":"selenium.common.exceptions.ElementClickInterceptedException: Message: element click intercepted: Element is not clickable at point (1142, 1033)\n  (Session info: chrome=129.0.6668.58)\nStacktrace:\n#0 0x564a9607b13a <unknown>\n#1 0x564a95d615e0 <unknown>\n#2 0x564a95db7866 <unknown>\n#3 0x564a95db578d <unknown>\n#4 0x564a95db3237 <unknown>\n#5 0x564a95db2646 <unknown>\n#6 0x564a95da5a98 <unknown>\n#7 0x564a95dd5b22 <unknown>\n#8 0x564a95da5478 <unknown>\n#9 0x564a95dd5cee <unknown>\n#10 0x564a95df4d7d <unknown>\n#11 0x564a95dd58c3 <unknown>\n#12 0x564a95da36b3 <unknown>\n#13 0x564a95da468e <unknown>\n#14 0x564a96045b3b <unknown>\n#15 0x564a96049ac1 <unknown>\n#16 0x564a96032335 <unknown>\n#17 0x564a9604a642 <unknown>\n#18 0x564a9601749f <unknown>\n#19 0x564a9606a038 <unknown>\n#20 0x564a9606a203 <unknown>\n#21 0x564a96079f8c <unknown>\n#22 0x7febd94d0a94 <unknown>\n#23 0x7febd955da34 __clone","time":{"start":1728520338586,"stop":1728520396231,"duration":57645}},{"uid":"6e3d9e9326830437","reportUrl":"https://robbrad.github.io/UKBinCollectionData/3.12/2188//#testresult/6e3d9e9326830437","status":"failed","statusDetails":"selenium.common.exceptions.ElementClickInterceptedException: Message: element click intercepted: Element is not clickable at point (1142, 1043)\n  (Session info: chrome=129.0.6668.58)\nStacktrace:\n#0 0x55c5bb76e13a <unknown>\n#1 0x55c5bb4545e0 <unknown>\n#2 0x55c5bb4aa866 <unknown>\n#3 0x55c5bb4a878d <unknown>\n#4 0x55c5bb4a6237 <unknown>\n#5 0x55c5bb4a5646 <unknown>\n#6 0x55c5bb498a98 <unknown>\n#7 0x55c5bb4c8b22 <unknown>\n#8 0x55c5bb498478 <unknown>\n#9 0x55c5bb4c8cee <unknown>\n#10 0x55c5bb4e7d7d <unknown>\n#11 0x55c5bb4c88c3 <unknown>\n#12 0x55c5bb4966b3 <unknown>\n#13 0x55c5bb49768e <unknown>\n#14 0x55c5bb738b3b <unknown>\n#15 0x55c5bb73cac1 <unknown>\n#16 0x55c5bb725335 <unknown>\n#17 0x55c5bb73d642 <unknown>\n#18 0x55c5bb70a49f <unknown>\n#19 0x55c5bb75d038 <unknown>\n#20 0x55c5bb75d203 <unknown>\n#21 0x55c5bb76cf8c <unknown>\n#22 0x7f8c09ce1a94 <unknown>\n#23 0x7f8c09d6ea34 __clone","time":{"start":1728433285661,"stop":1728433316199,"duration":30538}},{"uid":"d82e1527674f7b1","reportUrl":"https://robbrad.github.io/UKBinCollectionData/3.12/2169//#testresult/d82e1527674f7b1","status":"passed","time":{"start":1728333614675,"stop":1728333665153,"duration":50478}},{"uid":"5d4b699cc4649687","reportUrl":"https://robbrad.github.io/UKBinCollectionData/3.12/2165//#testresult/5d4b699cc4649687","status":"failed","statusDetails":"selenium.common.exceptions.ElementClickInterceptedException: Message: element click intercepted: Element is not clickable at point (1142, 1043)\n  (Session info: chrome=129.0.6668.58)\nStacktrace:\n#0 0x55e877b4d13a <unknown>\n#1 0x55e8778335e0 <unknown>\n#2 0x55e877889866 <unknown>\n#3 0x55e87788778d <unknown>\n#4 0x55e877885237 <unknown>\n#5 0x55e877884646 <unknown>\n#6 0x55e877877a98 <unknown>\n#7 0x55e8778a7b22 <unknown>\n#8 0x55e877877478 <unknown>\n#9 0x55e8778a7cee <unknown>\n#10 0x55e8778c6d7d <unknown>\n#11 0x55e8778a78c3 <unknown>\n#12 0x55e8778756b3 <unknown>\n#13 0x55e87787668e <unknown>\n#14 0x55e877b17b3b <unknown>\n#15 0x55e877b1bac1 <unknown>\n#16 0x55e877b04335 <unknown>\n#17 0x55e877b1c642 <unknown>\n#18 0x55e877ae949f <unknown>\n#19 0x55e877b3c038 <unknown>\n#20 0x55e877b3c203 <unknown>\n#21 0x55e877b4bf8c <unknown>\n#22 0x7f18bad09a94 <unknown>\n#23 0x7f18bad96a34 __clone","time":{"start":1728260830135,"stop":1728260844557,"duration":14422}},{"uid":"6c5d4682247ed4e0","reportUrl":"https://robbrad.github.io/UKBinCollectionData/3.12/2164//#testresult/6c5d4682247ed4e0","status":"passed","time":{"start":1728174545241,"stop":1728174573523,"duration":28282}},{"uid":"2d47376a937d637a","reportUrl":"https://robbrad.github.io/UKBinCollectionData/3.12/2160//#testresult/2d47376a937d637a","status":"failed","statusDetails":"selenium.common.exceptions.SessionNotCreatedException: Message: Could not start a new session. New session request timed out \nHost info: host: 'selenium', ip: '172.18.0.2'\nBuild info: version: '4.25.0', revision: '030fcf7918'\nSystem info: os.name: 'Linux', os.arch: 'amd64', os.version: '6.8.0-1014-azure', java.version: '17.0.12'\nDriver info: driver.version: unknown\nStacktrace:\n    at org.openqa.selenium.grid.sessionqueue.local.LocalNewSessionQueue.addToQueue (LocalNewSessionQueue.java:221)\n    at org.openqa.selenium.grid.sessionqueue.NewSessionQueue.lambda$new$0 (NewSessionQueue.java:68)\n    at org.openqa.selenium.remote.http.Route$TemplatizedRoute.handle (Route.java:192)\n    at org.openqa.selenium.remote.http.Route.execute (Route.java:69)\n    at org.openqa.selenium.remote.http.Route$CombinedRoute.handle (Route.java:360)\n    at org.openqa.selenium.remote.http.Route.execute (Route.java:69)\n    at org.openqa.selenium.grid.sessionqueue.NewSessionQueue.execute (NewSessionQueue.java:128)\n    at org.openqa.selenium.remote.tracing.SpanWrappedHttpHandler.execute (SpanWrappedHttpHandler.java:87)\n    at org.openqa.selenium.remote.http.Filter$1.execute (Filter.java:63)\n    at org.openqa.selenium.remote.http.Route$CombinedRoute.handle (Route.java:360)\n    at org.openqa.selenium.remote.http.Route.execute (Route.java:69)\n    at org.openqa.selenium.grid.router.Router.execute (Router.java:87)\n    at org.openqa.selenium.grid.web.EnsureSpecCompliantResponseHeaders.lambda$apply$0 (EnsureSpecCompliantResponseHeaders.java:34)\n    at org.openqa.selenium.remote.http.Filter$1.execute (Filter.java:63)\n    at org.openqa.selenium.remote.http.Route$CombinedRoute.handle (Route.java:360)\n    at org.openqa.selenium.remote.http.Route.execute (Route.java:69)\n    at org.openqa.selenium.remote.AddWebDriverSpecHeaders.lambda$apply$0 (AddWebDriverSpecHeaders.java:35)\n    at org.openqa.selenium.remote.ErrorFilter.lambda$apply$0 (ErrorFilter.java:44)\n    at org.openqa.selenium.remote.http.Filter$1.execute (Filter.java:63)\n    at org.openqa.selenium.remote.ErrorFilter.lambda$apply$0 (ErrorFilter.java:44)\n    at org.openqa.selenium.remote.http.Filter$1.execute (Filter.java:63)\n    at org.openqa.selenium.netty.server.SeleniumHandler.lambda$channelRead0$0 (SeleniumHandler.java:44)\n    at java.util.concurrent.Executors$RunnableAdapter.call (Executors.java:539)\n    at java.util.concurrent.FutureTask.run (FutureTask.java:264)\n    at java.util.concurrent.ThreadPoolExecutor.runWorker (ThreadPoolExecutor.java:1136)\n    at java.util.concurrent.ThreadPoolExecutor$Worker.run (ThreadPoolExecutor.java:635)\n    at java.lang.Thread.run (Thread.java:840)","time":{"start":1728087723854,"stop":1728088023902,"duration":300048}},{"uid":"fb575b8d60ee4775","reportUrl":"https://robbrad.github.io/UKBinCollectionData/3.12/2152//#testresult/fb575b8d60ee4775","status":"failed","statusDetails":"selenium.common.exceptions.SessionNotCreatedException: Message: Could not start a new session. New session request timed out \nHost info: host: 'selenium', ip: '172.18.0.2'\nBuild info: version: '4.25.0', revision: '030fcf7918'\nSystem info: os.name: 'Linux', os.arch: 'amd64', os.version: '6.8.0-1014-azure', java.version: '17.0.12'\nDriver info: driver.version: unknown\nStacktrace:\n    at org.openqa.selenium.grid.sessionqueue.local.LocalNewSessionQueue.addToQueue (LocalNewSessionQueue.java:221)\n    at org.openqa.selenium.grid.sessionqueue.NewSessionQueue.lambda$new$0 (NewSessionQueue.java:68)\n    at org.openqa.selenium.remote.http.Route$TemplatizedRoute.handle (Route.java:192)\n    at org.openqa.selenium.remote.http.Route.execute (Route.java:69)\n    at org.openqa.selenium.remote.http.Route$CombinedRoute.handle (Route.java:360)\n    at org.openqa.selenium.remote.http.Route.execute (Route.java:69)\n    at org.openqa.selenium.grid.sessionqueue.NewSessionQueue.execute (NewSessionQueue.java:128)\n    at org.openqa.selenium.remote.tracing.SpanWrappedHttpHandler.execute (SpanWrappedHttpHandler.java:87)\n    at org.openqa.selenium.remote.http.Filter$1.execute (Filter.java:63)\n    at org.openqa.selenium.remote.http.Route$CombinedRoute.handle (Route.java:360)\n    at org.openqa.selenium.remote.http.Route.execute (Route.java:69)\n    at org.openqa.selenium.grid.router.Router.execute (Router.java:87)\n    at org.openqa.selenium.grid.web.EnsureSpecCompliantResponseHeaders.lambda$apply$0 (EnsureSpecCompliantResponseHeaders.java:34)\n    at org.openqa.selenium.remote.http.Filter$1.execute (Filter.java:63)\n    at org.openqa.selenium.remote.http.Route$CombinedRoute.handle (Route.java:360)\n    at org.openqa.selenium.remote.http.Route.execute (Route.java:69)\n    at org.openqa.selenium.remote.AddWebDriverSpecHeaders.lambda$apply$0 (AddWebDriverSpecHeaders.java:35)\n    at org.openqa.selenium.remote.ErrorFilter.lambda$apply$0 (ErrorFilter.java:44)\n    at org.openqa.selenium.remote.http.Filter$1.execute (Filter.java:63)\n    at org.openqa.selenium.remote.ErrorFilter.lambda$apply$0 (ErrorFilter.java:44)\n    at org.openqa.selenium.remote.http.Filter$1.execute (Filter.java:63)\n    at org.openqa.selenium.netty.server.SeleniumHandler.lambda$channelRead0$0 (SeleniumHandler.java:44)\n    at java.util.concurrent.Executors$RunnableAdapter.call (Executors.java:539)\n    at java.util.concurrent.FutureTask.run (FutureTask.java:264)\n    at java.util.concurrent.ThreadPoolExecutor.runWorker (ThreadPoolExecutor.java:1136)\n    at java.util.concurrent.ThreadPoolExecutor$Worker.run (ThreadPoolExecutor.java:635)\n    at java.lang.Thread.run (Thread.java:840)","time":{"start":1728001646093,"stop":1728001946214,"duration":300121}},{"uid":"fcb9298dad8fd634","reportUrl":"https://robbrad.github.io/UKBinCollectionData/3.12/2148//#testresult/fcb9298dad8fd634","status":"failed","statusDetails":"selenium.common.exceptions.SessionNotCreatedException: Message: Could not start a new session. New session request timed out \nHost info: host: 'selenium', ip: '172.18.0.2'\nBuild info: version: '4.25.0', revision: '030fcf7918'\nSystem info: os.name: 'Linux', os.arch: 'amd64', os.version: '6.8.0-1014-azure', java.version: '17.0.12'\nDriver info: driver.version: unknown\nStacktrace:\n    at org.openqa.selenium.grid.sessionqueue.local.LocalNewSessionQueue.addToQueue (LocalNewSessionQueue.java:221)\n    at org.openqa.selenium.grid.sessionqueue.NewSessionQueue.lambda$new$0 (NewSessionQueue.java:68)\n    at org.openqa.selenium.remote.http.Route$TemplatizedRoute.handle (Route.java:192)\n    at org.openqa.selenium.remote.http.Route.execute (Route.java:69)\n    at org.openqa.selenium.remote.http.Route$CombinedRoute.handle (Route.java:360)\n    at org.openqa.selenium.remote.http.Route.execute (Route.java:69)\n    at org.openqa.selenium.grid.sessionqueue.NewSessionQueue.execute (NewSessionQueue.java:128)\n    at org.openqa.selenium.remote.tracing.SpanWrappedHttpHandler.execute (SpanWrappedHttpHandler.java:87)\n    at org.openqa.selenium.remote.http.Filter$1.execute (Filter.java:63)\n    at org.openqa.selenium.remote.http.Route$CombinedRoute.handle (Route.java:360)\n    at org.openqa.selenium.remote.http.Route.execute (Route.java:69)\n    at org.openqa.selenium.grid.router.Router.execute (Router.java:87)\n    at org.openqa.selenium.grid.web.EnsureSpecCompliantResponseHeaders.lambda$apply$0 (EnsureSpecCompliantResponseHeaders.java:34)\n    at org.openqa.selenium.remote.http.Filter$1.execute (Filter.java:63)\n    at org.openqa.selenium.remote.http.Route$CombinedRoute.handle (Route.java:360)\n    at org.openqa.selenium.remote.http.Route.execute (Route.java:69)\n    at org.openqa.selenium.remote.AddWebDriverSpecHeaders.lambda$apply$0 (AddWebDriverSpecHeaders.java:35)\n    at org.openqa.selenium.remote.ErrorFilter.lambda$apply$0 (ErrorFilter.java:44)\n    at org.openqa.selenium.remote.http.Filter$1.execute (Filter.java:63)\n    at org.openqa.selenium.remote.ErrorFilter.lambda$apply$0 (ErrorFilter.java:44)\n    at org.openqa.selenium.remote.http.Filter$1.execute (Filter.java:63)\n    at org.openqa.selenium.netty.server.SeleniumHandler.lambda$channelRead0$0 (SeleniumHandler.java:44)\n    at java.util.concurrent.Executors$RunnableAdapter.call (Executors.java:539)\n    at java.util.concurrent.FutureTask.run (FutureTask.java:264)\n    at java.util.concurrent.ThreadPoolExecutor.runWorker (ThreadPoolExecutor.java:1136)\n    at java.util.concurrent.ThreadPoolExecutor$Worker.run (ThreadPoolExecutor.java:635)\n    at java.lang.Thread.run (Thread.java:840)","time":{"start":1727933281042,"stop":1727933581071,"duration":300029}},{"uid":"7e625435018c3123","reportUrl":"https://robbrad.github.io/UKBinCollectionData/3.12/2146//#testresult/7e625435018c3123","status":"passed","time":{"start":1727915375213,"stop":1727915435472,"duration":60259}},{"uid":"2a2f1d6b86a21a23","reportUrl":"https://robbrad.github.io/UKBinCollectionData/3.12/2139//#testresult/2a2f1d6b86a21a23","status":"passed","time":{"start":1727828916561,"stop":1727828994091,"duration":77530}},{"uid":"46166860f9ba7d81","reportUrl":"https://robbrad.github.io/UKBinCollectionData/3.12/2138//#testresult/46166860f9ba7d81","status":"failed","statusDetails":"selenium.common.exceptions.SessionNotCreatedException: Message: Could not start a new session. New session request timed out \nHost info: host: 'selenium', ip: '172.18.0.2'\nBuild info: version: '4.25.0', revision: '030fcf7918'\nSystem info: os.name: 'Linux', os.arch: 'amd64', os.version: '6.8.0-1014-azure', java.version: '17.0.12'\nDriver info: driver.version: unknown\nStacktrace:\n    at org.openqa.selenium.grid.sessionqueue.local.LocalNewSessionQueue.addToQueue (LocalNewSessionQueue.java:221)\n    at org.openqa.selenium.grid.sessionqueue.NewSessionQueue.lambda$new$0 (NewSessionQueue.java:68)\n    at org.openqa.selenium.remote.http.Route$TemplatizedRoute.handle (Route.java:192)\n    at org.openqa.selenium.remote.http.Route.execute (Route.java:69)\n    at org.openqa.selenium.remote.http.Route$CombinedRoute.handle (Route.java:360)\n    at org.openqa.selenium.remote.http.Route.execute (Route.java:69)\n    at org.openqa.selenium.grid.sessionqueue.NewSessionQueue.execute (NewSessionQueue.java:128)\n    at org.openqa.selenium.remote.tracing.SpanWrappedHttpHandler.execute (SpanWrappedHttpHandler.java:87)\n    at org.openqa.selenium.remote.http.Filter$1.execute (Filter.java:63)\n    at org.openqa.selenium.remote.http.Route$CombinedRoute.handle (Route.java:360)\n    at org.openqa.selenium.remote.http.Route.execute (Route.java:69)\n    at org.openqa.selenium.grid.router.Router.execute (Router.java:87)\n    at org.openqa.selenium.grid.web.EnsureSpecCompliantResponseHeaders.lambda$apply$0 (EnsureSpecCompliantResponseHeaders.java:34)\n    at org.openqa.selenium.remote.http.Filter$1.execute (Filter.java:63)\n    at org.openqa.selenium.remote.http.Route$CombinedRoute.handle (Route.java:360)\n    at org.openqa.selenium.remote.http.Route.execute (Route.java:69)\n    at org.openqa.selenium.remote.AddWebDriverSpecHeaders.lambda$apply$0 (AddWebDriverSpecHeaders.java:35)\n    at org.openqa.selenium.remote.ErrorFilter.lambda$apply$0 (ErrorFilter.java:44)\n    at org.openqa.selenium.remote.http.Filter$1.execute (Filter.java:63)\n    at org.openqa.selenium.remote.ErrorFilter.lambda$apply$0 (ErrorFilter.java:44)\n    at org.openqa.selenium.remote.http.Filter$1.execute (Filter.java:63)\n    at org.openqa.selenium.netty.server.SeleniumHandler.lambda$channelRead0$0 (SeleniumHandler.java:44)\n    at java.util.concurrent.Executors$RunnableAdapter.call (Executors.java:539)\n    at java.util.concurrent.FutureTask.run (FutureTask.java:264)\n    at java.util.concurrent.ThreadPoolExecutor.runWorker (ThreadPoolExecutor.java:1136)\n    at java.util.concurrent.ThreadPoolExecutor$Worker.run (ThreadPoolExecutor.java:635)\n    at java.lang.Thread.run (Thread.java:840)","time":{"start":1727742338322,"stop":1727742638506,"duration":300184}},{"uid":"227d7e58993f5631","reportUrl":"https://robbrad.github.io/UKBinCollectionData/3.12/2137//#testresult/227d7e58993f5631","status":"passed","time":{"start":1727655946174,"stop":1727655980925,"duration":34751}},{"uid":"c7d0cf3e3c328230","reportUrl":"https://robbrad.github.io/UKBinCollectionData/3.12/2136//#testresult/c7d0cf3e3c328230","status":"failed","statusDetails":"selenium.common.exceptions.TimeoutException: Message: \nStacktrace:\n#0 0x55bd4a2cb13a <unknown>\n#1 0x55bd49fb15e0 <unknown>\n#2 0x55bd4a000be8 <unknown>\n#3 0x55bd4a000e81 <unknown>\n#4 0x55bd4a0478c4 <unknown>\n#5 0x55bd4a025b4d <unknown>\n#6 0x55bd4a044d7d <unknown>\n#7 0x55bd4a0258c3 <unknown>\n#8 0x55bd49ff36b3 <unknown>\n#9 0x55bd49ff468e <unknown>\n#10 0x55bd4a295b3b <unknown>\n#11 0x55bd4a299ac1 <unknown>\n#12 0x55bd4a282335 <unknown>\n#13 0x55bd4a29a642 <unknown>\n#14 0x55bd4a26749f <unknown>\n#15 0x55bd4a2ba038 <unknown>\n#16 0x55bd4a2ba203 <unknown>\n#17 0x55bd4a2c9f8c <unknown>\n#18 0x7f3c32d8ba94 <unknown>\n#19 0x7f3c32e18a34 __clone","time":{"start":1727569581829,"stop":1727569608418,"duration":26589}}]},"tags":[]},"source":"2bde52d73f6735ad.json","parameterValues":["RenfrewshireCouncil"]}