{"uid":"83d5553762292337","name":"Validate Council Output [EastRidingCouncil]","fullName":"features/validate_council_outputs.feature:Validate Council Output","historyId":"f7ffd8878be96220bbaf283f6c48e546","time":{"start":1729123542257,"stop":1729123575977,"duration":33720},"status":"failed","statusMessage":"selenium.common.exceptions.StaleElementReferenceException: Message: stale element reference: stale element not found in the current frame\n  (Session info: chrome=129.0.6668.100); For documentation on this error, please visit: https://www.selenium.dev/documentation/webdriver/troubleshooting/errors#stale-element-reference-exception\nStacktrace:\n#0 0x55770df10b9a <unknown>\n#1 0x55770dbf6670 <unknown>\n#2 0x55770dbfc4a3 <unknown>\n#3 0x55770dbfe165 <unknown>\n#4 0x55770dbfe1ec <unknown>\n#5 0x55770dc499d3 <unknown>\n#6 0x55770dc3b418 <unknown>\n#7 0x55770dc6ab82 <unknown>\n#8 0x55770dc3a4c8 <unknown>\n#9 0x55770dc6ad4e <unknown>\n#10 0x55770dc89dd6 <unknown>\n#11 0x55770dc6a923 <unknown>\n#12 0x55770dc386e7 <unknown>\n#13 0x55770dc396de <unknown>\n#14 0x55770deda66b <unknown>\n#15 0x55770dede611 <unknown>\n#16 0x55770dec64e5 <unknown>\n#17 0x55770dedf192 <unknown>\n#18 0x55770deab6ef <unknown>\n#19 0x55770deff9d8 <unknown>\n#20 0x55770deffba7 <unknown>\n#21 0x55770df0f9ec <unknown>\n#22 0x7fc6d370aa94 <unknown>\n#23 0x7fc6d3797a34 __clone","statusTrace":"fixturefunc = <function scrape_step at 0x7f9623c17880>\nrequest = <FixtureRequest for <Function test_scenario_outline[EastRidingCouncil]>>\nkwargs = {'context': <test_validate_council.Context object at 0x7f9624a5d820>, 'headless_mode': 'True', 'local_browser': 'False', 'selenium_url': 'http://localhost:4444'}\n\n    def call_fixture_func(\n        fixturefunc: _FixtureFunc[FixtureValue], request: FixtureRequest, kwargs\n    ) -> FixtureValue:\n        if is_generator(fixturefunc):\n            fixturefunc = cast(\n                Callable[..., Generator[FixtureValue, None, None]], fixturefunc\n            )\n            generator = fixturefunc(**kwargs)\n            try:\n                fixture_result = next(generator)\n            except StopIteration:\n                raise ValueError(f\"{request.fixturename} did not yield a value\") from None\n            finalizer = functools.partial(_teardown_yield_fixture, fixturefunc, generator)\n            request.addfinalizer(finalizer)\n        else:\n            fixturefunc = cast(Callable[..., FixtureValue], fixturefunc)\n>           fixture_result = fixturefunc(**kwargs)\n\n../../../.cache/pypoetry/virtualenvs/uk-bin-collection-EwS6Gn8s-py3.12/lib/python3.12/site-packages/_pytest/fixtures.py:898: \n_ _ _ _ _ _ _ _ _ _ _ _ _ _ _ _ _ _ _ _ _ _ _ _ _ _ _ _ _ _ _ _ _ _ _ _ _ _ _ _ \nuk_bin_collection/tests/step_defs/test_validate_council.py:100: in scrape_step\n    context.parse_result = CollectData.run()\nuk_bin_collection/uk_bin_collection/collect_data.py:101: in run\n    return self.client_code(\nuk_bin_collection/uk_bin_collection/collect_data.py:121: in client_code\n    return get_bin_data_class.template_method(address_url, **kwargs)\nuk_bin_collection/uk_bin_collection/get_bin_data.py:61: in template_method\n    bin_data_dict = self.get_and_parse_data(this_url, **kwargs)\nuk_bin_collection/uk_bin_collection/get_bin_data.py:84: in get_and_parse_data\n    bin_data_dict = self.parse_data(\"\", url=address_url, **kwargs)\nuk_bin_collection/uk_bin_collection/councils/EastRidingCouncil.py:88: in parse_data\n    drop.select_by_visible_text(str(user_paon))\n../../../.cache/pypoetry/virtualenvs/uk-bin-collection-EwS6Gn8s-py3.12/lib/python3.12/site-packages/selenium/webdriver/support/select.py:117: in select_by_visible_text\n    self._set_selected(opt)\n../../../.cache/pypoetry/virtualenvs/uk-bin-collection-EwS6Gn8s-py3.12/lib/python3.12/site-packages/selenium/webdriver/support/select.py:214: in _set_selected\n    option.click()\n../../../.cache/pypoetry/virtualenvs/uk-bin-collection-EwS6Gn8s-py3.12/lib/python3.12/site-packages/selenium/webdriver/remote/webelement.py:94: in click\n    self._execute(Command.CLICK_ELEMENT)\n../../../.cache/pypoetry/virtualenvs/uk-bin-collection-EwS6Gn8s-py3.12/lib/python3.12/site-packages/selenium/webdriver/remote/webelement.py:395: in _execute\n    return self._parent.execute(command, params)\n../../../.cache/pypoetry/virtualenvs/uk-bin-collection-EwS6Gn8s-py3.12/lib/python3.12/site-packages/selenium/webdriver/remote/webdriver.py:354: in execute\n    self.error_handler.check_response(response)\n_ _ _ _ _ _ _ _ _ _ _ _ _ _ _ _ _ _ _ _ _ _ _ _ _ _ _ _ _ _ _ _ _ _ _ _ _ _ _ _ \n\nself = <selenium.webdriver.remote.errorhandler.ErrorHandler object at 0x7f9622def050>\nresponse = {'status': 404, 'value': '{\"value\":{\"error\":\"stale element reference\",\"message\":\"stale element reference: stale elemen...unknown>\\\\n#21 0x55770df0f9ec \\\\u003Cunknown>\\\\n#22 0x7fc6d370aa94 \\\\u003Cunknown>\\\\n#23 0x7fc6d3797a34 __clone\\\\n\"}}'}\n\n    def check_response(self, response: Dict[str, Any]) -> None:\n        \"\"\"Checks that a JSON response from the WebDriver does not have an\n        error.\n    \n        :Args:\n         - response - The JSON response from the WebDriver server as a dictionary\n           object.\n    \n        :Raises: If the response contains an error message.\n        \"\"\"\n        status = response.get(\"status\", None)\n        if not status or status == ErrorCode.SUCCESS:\n            return\n        value = None\n        message = response.get(\"message\", \"\")\n        screen: str = response.get(\"screen\", \"\")\n        stacktrace = None\n        if isinstance(status, int):\n            value_json = response.get(\"value\", None)\n            if value_json and isinstance(value_json, str):\n                import json\n    \n                try:\n                    value = json.loads(value_json)\n                    if len(value) == 1:\n                        value = value[\"value\"]\n                    status = value.get(\"error\", None)\n                    if not status:\n                        status = value.get(\"status\", ErrorCode.UNKNOWN_ERROR)\n                        message = value.get(\"value\") or value.get(\"message\")\n                        if not isinstance(message, str):\n                            value = message\n                            message = message.get(\"message\")\n                    else:\n                        message = value.get(\"message\", None)\n                except ValueError:\n                    pass\n    \n        exception_class: Type[WebDriverException]\n        e = ErrorCode()\n        error_codes = [item for item in dir(e) if not item.startswith(\"__\")]\n        for error_code in error_codes:\n            error_info = getattr(ErrorCode, error_code)\n            if isinstance(error_info, list) and status in error_info:\n                exception_class = getattr(ExceptionMapping, error_code, WebDriverException)\n                break\n        else:\n            exception_class = WebDriverException\n    \n        if not value:\n            value = response[\"value\"]\n        if isinstance(value, str):\n            raise exception_class(value)\n        if message == \"\" and \"message\" in value:\n            message = value[\"message\"]\n    \n        screen = None  # type: ignore[assignment]\n        if \"screen\" in value:\n            screen = value[\"screen\"]\n    \n        stacktrace = None\n        st_value = value.get(\"stackTrace\") or value.get(\"stacktrace\")\n        if st_value:\n            if isinstance(st_value, str):\n                stacktrace = st_value.split(\"\\n\")\n            else:\n                stacktrace = []\n                try:\n                    for frame in st_value:\n                        line = frame.get(\"lineNumber\", \"\")\n                        file = frame.get(\"fileName\", \"<anonymous>\")\n                        if line:\n                            file = f\"{file}:{line}\"\n                        meth = frame.get(\"methodName\", \"<anonymous>\")\n                        if \"className\" in frame:\n                            meth = f\"{frame['className']}.{meth}\"\n                        msg = \"    at %s (%s)\"\n                        msg = msg % (meth, file)\n                        stacktrace.append(msg)\n                except TypeError:\n                    pass\n        if exception_class == UnexpectedAlertPresentException:\n            alert_text = None\n            if \"data\" in value:\n                alert_text = value[\"data\"].get(\"text\")\n            elif \"alert\" in value:\n                alert_text = value[\"alert\"].get(\"text\")\n            raise exception_class(message, screen, stacktrace, alert_text)  # type: ignore[call-arg]  # mypy is not smart enough here\n>       raise exception_class(message, screen, stacktrace)\nE       selenium.common.exceptions.StaleElementReferenceException: Message: stale element reference: stale element not found in the current frame\nE         (Session info: chrome=129.0.6668.100); For documentation on this error, please visit: https://www.selenium.dev/documentation/webdriver/troubleshooting/errors#stale-element-reference-exception\nE       Stacktrace:\nE       #0 0x55770df10b9a <unknown>\nE       #1 0x55770dbf6670 <unknown>\nE       #2 0x55770dbfc4a3 <unknown>\nE       #3 0x55770dbfe165 <unknown>\nE       #4 0x55770dbfe1ec <unknown>\nE       #5 0x55770dc499d3 <unknown>\nE       #6 0x55770dc3b418 <unknown>\nE       #7 0x55770dc6ab82 <unknown>\nE       #8 0x55770dc3a4c8 <unknown>\nE       #9 0x55770dc6ad4e <unknown>\nE       #10 0x55770dc89dd6 <unknown>\nE       #11 0x55770dc6a923 <unknown>\nE       #12 0x55770dc386e7 <unknown>\nE       #13 0x55770dc396de <unknown>\nE       #14 0x55770deda66b <unknown>\nE       #15 0x55770dede611 <unknown>\nE       #16 0x55770dec64e5 <unknown>\nE       #17 0x55770dedf192 <unknown>\nE       #18 0x55770deab6ef <unknown>\nE       #19 0x55770deff9d8 <unknown>\nE       #20 0x55770deffba7 <unknown>\nE       #21 0x55770df0f9ec <unknown>\nE       #22 0x7fc6d370aa94 <unknown>\nE       #23 0x7fc6d3797a34 __clone\n\n../../../.cache/pypoetry/virtualenvs/uk-bin-collection-EwS6Gn8s-py3.12/lib/python3.12/site-packages/selenium/webdriver/remote/errorhandler.py:229: StaleElementReferenceException","flaky":true,"newFailed":true,"newBroken":false,"newPassed":false,"retriesCount":0,"retriesStatusChange":false,"beforeStages":[],"testStage":{"status":"failed","statusMessage":"selenium.common.exceptions.StaleElementReferenceException: Message: stale element reference: stale element not found in the current frame\n  (Session info: chrome=129.0.6668.100); For documentation on this error, please visit: https://www.selenium.dev/documentation/webdriver/troubleshooting/errors#stale-element-reference-exception\nStacktrace:\n#0 0x55770df10b9a <unknown>\n#1 0x55770dbf6670 <unknown>\n#2 0x55770dbfc4a3 <unknown>\n#3 0x55770dbfe165 <unknown>\n#4 0x55770dbfe1ec <unknown>\n#5 0x55770dc499d3 <unknown>\n#6 0x55770dc3b418 <unknown>\n#7 0x55770dc6ab82 <unknown>\n#8 0x55770dc3a4c8 <unknown>\n#9 0x55770dc6ad4e <unknown>\n#10 0x55770dc89dd6 <unknown>\n#11 0x55770dc6a923 <unknown>\n#12 0x55770dc386e7 <unknown>\n#13 0x55770dc396de <unknown>\n#14 0x55770deda66b <unknown>\n#15 0x55770dede611 <unknown>\n#16 0x55770dec64e5 <unknown>\n#17 0x55770dedf192 <unknown>\n#18 0x55770deab6ef <unknown>\n#19 0x55770deff9d8 <unknown>\n#20 0x55770deffba7 <unknown>\n#21 0x55770df0f9ec <unknown>\n#22 0x7fc6d370aa94 <unknown>\n#23 0x7fc6d3797a34 __clone","statusTrace":"fixturefunc = <function scrape_step at 0x7f9623c17880>\nrequest = <FixtureRequest for <Function test_scenario_outline[EastRidingCouncil]>>\nkwargs = {'context': <test_validate_council.Context object at 0x7f9624a5d820>, 'headless_mode': 'True', 'local_browser': 'False', 'selenium_url': 'http://localhost:4444'}\n\n    def call_fixture_func(\n        fixturefunc: _FixtureFunc[FixtureValue], request: FixtureRequest, kwargs\n    ) -> FixtureValue:\n        if is_generator(fixturefunc):\n            fixturefunc = cast(\n                Callable[..., Generator[FixtureValue, None, None]], fixturefunc\n            )\n            generator = fixturefunc(**kwargs)\n            try:\n                fixture_result = next(generator)\n            except StopIteration:\n                raise ValueError(f\"{request.fixturename} did not yield a value\") from None\n            finalizer = functools.partial(_teardown_yield_fixture, fixturefunc, generator)\n            request.addfinalizer(finalizer)\n        else:\n            fixturefunc = cast(Callable[..., FixtureValue], fixturefunc)\n>           fixture_result = fixturefunc(**kwargs)\n\n../../../.cache/pypoetry/virtualenvs/uk-bin-collection-EwS6Gn8s-py3.12/lib/python3.12/site-packages/_pytest/fixtures.py:898: \n_ _ _ _ _ _ _ _ _ _ _ _ _ _ _ _ _ _ _ _ _ _ _ _ _ _ _ _ _ _ _ _ _ _ _ _ _ _ _ _ \nuk_bin_collection/tests/step_defs/test_validate_council.py:100: in scrape_step\n    context.parse_result = CollectData.run()\nuk_bin_collection/uk_bin_collection/collect_data.py:101: in run\n    return self.client_code(\nuk_bin_collection/uk_bin_collection/collect_data.py:121: in client_code\n    return get_bin_data_class.template_method(address_url, **kwargs)\nuk_bin_collection/uk_bin_collection/get_bin_data.py:61: in template_method\n    bin_data_dict = self.get_and_parse_data(this_url, **kwargs)\nuk_bin_collection/uk_bin_collection/get_bin_data.py:84: in get_and_parse_data\n    bin_data_dict = self.parse_data(\"\", url=address_url, **kwargs)\nuk_bin_collection/uk_bin_collection/councils/EastRidingCouncil.py:88: in parse_data\n    drop.select_by_visible_text(str(user_paon))\n../../../.cache/pypoetry/virtualenvs/uk-bin-collection-EwS6Gn8s-py3.12/lib/python3.12/site-packages/selenium/webdriver/support/select.py:117: in select_by_visible_text\n    self._set_selected(opt)\n../../../.cache/pypoetry/virtualenvs/uk-bin-collection-EwS6Gn8s-py3.12/lib/python3.12/site-packages/selenium/webdriver/support/select.py:214: in _set_selected\n    option.click()\n../../../.cache/pypoetry/virtualenvs/uk-bin-collection-EwS6Gn8s-py3.12/lib/python3.12/site-packages/selenium/webdriver/remote/webelement.py:94: in click\n    self._execute(Command.CLICK_ELEMENT)\n../../../.cache/pypoetry/virtualenvs/uk-bin-collection-EwS6Gn8s-py3.12/lib/python3.12/site-packages/selenium/webdriver/remote/webelement.py:395: in _execute\n    return self._parent.execute(command, params)\n../../../.cache/pypoetry/virtualenvs/uk-bin-collection-EwS6Gn8s-py3.12/lib/python3.12/site-packages/selenium/webdriver/remote/webdriver.py:354: in execute\n    self.error_handler.check_response(response)\n_ _ _ _ _ _ _ _ _ _ _ _ _ _ _ _ _ _ _ _ _ _ _ _ _ _ _ _ _ _ _ _ _ _ _ _ _ _ _ _ \n\nself = <selenium.webdriver.remote.errorhandler.ErrorHandler object at 0x7f9622def050>\nresponse = {'status': 404, 'value': '{\"value\":{\"error\":\"stale element reference\",\"message\":\"stale element reference: stale elemen...unknown>\\\\n#21 0x55770df0f9ec \\\\u003Cunknown>\\\\n#22 0x7fc6d370aa94 \\\\u003Cunknown>\\\\n#23 0x7fc6d3797a34 __clone\\\\n\"}}'}\n\n    def check_response(self, response: Dict[str, Any]) -> None:\n        \"\"\"Checks that a JSON response from the WebDriver does not have an\n        error.\n    \n        :Args:\n         - response - The JSON response from the WebDriver server as a dictionary\n           object.\n    \n        :Raises: If the response contains an error message.\n        \"\"\"\n        status = response.get(\"status\", None)\n        if not status or status == ErrorCode.SUCCESS:\n            return\n        value = None\n        message = response.get(\"message\", \"\")\n        screen: str = response.get(\"screen\", \"\")\n        stacktrace = None\n        if isinstance(status, int):\n            value_json = response.get(\"value\", None)\n            if value_json and isinstance(value_json, str):\n                import json\n    \n                try:\n                    value = json.loads(value_json)\n                    if len(value) == 1:\n                        value = value[\"value\"]\n                    status = value.get(\"error\", None)\n                    if not status:\n                        status = value.get(\"status\", ErrorCode.UNKNOWN_ERROR)\n                        message = value.get(\"value\") or value.get(\"message\")\n                        if not isinstance(message, str):\n                            value = message\n                            message = message.get(\"message\")\n                    else:\n                        message = value.get(\"message\", None)\n                except ValueError:\n                    pass\n    \n        exception_class: Type[WebDriverException]\n        e = ErrorCode()\n        error_codes = [item for item in dir(e) if not item.startswith(\"__\")]\n        for error_code in error_codes:\n            error_info = getattr(ErrorCode, error_code)\n            if isinstance(error_info, list) and status in error_info:\n                exception_class = getattr(ExceptionMapping, error_code, WebDriverException)\n                break\n        else:\n            exception_class = WebDriverException\n    \n        if not value:\n            value = response[\"value\"]\n        if isinstance(value, str):\n            raise exception_class(value)\n        if message == \"\" and \"message\" in value:\n            message = value[\"message\"]\n    \n        screen = None  # type: ignore[assignment]\n        if \"screen\" in value:\n            screen = value[\"screen\"]\n    \n        stacktrace = None\n        st_value = value.get(\"stackTrace\") or value.get(\"stacktrace\")\n        if st_value:\n            if isinstance(st_value, str):\n                stacktrace = st_value.split(\"\\n\")\n            else:\n                stacktrace = []\n                try:\n                    for frame in st_value:\n                        line = frame.get(\"lineNumber\", \"\")\n                        file = frame.get(\"fileName\", \"<anonymous>\")\n                        if line:\n                            file = f\"{file}:{line}\"\n                        meth = frame.get(\"methodName\", \"<anonymous>\")\n                        if \"className\" in frame:\n                            meth = f\"{frame['className']}.{meth}\"\n                        msg = \"    at %s (%s)\"\n                        msg = msg % (meth, file)\n                        stacktrace.append(msg)\n                except TypeError:\n                    pass\n        if exception_class == UnexpectedAlertPresentException:\n            alert_text = None\n            if \"data\" in value:\n                alert_text = value[\"data\"].get(\"text\")\n            elif \"alert\" in value:\n                alert_text = value[\"alert\"].get(\"text\")\n            raise exception_class(message, screen, stacktrace, alert_text)  # type: ignore[call-arg]  # mypy is not smart enough here\n>       raise exception_class(message, screen, stacktrace)\nE       selenium.common.exceptions.StaleElementReferenceException: Message: stale element reference: stale element not found in the current frame\nE         (Session info: chrome=129.0.6668.100); For documentation on this error, please visit: https://www.selenium.dev/documentation/webdriver/troubleshooting/errors#stale-element-reference-exception\nE       Stacktrace:\nE       #0 0x55770df10b9a <unknown>\nE       #1 0x55770dbf6670 <unknown>\nE       #2 0x55770dbfc4a3 <unknown>\nE       #3 0x55770dbfe165 <unknown>\nE       #4 0x55770dbfe1ec <unknown>\nE       #5 0x55770dc499d3 <unknown>\nE       #6 0x55770dc3b418 <unknown>\nE       #7 0x55770dc6ab82 <unknown>\nE       #8 0x55770dc3a4c8 <unknown>\nE       #9 0x55770dc6ad4e <unknown>\nE       #10 0x55770dc89dd6 <unknown>\nE       #11 0x55770dc6a923 <unknown>\nE       #12 0x55770dc386e7 <unknown>\nE       #13 0x55770dc396de <unknown>\nE       #14 0x55770deda66b <unknown>\nE       #15 0x55770dede611 <unknown>\nE       #16 0x55770dec64e5 <unknown>\nE       #17 0x55770dedf192 <unknown>\nE       #18 0x55770deab6ef <unknown>\nE       #19 0x55770deff9d8 <unknown>\nE       #20 0x55770deffba7 <unknown>\nE       #21 0x55770df0f9ec <unknown>\nE       #22 0x7fc6d370aa94 <unknown>\nE       #23 0x7fc6d3797a34 __clone\n\n../../../.cache/pypoetry/virtualenvs/uk-bin-collection-EwS6Gn8s-py3.12/lib/python3.12/site-packages/selenium/webdriver/remote/errorhandler.py:229: StaleElementReferenceException","steps":[{"name":"Given the council","time":{"start":1729123542257,"stop":1729123542257,"duration":0},"status":"passed","steps":[],"attachments":[],"parameters":[],"shouldDisplayMessage":false,"stepsCount":0,"attachmentsCount":0,"hasContent":false,"attachmentStep":false},{"name":"When we scrape the data from the council","time":{"start":1729123542257,"stop":1729123575977,"duration":33720},"status":"failed","statusMessage":"Message: stale element reference: stale element not found in the current frame\n  (Session info: chrome=129.0.6668.100); For documentation on this error, please visit: https://www.selenium.dev/documentation/webdriver/troubleshooting/errors#stale-element-reference-exception\nStacktrace:\n#0 0x55770df10b9a <unknown>\n#1 0x55770dbf6670 <unknown>\n#2 0x55770dbfc4a3 <unknown>\n#3 0x55770dbfe165 <unknown>\n#4 0x55770dbfe1ec <unknown>\n#5 0x55770dc499d3 <unknown>\n#6 0x55770dc3b418 <unknown>\n#7 0x55770dc6ab82 <unknown>\n#8 0x55770dc3a4c8 <unknown>\n#9 0x55770dc6ad4e <unknown>\n#10 0x55770dc89dd6 <unknown>\n#11 0x55770dc6a923 <unknown>\n#12 0x55770dc386e7 <unknown>\n#13 0x55770dc396de <unknown>\n#14 0x55770deda66b <unknown>\n#15 0x55770dede611 <unknown>\n#16 0x55770dec64e5 <unknown>\n#17 0x55770dedf192 <unknown>\n#18 0x55770deab6ef <unknown>\n#19 0x55770deff9d8 <unknown>\n#20 0x55770deffba7 <unknown>\n#21 0x55770df0f9ec <unknown>\n#22 0x7fc6d370aa94 <unknown>\n#23 0x7fc6d3797a34 __clone\n","statusTrace":"selenium.common.exceptions.StaleElementReferenceException: Message: stale element reference: stale element not found in the current frame\n  (Session info: chrome=129.0.6668.100); For documentation on this error, please visit: https://www.selenium.dev/documentation/webdriver/troubleshooting/errors#stale-element-reference-exception\nStacktrace:\n#0 0x55770df10b9a <unknown>\n#1 0x55770dbf6670 <unknown>\n#2 0x55770dbfc4a3 <unknown>\n#3 0x55770dbfe165 <unknown>\n#4 0x55770dbfe1ec <unknown>\n#5 0x55770dc499d3 <unknown>\n#6 0x55770dc3b418 <unknown>\n#7 0x55770dc6ab82 <unknown>\n#8 0x55770dc3a4c8 <unknown>\n#9 0x55770dc6ad4e <unknown>\n#10 0x55770dc89dd6 <unknown>\n#11 0x55770dc6a923 <unknown>\n#12 0x55770dc386e7 <unknown>\n#13 0x55770dc396de <unknown>\n#14 0x55770deda66b <unknown>\n#15 0x55770dede611 <unknown>\n#16 0x55770dec64e5 <unknown>\n#17 0x55770dedf192 <unknown>\n#18 0x55770deab6ef <unknown>\n#19 0x55770deff9d8 <unknown>\n#20 0x55770deffba7 <unknown>\n#21 0x55770df0f9ec <unknown>\n#22 0x7fc6d370aa94 <unknown>\n#23 0x7fc6d3797a34 __clone\n\n","steps":[],"attachments":[],"parameters":[],"shouldDisplayMessage":true,"stepsCount":0,"attachmentsCount":0,"hasContent":true,"attachmentStep":false}],"attachments":[{"uid":"9d4489210510fe6d","name":"stdout","source":"9d4489210510fe6d.txt","type":"text/plain","size":1033}],"parameters":[],"shouldDisplayMessage":true,"stepsCount":2,"attachmentsCount":1,"hasContent":true,"attachmentStep":false},"afterStages":[],"labels":[{"name":"host","value":"fv-az1272-281"},{"name":"thread","value":"2751-MainThread"},{"name":"framework","value":"pytest-bdd"},{"name":"language","value":"cpython3"},{"name":"feature","value":"Test each council output matches expected results"},{"name":"resultFormat","value":"allure2"}],"parameters":[{"name":"council","value":"EastRidingCouncil"}],"links":[],"hidden":false,"retry":false,"extra":{"severity":"normal","retries":[],"categories":[{"name":"Product defects","matchedStatuses":[],"flaky":false}],"history":{"statistic":{"failed":128,"broken":0,"skipped":0,"passed":48,"unknown":0,"total":176},"items":[{"uid":"2b2738fd371654b8","reportUrl":"https://robbrad.github.io/UKBinCollectionData/3.12/2242//#testresult/2b2738fd371654b8","status":"passed","time":{"start":1729111593596,"stop":1729111623249,"duration":29653}},{"uid":"f83d7a30756f6600","reportUrl":"https://robbrad.github.io/UKBinCollectionData/3.12/2237//#testresult/f83d7a30756f6600","status":"failed","statusDetails":"selenium.common.exceptions.SessionNotCreatedException: Message: Could not start a new session. New session request timed out \nHost info: host: 'selenium', ip: '172.18.0.2'\nBuild info: version: '4.25.0', revision: '030fcf7918'\nSystem info: os.name: 'Linux', os.arch: 'amd64', os.version: '6.8.0-1015-azure', java.version: '17.0.12'\nDriver info: driver.version: unknown\nStacktrace:\n    at org.openqa.selenium.grid.sessionqueue.local.LocalNewSessionQueue.addToQueue (LocalNewSessionQueue.java:221)\n    at org.openqa.selenium.grid.sessionqueue.NewSessionQueue.lambda$new$0 (NewSessionQueue.java:68)\n    at org.openqa.selenium.remote.http.Route$TemplatizedRoute.handle (Route.java:192)\n    at org.openqa.selenium.remote.http.Route.execute (Route.java:69)\n    at org.openqa.selenium.remote.http.Route$CombinedRoute.handle (Route.java:360)\n    at org.openqa.selenium.remote.http.Route.execute (Route.java:69)\n    at org.openqa.selenium.grid.sessionqueue.NewSessionQueue.execute (NewSessionQueue.java:128)\n    at org.openqa.selenium.remote.tracing.SpanWrappedHttpHandler.execute (SpanWrappedHttpHandler.java:87)\n    at org.openqa.selenium.remote.http.Filter$1.execute (Filter.java:63)\n    at org.openqa.selenium.remote.http.Route$CombinedRoute.handle (Route.java:360)\n    at org.openqa.selenium.remote.http.Route.execute (Route.java:69)\n    at org.openqa.selenium.grid.router.Router.execute (Router.java:87)\n    at org.openqa.selenium.grid.web.EnsureSpecCompliantResponseHeaders.lambda$apply$0 (EnsureSpecCompliantResponseHeaders.java:34)\n    at org.openqa.selenium.remote.http.Filter$1.execute (Filter.java:63)\n    at org.openqa.selenium.remote.http.Route$CombinedRoute.handle (Route.java:360)\n    at org.openqa.selenium.remote.http.Route.execute (Route.java:69)\n    at org.openqa.selenium.remote.AddWebDriverSpecHeaders.lambda$apply$0 (AddWebDriverSpecHeaders.java:35)\n    at org.openqa.selenium.remote.ErrorFilter.lambda$apply$0 (ErrorFilter.java:44)\n    at org.openqa.selenium.remote.http.Filter$1.execute (Filter.java:63)\n    at org.openqa.selenium.remote.ErrorFilter.lambda$apply$0 (ErrorFilter.java:44)\n    at org.openqa.selenium.remote.http.Filter$1.execute (Filter.java:63)\n    at org.openqa.selenium.netty.server.SeleniumHandler.lambda$channelRead0$0 (SeleniumHandler.java:44)\n    at java.util.concurrent.Executors$RunnableAdapter.call (Executors.java:539)\n    at java.util.concurrent.FutureTask.run (FutureTask.java:264)\n    at java.util.concurrent.ThreadPoolExecutor.runWorker (ThreadPoolExecutor.java:1136)\n    at java.util.concurrent.ThreadPoolExecutor$Worker.run (ThreadPoolExecutor.java:635)\n    at java.lang.Thread.run (Thread.java:840)","time":{"start":1729037134925,"stop":1729037434934,"duration":300009}},{"uid":"2b8cc3fc9852224f","reportUrl":"https://robbrad.github.io/UKBinCollectionData/3.12/2233//#testresult/2b8cc3fc9852224f","status":"failed","statusDetails":"selenium.common.exceptions.SessionNotCreatedException: Message: Could not start a new session. New session request timed out \nHost info: host: 'selenium', ip: '172.18.0.2'\nBuild info: version: '4.25.0', revision: '030fcf7918'\nSystem info: os.name: 'Linux', os.arch: 'amd64', os.version: '6.8.0-1015-azure', java.version: '17.0.12'\nDriver info: driver.version: unknown\nStacktrace:\n    at org.openqa.selenium.grid.sessionqueue.local.LocalNewSessionQueue.addToQueue (LocalNewSessionQueue.java:221)\n    at org.openqa.selenium.grid.sessionqueue.NewSessionQueue.lambda$new$0 (NewSessionQueue.java:68)\n    at org.openqa.selenium.remote.http.Route$TemplatizedRoute.handle (Route.java:192)\n    at org.openqa.selenium.remote.http.Route.execute (Route.java:69)\n    at org.openqa.selenium.remote.http.Route$CombinedRoute.handle (Route.java:360)\n    at org.openqa.selenium.remote.http.Route.execute (Route.java:69)\n    at org.openqa.selenium.grid.sessionqueue.NewSessionQueue.execute (NewSessionQueue.java:128)\n    at org.openqa.selenium.remote.tracing.SpanWrappedHttpHandler.execute (SpanWrappedHttpHandler.java:87)\n    at org.openqa.selenium.remote.http.Filter$1.execute (Filter.java:63)\n    at org.openqa.selenium.remote.http.Route$CombinedRoute.handle (Route.java:360)\n    at org.openqa.selenium.remote.http.Route.execute (Route.java:69)\n    at org.openqa.selenium.grid.router.Router.execute (Router.java:87)\n    at org.openqa.selenium.grid.web.EnsureSpecCompliantResponseHeaders.lambda$apply$0 (EnsureSpecCompliantResponseHeaders.java:34)\n    at org.openqa.selenium.remote.http.Filter$1.execute (Filter.java:63)\n    at org.openqa.selenium.remote.http.Route$CombinedRoute.handle (Route.java:360)\n    at org.openqa.selenium.remote.http.Route.execute (Route.java:69)\n    at org.openqa.selenium.remote.AddWebDriverSpecHeaders.lambda$apply$0 (AddWebDriverSpecHeaders.java:35)\n    at org.openqa.selenium.remote.ErrorFilter.lambda$apply$0 (ErrorFilter.java:44)\n    at org.openqa.selenium.remote.http.Filter$1.execute (Filter.java:63)\n    at org.openqa.selenium.remote.ErrorFilter.lambda$apply$0 (ErrorFilter.java:44)\n    at org.openqa.selenium.remote.http.Filter$1.execute (Filter.java:63)\n    at org.openqa.selenium.netty.server.SeleniumHandler.lambda$channelRead0$0 (SeleniumHandler.java:44)\n    at java.util.concurrent.Executors$RunnableAdapter.call (Executors.java:539)\n    at java.util.concurrent.FutureTask.run (FutureTask.java:264)\n    at java.util.concurrent.ThreadPoolExecutor.runWorker (ThreadPoolExecutor.java:1136)\n    at java.util.concurrent.ThreadPoolExecutor$Worker.run (ThreadPoolExecutor.java:635)\n    at java.lang.Thread.run (Thread.java:840)","time":{"start":1728950825010,"stop":1728951125020,"duration":300010}},{"uid":"86e04087ed56b2f0","reportUrl":"https://robbrad.github.io/UKBinCollectionData/3.12/2227//#testresult/86e04087ed56b2f0","status":"failed","statusDetails":"selenium.common.exceptions.SessionNotCreatedException: Message: Could not start a new session. New session request timed out \nHost info: host: 'selenium', ip: '172.18.0.2'\nBuild info: version: '4.25.0', revision: '030fcf7918'\nSystem info: os.name: 'Linux', os.arch: 'amd64', os.version: '6.5.0-1025-azure', java.version: '17.0.12'\nDriver info: driver.version: unknown\nStacktrace:\n    at org.openqa.selenium.grid.sessionqueue.local.LocalNewSessionQueue.addToQueue (LocalNewSessionQueue.java:221)\n    at org.openqa.selenium.grid.sessionqueue.NewSessionQueue.lambda$new$0 (NewSessionQueue.java:68)\n    at org.openqa.selenium.remote.http.Route$TemplatizedRoute.handle (Route.java:192)\n    at org.openqa.selenium.remote.http.Route.execute (Route.java:69)\n    at org.openqa.selenium.remote.http.Route$CombinedRoute.handle (Route.java:360)\n    at org.openqa.selenium.remote.http.Route.execute (Route.java:69)\n    at org.openqa.selenium.grid.sessionqueue.NewSessionQueue.execute (NewSessionQueue.java:128)\n    at org.openqa.selenium.remote.tracing.SpanWrappedHttpHandler.execute (SpanWrappedHttpHandler.java:87)\n    at org.openqa.selenium.remote.http.Filter$1.execute (Filter.java:63)\n    at org.openqa.selenium.remote.http.Route$CombinedRoute.handle (Route.java:360)\n    at org.openqa.selenium.remote.http.Route.execute (Route.java:69)\n    at org.openqa.selenium.grid.router.Router.execute (Router.java:87)\n    at org.openqa.selenium.grid.web.EnsureSpecCompliantResponseHeaders.lambda$apply$0 (EnsureSpecCompliantResponseHeaders.java:34)\n    at org.openqa.selenium.remote.http.Filter$1.execute (Filter.java:63)\n    at org.openqa.selenium.remote.http.Route$CombinedRoute.handle (Route.java:360)\n    at org.openqa.selenium.remote.http.Route.execute (Route.java:69)\n    at org.openqa.selenium.remote.AddWebDriverSpecHeaders.lambda$apply$0 (AddWebDriverSpecHeaders.java:35)\n    at org.openqa.selenium.remote.ErrorFilter.lambda$apply$0 (ErrorFilter.java:44)\n    at org.openqa.selenium.remote.http.Filter$1.execute (Filter.java:63)\n    at org.openqa.selenium.remote.ErrorFilter.lambda$apply$0 (ErrorFilter.java:44)\n    at org.openqa.selenium.remote.http.Filter$1.execute (Filter.java:63)\n    at org.openqa.selenium.netty.server.SeleniumHandler.lambda$channelRead0$0 (SeleniumHandler.java:44)\n    at java.util.concurrent.Executors$RunnableAdapter.call (Executors.java:539)\n    at java.util.concurrent.FutureTask.run (FutureTask.java:264)\n    at java.util.concurrent.ThreadPoolExecutor.runWorker (ThreadPoolExecutor.java:1136)\n    at java.util.concurrent.ThreadPoolExecutor$Worker.run (ThreadPoolExecutor.java:635)\n    at java.lang.Thread.run (Thread.java:840)","time":{"start":1728864381705,"stop":1728864681715,"duration":300010}},{"uid":"21f945ea609f0ddd","reportUrl":"https://robbrad.github.io/UKBinCollectionData/3.12/2224//#testresult/21f945ea609f0ddd","status":"passed","time":{"start":1728808343007,"stop":1728808348547,"duration":5540}},{"uid":"f53ca85691f33820","reportUrl":"https://robbrad.github.io/UKBinCollectionData/3.12/2214//#testresult/f53ca85691f33820","status":"passed","time":{"start":1728778472125,"stop":1728778495844,"duration":23719}},{"uid":"cee118599e536e18","reportUrl":"https://robbrad.github.io/UKBinCollectionData/3.12/2211//#testresult/cee118599e536e18","status":"passed","time":{"start":1728692114073,"stop":1728692136937,"duration":22864}},{"uid":"19f0156e9a3c8e36","reportUrl":"https://robbrad.github.io/UKBinCollectionData/3.12/2210//#testresult/19f0156e9a3c8e36","status":"passed","time":{"start":1728605716293,"stop":1728605739932,"duration":23639}},{"uid":"2b20cef73a897355","reportUrl":"https://robbrad.github.io/UKBinCollectionData/3.12/2199//#testresult/2b20cef73a897355","status":"passed","time":{"start":1728519311875,"stop":1728519336003,"duration":24128}},{"uid":"659be1123ba68de5","reportUrl":"https://robbrad.github.io/UKBinCollectionData/3.12/2188//#testresult/659be1123ba68de5","status":"passed","time":{"start":1728432937778,"stop":1728432968675,"duration":30897}},{"uid":"632462353ba8191c","reportUrl":"https://robbrad.github.io/UKBinCollectionData/3.12/2169//#testresult/632462353ba8191c","status":"passed","time":{"start":1728332202589,"stop":1728332235241,"duration":32652}},{"uid":"751e963e56b5e68a","reportUrl":"https://robbrad.github.io/UKBinCollectionData/3.12/2165//#testresult/751e963e56b5e68a","status":"passed","time":{"start":1728259584603,"stop":1728259614201,"duration":29598}},{"uid":"b4de9b6d6dd93b1c","reportUrl":"https://robbrad.github.io/UKBinCollectionData/3.12/2164//#testresult/b4de9b6d6dd93b1c","status":"passed","time":{"start":1728173340065,"stop":1728173369524,"duration":29459}},{"uid":"d84c2f2199710fb1","reportUrl":"https://robbrad.github.io/UKBinCollectionData/3.12/2160//#testresult/d84c2f2199710fb1","status":"passed","time":{"start":1728086765729,"stop":1728086809880,"duration":44151}},{"uid":"6438de7302b39fc9","reportUrl":"https://robbrad.github.io/UKBinCollectionData/3.12/2152//#testresult/6438de7302b39fc9","status":"passed","time":{"start":1728000405505,"stop":1728000434882,"duration":29377}},{"uid":"1a50f8ab9b835162","reportUrl":"https://robbrad.github.io/UKBinCollectionData/3.12/2148//#testresult/1a50f8ab9b835162","status":"passed","time":{"start":1727932381608,"stop":1727932629224,"duration":247616}},{"uid":"f80b2b629d3899c7","reportUrl":"https://robbrad.github.io/UKBinCollectionData/3.12/2146//#testresult/f80b2b629d3899c7","status":"passed","time":{"start":1727914171159,"stop":1727914454464,"duration":283305}},{"uid":"bddf476f53866b80","reportUrl":"https://robbrad.github.io/UKBinCollectionData/3.12/2139//#testresult/bddf476f53866b80","status":"passed","time":{"start":1727827709133,"stop":1727827974468,"duration":265335}},{"uid":"b083af96850e1566","reportUrl":"https://robbrad.github.io/UKBinCollectionData/3.12/2138//#testresult/b083af96850e1566","status":"passed","time":{"start":1727741365365,"stop":1727741600430,"duration":235065}},{"uid":"ecc1780b8a8faed","reportUrl":"https://robbrad.github.io/UKBinCollectionData/3.12/2137//#testresult/ecc1780b8a8faed","status":"passed","time":{"start":1727654934086,"stop":1727655195485,"duration":261399}}]},"tags":[]},"source":"83d5553762292337.json","parameterValues":["EastRidingCouncil"]}