{"uid":"e9424fb7dbbddab4","name":"Validate Council Output [GloucesterCityCouncil]","fullName":"features/validate_council_outputs.feature:Validate Council Output","historyId":"06eb13750718e2f81de5a1c44077aa52","time":{"start":1729123475527,"stop":1729123533043,"duration":57516},"status":"failed","statusMessage":"selenium.common.exceptions.NoSuchElementException: Message: Cannot locate option with value: 100120479507; For documentation on this error, please visit: https://www.selenium.dev/documentation/webdriver/troubleshooting/errors#no-such-element-exception","statusTrace":"fixturefunc = <function scrape_step at 0x7f1fe8f249a0>\nrequest = <FixtureRequest for <Function test_scenario_outline[GloucesterCityCouncil]>>\nkwargs = {'context': <test_validate_council.Context object at 0x7f1fea0536e0>, 'headless_mode': 'True', 'local_browser': 'False', 'selenium_url': 'http://localhost:4444'}\n\n    def call_fixture_func(\n        fixturefunc: _FixtureFunc[FixtureValue], request: FixtureRequest, kwargs\n    ) -> FixtureValue:\n        if is_generator(fixturefunc):\n            fixturefunc = cast(\n                Callable[..., Generator[FixtureValue, None, None]], fixturefunc\n            )\n            generator = fixturefunc(**kwargs)\n            try:\n                fixture_result = next(generator)\n            except StopIteration:\n                raise ValueError(f\"{request.fixturename} did not yield a value\") from None\n            finalizer = functools.partial(_teardown_yield_fixture, fixturefunc, generator)\n            request.addfinalizer(finalizer)\n        else:\n            fixturefunc = cast(Callable[..., FixtureValue], fixturefunc)\n>           fixture_result = fixturefunc(**kwargs)\n\n../../../.cache/pypoetry/virtualenvs/uk-bin-collection-EwS6Gn8s-py3.12/lib/python3.12/site-packages/_pytest/fixtures.py:898: \n_ _ _ _ _ _ _ _ _ _ _ _ _ _ _ _ _ _ _ _ _ _ _ _ _ _ _ _ _ _ _ _ _ _ _ _ _ _ _ _ \nuk_bin_collection/tests/step_defs/test_validate_council.py:100: in scrape_step\n    context.parse_result = CollectData.run()\nuk_bin_collection/uk_bin_collection/collect_data.py:101: in run\n    return self.client_code(\nuk_bin_collection/uk_bin_collection/collect_data.py:121: in client_code\n    return get_bin_data_class.template_method(address_url, **kwargs)\nuk_bin_collection/uk_bin_collection/get_bin_data.py:61: in template_method\n    bin_data_dict = self.get_and_parse_data(this_url, **kwargs)\nuk_bin_collection/uk_bin_collection/get_bin_data.py:84: in get_and_parse_data\n    bin_data_dict = self.parse_data(\"\", url=address_url, **kwargs)\nuk_bin_collection/uk_bin_collection/councils/GloucesterCityCouncil.py:73: in parse_data\n    dropdownSelect.select_by_value(str(user_uprn))\n_ _ _ _ _ _ _ _ _ _ _ _ _ _ _ _ _ _ _ _ _ _ _ _ _ _ _ _ _ _ _ _ _ _ _ _ _ _ _ _ \n\nself = <selenium.webdriver.support.select.Select object at 0x7f1fe8dd6570>\nvalue = '100120479507'\n\n    def select_by_value(self, value: str) -> None:\n        \"\"\"Select all options that have a value matching the argument. That is,\n        when given \"foo\" this would select an option like:\n    \n        <option value=\"foo\">Bar</option>\n    \n        :Args:\n         - value - The value to match against\n    \n        throws NoSuchElementException If there is no option with specified value in SELECT\n        \"\"\"\n        css = f\"option[value ={self._escape_string(value)}]\"\n        opts = self._el.find_elements(By.CSS_SELECTOR, css)\n        matched = False\n        for opt in opts:\n            self._set_selected(opt)\n            if not self.is_multiple:\n                return\n            matched = True\n        if not matched:\n>           raise NoSuchElementException(f\"Cannot locate option with value: {value}\")\nE           selenium.common.exceptions.NoSuchElementException: Message: Cannot locate option with value: 100120479507; For documentation on this error, please visit: https://www.selenium.dev/documentation/webdriver/troubleshooting/errors#no-such-element-exception\n\n../../../.cache/pypoetry/virtualenvs/uk-bin-collection-EwS6Gn8s-py3.12/lib/python3.12/site-packages/selenium/webdriver/support/select.py:84: NoSuchElementException","flaky":true,"newFailed":true,"newBroken":false,"newPassed":false,"retriesCount":0,"retriesStatusChange":false,"beforeStages":[],"testStage":{"status":"failed","statusMessage":"selenium.common.exceptions.NoSuchElementException: Message: Cannot locate option with value: 100120479507; For documentation on this error, please visit: https://www.selenium.dev/documentation/webdriver/troubleshooting/errors#no-such-element-exception","statusTrace":"fixturefunc = <function scrape_step at 0x7f1fe8f249a0>\nrequest = <FixtureRequest for <Function test_scenario_outline[GloucesterCityCouncil]>>\nkwargs = {'context': <test_validate_council.Context object at 0x7f1fea0536e0>, 'headless_mode': 'True', 'local_browser': 'False', 'selenium_url': 'http://localhost:4444'}\n\n    def call_fixture_func(\n        fixturefunc: _FixtureFunc[FixtureValue], request: FixtureRequest, kwargs\n    ) -> FixtureValue:\n        if is_generator(fixturefunc):\n            fixturefunc = cast(\n                Callable[..., Generator[FixtureValue, None, None]], fixturefunc\n            )\n            generator = fixturefunc(**kwargs)\n            try:\n                fixture_result = next(generator)\n            except StopIteration:\n                raise ValueError(f\"{request.fixturename} did not yield a value\") from None\n            finalizer = functools.partial(_teardown_yield_fixture, fixturefunc, generator)\n            request.addfinalizer(finalizer)\n        else:\n            fixturefunc = cast(Callable[..., FixtureValue], fixturefunc)\n>           fixture_result = fixturefunc(**kwargs)\n\n../../../.cache/pypoetry/virtualenvs/uk-bin-collection-EwS6Gn8s-py3.12/lib/python3.12/site-packages/_pytest/fixtures.py:898: \n_ _ _ _ _ _ _ _ _ _ _ _ _ _ _ _ _ _ _ _ _ _ _ _ _ _ _ _ _ _ _ _ _ _ _ _ _ _ _ _ \nuk_bin_collection/tests/step_defs/test_validate_council.py:100: in scrape_step\n    context.parse_result = CollectData.run()\nuk_bin_collection/uk_bin_collection/collect_data.py:101: in run\n    return self.client_code(\nuk_bin_collection/uk_bin_collection/collect_data.py:121: in client_code\n    return get_bin_data_class.template_method(address_url, **kwargs)\nuk_bin_collection/uk_bin_collection/get_bin_data.py:61: in template_method\n    bin_data_dict = self.get_and_parse_data(this_url, **kwargs)\nuk_bin_collection/uk_bin_collection/get_bin_data.py:84: in get_and_parse_data\n    bin_data_dict = self.parse_data(\"\", url=address_url, **kwargs)\nuk_bin_collection/uk_bin_collection/councils/GloucesterCityCouncil.py:73: in parse_data\n    dropdownSelect.select_by_value(str(user_uprn))\n_ _ _ _ _ _ _ _ _ _ _ _ _ _ _ _ _ _ _ _ _ _ _ _ _ _ _ _ _ _ _ _ _ _ _ _ _ _ _ _ \n\nself = <selenium.webdriver.support.select.Select object at 0x7f1fe8dd6570>\nvalue = '100120479507'\n\n    def select_by_value(self, value: str) -> None:\n        \"\"\"Select all options that have a value matching the argument. That is,\n        when given \"foo\" this would select an option like:\n    \n        <option value=\"foo\">Bar</option>\n    \n        :Args:\n         - value - The value to match against\n    \n        throws NoSuchElementException If there is no option with specified value in SELECT\n        \"\"\"\n        css = f\"option[value ={self._escape_string(value)}]\"\n        opts = self._el.find_elements(By.CSS_SELECTOR, css)\n        matched = False\n        for opt in opts:\n            self._set_selected(opt)\n            if not self.is_multiple:\n                return\n            matched = True\n        if not matched:\n>           raise NoSuchElementException(f\"Cannot locate option with value: {value}\")\nE           selenium.common.exceptions.NoSuchElementException: Message: Cannot locate option with value: 100120479507; For documentation on this error, please visit: https://www.selenium.dev/documentation/webdriver/troubleshooting/errors#no-such-element-exception\n\n../../../.cache/pypoetry/virtualenvs/uk-bin-collection-EwS6Gn8s-py3.12/lib/python3.12/site-packages/selenium/webdriver/support/select.py:84: NoSuchElementException","steps":[{"name":"Given the council","time":{"start":1729123475527,"stop":1729123475528,"duration":1},"status":"passed","steps":[],"attachments":[],"parameters":[],"shouldDisplayMessage":false,"stepsCount":0,"attachmentsCount":0,"hasContent":false,"attachmentStep":false},{"name":"When we scrape the data from the council","time":{"start":1729123475528,"stop":1729123533043,"duration":57515},"status":"failed","statusMessage":"Message: Cannot locate option with value: 100120479507; For documentation on this error, please visit: https://www.selenium.dev/documentation/webdriver/troubleshooting/errors#no-such-element-exception\n","statusTrace":"selenium.common.exceptions.NoSuchElementException: Message: Cannot locate option with value: 100120479507; For documentation on this error, please visit: https://www.selenium.dev/documentation/webdriver/troubleshooting/errors#no-such-element-exception\n\n","steps":[],"attachments":[],"parameters":[],"shouldDisplayMessage":true,"stepsCount":0,"attachmentsCount":0,"hasContent":true,"attachmentStep":false}],"attachments":[{"uid":"5b8ec172a5c584b7","name":"stdout","source":"5b8ec172a5c584b7.txt","type":"text/plain","size":269}],"parameters":[],"shouldDisplayMessage":true,"stepsCount":2,"attachmentsCount":1,"hasContent":true,"attachmentStep":false},"afterStages":[],"labels":[{"name":"host","value":"fv-az1272-281"},{"name":"thread","value":"2742-MainThread"},{"name":"framework","value":"pytest-bdd"},{"name":"language","value":"cpython3"},{"name":"feature","value":"Test each council output matches expected results"},{"name":"resultFormat","value":"allure2"}],"parameters":[{"name":"council","value":"GloucesterCityCouncil"}],"links":[],"hidden":false,"retry":false,"extra":{"severity":"normal","retries":[],"categories":[{"name":"Product defects","matchedStatuses":[],"flaky":false}],"history":{"statistic":{"failed":8,"broken":0,"skipped":0,"passed":35,"unknown":0,"total":43},"items":[{"uid":"16c5382657a8b8aa","reportUrl":"https://robbrad.github.io/UKBinCollectionData/3.12/2242//#testresult/16c5382657a8b8aa","status":"passed","time":{"start":1729111522273,"stop":1729111586485,"duration":64212}},{"uid":"a9e3d6ce75afcb9a","reportUrl":"https://robbrad.github.io/UKBinCollectionData/3.12/2237//#testresult/a9e3d6ce75afcb9a","status":"failed","statusDetails":"selenium.common.exceptions.NoSuchElementException: Message: Cannot locate option with value: 100120479507; For documentation on this error, please visit: https://www.selenium.dev/documentation/webdriver/troubleshooting/errors#no-such-element-exception","time":{"start":1729037071031,"stop":1729037117125,"duration":46094}},{"uid":"32a109e5794f3918","reportUrl":"https://robbrad.github.io/UKBinCollectionData/3.12/2233//#testresult/32a109e5794f3918","status":"passed","time":{"start":1728950670212,"stop":1728950761249,"duration":91037}},{"uid":"4904d183f37dc040","reportUrl":"https://robbrad.github.io/UKBinCollectionData/3.12/2227//#testresult/4904d183f37dc040","status":"passed","time":{"start":1728864283974,"stop":1728864358036,"duration":74062}},{"uid":"b23abb0fd03579b4","reportUrl":"https://robbrad.github.io/UKBinCollectionData/3.12/2214//#testresult/b23abb0fd03579b4","status":"passed","time":{"start":1728778623212,"stop":1728778703287,"duration":80075}},{"uid":"f1e32ab6f7e31e61","reportUrl":"https://robbrad.github.io/UKBinCollectionData/3.12/2211//#testresult/f1e32ab6f7e31e61","status":"passed","time":{"start":1728692550698,"stop":1728692626080,"duration":75382}},{"uid":"64b2f1084cf535e3","reportUrl":"https://robbrad.github.io/UKBinCollectionData/3.12/2210//#testresult/64b2f1084cf535e3","status":"passed","time":{"start":1728605857177,"stop":1728605962929,"duration":105752}},{"uid":"f7d890e0f0461b7c","reportUrl":"https://robbrad.github.io/UKBinCollectionData/3.12/2199//#testresult/f7d890e0f0461b7c","status":"passed","time":{"start":1728519452972,"stop":1728519544563,"duration":91591}},{"uid":"1161e154f8b72049","reportUrl":"https://robbrad.github.io/UKBinCollectionData/3.12/2188//#testresult/1161e154f8b72049","status":"failed","statusDetails":"selenium.common.exceptions.NoSuchElementException: Message: Cannot locate option with value: 100120479507; For documentation on this error, please visit: https://www.selenium.dev/documentation/webdriver/troubleshooting/errors#no-such-element-exception","time":{"start":1728432929492,"stop":1728432962963,"duration":33471}},{"uid":"19b3bb3ebef4f5c3","reportUrl":"https://robbrad.github.io/UKBinCollectionData/3.12/2169//#testresult/19b3bb3ebef4f5c3","status":"passed","time":{"start":1728332174544,"stop":1728332222028,"duration":47484}},{"uid":"32fcca333ec4dd9","reportUrl":"https://robbrad.github.io/UKBinCollectionData/3.12/2165//#testresult/32fcca333ec4dd9","status":"passed","time":{"start":1728259413477,"stop":1728259551242,"duration":137765}},{"uid":"f58336bbb9877291","reportUrl":"https://robbrad.github.io/UKBinCollectionData/3.12/2164//#testresult/f58336bbb9877291","status":"failed","statusDetails":"selenium.common.exceptions.SessionNotCreatedException: Message: Could not start a new session. New session request timed out \nHost info: host: 'selenium', ip: '172.18.0.2'\nBuild info: version: '4.25.0', revision: '030fcf7918'\nSystem info: os.name: 'Linux', os.arch: 'amd64', os.version: '6.8.0-1014-azure', java.version: '17.0.12'\nDriver info: driver.version: unknown\nStacktrace:\n    at org.openqa.selenium.grid.sessionqueue.local.LocalNewSessionQueue.addToQueue (LocalNewSessionQueue.java:221)\n    at org.openqa.selenium.grid.sessionqueue.NewSessionQueue.lambda$new$0 (NewSessionQueue.java:68)\n    at org.openqa.selenium.remote.http.Route$TemplatizedRoute.handle (Route.java:192)\n    at org.openqa.selenium.remote.http.Route.execute (Route.java:69)\n    at org.openqa.selenium.remote.http.Route$CombinedRoute.handle (Route.java:360)\n    at org.openqa.selenium.remote.http.Route.execute (Route.java:69)\n    at org.openqa.selenium.grid.sessionqueue.NewSessionQueue.execute (NewSessionQueue.java:128)\n    at org.openqa.selenium.remote.tracing.SpanWrappedHttpHandler.execute (SpanWrappedHttpHandler.java:87)\n    at org.openqa.selenium.remote.http.Filter$1.execute (Filter.java:63)\n    at org.openqa.selenium.remote.http.Route$CombinedRoute.handle (Route.java:360)\n    at org.openqa.selenium.remote.http.Route.execute (Route.java:69)\n    at org.openqa.selenium.grid.router.Router.execute (Router.java:87)\n    at org.openqa.selenium.grid.web.EnsureSpecCompliantResponseHeaders.lambda$apply$0 (EnsureSpecCompliantResponseHeaders.java:34)\n    at org.openqa.selenium.remote.http.Filter$1.execute (Filter.java:63)\n    at org.openqa.selenium.remote.http.Route$CombinedRoute.handle (Route.java:360)\n    at org.openqa.selenium.remote.http.Route.execute (Route.java:69)\n    at org.openqa.selenium.remote.AddWebDriverSpecHeaders.lambda$apply$0 (AddWebDriverSpecHeaders.java:35)\n    at org.openqa.selenium.remote.ErrorFilter.lambda$apply$0 (ErrorFilter.java:44)\n    at org.openqa.selenium.remote.http.Filter$1.execute (Filter.java:63)\n    at org.openqa.selenium.remote.ErrorFilter.lambda$apply$0 (ErrorFilter.java:44)\n    at org.openqa.selenium.remote.http.Filter$1.execute (Filter.java:63)\n    at org.openqa.selenium.netty.server.SeleniumHandler.lambda$channelRead0$0 (SeleniumHandler.java:44)\n    at java.util.concurrent.Executors$RunnableAdapter.call (Executors.java:539)\n    at java.util.concurrent.FutureTask.run (FutureTask.java:264)\n    at java.util.concurrent.ThreadPoolExecutor.runWorker (ThreadPoolExecutor.java:1136)\n    at java.util.concurrent.ThreadPoolExecutor$Worker.run (ThreadPoolExecutor.java:635)\n    at java.lang.Thread.run (Thread.java:840)","time":{"start":1728173677653,"stop":1728173977685,"duration":300032}},{"uid":"2af28d61dd32eefd","reportUrl":"https://robbrad.github.io/UKBinCollectionData/3.12/2160//#testresult/2af28d61dd32eefd","status":"passed","time":{"start":1728087136462,"stop":1728087230221,"duration":93759}},{"uid":"3a1d37aaa62f6700","reportUrl":"https://robbrad.github.io/UKBinCollectionData/3.12/2152//#testresult/3a1d37aaa62f6700","status":"failed","statusDetails":"selenium.common.exceptions.SessionNotCreatedException: Message: Could not start a new session. New session request timed out \nHost info: host: 'selenium', ip: '172.18.0.2'\nBuild info: version: '4.25.0', revision: '030fcf7918'\nSystem info: os.name: 'Linux', os.arch: 'amd64', os.version: '6.8.0-1014-azure', java.version: '17.0.12'\nDriver info: driver.version: unknown\nStacktrace:\n    at org.openqa.selenium.grid.sessionqueue.local.LocalNewSessionQueue.addToQueue (LocalNewSessionQueue.java:221)\n    at org.openqa.selenium.grid.sessionqueue.NewSessionQueue.lambda$new$0 (NewSessionQueue.java:68)\n    at org.openqa.selenium.remote.http.Route$TemplatizedRoute.handle (Route.java:192)\n    at org.openqa.selenium.remote.http.Route.execute (Route.java:69)\n    at org.openqa.selenium.remote.http.Route$CombinedRoute.handle (Route.java:360)\n    at org.openqa.selenium.remote.http.Route.execute (Route.java:69)\n    at org.openqa.selenium.grid.sessionqueue.NewSessionQueue.execute (NewSessionQueue.java:128)\n    at org.openqa.selenium.remote.tracing.SpanWrappedHttpHandler.execute (SpanWrappedHttpHandler.java:87)\n    at org.openqa.selenium.remote.http.Filter$1.execute (Filter.java:63)\n    at org.openqa.selenium.remote.http.Route$CombinedRoute.handle (Route.java:360)\n    at org.openqa.selenium.remote.http.Route.execute (Route.java:69)\n    at org.openqa.selenium.grid.router.Router.execute (Router.java:87)\n    at org.openqa.selenium.grid.web.EnsureSpecCompliantResponseHeaders.lambda$apply$0 (EnsureSpecCompliantResponseHeaders.java:34)\n    at org.openqa.selenium.remote.http.Filter$1.execute (Filter.java:63)\n    at org.openqa.selenium.remote.http.Route$CombinedRoute.handle (Route.java:360)\n    at org.openqa.selenium.remote.http.Route.execute (Route.java:69)\n    at org.openqa.selenium.remote.AddWebDriverSpecHeaders.lambda$apply$0 (AddWebDriverSpecHeaders.java:35)\n    at org.openqa.selenium.remote.ErrorFilter.lambda$apply$0 (ErrorFilter.java:44)\n    at org.openqa.selenium.remote.http.Filter$1.execute (Filter.java:63)\n    at org.openqa.selenium.remote.ErrorFilter.lambda$apply$0 (ErrorFilter.java:44)\n    at org.openqa.selenium.remote.http.Filter$1.execute (Filter.java:63)\n    at org.openqa.selenium.netty.server.SeleniumHandler.lambda$channelRead0$0 (SeleniumHandler.java:44)\n    at java.util.concurrent.Executors$RunnableAdapter.call (Executors.java:539)\n    at java.util.concurrent.FutureTask.run (FutureTask.java:264)\n    at java.util.concurrent.ThreadPoolExecutor.runWorker (ThreadPoolExecutor.java:1136)\n    at java.util.concurrent.ThreadPoolExecutor$Worker.run (ThreadPoolExecutor.java:635)\n    at java.lang.Thread.run (Thread.java:840)","time":{"start":1728000741886,"stop":1728001042008,"duration":300122}},{"uid":"8b8f8a14723e66ad","reportUrl":"https://robbrad.github.io/UKBinCollectionData/3.12/2148//#testresult/8b8f8a14723e66ad","status":"passed","time":{"start":1727932815968,"stop":1727932888883,"duration":72915}},{"uid":"a3c493bc47561453","reportUrl":"https://robbrad.github.io/UKBinCollectionData/3.12/2146//#testresult/a3c493bc47561453","status":"passed","time":{"start":1727914628710,"stop":1727914688015,"duration":59305}},{"uid":"a1f55754994f5089","reportUrl":"https://robbrad.github.io/UKBinCollectionData/3.12/2139//#testresult/a1f55754994f5089","status":"passed","time":{"start":1727828178140,"stop":1727828246627,"duration":68487}},{"uid":"3f69360804613da7","reportUrl":"https://robbrad.github.io/UKBinCollectionData/3.12/2138//#testresult/3f69360804613da7","status":"passed","time":{"start":1727741816999,"stop":1727741885950,"duration":68951}},{"uid":"99a9019bb65d1ab4","reportUrl":"https://robbrad.github.io/UKBinCollectionData/3.12/2137//#testresult/99a9019bb65d1ab4","status":"passed","time":{"start":1727655433380,"stop":1727655498945,"duration":65565}},{"uid":"9f720308b548e242","reportUrl":"https://robbrad.github.io/UKBinCollectionData/3.12/2136//#testresult/9f720308b548e242","status":"passed","time":{"start":1727568893040,"stop":1727568966691,"duration":73651}}]},"tags":[]},"source":"e9424fb7dbbddab4.json","parameterValues":["GloucesterCityCouncil"]}