{"uid":"11626e8c62a740b6","name":"Validate Council Output [PrestonCityCouncil]","fullName":"features/validate_council_outputs.feature:Validate Council Output","historyId":"adada69a336066ec844ff916b7714101","time":{"start":1729112418898,"stop":1729112743507,"duration":324609},"status":"failed","statusMessage":"selenium.common.exceptions.WebDriverException: Message: Unable to route (DELETE) /session/31c4a6e58465e7645da777fa227d12bf","statusTrace":"self = <PrestonCityCouncil.CouncilClass object at 0x7f0f5bb05c10>\npage = 'https://selfservice.preston.gov.uk/service/Forms/FindMyNearest.aspx?Service=bins'\nkwargs = {'council_module_str': 'PrestonCityCouncil', 'dev_mode': False, 'headless': True, 'local_browser': False, ...}\ndriver = <selenium.webdriver.remote.webdriver.WebDriver (session=\"31c4a6e58465e7645da777fa227d12bf\")>\ndata = {'bins': []}, user_paon = 'Town Hall', user_postcode = 'PR1 2RL'\nweb_driver = 'http://localhost:4444', headless = True\n\n    def parse_data(self, page: str, **kwargs) -> dict:\n        driver = None\n        try:\n            page = \"https://selfservice.preston.gov.uk/service/Forms/FindMyNearest.aspx?Service=bins\"\n    \n            data = {\"bins\": []}\n    \n            user_paon = kwargs.get(\"paon\")\n            user_postcode = kwargs.get(\"postcode\")\n            web_driver = kwargs.get(\"web_driver\")\n            headless = kwargs.get(\"headless\")\n            check_paon(user_paon)\n            check_postcode(user_postcode)\n    \n            # Create Selenium webdriver\n            driver = create_webdriver(web_driver, headless, None, __name__)\n>           driver.get(page)\n\nuk_bin_collection/uk_bin_collection/councils/PrestonCityCouncil.py:39: \n_ _ _ _ _ _ _ _ _ _ _ _ _ _ _ _ _ _ _ _ _ _ _ _ _ _ _ _ _ _ _ _ _ _ _ _ _ _ _ _ \n../../../.cache/pypoetry/virtualenvs/uk-bin-collection-EwS6Gn8s-py3.12/lib/python3.12/site-packages/selenium/webdriver/remote/webdriver.py:363: in get\n    self.execute(Command.GET, {\"url\": url})\n../../../.cache/pypoetry/virtualenvs/uk-bin-collection-EwS6Gn8s-py3.12/lib/python3.12/site-packages/selenium/webdriver/remote/webdriver.py:354: in execute\n    self.error_handler.check_response(response)\n_ _ _ _ _ _ _ _ _ _ _ _ _ _ _ _ _ _ _ _ _ _ _ _ _ _ _ _ _ _ _ _ _ _ _ _ _ _ _ _ \n\nself = <selenium.webdriver.remote.errorhandler.ErrorHandler object at 0x7f0f5b9f98b0>\nresponse = {'status': 500, 'value': '{\\n  \"value\": {\\n    \"message\": \"Unable to execute request for an existing session: java.uti...0)\\\\n\\\\tat org.openqa.selenium.grid.router.HandleSession.execute(HandleSession.java:181)\\\\n\\\\t... 20 more\\\\n\"\\n  }\\n}'}\n\n    def check_response(self, response: Dict[str, Any]) -> None:\n        \"\"\"Checks that a JSON response from the WebDriver does not have an\n        error.\n    \n        :Args:\n         - response - The JSON response from the WebDriver server as a dictionary\n           object.\n    \n        :Raises: If the response contains an error message.\n        \"\"\"\n        status = response.get(\"status\", None)\n        if not status or status == ErrorCode.SUCCESS:\n            return\n        value = None\n        message = response.get(\"message\", \"\")\n        screen: str = response.get(\"screen\", \"\")\n        stacktrace = None\n        if isinstance(status, int):\n            value_json = response.get(\"value\", None)\n            if value_json and isinstance(value_json, str):\n                import json\n    \n                try:\n                    value = json.loads(value_json)\n                    if len(value) == 1:\n                        value = value[\"value\"]\n                    status = value.get(\"error\", None)\n                    if not status:\n                        status = value.get(\"status\", ErrorCode.UNKNOWN_ERROR)\n                        message = value.get(\"value\") or value.get(\"message\")\n                        if not isinstance(message, str):\n                            value = message\n                            message = message.get(\"message\")\n                    else:\n                        message = value.get(\"message\", None)\n                except ValueError:\n                    pass\n    \n        exception_class: Type[WebDriverException]\n        e = ErrorCode()\n        error_codes = [item for item in dir(e) if not item.startswith(\"__\")]\n        for error_code in error_codes:\n            error_info = getattr(ErrorCode, error_code)\n            if isinstance(error_info, list) and status in error_info:\n                exception_class = getattr(ExceptionMapping, error_code, WebDriverException)\n                break\n        else:\n            exception_class = WebDriverException\n    \n        if not value:\n            value = response[\"value\"]\n        if isinstance(value, str):\n            raise exception_class(value)\n        if message == \"\" and \"message\" in value:\n            message = value[\"message\"]\n    \n        screen = None  # type: ignore[assignment]\n        if \"screen\" in value:\n            screen = value[\"screen\"]\n    \n        stacktrace = None\n        st_value = value.get(\"stackTrace\") or value.get(\"stacktrace\")\n        if st_value:\n            if isinstance(st_value, str):\n                stacktrace = st_value.split(\"\\n\")\n            else:\n                stacktrace = []\n                try:\n                    for frame in st_value:\n                        line = frame.get(\"lineNumber\", \"\")\n                        file = frame.get(\"fileName\", \"<anonymous>\")\n                        if line:\n                            file = f\"{file}:{line}\"\n                        meth = frame.get(\"methodName\", \"<anonymous>\")\n                        if \"className\" in frame:\n                            meth = f\"{frame['className']}.{meth}\"\n                        msg = \"    at %s (%s)\"\n                        msg = msg % (meth, file)\n                        stacktrace.append(msg)\n                except TypeError:\n                    pass\n        if exception_class == UnexpectedAlertPresentException:\n            alert_text = None\n            if \"data\" in value:\n                alert_text = value[\"data\"].get(\"text\")\n            elif \"alert\" in value:\n                alert_text = value[\"alert\"].get(\"text\")\n            raise exception_class(message, screen, stacktrace, alert_text)  # type: ignore[call-arg]  # mypy is not smart enough here\n>       raise exception_class(message, screen, stacktrace)\nE       selenium.common.exceptions.WebDriverException: Message: Unable to execute request for an existing session: java.util.concurrent.TimeoutException\nE       Build info: version: '4.25.0', revision: '030fcf7918'\nE       System info: os.name: 'Linux', os.arch: 'amd64', os.version: '6.5.0-1025-azure', java.version: '17.0.12'\nE       Driver info: driver.version: unknown\nE       Stacktrace:\nE       java.lang.RuntimeException: Unable to execute request for an existing session: java.util.concurrent.TimeoutException\nE       Build info: version: '4.25.0', revision: '030fcf7918'\nE       System info: os.name: 'Linux', os.arch: 'amd64', os.version: '6.5.0-1025-azure', java.version: '17.0.12'\nE       Driver info: driver.version: unknown\nE       \tat org.openqa.selenium.grid.router.HandleSession.execute(HandleSession.java:208)\nE       \tat org.openqa.selenium.remote.http.Route$PredicatedRoute.handle(Route.java:397)\nE       \tat org.openqa.selenium.remote.http.Route.execute(Route.java:69)\nE       \tat org.openqa.selenium.remote.http.Route$CombinedRoute.handle(Route.java:360)\nE       \tat org.openqa.selenium.remote.http.Route.execute(Route.java:69)\nE       \tat org.openqa.selenium.grid.router.Router.execute(Router.java:87)\nE       \tat org.openqa.selenium.grid.web.EnsureSpecCompliantResponseHeaders.lambda$apply$0(EnsureSpecCompliantResponseHeaders.java:34)\nE       \tat org.openqa.selenium.remote.http.Filter$1.execute(Filter.java:63)\nE       \tat org.openqa.selenium.remote.http.Route$CombinedRoute.handle(Route.java:360)\nE       \tat org.openqa.selenium.remote.http.Route.execute(Route.java:69)\nE       \tat org.openqa.selenium.remote.AddWebDriverSpecHeaders.lambda$apply$0(AddWebDriverSpecHeaders.java:35)\nE       \tat org.openqa.selenium.remote.ErrorFilter.lambda$apply$0(ErrorFilter.java:44)\nE       \tat org.openqa.selenium.remote.http.Filter$1.execute(Filter.java:63)\nE       \tat org.openqa.selenium.remote.ErrorFilter.lambda$apply$0(ErrorFilter.java:44)\nE       \tat org.openqa.selenium.remote.http.Filter$1.execute(Filter.java:63)\nE       \tat org.openqa.selenium.netty.server.SeleniumHandler.lambda$channelRead0$0(SeleniumHandler.java:44)\nE       \tat java.base/java.util.concurrent.Executors$RunnableAdapter.call(Executors.java:539)\nE       \tat java.base/java.util.concurrent.FutureTask.run(FutureTask.java:264)\nE       \tat java.base/java.util.concurrent.ThreadPoolExecutor.runWorker(ThreadPoolExecutor.java:1136)\nE       \tat java.base/java.util.concurrent.ThreadPoolExecutor$Worker.run(ThreadPoolExecutor.java:635)\nE       \tat java.base/java.lang.Thread.run(Thread.java:840)\nE       Caused by: java.util.concurrent.TimeoutException\nE       \tat java.base/java.util.concurrent.CompletableFuture.timedGet(CompletableFuture.java:1960)\nE       \tat java.base/java.util.concurrent.CompletableFuture.get(CompletableFuture.java:2095)\nE       \tat org.openqa.selenium.remote.http.jdk.JdkHttpClient.execute0(JdkHttpClient.java:401)\nE       \tat org.openqa.selenium.remote.http.AddSeleniumUserAgent.lambda$apply$0(AddSeleniumUserAgent.java:42)\nE       \tat org.openqa.selenium.remote.http.Filter.lambda$andFinally$1(Filter.java:55)\nE       \tat org.openqa.selenium.remote.http.jdk.JdkHttpClient.execute(JdkHttpClient.java:374)\nE       \tat org.openqa.selenium.remote.tracing.TracedHttpClient.execute(TracedHttpClient.java:54)\nE       \tat org.openqa.selenium.grid.web.ReverseProxyHandler.execute(ReverseProxyHandler.java:90)\nE       \tat org.openqa.selenium.grid.node.DefaultActiveSession.execute(DefaultActiveSession.java:62)\nE       \tat org.openqa.selenium.grid.node.local.SessionSlot.execute(SessionSlot.java:126)\nE       \tat org.openqa.selenium.grid.node.local.LocalNode.executeWebDriverCommand(LocalNode.java:633)\nE       \tat org.openqa.selenium.grid.node.ForwardWebDriverCommand.execute(ForwardWebDriverCommand.java:35)\nE       \tat org.openqa.selenium.remote.http.Route$PredicatedRoute.handle(Route.java:397)\nE       \tat org.openqa.selenium.remote.http.Route.execute(Route.java:69)\nE       \tat org.openqa.selenium.remote.tracing.SpanWrappedHttpHandler.execute(SpanWrappedHttpHandler.java:87)\nE       \tat org.openqa.selenium.remote.http.Filter$1.execute(Filter.java:63)\nE       \tat org.openqa.selenium.remote.http.Route$CombinedRoute.handle(Route.java:360)\nE       \tat org.openqa.selenium.remote.http.Route.execute(Route.java:69)\nE       \tat org.openqa.selenium.grid.node.Node.execute(Node.java:270)\nE       \tat org.openqa.selenium.grid.web.CombinedHandler.execute(CombinedHandler.java:55)\nE       \tat org.openqa.selenium.grid.web.RoutableHttpClientFactory$1.execute(RoutableHttpClientFactory.java:71)\nE       \tat org.openqa.selenium.grid.web.ReverseProxyHandler.execute(ReverseProxyHandler.java:90)\nE       \tat org.openqa.selenium.grid.router.HandleSession.execute(HandleSession.java:181)\nE       \t... 20 more\n\n../../../.cache/pypoetry/virtualenvs/uk-bin-collection-EwS6Gn8s-py3.12/lib/python3.12/site-packages/selenium/webdriver/remote/errorhandler.py:229: WebDriverException\n\nDuring handling of the above exception, another exception occurred:\n\nfixturefunc = <function scrape_step at 0x7f0f5bb344a0>\nrequest = <FixtureRequest for <Function test_scenario_outline[PrestonCityCouncil]>>\nkwargs = {'context': <test_validate_council.Context object at 0x7f0f6e697620>, 'headless_mode': 'True', 'local_browser': 'False', 'selenium_url': 'http://localhost:4444'}\n\n    def call_fixture_func(\n        fixturefunc: _FixtureFunc[FixtureValue], request: FixtureRequest, kwargs\n    ) -> FixtureValue:\n        if is_generator(fixturefunc):\n            fixturefunc = cast(\n                Callable[..., Generator[FixtureValue, None, None]], fixturefunc\n            )\n            generator = fixturefunc(**kwargs)\n            try:\n                fixture_result = next(generator)\n            except StopIteration:\n                raise ValueError(f\"{request.fixturename} did not yield a value\") from None\n            finalizer = functools.partial(_teardown_yield_fixture, fixturefunc, generator)\n            request.addfinalizer(finalizer)\n        else:\n            fixturefunc = cast(Callable[..., FixtureValue], fixturefunc)\n>           fixture_result = fixturefunc(**kwargs)\n\n../../../.cache/pypoetry/virtualenvs/uk-bin-collection-EwS6Gn8s-py3.12/lib/python3.12/site-packages/_pytest/fixtures.py:898: \n_ _ _ _ _ _ _ _ _ _ _ _ _ _ _ _ _ _ _ _ _ _ _ _ _ _ _ _ _ _ _ _ _ _ _ _ _ _ _ _ \nuk_bin_collection/tests/step_defs/test_validate_council.py:100: in scrape_step\n    context.parse_result = CollectData.run()\nuk_bin_collection/uk_bin_collection/collect_data.py:101: in run\n    return self.client_code(\nuk_bin_collection/uk_bin_collection/collect_data.py:121: in client_code\n    return get_bin_data_class.template_method(address_url, **kwargs)\nuk_bin_collection/uk_bin_collection/get_bin_data.py:61: in template_method\n    bin_data_dict = self.get_and_parse_data(this_url, **kwargs)\nuk_bin_collection/uk_bin_collection/get_bin_data.py:84: in get_and_parse_data\n    bin_data_dict = self.parse_data(\"\", url=address_url, **kwargs)\nuk_bin_collection/uk_bin_collection/councils/PrestonCityCouncil.py:96: in parse_data\n    driver.quit()\n../../../.cache/pypoetry/virtualenvs/uk-bin-collection-EwS6Gn8s-py3.12/lib/python3.12/site-packages/selenium/webdriver/remote/webdriver.py:476: in quit\n    self.execute(Command.QUIT)\n../../../.cache/pypoetry/virtualenvs/uk-bin-collection-EwS6Gn8s-py3.12/lib/python3.12/site-packages/selenium/webdriver/remote/webdriver.py:354: in execute\n    self.error_handler.check_response(response)\n_ _ _ _ _ _ _ _ _ _ _ _ _ _ _ _ _ _ _ _ _ _ _ _ _ _ _ _ _ _ _ _ _ _ _ _ _ _ _ _ \n\nself = <selenium.webdriver.remote.errorhandler.ErrorHandler object at 0x7f0f5b9f98b0>\nresponse = {'status': 404, 'value': '{\\n  \"value\": \"\\\\u002fsession\\\\u002f31c4a6e58465e7645da777fa227d12bf\",\\n  \"message\": \"Unable...002fsession\\\\u002f31c4a6e58465e7645da777fa227d12bf\",\\n  \"error\": \"org.openqa.selenium.UnsupportedCommandException\"\\n}'}\n\n    def check_response(self, response: Dict[str, Any]) -> None:\n        \"\"\"Checks that a JSON response from the WebDriver does not have an\n        error.\n    \n        :Args:\n         - response - The JSON response from the WebDriver server as a dictionary\n           object.\n    \n        :Raises: If the response contains an error message.\n        \"\"\"\n        status = response.get(\"status\", None)\n        if not status or status == ErrorCode.SUCCESS:\n            return\n        value = None\n        message = response.get(\"message\", \"\")\n        screen: str = response.get(\"screen\", \"\")\n        stacktrace = None\n        if isinstance(status, int):\n            value_json = response.get(\"value\", None)\n            if value_json and isinstance(value_json, str):\n                import json\n    \n                try:\n                    value = json.loads(value_json)\n                    if len(value) == 1:\n                        value = value[\"value\"]\n                    status = value.get(\"error\", None)\n                    if not status:\n                        status = value.get(\"status\", ErrorCode.UNKNOWN_ERROR)\n                        message = value.get(\"value\") or value.get(\"message\")\n                        if not isinstance(message, str):\n                            value = message\n                            message = message.get(\"message\")\n                    else:\n                        message = value.get(\"message\", None)\n                except ValueError:\n                    pass\n    \n        exception_class: Type[WebDriverException]\n        e = ErrorCode()\n        error_codes = [item for item in dir(e) if not item.startswith(\"__\")]\n        for error_code in error_codes:\n            error_info = getattr(ErrorCode, error_code)\n            if isinstance(error_info, list) and status in error_info:\n                exception_class = getattr(ExceptionMapping, error_code, WebDriverException)\n                break\n        else:\n            exception_class = WebDriverException\n    \n        if not value:\n            value = response[\"value\"]\n        if isinstance(value, str):\n            raise exception_class(value)\n        if message == \"\" and \"message\" in value:\n            message = value[\"message\"]\n    \n        screen = None  # type: ignore[assignment]\n        if \"screen\" in value:\n            screen = value[\"screen\"]\n    \n        stacktrace = None\n        st_value = value.get(\"stackTrace\") or value.get(\"stacktrace\")\n        if st_value:\n            if isinstance(st_value, str):\n                stacktrace = st_value.split(\"\\n\")\n            else:\n                stacktrace = []\n                try:\n                    for frame in st_value:\n                        line = frame.get(\"lineNumber\", \"\")\n                        file = frame.get(\"fileName\", \"<anonymous>\")\n                        if line:\n                            file = f\"{file}:{line}\"\n                        meth = frame.get(\"methodName\", \"<anonymous>\")\n                        if \"className\" in frame:\n                            meth = f\"{frame['className']}.{meth}\"\n                        msg = \"    at %s (%s)\"\n                        msg = msg % (meth, file)\n                        stacktrace.append(msg)\n                except TypeError:\n                    pass\n        if exception_class == UnexpectedAlertPresentException:\n            alert_text = None\n            if \"data\" in value:\n                alert_text = value[\"data\"].get(\"text\")\n            elif \"alert\" in value:\n                alert_text = value[\"alert\"].get(\"text\")\n            raise exception_class(message, screen, stacktrace, alert_text)  # type: ignore[call-arg]  # mypy is not smart enough here\n>       raise exception_class(message, screen, stacktrace)\nE       selenium.common.exceptions.WebDriverException: Message: Unable to route (DELETE) /session/31c4a6e58465e7645da777fa227d12bf\n\n../../../.cache/pypoetry/virtualenvs/uk-bin-collection-EwS6Gn8s-py3.12/lib/python3.12/site-packages/selenium/webdriver/remote/errorhandler.py:229: WebDriverException","flaky":false,"newFailed":false,"newBroken":false,"newPassed":false,"retriesCount":0,"retriesStatusChange":false,"beforeStages":[],"testStage":{"status":"failed","statusMessage":"selenium.common.exceptions.WebDriverException: Message: Unable to route (DELETE) /session/31c4a6e58465e7645da777fa227d12bf","statusTrace":"self = <PrestonCityCouncil.CouncilClass object at 0x7f0f5bb05c10>\npage = 'https://selfservice.preston.gov.uk/service/Forms/FindMyNearest.aspx?Service=bins'\nkwargs = {'council_module_str': 'PrestonCityCouncil', 'dev_mode': False, 'headless': True, 'local_browser': False, ...}\ndriver = <selenium.webdriver.remote.webdriver.WebDriver (session=\"31c4a6e58465e7645da777fa227d12bf\")>\ndata = {'bins': []}, user_paon = 'Town Hall', user_postcode = 'PR1 2RL'\nweb_driver = 'http://localhost:4444', headless = True\n\n    def parse_data(self, page: str, **kwargs) -> dict:\n        driver = None\n        try:\n            page = \"https://selfservice.preston.gov.uk/service/Forms/FindMyNearest.aspx?Service=bins\"\n    \n            data = {\"bins\": []}\n    \n            user_paon = kwargs.get(\"paon\")\n            user_postcode = kwargs.get(\"postcode\")\n            web_driver = kwargs.get(\"web_driver\")\n            headless = kwargs.get(\"headless\")\n            check_paon(user_paon)\n            check_postcode(user_postcode)\n    \n            # Create Selenium webdriver\n            driver = create_webdriver(web_driver, headless, None, __name__)\n>           driver.get(page)\n\nuk_bin_collection/uk_bin_collection/councils/PrestonCityCouncil.py:39: \n_ _ _ _ _ _ _ _ _ _ _ _ _ _ _ _ _ _ _ _ _ _ _ _ _ _ _ _ _ _ _ _ _ _ _ _ _ _ _ _ \n../../../.cache/pypoetry/virtualenvs/uk-bin-collection-EwS6Gn8s-py3.12/lib/python3.12/site-packages/selenium/webdriver/remote/webdriver.py:363: in get\n    self.execute(Command.GET, {\"url\": url})\n../../../.cache/pypoetry/virtualenvs/uk-bin-collection-EwS6Gn8s-py3.12/lib/python3.12/site-packages/selenium/webdriver/remote/webdriver.py:354: in execute\n    self.error_handler.check_response(response)\n_ _ _ _ _ _ _ _ _ _ _ _ _ _ _ _ _ _ _ _ _ _ _ _ _ _ _ _ _ _ _ _ _ _ _ _ _ _ _ _ \n\nself = <selenium.webdriver.remote.errorhandler.ErrorHandler object at 0x7f0f5b9f98b0>\nresponse = {'status': 500, 'value': '{\\n  \"value\": {\\n    \"message\": \"Unable to execute request for an existing session: java.uti...0)\\\\n\\\\tat org.openqa.selenium.grid.router.HandleSession.execute(HandleSession.java:181)\\\\n\\\\t... 20 more\\\\n\"\\n  }\\n}'}\n\n    def check_response(self, response: Dict[str, Any]) -> None:\n        \"\"\"Checks that a JSON response from the WebDriver does not have an\n        error.\n    \n        :Args:\n         - response - The JSON response from the WebDriver server as a dictionary\n           object.\n    \n        :Raises: If the response contains an error message.\n        \"\"\"\n        status = response.get(\"status\", None)\n        if not status or status == ErrorCode.SUCCESS:\n            return\n        value = None\n        message = response.get(\"message\", \"\")\n        screen: str = response.get(\"screen\", \"\")\n        stacktrace = None\n        if isinstance(status, int):\n            value_json = response.get(\"value\", None)\n            if value_json and isinstance(value_json, str):\n                import json\n    \n                try:\n                    value = json.loads(value_json)\n                    if len(value) == 1:\n                        value = value[\"value\"]\n                    status = value.get(\"error\", None)\n                    if not status:\n                        status = value.get(\"status\", ErrorCode.UNKNOWN_ERROR)\n                        message = value.get(\"value\") or value.get(\"message\")\n                        if not isinstance(message, str):\n                            value = message\n                            message = message.get(\"message\")\n                    else:\n                        message = value.get(\"message\", None)\n                except ValueError:\n                    pass\n    \n        exception_class: Type[WebDriverException]\n        e = ErrorCode()\n        error_codes = [item for item in dir(e) if not item.startswith(\"__\")]\n        for error_code in error_codes:\n            error_info = getattr(ErrorCode, error_code)\n            if isinstance(error_info, list) and status in error_info:\n                exception_class = getattr(ExceptionMapping, error_code, WebDriverException)\n                break\n        else:\n            exception_class = WebDriverException\n    \n        if not value:\n            value = response[\"value\"]\n        if isinstance(value, str):\n            raise exception_class(value)\n        if message == \"\" and \"message\" in value:\n            message = value[\"message\"]\n    \n        screen = None  # type: ignore[assignment]\n        if \"screen\" in value:\n            screen = value[\"screen\"]\n    \n        stacktrace = None\n        st_value = value.get(\"stackTrace\") or value.get(\"stacktrace\")\n        if st_value:\n            if isinstance(st_value, str):\n                stacktrace = st_value.split(\"\\n\")\n            else:\n                stacktrace = []\n                try:\n                    for frame in st_value:\n                        line = frame.get(\"lineNumber\", \"\")\n                        file = frame.get(\"fileName\", \"<anonymous>\")\n                        if line:\n                            file = f\"{file}:{line}\"\n                        meth = frame.get(\"methodName\", \"<anonymous>\")\n                        if \"className\" in frame:\n                            meth = f\"{frame['className']}.{meth}\"\n                        msg = \"    at %s (%s)\"\n                        msg = msg % (meth, file)\n                        stacktrace.append(msg)\n                except TypeError:\n                    pass\n        if exception_class == UnexpectedAlertPresentException:\n            alert_text = None\n            if \"data\" in value:\n                alert_text = value[\"data\"].get(\"text\")\n            elif \"alert\" in value:\n                alert_text = value[\"alert\"].get(\"text\")\n            raise exception_class(message, screen, stacktrace, alert_text)  # type: ignore[call-arg]  # mypy is not smart enough here\n>       raise exception_class(message, screen, stacktrace)\nE       selenium.common.exceptions.WebDriverException: Message: Unable to execute request for an existing session: java.util.concurrent.TimeoutException\nE       Build info: version: '4.25.0', revision: '030fcf7918'\nE       System info: os.name: 'Linux', os.arch: 'amd64', os.version: '6.5.0-1025-azure', java.version: '17.0.12'\nE       Driver info: driver.version: unknown\nE       Stacktrace:\nE       java.lang.RuntimeException: Unable to execute request for an existing session: java.util.concurrent.TimeoutException\nE       Build info: version: '4.25.0', revision: '030fcf7918'\nE       System info: os.name: 'Linux', os.arch: 'amd64', os.version: '6.5.0-1025-azure', java.version: '17.0.12'\nE       Driver info: driver.version: unknown\nE       \tat org.openqa.selenium.grid.router.HandleSession.execute(HandleSession.java:208)\nE       \tat org.openqa.selenium.remote.http.Route$PredicatedRoute.handle(Route.java:397)\nE       \tat org.openqa.selenium.remote.http.Route.execute(Route.java:69)\nE       \tat org.openqa.selenium.remote.http.Route$CombinedRoute.handle(Route.java:360)\nE       \tat org.openqa.selenium.remote.http.Route.execute(Route.java:69)\nE       \tat org.openqa.selenium.grid.router.Router.execute(Router.java:87)\nE       \tat org.openqa.selenium.grid.web.EnsureSpecCompliantResponseHeaders.lambda$apply$0(EnsureSpecCompliantResponseHeaders.java:34)\nE       \tat org.openqa.selenium.remote.http.Filter$1.execute(Filter.java:63)\nE       \tat org.openqa.selenium.remote.http.Route$CombinedRoute.handle(Route.java:360)\nE       \tat org.openqa.selenium.remote.http.Route.execute(Route.java:69)\nE       \tat org.openqa.selenium.remote.AddWebDriverSpecHeaders.lambda$apply$0(AddWebDriverSpecHeaders.java:35)\nE       \tat org.openqa.selenium.remote.ErrorFilter.lambda$apply$0(ErrorFilter.java:44)\nE       \tat org.openqa.selenium.remote.http.Filter$1.execute(Filter.java:63)\nE       \tat org.openqa.selenium.remote.ErrorFilter.lambda$apply$0(ErrorFilter.java:44)\nE       \tat org.openqa.selenium.remote.http.Filter$1.execute(Filter.java:63)\nE       \tat org.openqa.selenium.netty.server.SeleniumHandler.lambda$channelRead0$0(SeleniumHandler.java:44)\nE       \tat java.base/java.util.concurrent.Executors$RunnableAdapter.call(Executors.java:539)\nE       \tat java.base/java.util.concurrent.FutureTask.run(FutureTask.java:264)\nE       \tat java.base/java.util.concurrent.ThreadPoolExecutor.runWorker(ThreadPoolExecutor.java:1136)\nE       \tat java.base/java.util.concurrent.ThreadPoolExecutor$Worker.run(ThreadPoolExecutor.java:635)\nE       \tat java.base/java.lang.Thread.run(Thread.java:840)\nE       Caused by: java.util.concurrent.TimeoutException\nE       \tat java.base/java.util.concurrent.CompletableFuture.timedGet(CompletableFuture.java:1960)\nE       \tat java.base/java.util.concurrent.CompletableFuture.get(CompletableFuture.java:2095)\nE       \tat org.openqa.selenium.remote.http.jdk.JdkHttpClient.execute0(JdkHttpClient.java:401)\nE       \tat org.openqa.selenium.remote.http.AddSeleniumUserAgent.lambda$apply$0(AddSeleniumUserAgent.java:42)\nE       \tat org.openqa.selenium.remote.http.Filter.lambda$andFinally$1(Filter.java:55)\nE       \tat org.openqa.selenium.remote.http.jdk.JdkHttpClient.execute(JdkHttpClient.java:374)\nE       \tat org.openqa.selenium.remote.tracing.TracedHttpClient.execute(TracedHttpClient.java:54)\nE       \tat org.openqa.selenium.grid.web.ReverseProxyHandler.execute(ReverseProxyHandler.java:90)\nE       \tat org.openqa.selenium.grid.node.DefaultActiveSession.execute(DefaultActiveSession.java:62)\nE       \tat org.openqa.selenium.grid.node.local.SessionSlot.execute(SessionSlot.java:126)\nE       \tat org.openqa.selenium.grid.node.local.LocalNode.executeWebDriverCommand(LocalNode.java:633)\nE       \tat org.openqa.selenium.grid.node.ForwardWebDriverCommand.execute(ForwardWebDriverCommand.java:35)\nE       \tat org.openqa.selenium.remote.http.Route$PredicatedRoute.handle(Route.java:397)\nE       \tat org.openqa.selenium.remote.http.Route.execute(Route.java:69)\nE       \tat org.openqa.selenium.remote.tracing.SpanWrappedHttpHandler.execute(SpanWrappedHttpHandler.java:87)\nE       \tat org.openqa.selenium.remote.http.Filter$1.execute(Filter.java:63)\nE       \tat org.openqa.selenium.remote.http.Route$CombinedRoute.handle(Route.java:360)\nE       \tat org.openqa.selenium.remote.http.Route.execute(Route.java:69)\nE       \tat org.openqa.selenium.grid.node.Node.execute(Node.java:270)\nE       \tat org.openqa.selenium.grid.web.CombinedHandler.execute(CombinedHandler.java:55)\nE       \tat org.openqa.selenium.grid.web.RoutableHttpClientFactory$1.execute(RoutableHttpClientFactory.java:71)\nE       \tat org.openqa.selenium.grid.web.ReverseProxyHandler.execute(ReverseProxyHandler.java:90)\nE       \tat org.openqa.selenium.grid.router.HandleSession.execute(HandleSession.java:181)\nE       \t... 20 more\n\n../../../.cache/pypoetry/virtualenvs/uk-bin-collection-EwS6Gn8s-py3.12/lib/python3.12/site-packages/selenium/webdriver/remote/errorhandler.py:229: WebDriverException\n\nDuring handling of the above exception, another exception occurred:\n\nfixturefunc = <function scrape_step at 0x7f0f5bb344a0>\nrequest = <FixtureRequest for <Function test_scenario_outline[PrestonCityCouncil]>>\nkwargs = {'context': <test_validate_council.Context object at 0x7f0f6e697620>, 'headless_mode': 'True', 'local_browser': 'False', 'selenium_url': 'http://localhost:4444'}\n\n    def call_fixture_func(\n        fixturefunc: _FixtureFunc[FixtureValue], request: FixtureRequest, kwargs\n    ) -> FixtureValue:\n        if is_generator(fixturefunc):\n            fixturefunc = cast(\n                Callable[..., Generator[FixtureValue, None, None]], fixturefunc\n            )\n            generator = fixturefunc(**kwargs)\n            try:\n                fixture_result = next(generator)\n            except StopIteration:\n                raise ValueError(f\"{request.fixturename} did not yield a value\") from None\n            finalizer = functools.partial(_teardown_yield_fixture, fixturefunc, generator)\n            request.addfinalizer(finalizer)\n        else:\n            fixturefunc = cast(Callable[..., FixtureValue], fixturefunc)\n>           fixture_result = fixturefunc(**kwargs)\n\n../../../.cache/pypoetry/virtualenvs/uk-bin-collection-EwS6Gn8s-py3.12/lib/python3.12/site-packages/_pytest/fixtures.py:898: \n_ _ _ _ _ _ _ _ _ _ _ _ _ _ _ _ _ _ _ _ _ _ _ _ _ _ _ _ _ _ _ _ _ _ _ _ _ _ _ _ \nuk_bin_collection/tests/step_defs/test_validate_council.py:100: in scrape_step\n    context.parse_result = CollectData.run()\nuk_bin_collection/uk_bin_collection/collect_data.py:101: in run\n    return self.client_code(\nuk_bin_collection/uk_bin_collection/collect_data.py:121: in client_code\n    return get_bin_data_class.template_method(address_url, **kwargs)\nuk_bin_collection/uk_bin_collection/get_bin_data.py:61: in template_method\n    bin_data_dict = self.get_and_parse_data(this_url, **kwargs)\nuk_bin_collection/uk_bin_collection/get_bin_data.py:84: in get_and_parse_data\n    bin_data_dict = self.parse_data(\"\", url=address_url, **kwargs)\nuk_bin_collection/uk_bin_collection/councils/PrestonCityCouncil.py:96: in parse_data\n    driver.quit()\n../../../.cache/pypoetry/virtualenvs/uk-bin-collection-EwS6Gn8s-py3.12/lib/python3.12/site-packages/selenium/webdriver/remote/webdriver.py:476: in quit\n    self.execute(Command.QUIT)\n../../../.cache/pypoetry/virtualenvs/uk-bin-collection-EwS6Gn8s-py3.12/lib/python3.12/site-packages/selenium/webdriver/remote/webdriver.py:354: in execute\n    self.error_handler.check_response(response)\n_ _ _ _ _ _ _ _ _ _ _ _ _ _ _ _ _ _ _ _ _ _ _ _ _ _ _ _ _ _ _ _ _ _ _ _ _ _ _ _ \n\nself = <selenium.webdriver.remote.errorhandler.ErrorHandler object at 0x7f0f5b9f98b0>\nresponse = {'status': 404, 'value': '{\\n  \"value\": \"\\\\u002fsession\\\\u002f31c4a6e58465e7645da777fa227d12bf\",\\n  \"message\": \"Unable...002fsession\\\\u002f31c4a6e58465e7645da777fa227d12bf\",\\n  \"error\": \"org.openqa.selenium.UnsupportedCommandException\"\\n}'}\n\n    def check_response(self, response: Dict[str, Any]) -> None:\n        \"\"\"Checks that a JSON response from the WebDriver does not have an\n        error.\n    \n        :Args:\n         - response - The JSON response from the WebDriver server as a dictionary\n           object.\n    \n        :Raises: If the response contains an error message.\n        \"\"\"\n        status = response.get(\"status\", None)\n        if not status or status == ErrorCode.SUCCESS:\n            return\n        value = None\n        message = response.get(\"message\", \"\")\n        screen: str = response.get(\"screen\", \"\")\n        stacktrace = None\n        if isinstance(status, int):\n            value_json = response.get(\"value\", None)\n            if value_json and isinstance(value_json, str):\n                import json\n    \n                try:\n                    value = json.loads(value_json)\n                    if len(value) == 1:\n                        value = value[\"value\"]\n                    status = value.get(\"error\", None)\n                    if not status:\n                        status = value.get(\"status\", ErrorCode.UNKNOWN_ERROR)\n                        message = value.get(\"value\") or value.get(\"message\")\n                        if not isinstance(message, str):\n                            value = message\n                            message = message.get(\"message\")\n                    else:\n                        message = value.get(\"message\", None)\n                except ValueError:\n                    pass\n    \n        exception_class: Type[WebDriverException]\n        e = ErrorCode()\n        error_codes = [item for item in dir(e) if not item.startswith(\"__\")]\n        for error_code in error_codes:\n            error_info = getattr(ErrorCode, error_code)\n            if isinstance(error_info, list) and status in error_info:\n                exception_class = getattr(ExceptionMapping, error_code, WebDriverException)\n                break\n        else:\n            exception_class = WebDriverException\n    \n        if not value:\n            value = response[\"value\"]\n        if isinstance(value, str):\n            raise exception_class(value)\n        if message == \"\" and \"message\" in value:\n            message = value[\"message\"]\n    \n        screen = None  # type: ignore[assignment]\n        if \"screen\" in value:\n            screen = value[\"screen\"]\n    \n        stacktrace = None\n        st_value = value.get(\"stackTrace\") or value.get(\"stacktrace\")\n        if st_value:\n            if isinstance(st_value, str):\n                stacktrace = st_value.split(\"\\n\")\n            else:\n                stacktrace = []\n                try:\n                    for frame in st_value:\n                        line = frame.get(\"lineNumber\", \"\")\n                        file = frame.get(\"fileName\", \"<anonymous>\")\n                        if line:\n                            file = f\"{file}:{line}\"\n                        meth = frame.get(\"methodName\", \"<anonymous>\")\n                        if \"className\" in frame:\n                            meth = f\"{frame['className']}.{meth}\"\n                        msg = \"    at %s (%s)\"\n                        msg = msg % (meth, file)\n                        stacktrace.append(msg)\n                except TypeError:\n                    pass\n        if exception_class == UnexpectedAlertPresentException:\n            alert_text = None\n            if \"data\" in value:\n                alert_text = value[\"data\"].get(\"text\")\n            elif \"alert\" in value:\n                alert_text = value[\"alert\"].get(\"text\")\n            raise exception_class(message, screen, stacktrace, alert_text)  # type: ignore[call-arg]  # mypy is not smart enough here\n>       raise exception_class(message, screen, stacktrace)\nE       selenium.common.exceptions.WebDriverException: Message: Unable to route (DELETE) /session/31c4a6e58465e7645da777fa227d12bf\n\n../../../.cache/pypoetry/virtualenvs/uk-bin-collection-EwS6Gn8s-py3.12/lib/python3.12/site-packages/selenium/webdriver/remote/errorhandler.py:229: WebDriverException","steps":[{"name":"Given the council","time":{"start":1729112418898,"stop":1729112418899,"duration":1},"status":"passed","steps":[],"attachments":[],"parameters":[],"shouldDisplayMessage":false,"stepsCount":0,"attachmentsCount":0,"hasContent":false,"attachmentStep":false},{"name":"When we scrape the data from the council","time":{"start":1729112418899,"stop":1729112743507,"duration":324608},"status":"failed","statusMessage":"Message: Unable to route (DELETE) /session/31c4a6e58465e7645da777fa227d12bf\n","statusTrace":"selenium.common.exceptions.WebDriverException: Message: Unable to route (DELETE) /session/31c4a6e58465e7645da777fa227d12bf\n\n","steps":[],"attachments":[],"parameters":[],"shouldDisplayMessage":true,"stepsCount":0,"attachmentsCount":0,"hasContent":true,"attachmentStep":false}],"attachments":[{"uid":"5987048934a7641e","name":"stdout","source":"5987048934a7641e.txt","type":"text/plain","size":4381}],"parameters":[],"shouldDisplayMessage":true,"stepsCount":2,"attachmentsCount":1,"hasContent":true,"attachmentStep":false},"afterStages":[],"labels":[{"name":"host","value":"fv-az1986-129"},{"name":"thread","value":"2658-MainThread"},{"name":"framework","value":"pytest-bdd"},{"name":"language","value":"cpython3"},{"name":"feature","value":"Test each council output matches expected results"},{"name":"resultFormat","value":"allure2"}],"parameters":[{"name":"council","value":"PrestonCityCouncil"}],"links":[],"hidden":false,"retry":false,"extra":{"severity":"normal","retries":[],"categories":[{"name":"Product defects","matchedStatuses":[],"flaky":false}],"history":{"statistic":{"failed":174,"broken":0,"skipped":0,"passed":0,"unknown":0,"total":174},"items":[{"uid":"fa0472ba28db6f94","reportUrl":"https://robbrad.github.io/UKBinCollectionData/3.12/2237//#testresult/fa0472ba28db6f94","status":"failed","statusDetails":"selenium.common.exceptions.WebDriverException: Message: Unable to route (DELETE) /session/bb9dcf438e4a6dd5c4de1fdc625c2fcc","time":{"start":1729038322545,"stop":1729038641764,"duration":319219}},{"uid":"260e1c8d57decb5d","reportUrl":"https://robbrad.github.io/UKBinCollectionData/3.12/2233//#testresult/260e1c8d57decb5d","status":"failed","statusDetails":"selenium.common.exceptions.SessionNotCreatedException: Message: Could not start a new session. New session request timed out \nHost info: host: 'selenium', ip: '172.18.0.2'\nBuild info: version: '4.25.0', revision: '030fcf7918'\nSystem info: os.name: 'Linux', os.arch: 'amd64', os.version: '6.8.0-1015-azure', java.version: '17.0.12'\nDriver info: driver.version: unknown\nStacktrace:\n    at org.openqa.selenium.grid.sessionqueue.local.LocalNewSessionQueue.addToQueue (LocalNewSessionQueue.java:221)\n    at org.openqa.selenium.grid.sessionqueue.NewSessionQueue.lambda$new$0 (NewSessionQueue.java:68)\n    at org.openqa.selenium.remote.http.Route$TemplatizedRoute.handle (Route.java:192)\n    at org.openqa.selenium.remote.http.Route.execute (Route.java:69)\n    at org.openqa.selenium.remote.http.Route$CombinedRoute.handle (Route.java:360)\n    at org.openqa.selenium.remote.http.Route.execute (Route.java:69)\n    at org.openqa.selenium.grid.sessionqueue.NewSessionQueue.execute (NewSessionQueue.java:128)\n    at org.openqa.selenium.remote.tracing.SpanWrappedHttpHandler.execute (SpanWrappedHttpHandler.java:87)\n    at org.openqa.selenium.remote.http.Filter$1.execute (Filter.java:63)\n    at org.openqa.selenium.remote.http.Route$CombinedRoute.handle (Route.java:360)\n    at org.openqa.selenium.remote.http.Route.execute (Route.java:69)\n    at org.openqa.selenium.grid.router.Router.execute (Router.java:87)\n    at org.openqa.selenium.grid.web.EnsureSpecCompliantResponseHeaders.lambda$apply$0 (EnsureSpecCompliantResponseHeaders.java:34)\n    at org.openqa.selenium.remote.http.Filter$1.execute (Filter.java:63)\n    at org.openqa.selenium.remote.http.Route$CombinedRoute.handle (Route.java:360)\n    at org.openqa.selenium.remote.http.Route.execute (Route.java:69)\n    at org.openqa.selenium.remote.AddWebDriverSpecHeaders.lambda$apply$0 (AddWebDriverSpecHeaders.java:35)\n    at org.openqa.selenium.remote.ErrorFilter.lambda$apply$0 (ErrorFilter.java:44)\n    at org.openqa.selenium.remote.http.Filter$1.execute (Filter.java:63)\n    at org.openqa.selenium.remote.ErrorFilter.lambda$apply$0 (ErrorFilter.java:44)\n    at org.openqa.selenium.remote.http.Filter$1.execute (Filter.java:63)\n    at org.openqa.selenium.netty.server.SeleniumHandler.lambda$channelRead0$0 (SeleniumHandler.java:44)\n    at java.util.concurrent.Executors$RunnableAdapter.call (Executors.java:539)\n    at java.util.concurrent.FutureTask.run (FutureTask.java:264)\n    at java.util.concurrent.ThreadPoolExecutor.runWorker (ThreadPoolExecutor.java:1136)\n    at java.util.concurrent.ThreadPoolExecutor$Worker.run (ThreadPoolExecutor.java:635)\n    at java.lang.Thread.run (Thread.java:840)","time":{"start":1728952350502,"stop":1728952650534,"duration":300032}},{"uid":"eaec99e92a3f5017","reportUrl":"https://robbrad.github.io/UKBinCollectionData/3.12/2227//#testresult/eaec99e92a3f5017","status":"failed","statusDetails":"selenium.common.exceptions.WebDriverException: Message: Unable to route (DELETE) /session/83eeb578e940bdf4a38dbda2882f6a04","time":{"start":1728865561979,"stop":1728865868112,"duration":306133}},{"uid":"b103158801b32ccc","reportUrl":"https://robbrad.github.io/UKBinCollectionData/3.12/2214//#testresult/b103158801b32ccc","status":"failed","statusDetails":"selenium.common.exceptions.WebDriverException: Message: Unable to route (DELETE) /session/10f329f7da5e56601a219f1063d0e4af","time":{"start":1728778869351,"stop":1728779175749,"duration":306398}},{"uid":"356e272a5264f9b1","reportUrl":"https://robbrad.github.io/UKBinCollectionData/3.12/2211//#testresult/356e272a5264f9b1","status":"failed","statusDetails":"selenium.common.exceptions.WebDriverException: Message: Unable to route (DELETE) /session/3cd01b18cabfc487486e741b46d8d65f","time":{"start":1728692786200,"stop":1728693162660,"duration":376460}},{"uid":"15c525f9fed7d485","reportUrl":"https://robbrad.github.io/UKBinCollectionData/3.12/2210//#testresult/15c525f9fed7d485","status":"failed","statusDetails":"selenium.common.exceptions.WebDriverException: Message: Unable to route (DELETE) /session/45fbd277ffae33ff59cb02a6f1d92bfd","time":{"start":1728606062397,"stop":1728606376500,"duration":314103}},{"uid":"6d918a05580e58aa","reportUrl":"https://robbrad.github.io/UKBinCollectionData/3.12/2199//#testresult/6d918a05580e58aa","status":"failed","statusDetails":"selenium.common.exceptions.WebDriverException: Message: Unable to route (DELETE) /session/d1293a30451a20640811c3a831e765f5","time":{"start":1728519718022,"stop":1728520037736,"duration":319714}},{"uid":"f5ce8b32bf64fc88","reportUrl":"https://robbrad.github.io/UKBinCollectionData/3.12/2188//#testresult/f5ce8b32bf64fc88","status":"failed","statusDetails":"selenium.common.exceptions.SessionNotCreatedException: Message: Could not start a new session. New session request timed out \nHost info: host: 'selenium', ip: '172.18.0.2'\nBuild info: version: '4.25.0', revision: '030fcf7918'\nSystem info: os.name: 'Linux', os.arch: 'amd64', os.version: '6.8.0-1014-azure', java.version: '17.0.12'\nDriver info: driver.version: unknown\nStacktrace:\n    at org.openqa.selenium.grid.sessionqueue.local.LocalNewSessionQueue.addToQueue (LocalNewSessionQueue.java:221)\n    at org.openqa.selenium.grid.sessionqueue.NewSessionQueue.lambda$new$0 (NewSessionQueue.java:68)\n    at org.openqa.selenium.remote.http.Route$TemplatizedRoute.handle (Route.java:192)\n    at org.openqa.selenium.remote.http.Route.execute (Route.java:69)\n    at org.openqa.selenium.remote.http.Route$CombinedRoute.handle (Route.java:360)\n    at org.openqa.selenium.remote.http.Route.execute (Route.java:69)\n    at org.openqa.selenium.grid.sessionqueue.NewSessionQueue.execute (NewSessionQueue.java:128)\n    at org.openqa.selenium.remote.tracing.SpanWrappedHttpHandler.execute (SpanWrappedHttpHandler.java:87)\n    at org.openqa.selenium.remote.http.Filter$1.execute (Filter.java:63)\n    at org.openqa.selenium.remote.http.Route$CombinedRoute.handle (Route.java:360)\n    at org.openqa.selenium.remote.http.Route.execute (Route.java:69)\n    at org.openqa.selenium.grid.router.Router.execute (Router.java:87)\n    at org.openqa.selenium.grid.web.EnsureSpecCompliantResponseHeaders.lambda$apply$0 (EnsureSpecCompliantResponseHeaders.java:34)\n    at org.openqa.selenium.remote.http.Filter$1.execute (Filter.java:63)\n    at org.openqa.selenium.remote.http.Route$CombinedRoute.handle (Route.java:360)\n    at org.openqa.selenium.remote.http.Route.execute (Route.java:69)\n    at org.openqa.selenium.remote.AddWebDriverSpecHeaders.lambda$apply$0 (AddWebDriverSpecHeaders.java:35)\n    at org.openqa.selenium.remote.ErrorFilter.lambda$apply$0 (ErrorFilter.java:44)\n    at org.openqa.selenium.remote.http.Filter$1.execute (Filter.java:63)\n    at org.openqa.selenium.remote.ErrorFilter.lambda$apply$0 (ErrorFilter.java:44)\n    at org.openqa.selenium.remote.http.Filter$1.execute (Filter.java:63)\n    at org.openqa.selenium.netty.server.SeleniumHandler.lambda$channelRead0$0 (SeleniumHandler.java:44)\n    at java.util.concurrent.Executors$RunnableAdapter.call (Executors.java:539)\n    at java.util.concurrent.FutureTask.run (FutureTask.java:264)\n    at java.util.concurrent.ThreadPoolExecutor.runWorker (ThreadPoolExecutor.java:1136)\n    at java.util.concurrent.ThreadPoolExecutor$Worker.run (ThreadPoolExecutor.java:635)\n    at java.lang.Thread.run (Thread.java:840)","time":{"start":1728433634720,"stop":1728433934759,"duration":300039}},{"uid":"e58c066c51d5296b","reportUrl":"https://robbrad.github.io/UKBinCollectionData/3.12/2169//#testresult/e58c066c51d5296b","status":"failed","statusDetails":"selenium.common.exceptions.WebDriverException: Message: Unable to route (DELETE) /session/f46ff71b7cd0f6c74f278baf83ddc474","time":{"start":1728332987013,"stop":1728333314084,"duration":327071}},{"uid":"3f94e5a18d276ff1","reportUrl":"https://robbrad.github.io/UKBinCollectionData/3.12/2165//#testresult/3f94e5a18d276ff1","status":"failed","statusDetails":"selenium.common.exceptions.SessionNotCreatedException: Message: Could not start a new session. New session request timed out \nHost info: host: 'selenium', ip: '172.18.0.2'\nBuild info: version: '4.25.0', revision: '030fcf7918'\nSystem info: os.name: 'Linux', os.arch: 'amd64', os.version: '6.8.0-1014-azure', java.version: '17.0.12'\nDriver info: driver.version: unknown\nStacktrace:\n    at org.openqa.selenium.grid.sessionqueue.local.LocalNewSessionQueue.addToQueue (LocalNewSessionQueue.java:221)\n    at org.openqa.selenium.grid.sessionqueue.NewSessionQueue.lambda$new$0 (NewSessionQueue.java:68)\n    at org.openqa.selenium.remote.http.Route$TemplatizedRoute.handle (Route.java:192)\n    at org.openqa.selenium.remote.http.Route.execute (Route.java:69)\n    at org.openqa.selenium.remote.http.Route$CombinedRoute.handle (Route.java:360)\n    at org.openqa.selenium.remote.http.Route.execute (Route.java:69)\n    at org.openqa.selenium.grid.sessionqueue.NewSessionQueue.execute (NewSessionQueue.java:128)\n    at org.openqa.selenium.remote.tracing.SpanWrappedHttpHandler.execute (SpanWrappedHttpHandler.java:87)\n    at org.openqa.selenium.remote.http.Filter$1.execute (Filter.java:63)\n    at org.openqa.selenium.remote.http.Route$CombinedRoute.handle (Route.java:360)\n    at org.openqa.selenium.remote.http.Route.execute (Route.java:69)\n    at org.openqa.selenium.grid.router.Router.execute (Router.java:87)\n    at org.openqa.selenium.grid.web.EnsureSpecCompliantResponseHeaders.lambda$apply$0 (EnsureSpecCompliantResponseHeaders.java:34)\n    at org.openqa.selenium.remote.http.Filter$1.execute (Filter.java:63)\n    at org.openqa.selenium.remote.http.Route$CombinedRoute.handle (Route.java:360)\n    at org.openqa.selenium.remote.http.Route.execute (Route.java:69)\n    at org.openqa.selenium.remote.AddWebDriverSpecHeaders.lambda$apply$0 (AddWebDriverSpecHeaders.java:35)\n    at org.openqa.selenium.remote.ErrorFilter.lambda$apply$0 (ErrorFilter.java:44)\n    at org.openqa.selenium.remote.http.Filter$1.execute (Filter.java:63)\n    at org.openqa.selenium.remote.ErrorFilter.lambda$apply$0 (ErrorFilter.java:44)\n    at org.openqa.selenium.remote.http.Filter$1.execute (Filter.java:63)\n    at org.openqa.selenium.netty.server.SeleniumHandler.lambda$channelRead0$0 (SeleniumHandler.java:44)\n    at java.util.concurrent.Executors$RunnableAdapter.call (Executors.java:539)\n    at java.util.concurrent.FutureTask.run (FutureTask.java:264)\n    at java.util.concurrent.ThreadPoolExecutor.runWorker (ThreadPoolExecutor.java:1136)\n    at java.util.concurrent.ThreadPoolExecutor$Worker.run (ThreadPoolExecutor.java:635)\n    at java.lang.Thread.run (Thread.java:840)","time":{"start":1728260859003,"stop":1728261159182,"duration":300179}},{"uid":"f7f987204c4840d0","reportUrl":"https://robbrad.github.io/UKBinCollectionData/3.12/2164//#testresult/f7f987204c4840d0","status":"failed","statusDetails":"selenium.common.exceptions.WebDriverException: Message: Unable to route (DELETE) /session/3155d2167bab4beabfc79258cb51e5f8","time":{"start":1728174193249,"stop":1728174506981,"duration":313732}},{"uid":"5a79e0f9731b644e","reportUrl":"https://robbrad.github.io/UKBinCollectionData/3.12/2160//#testresult/5a79e0f9731b644e","status":"failed","statusDetails":"selenium.common.exceptions.WebDriverException: Message: Unable to route (DELETE) /session/20d5d12ab30453ec94a914ed166504a7","time":{"start":1728087388539,"stop":1728087691933,"duration":303394}},{"uid":"b2cd29d13a027c38","reportUrl":"https://robbrad.github.io/UKBinCollectionData/3.12/2152//#testresult/b2cd29d13a027c38","status":"failed","statusDetails":"selenium.common.exceptions.WebDriverException: Message: Unable to route (DELETE) /session/42d887b46b2bf613b614f799d48a7ca9","time":{"start":1728001303604,"stop":1728001609877,"duration":306273}},{"uid":"b11018a89016f547","reportUrl":"https://robbrad.github.io/UKBinCollectionData/3.12/2148//#testresult/b11018a89016f547","status":"failed","statusDetails":"selenium.common.exceptions.WebDriverException: Message: Unable to route (DELETE) /session/aa058fd4502a27ff1dc194c424945192","time":{"start":1727932950380,"stop":1727933261616,"duration":311236}},{"uid":"dcebcb522a4d7b9f","reportUrl":"https://robbrad.github.io/UKBinCollectionData/3.12/2146//#testresult/dcebcb522a4d7b9f","status":"failed","statusDetails":"selenium.common.exceptions.WebDriverException: Message: Unable to route (DELETE) /session/0e42b4c74b2fdb67690d4a96787074f9","time":{"start":1727914755405,"stop":1727915074677,"duration":319272}},{"uid":"a1a3a8b88b665b2d","reportUrl":"https://robbrad.github.io/UKBinCollectionData/3.12/2139//#testresult/a1a3a8b88b665b2d","status":"failed","statusDetails":"selenium.common.exceptions.WebDriverException: Message: Unable to route (DELETE) /session/ab263a78a6b50b3defcfb53dcccc42fc","time":{"start":1727828297488,"stop":1727828616018,"duration":318530}},{"uid":"1877dbc522c2e67","reportUrl":"https://robbrad.github.io/UKBinCollectionData/3.12/2138//#testresult/1877dbc522c2e67","status":"failed","statusDetails":"selenium.common.exceptions.WebDriverException: Message: Unable to route (DELETE) /session/5aa738cbcecf4228619e7b7016291e12","time":{"start":1727741952913,"stop":1727742282013,"duration":329100}},{"uid":"a5517826167046a2","reportUrl":"https://robbrad.github.io/UKBinCollectionData/3.12/2137//#testresult/a5517826167046a2","status":"failed","statusDetails":"selenium.common.exceptions.WebDriverException: Message: Unable to route (DELETE) /session/4ac3d8cd818d63a732fe041da0efe1a6","time":{"start":1727655574418,"stop":1727655898144,"duration":323726}},{"uid":"97513cf31b1e5d73","reportUrl":"https://robbrad.github.io/UKBinCollectionData/3.12/2136//#testresult/97513cf31b1e5d73","status":"failed","statusDetails":"selenium.common.exceptions.SessionNotCreatedException: Message: Could not start a new session. New session request timed out \nHost info: host: 'selenium', ip: '172.18.0.2'\nBuild info: version: '4.25.0', revision: '030fcf7918'\nSystem info: os.name: 'Linux', os.arch: 'amd64', os.version: '6.8.0-1014-azure', java.version: '17.0.12'\nDriver info: driver.version: unknown\nStacktrace:\n    at org.openqa.selenium.grid.sessionqueue.local.LocalNewSessionQueue.addToQueue (LocalNewSessionQueue.java:221)\n    at org.openqa.selenium.grid.sessionqueue.NewSessionQueue.lambda$new$0 (NewSessionQueue.java:68)\n    at org.openqa.selenium.remote.http.Route$TemplatizedRoute.handle (Route.java:192)\n    at org.openqa.selenium.remote.http.Route.execute (Route.java:69)\n    at org.openqa.selenium.remote.http.Route$CombinedRoute.handle (Route.java:360)\n    at org.openqa.selenium.remote.http.Route.execute (Route.java:69)\n    at org.openqa.selenium.grid.sessionqueue.NewSessionQueue.execute (NewSessionQueue.java:128)\n    at org.openqa.selenium.remote.tracing.SpanWrappedHttpHandler.execute (SpanWrappedHttpHandler.java:87)\n    at org.openqa.selenium.remote.http.Filter$1.execute (Filter.java:63)\n    at org.openqa.selenium.remote.http.Route$CombinedRoute.handle (Route.java:360)\n    at org.openqa.selenium.remote.http.Route.execute (Route.java:69)\n    at org.openqa.selenium.grid.router.Router.execute (Router.java:87)\n    at org.openqa.selenium.grid.web.EnsureSpecCompliantResponseHeaders.lambda$apply$0 (EnsureSpecCompliantResponseHeaders.java:34)\n    at org.openqa.selenium.remote.http.Filter$1.execute (Filter.java:63)\n    at org.openqa.selenium.remote.http.Route$CombinedRoute.handle (Route.java:360)\n    at org.openqa.selenium.remote.http.Route.execute (Route.java:69)\n    at org.openqa.selenium.remote.AddWebDriverSpecHeaders.lambda$apply$0 (AddWebDriverSpecHeaders.java:35)\n    at org.openqa.selenium.remote.ErrorFilter.lambda$apply$0 (ErrorFilter.java:44)\n    at org.openqa.selenium.remote.http.Filter$1.execute (Filter.java:63)\n    at org.openqa.selenium.remote.ErrorFilter.lambda$apply$0 (ErrorFilter.java:44)\n    at org.openqa.selenium.remote.http.Filter$1.execute (Filter.java:63)\n    at org.openqa.selenium.netty.server.SeleniumHandler.lambda$channelRead0$0 (SeleniumHandler.java:44)\n    at java.util.concurrent.Executors$RunnableAdapter.call (Executors.java:539)\n    at java.util.concurrent.FutureTask.run (FutureTask.java:264)\n    at java.util.concurrent.ThreadPoolExecutor.runWorker (ThreadPoolExecutor.java:1136)\n    at java.util.concurrent.ThreadPoolExecutor$Worker.run (ThreadPoolExecutor.java:635)\n    at java.lang.Thread.run (Thread.java:840)","time":{"start":1727569226462,"stop":1727569526503,"duration":300041}},{"uid":"2d98e3773435f3d2","reportUrl":"https://robbrad.github.io/UKBinCollectionData/3.12/2135//#testresult/2d98e3773435f3d2","status":"failed","statusDetails":"selenium.common.exceptions.WebDriverException: Message: Unable to route (DELETE) /session/58dc466a409228ba935ed69c1d02ee71","time":{"start":1727482784766,"stop":1727483161491,"duration":376725}}]},"tags":[]},"source":"11626e8c62a740b6.json","parameterValues":["PrestonCityCouncil"]}