{"uid":"48ccfd23acf5a3ac","name":"Validate Council Output [EastLindseyDistrictCouncil]","fullName":"features/validate_council_outputs.feature:Validate Council Output","historyId":"519a697efdcc9e7678d3369921187d0b","time":{"start":1729111435505,"stop":1729111543989,"duration":108484},"status":"failed","statusMessage":"selenium.common.exceptions.TimeoutException: Message: \nStacktrace:\n#0 0x55eb479fab9a <unknown>\n#1 0x55eb476e0670 <unknown>\n#2 0x55eb4772fc48 <unknown>\n#3 0x55eb4772fee1 <unknown>\n#4 0x55eb47776924 <unknown>\n#5 0x55eb47754bad <unknown>\n#6 0x55eb47773dd6 <unknown>\n#7 0x55eb47754923 <unknown>\n#8 0x55eb477226e7 <unknown>\n#9 0x55eb477236de <unknown>\n#10 0x55eb479c466b <unknown>\n#11 0x55eb479c8611 <unknown>\n#12 0x55eb479b04e5 <unknown>\n#13 0x55eb479c9192 <unknown>\n#14 0x55eb479956ef <unknown>\n#15 0x55eb479e99d8 <unknown>\n#16 0x55eb479e9ba7 <unknown>\n#17 0x55eb479f99ec <unknown>\n#18 0x7fabd8d2ca94 <unknown>\n#19 0x7fabd8db9a34 __clone","statusTrace":"fixturefunc = <function scrape_step at 0x7fa065a7c860>\nrequest = <FixtureRequest for <Function test_scenario_outline[EastLindseyDistrictCouncil]>>\nkwargs = {'context': <test_validate_council.Context object at 0x7fa0787f15e0>, 'headless_mode': 'True', 'local_browser': 'False', 'selenium_url': 'http://localhost:4444'}\n\n    def call_fixture_func(\n        fixturefunc: _FixtureFunc[FixtureValue], request: FixtureRequest, kwargs\n    ) -> FixtureValue:\n        if is_generator(fixturefunc):\n            fixturefunc = cast(\n                Callable[..., Generator[FixtureValue, None, None]], fixturefunc\n            )\n            generator = fixturefunc(**kwargs)\n            try:\n                fixture_result = next(generator)\n            except StopIteration:\n                raise ValueError(f\"{request.fixturename} did not yield a value\") from None\n            finalizer = functools.partial(_teardown_yield_fixture, fixturefunc, generator)\n            request.addfinalizer(finalizer)\n        else:\n            fixturefunc = cast(Callable[..., FixtureValue], fixturefunc)\n>           fixture_result = fixturefunc(**kwargs)\n\n../../../.cache/pypoetry/virtualenvs/uk-bin-collection-EwS6Gn8s-py3.12/lib/python3.12/site-packages/_pytest/fixtures.py:898: \n_ _ _ _ _ _ _ _ _ _ _ _ _ _ _ _ _ _ _ _ _ _ _ _ _ _ _ _ _ _ _ _ _ _ _ _ _ _ _ _ \nuk_bin_collection/tests/step_defs/test_validate_council.py:100: in scrape_step\n    context.parse_result = CollectData.run()\nuk_bin_collection/uk_bin_collection/collect_data.py:101: in run\n    return self.client_code(\nuk_bin_collection/uk_bin_collection/collect_data.py:121: in client_code\n    return get_bin_data_class.template_method(address_url, **kwargs)\nuk_bin_collection/uk_bin_collection/get_bin_data.py:61: in template_method\n    bin_data_dict = self.get_and_parse_data(this_url, **kwargs)\nuk_bin_collection/uk_bin_collection/get_bin_data.py:84: in get_and_parse_data\n    bin_data_dict = self.parse_data(\"\", url=address_url, **kwargs)\nuk_bin_collection/uk_bin_collection/councils/EastLindseyDistrictCouncil.py:36: in parse_data\n    inputElement_postcode = WebDriverWait(driver, 30).until(\n_ _ _ _ _ _ _ _ _ _ _ _ _ _ _ _ _ _ _ _ _ _ _ _ _ _ _ _ _ _ _ _ _ _ _ _ _ _ _ _ \n\nself = <selenium.webdriver.support.wait.WebDriverWait (session=\"b071c67da9054dfd53a794bffdbfdfca\")>\nmethod = <function presence_of_element_located.<locals>._predicate at 0x7fa064d19b20>\nmessage = ''\n\n    def until(self, method: Callable[[D], Union[Literal[False], T]], message: str = \"\") -> T:\n        \"\"\"Calls the method provided with the driver as an argument until the \\\n        return value does not evaluate to ``False``.\n    \n        :param method: callable(WebDriver)\n        :param message: optional message for :exc:`TimeoutException`\n        :returns: the result of the last call to `method`\n        :raises: :exc:`selenium.common.exceptions.TimeoutException` if timeout occurs\n        \"\"\"\n        screen = None\n        stacktrace = None\n    \n        end_time = time.monotonic() + self._timeout\n        while True:\n            try:\n                value = method(self._driver)\n                if value:\n                    return value\n            except self._ignored_exceptions as exc:\n                screen = getattr(exc, \"screen\", None)\n                stacktrace = getattr(exc, \"stacktrace\", None)\n            time.sleep(self._poll)\n            if time.monotonic() > end_time:\n                break\n>       raise TimeoutException(message, screen, stacktrace)\nE       selenium.common.exceptions.TimeoutException: Message: \nE       Stacktrace:\nE       #0 0x55eb479fab9a <unknown>\nE       #1 0x55eb476e0670 <unknown>\nE       #2 0x55eb4772fc48 <unknown>\nE       #3 0x55eb4772fee1 <unknown>\nE       #4 0x55eb47776924 <unknown>\nE       #5 0x55eb47754bad <unknown>\nE       #6 0x55eb47773dd6 <unknown>\nE       #7 0x55eb47754923 <unknown>\nE       #8 0x55eb477226e7 <unknown>\nE       #9 0x55eb477236de <unknown>\nE       #10 0x55eb479c466b <unknown>\nE       #11 0x55eb479c8611 <unknown>\nE       #12 0x55eb479b04e5 <unknown>\nE       #13 0x55eb479c9192 <unknown>\nE       #14 0x55eb479956ef <unknown>\nE       #15 0x55eb479e99d8 <unknown>\nE       #16 0x55eb479e9ba7 <unknown>\nE       #17 0x55eb479f99ec <unknown>\nE       #18 0x7fabd8d2ca94 <unknown>\nE       #19 0x7fabd8db9a34 __clone\n\n../../../.cache/pypoetry/virtualenvs/uk-bin-collection-EwS6Gn8s-py3.12/lib/python3.12/site-packages/selenium/webdriver/support/wait.py:105: TimeoutException","flaky":false,"newFailed":false,"newBroken":false,"newPassed":false,"retriesCount":0,"retriesStatusChange":false,"beforeStages":[],"testStage":{"status":"failed","statusMessage":"selenium.common.exceptions.TimeoutException: Message: \nStacktrace:\n#0 0x55eb479fab9a <unknown>\n#1 0x55eb476e0670 <unknown>\n#2 0x55eb4772fc48 <unknown>\n#3 0x55eb4772fee1 <unknown>\n#4 0x55eb47776924 <unknown>\n#5 0x55eb47754bad <unknown>\n#6 0x55eb47773dd6 <unknown>\n#7 0x55eb47754923 <unknown>\n#8 0x55eb477226e7 <unknown>\n#9 0x55eb477236de <unknown>\n#10 0x55eb479c466b <unknown>\n#11 0x55eb479c8611 <unknown>\n#12 0x55eb479b04e5 <unknown>\n#13 0x55eb479c9192 <unknown>\n#14 0x55eb479956ef <unknown>\n#15 0x55eb479e99d8 <unknown>\n#16 0x55eb479e9ba7 <unknown>\n#17 0x55eb479f99ec <unknown>\n#18 0x7fabd8d2ca94 <unknown>\n#19 0x7fabd8db9a34 __clone","statusTrace":"fixturefunc = <function scrape_step at 0x7fa065a7c860>\nrequest = <FixtureRequest for <Function test_scenario_outline[EastLindseyDistrictCouncil]>>\nkwargs = {'context': <test_validate_council.Context object at 0x7fa0787f15e0>, 'headless_mode': 'True', 'local_browser': 'False', 'selenium_url': 'http://localhost:4444'}\n\n    def call_fixture_func(\n        fixturefunc: _FixtureFunc[FixtureValue], request: FixtureRequest, kwargs\n    ) -> FixtureValue:\n        if is_generator(fixturefunc):\n            fixturefunc = cast(\n                Callable[..., Generator[FixtureValue, None, None]], fixturefunc\n            )\n            generator = fixturefunc(**kwargs)\n            try:\n                fixture_result = next(generator)\n            except StopIteration:\n                raise ValueError(f\"{request.fixturename} did not yield a value\") from None\n            finalizer = functools.partial(_teardown_yield_fixture, fixturefunc, generator)\n            request.addfinalizer(finalizer)\n        else:\n            fixturefunc = cast(Callable[..., FixtureValue], fixturefunc)\n>           fixture_result = fixturefunc(**kwargs)\n\n../../../.cache/pypoetry/virtualenvs/uk-bin-collection-EwS6Gn8s-py3.12/lib/python3.12/site-packages/_pytest/fixtures.py:898: \n_ _ _ _ _ _ _ _ _ _ _ _ _ _ _ _ _ _ _ _ _ _ _ _ _ _ _ _ _ _ _ _ _ _ _ _ _ _ _ _ \nuk_bin_collection/tests/step_defs/test_validate_council.py:100: in scrape_step\n    context.parse_result = CollectData.run()\nuk_bin_collection/uk_bin_collection/collect_data.py:101: in run\n    return self.client_code(\nuk_bin_collection/uk_bin_collection/collect_data.py:121: in client_code\n    return get_bin_data_class.template_method(address_url, **kwargs)\nuk_bin_collection/uk_bin_collection/get_bin_data.py:61: in template_method\n    bin_data_dict = self.get_and_parse_data(this_url, **kwargs)\nuk_bin_collection/uk_bin_collection/get_bin_data.py:84: in get_and_parse_data\n    bin_data_dict = self.parse_data(\"\", url=address_url, **kwargs)\nuk_bin_collection/uk_bin_collection/councils/EastLindseyDistrictCouncil.py:36: in parse_data\n    inputElement_postcode = WebDriverWait(driver, 30).until(\n_ _ _ _ _ _ _ _ _ _ _ _ _ _ _ _ _ _ _ _ _ _ _ _ _ _ _ _ _ _ _ _ _ _ _ _ _ _ _ _ \n\nself = <selenium.webdriver.support.wait.WebDriverWait (session=\"b071c67da9054dfd53a794bffdbfdfca\")>\nmethod = <function presence_of_element_located.<locals>._predicate at 0x7fa064d19b20>\nmessage = ''\n\n    def until(self, method: Callable[[D], Union[Literal[False], T]], message: str = \"\") -> T:\n        \"\"\"Calls the method provided with the driver as an argument until the \\\n        return value does not evaluate to ``False``.\n    \n        :param method: callable(WebDriver)\n        :param message: optional message for :exc:`TimeoutException`\n        :returns: the result of the last call to `method`\n        :raises: :exc:`selenium.common.exceptions.TimeoutException` if timeout occurs\n        \"\"\"\n        screen = None\n        stacktrace = None\n    \n        end_time = time.monotonic() + self._timeout\n        while True:\n            try:\n                value = method(self._driver)\n                if value:\n                    return value\n            except self._ignored_exceptions as exc:\n                screen = getattr(exc, \"screen\", None)\n                stacktrace = getattr(exc, \"stacktrace\", None)\n            time.sleep(self._poll)\n            if time.monotonic() > end_time:\n                break\n>       raise TimeoutException(message, screen, stacktrace)\nE       selenium.common.exceptions.TimeoutException: Message: \nE       Stacktrace:\nE       #0 0x55eb479fab9a <unknown>\nE       #1 0x55eb476e0670 <unknown>\nE       #2 0x55eb4772fc48 <unknown>\nE       #3 0x55eb4772fee1 <unknown>\nE       #4 0x55eb47776924 <unknown>\nE       #5 0x55eb47754bad <unknown>\nE       #6 0x55eb47773dd6 <unknown>\nE       #7 0x55eb47754923 <unknown>\nE       #8 0x55eb477226e7 <unknown>\nE       #9 0x55eb477236de <unknown>\nE       #10 0x55eb479c466b <unknown>\nE       #11 0x55eb479c8611 <unknown>\nE       #12 0x55eb479b04e5 <unknown>\nE       #13 0x55eb479c9192 <unknown>\nE       #14 0x55eb479956ef <unknown>\nE       #15 0x55eb479e99d8 <unknown>\nE       #16 0x55eb479e9ba7 <unknown>\nE       #17 0x55eb479f99ec <unknown>\nE       #18 0x7fabd8d2ca94 <unknown>\nE       #19 0x7fabd8db9a34 __clone\n\n../../../.cache/pypoetry/virtualenvs/uk-bin-collection-EwS6Gn8s-py3.12/lib/python3.12/site-packages/selenium/webdriver/support/wait.py:105: TimeoutException","steps":[{"name":"Given the council","time":{"start":1729111435505,"stop":1729111435506,"duration":1},"status":"passed","steps":[],"attachments":[],"parameters":[],"shouldDisplayMessage":false,"stepsCount":0,"attachmentsCount":0,"hasContent":false,"attachmentStep":false},{"name":"When we scrape the data from the council","time":{"start":1729111435506,"stop":1729111543989,"duration":108483},"status":"failed","statusMessage":"Message: \nStacktrace:\n#0 0x55eb479fab9a <unknown>\n#1 0x55eb476e0670 <unknown>\n#2 0x55eb4772fc48 <unknown>\n#3 0x55eb4772fee1 <unknown>\n#4 0x55eb47776924 <unknown>\n#5 0x55eb47754bad <unknown>\n#6 0x55eb47773dd6 <unknown>\n#7 0x55eb47754923 <unknown>\n#8 0x55eb477226e7 <unknown>\n#9 0x55eb477236de <unknown>\n#10 0x55eb479c466b <unknown>\n#11 0x55eb479c8611 <unknown>\n#12 0x55eb479b04e5 <unknown>\n#13 0x55eb479c9192 <unknown>\n#14 0x55eb479956ef <unknown>\n#15 0x55eb479e99d8 <unknown>\n#16 0x55eb479e9ba7 <unknown>\n#17 0x55eb479f99ec <unknown>\n#18 0x7fabd8d2ca94 <unknown>\n#19 0x7fabd8db9a34 __clone\n","statusTrace":"selenium.common.exceptions.TimeoutException: Message: \nStacktrace:\n#0 0x55eb479fab9a <unknown>\n#1 0x55eb476e0670 <unknown>\n#2 0x55eb4772fc48 <unknown>\n#3 0x55eb4772fee1 <unknown>\n#4 0x55eb47776924 <unknown>\n#5 0x55eb47754bad <unknown>\n#6 0x55eb47773dd6 <unknown>\n#7 0x55eb47754923 <unknown>\n#8 0x55eb477226e7 <unknown>\n#9 0x55eb477236de <unknown>\n#10 0x55eb479c466b <unknown>\n#11 0x55eb479c8611 <unknown>\n#12 0x55eb479b04e5 <unknown>\n#13 0x55eb479c9192 <unknown>\n#14 0x55eb479956ef <unknown>\n#15 0x55eb479e99d8 <unknown>\n#16 0x55eb479e9ba7 <unknown>\n#17 0x55eb479f99ec <unknown>\n#18 0x7fabd8d2ca94 <unknown>\n#19 0x7fabd8db9a34 __clone\n\n","steps":[],"attachments":[],"parameters":[],"shouldDisplayMessage":true,"stepsCount":0,"attachmentsCount":0,"hasContent":true,"attachmentStep":false}],"attachments":[{"uid":"79b50a034cea2219","name":"stdout","source":"79b50a034cea2219.txt","type":"text/plain","size":663}],"parameters":[],"shouldDisplayMessage":true,"stepsCount":2,"attachmentsCount":1,"hasContent":true,"attachmentStep":false},"afterStages":[],"labels":[{"name":"host","value":"fv-az1986-129"},{"name":"thread","value":"2655-MainThread"},{"name":"framework","value":"pytest-bdd"},{"name":"language","value":"cpython3"},{"name":"feature","value":"Test each council output matches expected results"},{"name":"resultFormat","value":"allure2"}],"parameters":[{"name":"council","value":"EastLindseyDistrictCouncil"}],"links":[],"hidden":false,"retry":false,"extra":{"severity":"normal","retries":[],"categories":[{"name":"Product defects","matchedStatuses":[],"flaky":false}],"history":{"statistic":{"failed":174,"broken":0,"skipped":0,"passed":0,"unknown":0,"total":174},"items":[{"uid":"be6d774d39d09720","reportUrl":"https://robbrad.github.io/UKBinCollectionData/3.12/2237//#testresult/be6d774d39d09720","status":"failed","statusDetails":"selenium.common.exceptions.TimeoutException: Message: \nStacktrace:\n#0 0x5592a6c09b9a <unknown>\n#1 0x5592a68ef670 <unknown>\n#2 0x5592a693ec48 <unknown>\n#3 0x5592a693eee1 <unknown>\n#4 0x5592a6985924 <unknown>\n#5 0x5592a6963bad <unknown>\n#6 0x5592a6982dd6 <unknown>\n#7 0x5592a6963923 <unknown>\n#8 0x5592a69316e7 <unknown>\n#9 0x5592a69326de <unknown>\n#10 0x5592a6bd366b <unknown>\n#11 0x5592a6bd7611 <unknown>\n#12 0x5592a6bbf4e5 <unknown>\n#13 0x5592a6bd8192 <unknown>\n#14 0x5592a6ba46ef <unknown>\n#15 0x5592a6bf89d8 <unknown>\n#16 0x5592a6bf8ba7 <unknown>\n#17 0x5592a6c089ec <unknown>\n#18 0x7f48eb0dba94 <unknown>\n#19 0x7f48eb168a34 __clone","time":{"start":1729037024097,"stop":1729037099644,"duration":75547}},{"uid":"441effbce53cd0d2","reportUrl":"https://robbrad.github.io/UKBinCollectionData/3.12/2233//#testresult/441effbce53cd0d2","status":"failed","statusDetails":"selenium.common.exceptions.TimeoutException: Message: \nStacktrace:\n#0 0x559c57f63b9a <unknown>\n#1 0x559c57c49670 <unknown>\n#2 0x559c57c98c48 <unknown>\n#3 0x559c57c98ee1 <unknown>\n#4 0x559c57cdf924 <unknown>\n#5 0x559c57cbdbad <unknown>\n#6 0x559c57cdcdd6 <unknown>\n#7 0x559c57cbd923 <unknown>\n#8 0x559c57c8b6e7 <unknown>\n#9 0x559c57c8c6de <unknown>\n#10 0x559c57f2d66b <unknown>\n#11 0x559c57f31611 <unknown>\n#12 0x559c57f194e5 <unknown>\n#13 0x559c57f32192 <unknown>\n#14 0x559c57efe6ef <unknown>\n#15 0x559c57f529d8 <unknown>\n#16 0x559c57f52ba7 <unknown>\n#17 0x559c57f629ec <unknown>\n#18 0x7f2ddc7b2a94 <unknown>\n#19 0x7f2ddc83fa34 __clone","time":{"start":1728950666953,"stop":1728950740873,"duration":73920}},{"uid":"9381ab24ba33b54e","reportUrl":"https://robbrad.github.io/UKBinCollectionData/3.12/2227//#testresult/9381ab24ba33b54e","status":"failed","statusDetails":"selenium.common.exceptions.TimeoutException: Message: \nStacktrace:\n#0 0x555e22e61b9a <unknown>\n#1 0x555e22b47670 <unknown>\n#2 0x555e22b96c48 <unknown>\n#3 0x555e22b96ee1 <unknown>\n#4 0x555e22bdd924 <unknown>\n#5 0x555e22bbbbad <unknown>\n#6 0x555e22bdadd6 <unknown>\n#7 0x555e22bbb923 <unknown>\n#8 0x555e22b896e7 <unknown>\n#9 0x555e22b8a6de <unknown>\n#10 0x555e22e2b66b <unknown>\n#11 0x555e22e2f611 <unknown>\n#12 0x555e22e174e5 <unknown>\n#13 0x555e22e30192 <unknown>\n#14 0x555e22dfc6ef <unknown>\n#15 0x555e22e509d8 <unknown>\n#16 0x555e22e50ba7 <unknown>\n#17 0x555e22e609ec <unknown>\n#18 0x7f6d4171fa94 <unknown>\n#19 0x7f6d417aca34 __clone","time":{"start":1728864243578,"stop":1728864337284,"duration":93706}},{"uid":"11d7aa0f88d0ad56","reportUrl":"https://robbrad.github.io/UKBinCollectionData/3.12/2214//#testresult/11d7aa0f88d0ad56","status":"failed","statusDetails":"selenium.common.exceptions.TimeoutException: Message: \nStacktrace:\n#0 0x556f985cab9a <unknown>\n#1 0x556f982b0670 <unknown>\n#2 0x556f982ffc48 <unknown>\n#3 0x556f982ffee1 <unknown>\n#4 0x556f98346924 <unknown>\n#5 0x556f98324bad <unknown>\n#6 0x556f98343dd6 <unknown>\n#7 0x556f98324923 <unknown>\n#8 0x556f982f26e7 <unknown>\n#9 0x556f982f36de <unknown>\n#10 0x556f9859466b <unknown>\n#11 0x556f98598611 <unknown>\n#12 0x556f985804e5 <unknown>\n#13 0x556f98599192 <unknown>\n#14 0x556f985656ef <unknown>\n#15 0x556f985b99d8 <unknown>\n#16 0x556f985b9ba7 <unknown>\n#17 0x556f985c99ec <unknown>\n#18 0x7f10a4b0ea94 <unknown>\n#19 0x7f10a4b9ba34 __clone","time":{"start":1728778294409,"stop":1728778417125,"duration":122716}},{"uid":"ff660d4107f34b75","reportUrl":"https://robbrad.github.io/UKBinCollectionData/3.12/2211//#testresult/ff660d4107f34b75","status":"failed","statusDetails":"selenium.common.exceptions.TimeoutException: Message: \nStacktrace:\n#0 0x55b1c8757b9a <unknown>\n#1 0x55b1c843d670 <unknown>\n#2 0x55b1c848cc48 <unknown>\n#3 0x55b1c848cee1 <unknown>\n#4 0x55b1c84d3924 <unknown>\n#5 0x55b1c84b1bad <unknown>\n#6 0x55b1c84d0dd6 <unknown>\n#7 0x55b1c84b1923 <unknown>\n#8 0x55b1c847f6e7 <unknown>\n#9 0x55b1c84806de <unknown>\n#10 0x55b1c872166b <unknown>\n#11 0x55b1c8725611 <unknown>\n#12 0x55b1c870d4e5 <unknown>\n#13 0x55b1c8726192 <unknown>\n#14 0x55b1c86f26ef <unknown>\n#15 0x55b1c87469d8 <unknown>\n#16 0x55b1c8746ba7 <unknown>\n#17 0x55b1c87569ec <unknown>\n#18 0x7ff8e7ecda94 <unknown>\n#19 0x7ff8e7f5aa34 __clone","time":{"start":1728691910049,"stop":1728692016453,"duration":106404}},{"uid":"3ac95ff4d920e420","reportUrl":"https://robbrad.github.io/UKBinCollectionData/3.12/2210//#testresult/3ac95ff4d920e420","status":"failed","statusDetails":"selenium.common.exceptions.TimeoutException: Message: \nStacktrace:\n#0 0x559c79fdcb9a <unknown>\n#1 0x559c79cc2670 <unknown>\n#2 0x559c79d11c48 <unknown>\n#3 0x559c79d11ee1 <unknown>\n#4 0x559c79d58924 <unknown>\n#5 0x559c79d36bad <unknown>\n#6 0x559c79d55dd6 <unknown>\n#7 0x559c79d36923 <unknown>\n#8 0x559c79d046e7 <unknown>\n#9 0x559c79d056de <unknown>\n#10 0x559c79fa666b <unknown>\n#11 0x559c79faa611 <unknown>\n#12 0x559c79f924e5 <unknown>\n#13 0x559c79fab192 <unknown>\n#14 0x559c79f776ef <unknown>\n#15 0x559c79fcb9d8 <unknown>\n#16 0x559c79fcbba7 <unknown>\n#17 0x559c79fdb9ec <unknown>\n#18 0x7f381e06da94 <unknown>\n#19 0x7f381e0faa34 __clone","time":{"start":1728605536753,"stop":1728605670578,"duration":133825}},{"uid":"99e6160bbcc1227c","reportUrl":"https://robbrad.github.io/UKBinCollectionData/3.12/2199//#testresult/99e6160bbcc1227c","status":"failed","statusDetails":"selenium.common.exceptions.TimeoutException: Message: \nStacktrace:\n#0 0x55800362f13a <unknown>\n#1 0x5580033155e0 <unknown>\n#2 0x558003364be8 <unknown>\n#3 0x558003364e81 <unknown>\n#4 0x5580033ab8c4 <unknown>\n#5 0x558003389b4d <unknown>\n#6 0x5580033a8d7d <unknown>\n#7 0x5580033898c3 <unknown>\n#8 0x5580033576b3 <unknown>\n#9 0x55800335868e <unknown>\n#10 0x5580035f9b3b <unknown>\n#11 0x5580035fdac1 <unknown>\n#12 0x5580035e6335 <unknown>\n#13 0x5580035fe642 <unknown>\n#14 0x5580035cb49f <unknown>\n#15 0x55800361e038 <unknown>\n#16 0x55800361e203 <unknown>\n#17 0x55800362df8c <unknown>\n#18 0x7f28d0284a94 <unknown>\n#19 0x7f28d0311a34 __clone","time":{"start":1728519094504,"stop":1728519241000,"duration":146496}},{"uid":"a435b7926dafa7d9","reportUrl":"https://robbrad.github.io/UKBinCollectionData/3.12/2188//#testresult/a435b7926dafa7d9","status":"failed","statusDetails":"selenium.common.exceptions.TimeoutException: Message: \nStacktrace:\n#0 0x55afdbd6113a <unknown>\n#1 0x55afdba475e0 <unknown>\n#2 0x55afdba96be8 <unknown>\n#3 0x55afdba96e81 <unknown>\n#4 0x55afdbadd8c4 <unknown>\n#5 0x55afdbabbb4d <unknown>\n#6 0x55afdbadad7d <unknown>\n#7 0x55afdbabb8c3 <unknown>\n#8 0x55afdba896b3 <unknown>\n#9 0x55afdba8a68e <unknown>\n#10 0x55afdbd2bb3b <unknown>\n#11 0x55afdbd2fac1 <unknown>\n#12 0x55afdbd18335 <unknown>\n#13 0x55afdbd30642 <unknown>\n#14 0x55afdbcfd49f <unknown>\n#15 0x55afdbd50038 <unknown>\n#16 0x55afdbd50203 <unknown>\n#17 0x55afdbd5ff8c <unknown>\n#18 0x7f5cc8826a94 <unknown>\n#19 0x7f5cc88b3a34 __clone","time":{"start":1728432741370,"stop":1728432886088,"duration":144718}},{"uid":"457ac44fbaf893d7","reportUrl":"https://robbrad.github.io/UKBinCollectionData/3.12/2169//#testresult/457ac44fbaf893d7","status":"failed","statusDetails":"selenium.common.exceptions.TimeoutException: Message: \nStacktrace:\n#0 0x55e5e84dc13a <unknown>\n#1 0x55e5e81c25e0 <unknown>\n#2 0x55e5e8211be8 <unknown>\n#3 0x55e5e8211e81 <unknown>\n#4 0x55e5e82588c4 <unknown>\n#5 0x55e5e8236b4d <unknown>\n#6 0x55e5e8255d7d <unknown>\n#7 0x55e5e82368c3 <unknown>\n#8 0x55e5e82046b3 <unknown>\n#9 0x55e5e820568e <unknown>\n#10 0x55e5e84a6b3b <unknown>\n#11 0x55e5e84aaac1 <unknown>\n#12 0x55e5e8493335 <unknown>\n#13 0x55e5e84ab642 <unknown>\n#14 0x55e5e847849f <unknown>\n#15 0x55e5e84cb038 <unknown>\n#16 0x55e5e84cb203 <unknown>\n#17 0x55e5e84daf8c <unknown>\n#18 0x7fe2cceaea94 <unknown>\n#19 0x7fe2ccf3ba34 __clone","time":{"start":1728332043157,"stop":1728332162884,"duration":119727}},{"uid":"6d8df5b2cdf306be","reportUrl":"https://robbrad.github.io/UKBinCollectionData/3.12/2165//#testresult/6d8df5b2cdf306be","status":"failed","statusDetails":"selenium.common.exceptions.TimeoutException: Message: \nStacktrace:\n#0 0x55b89178e13a <unknown>\n#1 0x55b8914745e0 <unknown>\n#2 0x55b8914c3be8 <unknown>\n#3 0x55b8914c3e81 <unknown>\n#4 0x55b89150a8c4 <unknown>\n#5 0x55b8914e8b4d <unknown>\n#6 0x55b891507d7d <unknown>\n#7 0x55b8914e88c3 <unknown>\n#8 0x55b8914b66b3 <unknown>\n#9 0x55b8914b768e <unknown>\n#10 0x55b891758b3b <unknown>\n#11 0x55b89175cac1 <unknown>\n#12 0x55b891745335 <unknown>\n#13 0x55b89175d642 <unknown>\n#14 0x55b89172a49f <unknown>\n#15 0x55b89177d038 <unknown>\n#16 0x55b89177d203 <unknown>\n#17 0x55b89178cf8c <unknown>\n#18 0x7f3675cdfa94 <unknown>\n#19 0x7f3675d6ca34 __clone","time":{"start":1728259357017,"stop":1728259526633,"duration":169616}},{"uid":"df12abf5b6d3422e","reportUrl":"https://robbrad.github.io/UKBinCollectionData/3.12/2164//#testresult/df12abf5b6d3422e","status":"failed","statusDetails":"selenium.common.exceptions.TimeoutException: Message: \nStacktrace:\n#0 0x56177afec13a <unknown>\n#1 0x56177acd25e0 <unknown>\n#2 0x56177ad21be8 <unknown>\n#3 0x56177ad21e81 <unknown>\n#4 0x56177ad688c4 <unknown>\n#5 0x56177ad46b4d <unknown>\n#6 0x56177ad65d7d <unknown>\n#7 0x56177ad468c3 <unknown>\n#8 0x56177ad146b3 <unknown>\n#9 0x56177ad1568e <unknown>\n#10 0x56177afb6b3b <unknown>\n#11 0x56177afbaac1 <unknown>\n#12 0x56177afa3335 <unknown>\n#13 0x56177afbb642 <unknown>\n#14 0x56177af8849f <unknown>\n#15 0x56177afdb038 <unknown>\n#16 0x56177afdb203 <unknown>\n#17 0x56177afeaf8c <unknown>\n#18 0x7f0133dd9a94 <unknown>\n#19 0x7f0133e66a34 __clone","time":{"start":1728172970234,"stop":1728173139422,"duration":169188}},{"uid":"1eefc43f38ba8fad","reportUrl":"https://robbrad.github.io/UKBinCollectionData/3.12/2160//#testresult/1eefc43f38ba8fad","status":"failed","statusDetails":"selenium.common.exceptions.TimeoutException: Message: \nStacktrace:\n#0 0x564319f5b13a <unknown>\n#1 0x564319c415e0 <unknown>\n#2 0x564319c90be8 <unknown>\n#3 0x564319c90e81 <unknown>\n#4 0x564319cd78c4 <unknown>\n#5 0x564319cb5b4d <unknown>\n#6 0x564319cd4d7d <unknown>\n#7 0x564319cb58c3 <unknown>\n#8 0x564319c836b3 <unknown>\n#9 0x564319c8468e <unknown>\n#10 0x564319f25b3b <unknown>\n#11 0x564319f29ac1 <unknown>\n#12 0x564319f12335 <unknown>\n#13 0x564319f2a642 <unknown>\n#14 0x564319ef749f <unknown>\n#15 0x564319f4a038 <unknown>\n#16 0x564319f4a203 <unknown>\n#17 0x564319f59f8c <unknown>\n#18 0x7f63a7baaa94 <unknown>\n#19 0x7f63a7c37a34 __clone","time":{"start":1728086556765,"stop":1728086712480,"duration":155715}},{"uid":"2d936b330ee769aa","reportUrl":"https://robbrad.github.io/UKBinCollectionData/3.12/2152//#testresult/2d936b330ee769aa","status":"failed","statusDetails":"selenium.common.exceptions.TimeoutException: Message: \nStacktrace:\n#0 0x5614f432d13a <unknown>\n#1 0x5614f40135e0 <unknown>\n#2 0x5614f4062be8 <unknown>\n#3 0x5614f4062e81 <unknown>\n#4 0x5614f40a98c4 <unknown>\n#5 0x5614f4087b4d <unknown>\n#6 0x5614f40a6d7d <unknown>\n#7 0x5614f40878c3 <unknown>\n#8 0x5614f40556b3 <unknown>\n#9 0x5614f405668e <unknown>\n#10 0x5614f42f7b3b <unknown>\n#11 0x5614f42fbac1 <unknown>\n#12 0x5614f42e4335 <unknown>\n#13 0x5614f42fc642 <unknown>\n#14 0x5614f42c949f <unknown>\n#15 0x5614f431c038 <unknown>\n#16 0x5614f431c203 <unknown>\n#17 0x5614f432bf8c <unknown>\n#18 0x7f5446776a94 <unknown>\n#19 0x7f5446803a34 __clone","time":{"start":1728000137317,"stop":1728000296778,"duration":159461}},{"uid":"d63beede5a2d2dea","reportUrl":"https://robbrad.github.io/UKBinCollectionData/3.12/2148//#testresult/d63beede5a2d2dea","status":"failed","statusDetails":"selenium.common.exceptions.SessionNotCreatedException: Message: Could not start a new session. New session request timed out \nHost info: host: 'selenium', ip: '172.18.0.2'\nBuild info: version: '4.25.0', revision: '030fcf7918'\nSystem info: os.name: 'Linux', os.arch: 'amd64', os.version: '6.8.0-1014-azure', java.version: '17.0.12'\nDriver info: driver.version: unknown\nStacktrace:\n    at org.openqa.selenium.grid.sessionqueue.local.LocalNewSessionQueue.addToQueue (LocalNewSessionQueue.java:221)\n    at org.openqa.selenium.grid.sessionqueue.NewSessionQueue.lambda$new$0 (NewSessionQueue.java:68)\n    at org.openqa.selenium.remote.http.Route$TemplatizedRoute.handle (Route.java:192)\n    at org.openqa.selenium.remote.http.Route.execute (Route.java:69)\n    at org.openqa.selenium.remote.http.Route$CombinedRoute.handle (Route.java:360)\n    at org.openqa.selenium.remote.http.Route.execute (Route.java:69)\n    at org.openqa.selenium.grid.sessionqueue.NewSessionQueue.execute (NewSessionQueue.java:128)\n    at org.openqa.selenium.remote.tracing.SpanWrappedHttpHandler.execute (SpanWrappedHttpHandler.java:87)\n    at org.openqa.selenium.remote.http.Filter$1.execute (Filter.java:63)\n    at org.openqa.selenium.remote.http.Route$CombinedRoute.handle (Route.java:360)\n    at org.openqa.selenium.remote.http.Route.execute (Route.java:69)\n    at org.openqa.selenium.grid.router.Router.execute (Router.java:87)\n    at org.openqa.selenium.grid.web.EnsureSpecCompliantResponseHeaders.lambda$apply$0 (EnsureSpecCompliantResponseHeaders.java:34)\n    at org.openqa.selenium.remote.http.Filter$1.execute (Filter.java:63)\n    at org.openqa.selenium.remote.http.Route$CombinedRoute.handle (Route.java:360)\n    at org.openqa.selenium.remote.http.Route.execute (Route.java:69)\n    at org.openqa.selenium.remote.AddWebDriverSpecHeaders.lambda$apply$0 (AddWebDriverSpecHeaders.java:35)\n    at org.openqa.selenium.remote.ErrorFilter.lambda$apply$0 (ErrorFilter.java:44)\n    at org.openqa.selenium.remote.http.Filter$1.execute (Filter.java:63)\n    at org.openqa.selenium.remote.ErrorFilter.lambda$apply$0 (ErrorFilter.java:44)\n    at org.openqa.selenium.remote.http.Filter$1.execute (Filter.java:63)\n    at org.openqa.selenium.netty.server.SeleniumHandler.lambda$channelRead0$0 (SeleniumHandler.java:44)\n    at java.util.concurrent.Executors$RunnableAdapter.call (Executors.java:539)\n    at java.util.concurrent.FutureTask.run (FutureTask.java:264)\n    at java.util.concurrent.ThreadPoolExecutor.runWorker (ThreadPoolExecutor.java:1136)\n    at java.util.concurrent.ThreadPoolExecutor$Worker.run (ThreadPoolExecutor.java:635)\n    at java.lang.Thread.run (Thread.java:840)","time":{"start":1727932081515,"stop":1727932381546,"duration":300031}},{"uid":"6905bdf66c0920cc","reportUrl":"https://robbrad.github.io/UKBinCollectionData/3.12/2146//#testresult/6905bdf66c0920cc","status":"failed","statusDetails":"selenium.common.exceptions.SessionNotCreatedException: Message: Could not start a new session. New session request timed out \nHost info: host: 'selenium', ip: '172.18.0.2'\nBuild info: version: '4.25.0', revision: '030fcf7918'\nSystem info: os.name: 'Linux', os.arch: 'amd64', os.version: '6.8.0-1014-azure', java.version: '17.0.12'\nDriver info: driver.version: unknown\nStacktrace:\n    at org.openqa.selenium.grid.sessionqueue.local.LocalNewSessionQueue.addToQueue (LocalNewSessionQueue.java:221)\n    at org.openqa.selenium.grid.sessionqueue.NewSessionQueue.lambda$new$0 (NewSessionQueue.java:68)\n    at org.openqa.selenium.remote.http.Route$TemplatizedRoute.handle (Route.java:192)\n    at org.openqa.selenium.remote.http.Route.execute (Route.java:69)\n    at org.openqa.selenium.remote.http.Route$CombinedRoute.handle (Route.java:360)\n    at org.openqa.selenium.remote.http.Route.execute (Route.java:69)\n    at org.openqa.selenium.grid.sessionqueue.NewSessionQueue.execute (NewSessionQueue.java:128)\n    at org.openqa.selenium.remote.tracing.SpanWrappedHttpHandler.execute (SpanWrappedHttpHandler.java:87)\n    at org.openqa.selenium.remote.http.Filter$1.execute (Filter.java:63)\n    at org.openqa.selenium.remote.http.Route$CombinedRoute.handle (Route.java:360)\n    at org.openqa.selenium.remote.http.Route.execute (Route.java:69)\n    at org.openqa.selenium.grid.router.Router.execute (Router.java:87)\n    at org.openqa.selenium.grid.web.EnsureSpecCompliantResponseHeaders.lambda$apply$0 (EnsureSpecCompliantResponseHeaders.java:34)\n    at org.openqa.selenium.remote.http.Filter$1.execute (Filter.java:63)\n    at org.openqa.selenium.remote.http.Route$CombinedRoute.handle (Route.java:360)\n    at org.openqa.selenium.remote.http.Route.execute (Route.java:69)\n    at org.openqa.selenium.remote.AddWebDriverSpecHeaders.lambda$apply$0 (AddWebDriverSpecHeaders.java:35)\n    at org.openqa.selenium.remote.ErrorFilter.lambda$apply$0 (ErrorFilter.java:44)\n    at org.openqa.selenium.remote.http.Filter$1.execute (Filter.java:63)\n    at org.openqa.selenium.remote.ErrorFilter.lambda$apply$0 (ErrorFilter.java:44)\n    at org.openqa.selenium.remote.http.Filter$1.execute (Filter.java:63)\n    at org.openqa.selenium.netty.server.SeleniumHandler.lambda$channelRead0$0 (SeleniumHandler.java:44)\n    at java.util.concurrent.Executors$RunnableAdapter.call (Executors.java:539)\n    at java.util.concurrent.FutureTask.run (FutureTask.java:264)\n    at java.util.concurrent.ThreadPoolExecutor.runWorker (ThreadPoolExecutor.java:1136)\n    at java.util.concurrent.ThreadPoolExecutor$Worker.run (ThreadPoolExecutor.java:635)\n    at java.lang.Thread.run (Thread.java:840)","time":{"start":1727913871042,"stop":1727914171082,"duration":300040}},{"uid":"e33b711f1a86be9c","reportUrl":"https://robbrad.github.io/UKBinCollectionData/3.12/2139//#testresult/e33b711f1a86be9c","status":"failed","statusDetails":"selenium.common.exceptions.SessionNotCreatedException: Message: Could not start a new session. New session request timed out \nHost info: host: 'selenium', ip: '172.18.0.2'\nBuild info: version: '4.25.0', revision: '030fcf7918'\nSystem info: os.name: 'Linux', os.arch: 'amd64', os.version: '6.8.0-1014-azure', java.version: '17.0.12'\nDriver info: driver.version: unknown\nStacktrace:\n    at org.openqa.selenium.grid.sessionqueue.local.LocalNewSessionQueue.addToQueue (LocalNewSessionQueue.java:221)\n    at org.openqa.selenium.grid.sessionqueue.NewSessionQueue.lambda$new$0 (NewSessionQueue.java:68)\n    at org.openqa.selenium.remote.http.Route$TemplatizedRoute.handle (Route.java:192)\n    at org.openqa.selenium.remote.http.Route.execute (Route.java:69)\n    at org.openqa.selenium.remote.http.Route$CombinedRoute.handle (Route.java:360)\n    at org.openqa.selenium.remote.http.Route.execute (Route.java:69)\n    at org.openqa.selenium.grid.sessionqueue.NewSessionQueue.execute (NewSessionQueue.java:128)\n    at org.openqa.selenium.remote.tracing.SpanWrappedHttpHandler.execute (SpanWrappedHttpHandler.java:87)\n    at org.openqa.selenium.remote.http.Filter$1.execute (Filter.java:63)\n    at org.openqa.selenium.remote.http.Route$CombinedRoute.handle (Route.java:360)\n    at org.openqa.selenium.remote.http.Route.execute (Route.java:69)\n    at org.openqa.selenium.grid.router.Router.execute (Router.java:87)\n    at org.openqa.selenium.grid.web.EnsureSpecCompliantResponseHeaders.lambda$apply$0 (EnsureSpecCompliantResponseHeaders.java:34)\n    at org.openqa.selenium.remote.http.Filter$1.execute (Filter.java:63)\n    at org.openqa.selenium.remote.http.Route$CombinedRoute.handle (Route.java:360)\n    at org.openqa.selenium.remote.http.Route.execute (Route.java:69)\n    at org.openqa.selenium.remote.AddWebDriverSpecHeaders.lambda$apply$0 (AddWebDriverSpecHeaders.java:35)\n    at org.openqa.selenium.remote.ErrorFilter.lambda$apply$0 (ErrorFilter.java:44)\n    at org.openqa.selenium.remote.http.Filter$1.execute (Filter.java:63)\n    at org.openqa.selenium.remote.ErrorFilter.lambda$apply$0 (ErrorFilter.java:44)\n    at org.openqa.selenium.remote.http.Filter$1.execute (Filter.java:63)\n    at org.openqa.selenium.netty.server.SeleniumHandler.lambda$channelRead0$0 (SeleniumHandler.java:44)\n    at java.util.concurrent.Executors$RunnableAdapter.call (Executors.java:539)\n    at java.util.concurrent.FutureTask.run (FutureTask.java:264)\n    at java.util.concurrent.ThreadPoolExecutor.runWorker (ThreadPoolExecutor.java:1136)\n    at java.util.concurrent.ThreadPoolExecutor$Worker.run (ThreadPoolExecutor.java:635)\n    at java.lang.Thread.run (Thread.java:840)","time":{"start":1727827409038,"stop":1727827709071,"duration":300033}},{"uid":"ccc0f513b050701","reportUrl":"https://robbrad.github.io/UKBinCollectionData/3.12/2138//#testresult/ccc0f513b050701","status":"failed","statusDetails":"selenium.common.exceptions.SessionNotCreatedException: Message: Could not start a new session. New session request timed out \nHost info: host: 'selenium', ip: '172.18.0.2'\nBuild info: version: '4.25.0', revision: '030fcf7918'\nSystem info: os.name: 'Linux', os.arch: 'amd64', os.version: '6.8.0-1014-azure', java.version: '17.0.12'\nDriver info: driver.version: unknown\nStacktrace:\n    at org.openqa.selenium.grid.sessionqueue.local.LocalNewSessionQueue.addToQueue (LocalNewSessionQueue.java:221)\n    at org.openqa.selenium.grid.sessionqueue.NewSessionQueue.lambda$new$0 (NewSessionQueue.java:68)\n    at org.openqa.selenium.remote.http.Route$TemplatizedRoute.handle (Route.java:192)\n    at org.openqa.selenium.remote.http.Route.execute (Route.java:69)\n    at org.openqa.selenium.remote.http.Route$CombinedRoute.handle (Route.java:360)\n    at org.openqa.selenium.remote.http.Route.execute (Route.java:69)\n    at org.openqa.selenium.grid.sessionqueue.NewSessionQueue.execute (NewSessionQueue.java:128)\n    at org.openqa.selenium.remote.tracing.SpanWrappedHttpHandler.execute (SpanWrappedHttpHandler.java:87)\n    at org.openqa.selenium.remote.http.Filter$1.execute (Filter.java:63)\n    at org.openqa.selenium.remote.http.Route$CombinedRoute.handle (Route.java:360)\n    at org.openqa.selenium.remote.http.Route.execute (Route.java:69)\n    at org.openqa.selenium.grid.router.Router.execute (Router.java:87)\n    at org.openqa.selenium.grid.web.EnsureSpecCompliantResponseHeaders.lambda$apply$0 (EnsureSpecCompliantResponseHeaders.java:34)\n    at org.openqa.selenium.remote.http.Filter$1.execute (Filter.java:63)\n    at org.openqa.selenium.remote.http.Route$CombinedRoute.handle (Route.java:360)\n    at org.openqa.selenium.remote.http.Route.execute (Route.java:69)\n    at org.openqa.selenium.remote.AddWebDriverSpecHeaders.lambda$apply$0 (AddWebDriverSpecHeaders.java:35)\n    at org.openqa.selenium.remote.ErrorFilter.lambda$apply$0 (ErrorFilter.java:44)\n    at org.openqa.selenium.remote.http.Filter$1.execute (Filter.java:63)\n    at org.openqa.selenium.remote.ErrorFilter.lambda$apply$0 (ErrorFilter.java:44)\n    at org.openqa.selenium.remote.http.Filter$1.execute (Filter.java:63)\n    at org.openqa.selenium.netty.server.SeleniumHandler.lambda$channelRead0$0 (SeleniumHandler.java:44)\n    at java.util.concurrent.Executors$RunnableAdapter.call (Executors.java:539)\n    at java.util.concurrent.FutureTask.run (FutureTask.java:264)\n    at java.util.concurrent.ThreadPoolExecutor.runWorker (ThreadPoolExecutor.java:1136)\n    at java.util.concurrent.ThreadPoolExecutor$Worker.run (ThreadPoolExecutor.java:635)\n    at java.lang.Thread.run (Thread.java:840)","time":{"start":1727741065246,"stop":1727741365302,"duration":300056}},{"uid":"516c488e38b48069","reportUrl":"https://robbrad.github.io/UKBinCollectionData/3.12/2137//#testresult/516c488e38b48069","status":"failed","statusDetails":"selenium.common.exceptions.SessionNotCreatedException: Message: Could not start a new session. New session request timed out \nHost info: host: 'selenium', ip: '172.18.0.2'\nBuild info: version: '4.25.0', revision: '030fcf7918'\nSystem info: os.name: 'Linux', os.arch: 'amd64', os.version: '6.8.0-1014-azure', java.version: '17.0.12'\nDriver info: driver.version: unknown\nStacktrace:\n    at org.openqa.selenium.grid.sessionqueue.local.LocalNewSessionQueue.addToQueue (LocalNewSessionQueue.java:221)\n    at org.openqa.selenium.grid.sessionqueue.NewSessionQueue.lambda$new$0 (NewSessionQueue.java:68)\n    at org.openqa.selenium.remote.http.Route$TemplatizedRoute.handle (Route.java:192)\n    at org.openqa.selenium.remote.http.Route.execute (Route.java:69)\n    at org.openqa.selenium.remote.http.Route$CombinedRoute.handle (Route.java:360)\n    at org.openqa.selenium.remote.http.Route.execute (Route.java:69)\n    at org.openqa.selenium.grid.sessionqueue.NewSessionQueue.execute (NewSessionQueue.java:128)\n    at org.openqa.selenium.remote.tracing.SpanWrappedHttpHandler.execute (SpanWrappedHttpHandler.java:87)\n    at org.openqa.selenium.remote.http.Filter$1.execute (Filter.java:63)\n    at org.openqa.selenium.remote.http.Route$CombinedRoute.handle (Route.java:360)\n    at org.openqa.selenium.remote.http.Route.execute (Route.java:69)\n    at org.openqa.selenium.grid.router.Router.execute (Router.java:87)\n    at org.openqa.selenium.grid.web.EnsureSpecCompliantResponseHeaders.lambda$apply$0 (EnsureSpecCompliantResponseHeaders.java:34)\n    at org.openqa.selenium.remote.http.Filter$1.execute (Filter.java:63)\n    at org.openqa.selenium.remote.http.Route$CombinedRoute.handle (Route.java:360)\n    at org.openqa.selenium.remote.http.Route.execute (Route.java:69)\n    at org.openqa.selenium.remote.AddWebDriverSpecHeaders.lambda$apply$0 (AddWebDriverSpecHeaders.java:35)\n    at org.openqa.selenium.remote.ErrorFilter.lambda$apply$0 (ErrorFilter.java:44)\n    at org.openqa.selenium.remote.http.Filter$1.execute (Filter.java:63)\n    at org.openqa.selenium.remote.ErrorFilter.lambda$apply$0 (ErrorFilter.java:44)\n    at org.openqa.selenium.remote.http.Filter$1.execute (Filter.java:63)\n    at org.openqa.selenium.netty.server.SeleniumHandler.lambda$channelRead0$0 (SeleniumHandler.java:44)\n    at java.util.concurrent.Executors$RunnableAdapter.call (Executors.java:539)\n    at java.util.concurrent.FutureTask.run (FutureTask.java:264)\n    at java.util.concurrent.ThreadPoolExecutor.runWorker (ThreadPoolExecutor.java:1136)\n    at java.util.concurrent.ThreadPoolExecutor$Worker.run (ThreadPoolExecutor.java:635)\n    at java.lang.Thread.run (Thread.java:840)","time":{"start":1727654633822,"stop":1727654934024,"duration":300202}},{"uid":"687da95253bbbfd","reportUrl":"https://robbrad.github.io/UKBinCollectionData/3.12/2136//#testresult/687da95253bbbfd","status":"failed","statusDetails":"selenium.common.exceptions.SessionNotCreatedException: Message: Could not start a new session. New session request timed out \nHost info: host: 'selenium', ip: '172.18.0.2'\nBuild info: version: '4.25.0', revision: '030fcf7918'\nSystem info: os.name: 'Linux', os.arch: 'amd64', os.version: '6.8.0-1014-azure', java.version: '17.0.12'\nDriver info: driver.version: unknown\nStacktrace:\n    at org.openqa.selenium.grid.sessionqueue.local.LocalNewSessionQueue.addToQueue (LocalNewSessionQueue.java:221)\n    at org.openqa.selenium.grid.sessionqueue.NewSessionQueue.lambda$new$0 (NewSessionQueue.java:68)\n    at org.openqa.selenium.remote.http.Route$TemplatizedRoute.handle (Route.java:192)\n    at org.openqa.selenium.remote.http.Route.execute (Route.java:69)\n    at org.openqa.selenium.remote.http.Route$CombinedRoute.handle (Route.java:360)\n    at org.openqa.selenium.remote.http.Route.execute (Route.java:69)\n    at org.openqa.selenium.grid.sessionqueue.NewSessionQueue.execute (NewSessionQueue.java:128)\n    at org.openqa.selenium.remote.tracing.SpanWrappedHttpHandler.execute (SpanWrappedHttpHandler.java:87)\n    at org.openqa.selenium.remote.http.Filter$1.execute (Filter.java:63)\n    at org.openqa.selenium.remote.http.Route$CombinedRoute.handle (Route.java:360)\n    at org.openqa.selenium.remote.http.Route.execute (Route.java:69)\n    at org.openqa.selenium.grid.router.Router.execute (Router.java:87)\n    at org.openqa.selenium.grid.web.EnsureSpecCompliantResponseHeaders.lambda$apply$0 (EnsureSpecCompliantResponseHeaders.java:34)\n    at org.openqa.selenium.remote.http.Filter$1.execute (Filter.java:63)\n    at org.openqa.selenium.remote.http.Route$CombinedRoute.handle (Route.java:360)\n    at org.openqa.selenium.remote.http.Route.execute (Route.java:69)\n    at org.openqa.selenium.remote.AddWebDriverSpecHeaders.lambda$apply$0 (AddWebDriverSpecHeaders.java:35)\n    at org.openqa.selenium.remote.ErrorFilter.lambda$apply$0 (ErrorFilter.java:44)\n    at org.openqa.selenium.remote.http.Filter$1.execute (Filter.java:63)\n    at org.openqa.selenium.remote.ErrorFilter.lambda$apply$0 (ErrorFilter.java:44)\n    at org.openqa.selenium.remote.http.Filter$1.execute (Filter.java:63)\n    at org.openqa.selenium.netty.server.SeleniumHandler.lambda$channelRead0$0 (SeleniumHandler.java:44)\n    at java.util.concurrent.Executors$RunnableAdapter.call (Executors.java:539)\n    at java.util.concurrent.FutureTask.run (FutureTask.java:264)\n    at java.util.concurrent.ThreadPoolExecutor.runWorker (ThreadPoolExecutor.java:1136)\n    at java.util.concurrent.ThreadPoolExecutor$Worker.run (ThreadPoolExecutor.java:635)\n    at java.lang.Thread.run (Thread.java:840)","time":{"start":1727568225526,"stop":1727568525561,"duration":300035}},{"uid":"aa0d8801e2f3e36c","reportUrl":"https://robbrad.github.io/UKBinCollectionData/3.12/2135//#testresult/aa0d8801e2f3e36c","status":"failed","statusDetails":"selenium.common.exceptions.TimeoutException: Message: \nStacktrace:\n#0 0x55c851ada13a <unknown>\n#1 0x55c8517c05e0 <unknown>\n#2 0x55c85180fbe8 <unknown>\n#3 0x55c85180fe81 <unknown>\n#4 0x55c8518568c4 <unknown>\n#5 0x55c851834b4d <unknown>\n#6 0x55c851853d7d <unknown>\n#7 0x55c8518348c3 <unknown>\n#8 0x55c8518026b3 <unknown>\n#9 0x55c85180368e <unknown>\n#10 0x55c851aa4b3b <unknown>\n#11 0x55c851aa8ac1 <unknown>\n#12 0x55c851a91335 <unknown>\n#13 0x55c851aa9642 <unknown>\n#14 0x55c851a7649f <unknown>\n#15 0x55c851ac9038 <unknown>\n#16 0x55c851ac9203 <unknown>\n#17 0x55c851ad8f8c <unknown>\n#18 0x7f1dd3832a94 <unknown>\n#19 0x7f1dd38bfa34 __clone","time":{"start":1727482438239,"stop":1727482546853,"duration":108614}}]},"tags":[]},"source":"48ccfd23acf5a3ac.json","parameterValues":["EastLindseyDistrictCouncil"]}