{"uid":"aa3742ea571c7515","name":"Validate Council Output [GatesheadCouncil]","fullName":"features/validate_council_outputs.feature:Validate Council Output","historyId":"3a7171e6de629587a3f0d32410302b35","time":{"start":1729297303008,"stop":1729297355247,"duration":52239},"status":"failed","statusMessage":"selenium.common.exceptions.TimeoutException: Message: \nStacktrace:\n#0 0x558571754b9a <unknown>\n#1 0x55857143a670 <unknown>\n#2 0x558571489c48 <unknown>\n#3 0x558571489ee1 <unknown>\n#4 0x5585714d0924 <unknown>\n#5 0x5585714aebad <unknown>\n#6 0x5585714cddd6 <unknown>\n#7 0x5585714ae923 <unknown>\n#8 0x55857147c6e7 <unknown>\n#9 0x55857147d6de <unknown>\n#10 0x55857171e66b <unknown>\n#11 0x558571722611 <unknown>\n#12 0x55857170a4e5 <unknown>\n#13 0x558571723192 <unknown>\n#14 0x5585716ef6ef <unknown>\n#15 0x5585717439d8 <unknown>\n#16 0x558571743ba7 <unknown>\n#17 0x5585717539ec <unknown>\n#18 0x7f37cff2ba94 <unknown>\n#19 0x7f37cffb8a34 __clone","statusTrace":"fixturefunc = <function scrape_step at 0x7f3d6b7dbba0>\nrequest = <FixtureRequest for <Function test_scenario_outline[GatesheadCouncil]>>\nkwargs = {'context': <test_validate_council.Context object at 0x7f3d6b670950>, 'headless_mode': 'True', 'local_browser': 'False', 'selenium_url': 'http://localhost:4444'}\n\n    def call_fixture_func(\n        fixturefunc: _FixtureFunc[FixtureValue], request: FixtureRequest, kwargs\n    ) -> FixtureValue:\n        if is_generator(fixturefunc):\n            fixturefunc = cast(\n                Callable[..., Generator[FixtureValue, None, None]], fixturefunc\n            )\n            generator = fixturefunc(**kwargs)\n            try:\n                fixture_result = next(generator)\n            except StopIteration:\n                raise ValueError(f\"{request.fixturename} did not yield a value\") from None\n            finalizer = functools.partial(_teardown_yield_fixture, fixturefunc, generator)\n            request.addfinalizer(finalizer)\n        else:\n            fixturefunc = cast(Callable[..., FixtureValue], fixturefunc)\n>           fixture_result = fixturefunc(**kwargs)\n\n../../../.cache/pypoetry/virtualenvs/uk-bin-collection-EwS6Gn8s-py3.11/lib/python3.11/site-packages/_pytest/fixtures.py:898: \n_ _ _ _ _ _ _ _ _ _ _ _ _ _ _ _ _ _ _ _ _ _ _ _ _ _ _ _ _ _ _ _ _ _ _ _ _ _ _ _ \nuk_bin_collection/tests/step_defs/test_validate_council.py:100: in scrape_step\n    context.parse_result = CollectData.run()\nuk_bin_collection/uk_bin_collection/collect_data.py:101: in run\n    return self.client_code(\nuk_bin_collection/uk_bin_collection/collect_data.py:121: in client_code\n    return get_bin_data_class.template_method(address_url, **kwargs)\nuk_bin_collection/uk_bin_collection/get_bin_data.py:61: in template_method\n    bin_data_dict = self.get_and_parse_data(this_url, **kwargs)\nuk_bin_collection/uk_bin_collection/get_bin_data.py:84: in get_and_parse_data\n    bin_data_dict = self.parse_data(\"\", url=address_url, **kwargs)\nuk_bin_collection/uk_bin_collection/councils/GatesheadCouncil.py:69: in parse_data\n    WebDriverWait(driver, 10).until(\n_ _ _ _ _ _ _ _ _ _ _ _ _ _ _ _ _ _ _ _ _ _ _ _ _ _ _ _ _ _ _ _ _ _ _ _ _ _ _ _ \n\nself = <selenium.webdriver.support.wait.WebDriverWait (session=\"fb1a142027319464fab7a1648c082842\")>\nmethod = <function presence_of_element_located.<locals>._predicate at 0x7f3d6b643ba0>\nmessage = ''\n\n    def until(self, method: Callable[[D], Union[Literal[False], T]], message: str = \"\") -> T:\n        \"\"\"Calls the method provided with the driver as an argument until the \\\n        return value does not evaluate to ``False``.\n    \n        :param method: callable(WebDriver)\n        :param message: optional message for :exc:`TimeoutException`\n        :returns: the result of the last call to `method`\n        :raises: :exc:`selenium.common.exceptions.TimeoutException` if timeout occurs\n        \"\"\"\n        screen = None\n        stacktrace = None\n    \n        end_time = time.monotonic() + self._timeout\n        while True:\n            try:\n                value = method(self._driver)\n                if value:\n                    return value\n            except self._ignored_exceptions as exc:\n                screen = getattr(exc, \"screen\", None)\n                stacktrace = getattr(exc, \"stacktrace\", None)\n            time.sleep(self._poll)\n            if time.monotonic() > end_time:\n                break\n>       raise TimeoutException(message, screen, stacktrace)\nE       selenium.common.exceptions.TimeoutException: Message: \nE       Stacktrace:\nE       #0 0x558571754b9a <unknown>\nE       #1 0x55857143a670 <unknown>\nE       #2 0x558571489c48 <unknown>\nE       #3 0x558571489ee1 <unknown>\nE       #4 0x5585714d0924 <unknown>\nE       #5 0x5585714aebad <unknown>\nE       #6 0x5585714cddd6 <unknown>\nE       #7 0x5585714ae923 <unknown>\nE       #8 0x55857147c6e7 <unknown>\nE       #9 0x55857147d6de <unknown>\nE       #10 0x55857171e66b <unknown>\nE       #11 0x558571722611 <unknown>\nE       #12 0x55857170a4e5 <unknown>\nE       #13 0x558571723192 <unknown>\nE       #14 0x5585716ef6ef <unknown>\nE       #15 0x5585717439d8 <unknown>\nE       #16 0x558571743ba7 <unknown>\nE       #17 0x5585717539ec <unknown>\nE       #18 0x7f37cff2ba94 <unknown>\nE       #19 0x7f37cffb8a34 __clone\n\n../../../.cache/pypoetry/virtualenvs/uk-bin-collection-EwS6Gn8s-py3.11/lib/python3.11/site-packages/selenium/webdriver/support/wait.py:105: TimeoutException","flaky":false,"newFailed":false,"newBroken":false,"newPassed":false,"retriesCount":0,"retriesStatusChange":false,"beforeStages":[],"testStage":{"status":"failed","statusMessage":"selenium.common.exceptions.TimeoutException: Message: \nStacktrace:\n#0 0x558571754b9a <unknown>\n#1 0x55857143a670 <unknown>\n#2 0x558571489c48 <unknown>\n#3 0x558571489ee1 <unknown>\n#4 0x5585714d0924 <unknown>\n#5 0x5585714aebad <unknown>\n#6 0x5585714cddd6 <unknown>\n#7 0x5585714ae923 <unknown>\n#8 0x55857147c6e7 <unknown>\n#9 0x55857147d6de <unknown>\n#10 0x55857171e66b <unknown>\n#11 0x558571722611 <unknown>\n#12 0x55857170a4e5 <unknown>\n#13 0x558571723192 <unknown>\n#14 0x5585716ef6ef <unknown>\n#15 0x5585717439d8 <unknown>\n#16 0x558571743ba7 <unknown>\n#17 0x5585717539ec <unknown>\n#18 0x7f37cff2ba94 <unknown>\n#19 0x7f37cffb8a34 __clone","statusTrace":"fixturefunc = <function scrape_step at 0x7f3d6b7dbba0>\nrequest = <FixtureRequest for <Function test_scenario_outline[GatesheadCouncil]>>\nkwargs = {'context': <test_validate_council.Context object at 0x7f3d6b670950>, 'headless_mode': 'True', 'local_browser': 'False', 'selenium_url': 'http://localhost:4444'}\n\n    def call_fixture_func(\n        fixturefunc: _FixtureFunc[FixtureValue], request: FixtureRequest, kwargs\n    ) -> FixtureValue:\n        if is_generator(fixturefunc):\n            fixturefunc = cast(\n                Callable[..., Generator[FixtureValue, None, None]], fixturefunc\n            )\n            generator = fixturefunc(**kwargs)\n            try:\n                fixture_result = next(generator)\n            except StopIteration:\n                raise ValueError(f\"{request.fixturename} did not yield a value\") from None\n            finalizer = functools.partial(_teardown_yield_fixture, fixturefunc, generator)\n            request.addfinalizer(finalizer)\n        else:\n            fixturefunc = cast(Callable[..., FixtureValue], fixturefunc)\n>           fixture_result = fixturefunc(**kwargs)\n\n../../../.cache/pypoetry/virtualenvs/uk-bin-collection-EwS6Gn8s-py3.11/lib/python3.11/site-packages/_pytest/fixtures.py:898: \n_ _ _ _ _ _ _ _ _ _ _ _ _ _ _ _ _ _ _ _ _ _ _ _ _ _ _ _ _ _ _ _ _ _ _ _ _ _ _ _ \nuk_bin_collection/tests/step_defs/test_validate_council.py:100: in scrape_step\n    context.parse_result = CollectData.run()\nuk_bin_collection/uk_bin_collection/collect_data.py:101: in run\n    return self.client_code(\nuk_bin_collection/uk_bin_collection/collect_data.py:121: in client_code\n    return get_bin_data_class.template_method(address_url, **kwargs)\nuk_bin_collection/uk_bin_collection/get_bin_data.py:61: in template_method\n    bin_data_dict = self.get_and_parse_data(this_url, **kwargs)\nuk_bin_collection/uk_bin_collection/get_bin_data.py:84: in get_and_parse_data\n    bin_data_dict = self.parse_data(\"\", url=address_url, **kwargs)\nuk_bin_collection/uk_bin_collection/councils/GatesheadCouncil.py:69: in parse_data\n    WebDriverWait(driver, 10).until(\n_ _ _ _ _ _ _ _ _ _ _ _ _ _ _ _ _ _ _ _ _ _ _ _ _ _ _ _ _ _ _ _ _ _ _ _ _ _ _ _ \n\nself = <selenium.webdriver.support.wait.WebDriverWait (session=\"fb1a142027319464fab7a1648c082842\")>\nmethod = <function presence_of_element_located.<locals>._predicate at 0x7f3d6b643ba0>\nmessage = ''\n\n    def until(self, method: Callable[[D], Union[Literal[False], T]], message: str = \"\") -> T:\n        \"\"\"Calls the method provided with the driver as an argument until the \\\n        return value does not evaluate to ``False``.\n    \n        :param method: callable(WebDriver)\n        :param message: optional message for :exc:`TimeoutException`\n        :returns: the result of the last call to `method`\n        :raises: :exc:`selenium.common.exceptions.TimeoutException` if timeout occurs\n        \"\"\"\n        screen = None\n        stacktrace = None\n    \n        end_time = time.monotonic() + self._timeout\n        while True:\n            try:\n                value = method(self._driver)\n                if value:\n                    return value\n            except self._ignored_exceptions as exc:\n                screen = getattr(exc, \"screen\", None)\n                stacktrace = getattr(exc, \"stacktrace\", None)\n            time.sleep(self._poll)\n            if time.monotonic() > end_time:\n                break\n>       raise TimeoutException(message, screen, stacktrace)\nE       selenium.common.exceptions.TimeoutException: Message: \nE       Stacktrace:\nE       #0 0x558571754b9a <unknown>\nE       #1 0x55857143a670 <unknown>\nE       #2 0x558571489c48 <unknown>\nE       #3 0x558571489ee1 <unknown>\nE       #4 0x5585714d0924 <unknown>\nE       #5 0x5585714aebad <unknown>\nE       #6 0x5585714cddd6 <unknown>\nE       #7 0x5585714ae923 <unknown>\nE       #8 0x55857147c6e7 <unknown>\nE       #9 0x55857147d6de <unknown>\nE       #10 0x55857171e66b <unknown>\nE       #11 0x558571722611 <unknown>\nE       #12 0x55857170a4e5 <unknown>\nE       #13 0x558571723192 <unknown>\nE       #14 0x5585716ef6ef <unknown>\nE       #15 0x5585717439d8 <unknown>\nE       #16 0x558571743ba7 <unknown>\nE       #17 0x5585717539ec <unknown>\nE       #18 0x7f37cff2ba94 <unknown>\nE       #19 0x7f37cffb8a34 __clone\n\n../../../.cache/pypoetry/virtualenvs/uk-bin-collection-EwS6Gn8s-py3.11/lib/python3.11/site-packages/selenium/webdriver/support/wait.py:105: TimeoutException","steps":[{"name":"Given the council","time":{"start":1729297303008,"stop":1729297303009,"duration":1},"status":"passed","steps":[],"attachments":[],"parameters":[],"shouldDisplayMessage":false,"stepsCount":0,"attachmentsCount":0,"hasContent":false,"attachmentStep":false},{"name":"When we scrape the data from the council","time":{"start":1729297303009,"stop":1729297355247,"duration":52238},"status":"failed","statusMessage":"Message: \nStacktrace:\n#0 0x558571754b9a <unknown>\n#1 0x55857143a670 <unknown>\n#2 0x558571489c48 <unknown>\n#3 0x558571489ee1 <unknown>\n#4 0x5585714d0924 <unknown>\n#5 0x5585714aebad <unknown>\n#6 0x5585714cddd6 <unknown>\n#7 0x5585714ae923 <unknown>\n#8 0x55857147c6e7 <unknown>\n#9 0x55857147d6de <unknown>\n#10 0x55857171e66b <unknown>\n#11 0x558571722611 <unknown>\n#12 0x55857170a4e5 <unknown>\n#13 0x558571723192 <unknown>\n#14 0x5585716ef6ef <unknown>\n#15 0x5585717439d8 <unknown>\n#16 0x558571743ba7 <unknown>\n#17 0x5585717539ec <unknown>\n#18 0x7f37cff2ba94 <unknown>\n#19 0x7f37cffb8a34 __clone\n","statusTrace":"selenium.common.exceptions.TimeoutException: Message: \nStacktrace:\n#0 0x558571754b9a <unknown>\n#1 0x55857143a670 <unknown>\n#2 0x558571489c48 <unknown>\n#3 0x558571489ee1 <unknown>\n#4 0x5585714d0924 <unknown>\n#5 0x5585714aebad <unknown>\n#6 0x5585714cddd6 <unknown>\n#7 0x5585714ae923 <unknown>\n#8 0x55857147c6e7 <unknown>\n#9 0x55857147d6de <unknown>\n#10 0x55857171e66b <unknown>\n#11 0x558571722611 <unknown>\n#12 0x55857170a4e5 <unknown>\n#13 0x558571723192 <unknown>\n#14 0x5585716ef6ef <unknown>\n#15 0x5585717439d8 <unknown>\n#16 0x558571743ba7 <unknown>\n#17 0x5585717539ec <unknown>\n#18 0x7f37cff2ba94 <unknown>\n#19 0x7f37cffb8a34 __clone\n\n","steps":[],"attachments":[],"parameters":[],"shouldDisplayMessage":true,"stepsCount":0,"attachmentsCount":0,"hasContent":true,"attachmentStep":false}],"attachments":[{"uid":"5af5074b78ffa6b2","name":"stdout","source":"5af5074b78ffa6b2.txt","type":"text/plain","size":653}],"parameters":[],"shouldDisplayMessage":true,"stepsCount":2,"attachmentsCount":1,"hasContent":true,"attachmentStep":false},"afterStages":[],"labels":[{"name":"host","value":"fv-az1052-401"},{"name":"thread","value":"2752-MainThread"},{"name":"framework","value":"pytest-bdd"},{"name":"language","value":"cpython3"},{"name":"feature","value":"Test each council output matches expected results"},{"name":"resultFormat","value":"allure2"}],"parameters":[{"name":"council","value":"GatesheadCouncil"}],"links":[],"hidden":false,"retry":false,"extra":{"severity":"normal","retries":[],"categories":[{"name":"Product defects","matchedStatuses":[],"flaky":false}],"history":{"statistic":{"failed":178,"broken":0,"skipped":0,"passed":33,"unknown":0,"total":211},"items":[{"uid":"6eb6b7b81ba26448","reportUrl":"https://robbrad.github.io/UKBinCollectionData/3.11/2246//#testresult/6eb6b7b81ba26448","status":"failed","statusDetails":"selenium.common.exceptions.WebDriverException: Message: Unable to route (DELETE) /session/c42105341fdb710624109b19205c2a31","time":{"start":1729210666750,"stop":1729210983728,"duration":316978}},{"uid":"e802f05cc09ecfeb","reportUrl":"https://robbrad.github.io/UKBinCollectionData/3.11/2244//#testresult/e802f05cc09ecfeb","status":"passed","time":{"start":1729124316888,"stop":1729124337257,"duration":20369}},{"uid":"5ef322fbc7b706f9","reportUrl":"https://robbrad.github.io/UKBinCollectionData/3.11/2242//#testresult/5ef322fbc7b706f9","status":"passed","time":{"start":1729111656232,"stop":1729111690229,"duration":33997}},{"uid":"cbc2a98446d53814","reportUrl":"https://robbrad.github.io/UKBinCollectionData/3.11/2237//#testresult/cbc2a98446d53814","status":"passed","time":{"start":1729037966205,"stop":1729037998950,"duration":32745}},{"uid":"101b639295f7908f","reportUrl":"https://robbrad.github.io/UKBinCollectionData/3.11/2233//#testresult/101b639295f7908f","status":"passed","time":{"start":1728951612881,"stop":1728951642190,"duration":29309}},{"uid":"fdac1ea2670d6693","reportUrl":"https://robbrad.github.io/UKBinCollectionData/3.11/2227//#testresult/fdac1ea2670d6693","status":"passed","time":{"start":1728865135692,"stop":1728865164934,"duration":29242}},{"uid":"2282ef4eae5988c3","reportUrl":"https://robbrad.github.io/UKBinCollectionData/3.11/2214//#testresult/2282ef4eae5988c3","status":"passed","time":{"start":1728778536178,"stop":1728778602859,"duration":66681}},{"uid":"2fd9d344d00c4b7a","reportUrl":"https://robbrad.github.io/UKBinCollectionData/3.11/2211//#testresult/2fd9d344d00c4b7a","status":"passed","time":{"start":1728692168698,"stop":1728692233611,"duration":64913}},{"uid":"25a097be6500fa37","reportUrl":"https://robbrad.github.io/UKBinCollectionData/3.11/2210//#testresult/25a097be6500fa37","status":"passed","time":{"start":1728605731352,"stop":1728605762687,"duration":31335}},{"uid":"38d3f501603aec9","reportUrl":"https://robbrad.github.io/UKBinCollectionData/3.11/2199//#testresult/38d3f501603aec9","status":"failed","statusDetails":"selenium.common.exceptions.WebDriverException: Message: Unable to route (DELETE) /session/0faccc54494dea3588b0747ae7802cb5","time":{"start":1728519408397,"stop":1728519753019,"duration":344622}},{"uid":"541e086a12210fd4","reportUrl":"https://robbrad.github.io/UKBinCollectionData/3.11/2188//#testresult/541e086a12210fd4","status":"passed","time":{"start":1728432897077,"stop":1728432926823,"duration":29746}},{"uid":"1b46d074b2b6ae51","reportUrl":"https://robbrad.github.io/UKBinCollectionData/3.11/2169//#testresult/1b46d074b2b6ae51","status":"passed","time":{"start":1728332048965,"stop":1728332148732,"duration":99767}},{"uid":"efecf6e54be3ce7a","reportUrl":"https://robbrad.github.io/UKBinCollectionData/3.11/2165//#testresult/efecf6e54be3ce7a","status":"failed","statusDetails":"selenium.common.exceptions.WebDriverException: Message: Unable to route (DELETE) /session/0f956b8eeb0b5ca632c079df2190df31","time":{"start":1728260415685,"stop":1728260736305,"duration":320620}},{"uid":"69507e1b37fb7be2","reportUrl":"https://robbrad.github.io/UKBinCollectionData/3.11/2164//#testresult/69507e1b37fb7be2","status":"passed","time":{"start":1728174018676,"stop":1728174051259,"duration":32583}},{"uid":"7f461d80e2631bf7","reportUrl":"https://robbrad.github.io/UKBinCollectionData/3.11/2160//#testresult/7f461d80e2631bf7","status":"failed","statusDetails":"selenium.common.exceptions.TimeoutException: Message: \nStacktrace:\n#0 0x55ec0ce0413a <unknown>\n#1 0x55ec0caea5e0 <unknown>\n#2 0x55ec0cb39be8 <unknown>\n#3 0x55ec0cb39e81 <unknown>\n#4 0x55ec0cb808c4 <unknown>\n#5 0x55ec0cb5eb4d <unknown>\n#6 0x55ec0cb7dd7d <unknown>\n#7 0x55ec0cb5e8c3 <unknown>\n#8 0x55ec0cb2c6b3 <unknown>\n#9 0x55ec0cb2d68e <unknown>\n#10 0x55ec0cdceb3b <unknown>\n#11 0x55ec0cdd2ac1 <unknown>\n#12 0x55ec0cdbb335 <unknown>\n#13 0x55ec0cdd3642 <unknown>\n#14 0x55ec0cda049f <unknown>\n#15 0x55ec0cdf3038 <unknown>\n#16 0x55ec0cdf3203 <unknown>\n#17 0x55ec0ce02f8c <unknown>\n#18 0x7fa64d878a94 <unknown>\n#19 0x7fa64d905a34 __clone","time":{"start":1728087247817,"stop":1728087302536,"duration":54719}},{"uid":"9ba1dc49fe34dcc7","reportUrl":"https://robbrad.github.io/UKBinCollectionData/3.11/2157//#testresult/9ba1dc49fe34dcc7","status":"failed","statusDetails":"selenium.common.exceptions.WebDriverException: Message: Unable to route (DELETE) /session/cc3f5a37e54a715169c36d3df07544a5","time":{"start":1728057195403,"stop":1728057499588,"duration":304185}},{"uid":"89a3228c2111cb6d","reportUrl":"https://robbrad.github.io/UKBinCollectionData/3.11/2152//#testresult/89a3228c2111cb6d","status":"failed","statusDetails":"selenium.common.exceptions.TimeoutException: Message: \nStacktrace:\n#0 0x56535060a13a <unknown>\n#1 0x5653502f05e0 <unknown>\n#2 0x56535033fbe8 <unknown>\n#3 0x56535033fe81 <unknown>\n#4 0x5653503868c4 <unknown>\n#5 0x565350364b4d <unknown>\n#6 0x565350383d7d <unknown>\n#7 0x5653503648c3 <unknown>\n#8 0x5653503326b3 <unknown>\n#9 0x56535033368e <unknown>\n#10 0x5653505d4b3b <unknown>\n#11 0x5653505d8ac1 <unknown>\n#12 0x5653505c1335 <unknown>\n#13 0x5653505d9642 <unknown>\n#14 0x5653505a649f <unknown>\n#15 0x5653505f9038 <unknown>\n#16 0x5653505f9203 <unknown>\n#17 0x565350608f8c <unknown>\n#18 0x7fca43be2a94 <unknown>\n#19 0x7fca43c6fa34 __clone","time":{"start":1728001172990,"stop":1728001243040,"duration":70050}},{"uid":"4a3b63ab1ad64cfd","reportUrl":"https://robbrad.github.io/UKBinCollectionData/3.11/2148//#testresult/4a3b63ab1ad64cfd","status":"failed","statusDetails":"selenium.common.exceptions.TimeoutException: Message: \nStacktrace:\n#0 0x5590ee6d813a <unknown>\n#1 0x5590ee3be5e0 <unknown>\n#2 0x5590ee40dbe8 <unknown>\n#3 0x5590ee40de81 <unknown>\n#4 0x5590ee4548c4 <unknown>\n#5 0x5590ee432b4d <unknown>\n#6 0x5590ee451d7d <unknown>\n#7 0x5590ee4328c3 <unknown>\n#8 0x5590ee4006b3 <unknown>\n#9 0x5590ee40168e <unknown>\n#10 0x5590ee6a2b3b <unknown>\n#11 0x5590ee6a6ac1 <unknown>\n#12 0x5590ee68f335 <unknown>\n#13 0x5590ee6a7642 <unknown>\n#14 0x5590ee67449f <unknown>\n#15 0x5590ee6c7038 <unknown>\n#16 0x5590ee6c7203 <unknown>\n#17 0x5590ee6d6f8c <unknown>\n#18 0x7fea170b5a94 <unknown>\n#19 0x7fea17142a34 __clone","time":{"start":1727932720087,"stop":1727932815514,"duration":95427}},{"uid":"6115a5e2396e7303","reportUrl":"https://robbrad.github.io/UKBinCollectionData/3.11/2146//#testresult/6115a5e2396e7303","status":"failed","statusDetails":"selenium.common.exceptions.TimeoutException: Message: \nStacktrace:\n#0 0x55e6e049813a <unknown>\n#1 0x55e6e017e5e0 <unknown>\n#2 0x55e6e01cdbe8 <unknown>\n#3 0x55e6e01cde81 <unknown>\n#4 0x55e6e02148c4 <unknown>\n#5 0x55e6e01f2b4d <unknown>\n#6 0x55e6e0211d7d <unknown>\n#7 0x55e6e01f28c3 <unknown>\n#8 0x55e6e01c06b3 <unknown>\n#9 0x55e6e01c168e <unknown>\n#10 0x55e6e0462b3b <unknown>\n#11 0x55e6e0466ac1 <unknown>\n#12 0x55e6e044f335 <unknown>\n#13 0x55e6e0467642 <unknown>\n#14 0x55e6e043449f <unknown>\n#15 0x55e6e0487038 <unknown>\n#16 0x55e6e0487203 <unknown>\n#17 0x55e6e0496f8c <unknown>\n#18 0x7fd4bc0e4a94 <unknown>\n#19 0x7fd4bc171a34 __clone","time":{"start":1727914522330,"stop":1727914618010,"duration":95680}},{"uid":"721fd5f42a6d4219","reportUrl":"https://robbrad.github.io/UKBinCollectionData/3.11/2139//#testresult/721fd5f42a6d4219","status":"failed","statusDetails":"selenium.common.exceptions.TimeoutException: Message: \nStacktrace:\n#0 0x55a7d145513a <unknown>\n#1 0x55a7d113b5e0 <unknown>\n#2 0x55a7d118abe8 <unknown>\n#3 0x55a7d118ae81 <unknown>\n#4 0x55a7d11d18c4 <unknown>\n#5 0x55a7d11afb4d <unknown>\n#6 0x55a7d11ced7d <unknown>\n#7 0x55a7d11af8c3 <unknown>\n#8 0x55a7d117d6b3 <unknown>\n#9 0x55a7d117e68e <unknown>\n#10 0x55a7d141fb3b <unknown>\n#11 0x55a7d1423ac1 <unknown>\n#12 0x55a7d140c335 <unknown>\n#13 0x55a7d1424642 <unknown>\n#14 0x55a7d13f149f <unknown>\n#15 0x55a7d1444038 <unknown>\n#16 0x55a7d1444203 <unknown>\n#17 0x55a7d1453f8c <unknown>\n#18 0x7f966adf6a94 <unknown>\n#19 0x7f966ae83a34 __clone","time":{"start":1727828103039,"stop":1727828198084,"duration":95045}}]},"tags":[]},"source":"aa3742ea571c7515.json","parameterValues":["GatesheadCouncil"]}