{"uid":"ae828705c9ec92d2","name":"Validate Council Output [EastLindseyDistrictCouncil]","fullName":"features/validate_council_outputs.feature:Validate Council Output","historyId":"519a697efdcc9e7678d3369921187d0b","time":{"start":1728864170341,"stop":1728864277443,"duration":107102},"status":"failed","statusMessage":"selenium.common.exceptions.TimeoutException: Message: \nStacktrace:\n#0 0x55a876f9ab9a <unknown>\n#1 0x55a876c80670 <unknown>\n#2 0x55a876ccfc48 <unknown>\n#3 0x55a876ccfee1 <unknown>\n#4 0x55a876d16924 <unknown>\n#5 0x55a876cf4bad <unknown>\n#6 0x55a876d13dd6 <unknown>\n#7 0x55a876cf4923 <unknown>\n#8 0x55a876cc26e7 <unknown>\n#9 0x55a876cc36de <unknown>\n#10 0x55a876f6466b <unknown>\n#11 0x55a876f68611 <unknown>\n#12 0x55a876f504e5 <unknown>\n#13 0x55a876f69192 <unknown>\n#14 0x55a876f356ef <unknown>\n#15 0x55a876f899d8 <unknown>\n#16 0x55a876f89ba7 <unknown>\n#17 0x55a876f999ec <unknown>\n#18 0x7f540a6c1a94 <unknown>\n#19 0x7f540a74ea34 __clone","statusTrace":"fixturefunc = <function scrape_step at 0x7fa24999bec0>\nrequest = <FixtureRequest for <Function test_scenario_outline[EastLindseyDistrictCouncil]>>\nkwargs = {'context': <test_validate_council.Context object at 0x7fa249a237d0>, 'headless_mode': 'True', 'local_browser': 'False', 'selenium_url': 'http://localhost:4444'}\n\n    def call_fixture_func(\n        fixturefunc: _FixtureFunc[FixtureValue], request: FixtureRequest, kwargs\n    ) -> FixtureValue:\n        if is_generator(fixturefunc):\n            fixturefunc = cast(\n                Callable[..., Generator[FixtureValue, None, None]], fixturefunc\n            )\n            generator = fixturefunc(**kwargs)\n            try:\n                fixture_result = next(generator)\n            except StopIteration:\n                raise ValueError(f\"{request.fixturename} did not yield a value\") from None\n            finalizer = functools.partial(_teardown_yield_fixture, fixturefunc, generator)\n            request.addfinalizer(finalizer)\n        else:\n            fixturefunc = cast(Callable[..., FixtureValue], fixturefunc)\n>           fixture_result = fixturefunc(**kwargs)\n\n../../../.cache/pypoetry/virtualenvs/uk-bin-collection-EwS6Gn8s-py3.11/lib/python3.11/site-packages/_pytest/fixtures.py:898: \n_ _ _ _ _ _ _ _ _ _ _ _ _ _ _ _ _ _ _ _ _ _ _ _ _ _ _ _ _ _ _ _ _ _ _ _ _ _ _ _ \nuk_bin_collection/tests/step_defs/test_validate_council.py:100: in scrape_step\n    context.parse_result = CollectData.run()\nuk_bin_collection/uk_bin_collection/collect_data.py:101: in run\n    return self.client_code(\nuk_bin_collection/uk_bin_collection/collect_data.py:121: in client_code\n    return get_bin_data_class.template_method(address_url, **kwargs)\nuk_bin_collection/uk_bin_collection/get_bin_data.py:61: in template_method\n    bin_data_dict = self.get_and_parse_data(this_url, **kwargs)\nuk_bin_collection/uk_bin_collection/get_bin_data.py:84: in get_and_parse_data\n    bin_data_dict = self.parse_data(\"\", url=address_url, **kwargs)\nuk_bin_collection/uk_bin_collection/councils/EastLindseyDistrictCouncil.py:36: in parse_data\n    inputElement_postcode = WebDriverWait(driver, 30).until(\n_ _ _ _ _ _ _ _ _ _ _ _ _ _ _ _ _ _ _ _ _ _ _ _ _ _ _ _ _ _ _ _ _ _ _ _ _ _ _ _ \n\nself = <selenium.webdriver.support.wait.WebDriverWait (session=\"9334e604dd6d34d13bb164ee14c1ab18\")>\nmethod = <function presence_of_element_located.<locals>._predicate at 0x7fa248f2d080>\nmessage = ''\n\n    def until(self, method: Callable[[D], Union[Literal[False], T]], message: str = \"\") -> T:\n        \"\"\"Calls the method provided with the driver as an argument until the \\\n        return value does not evaluate to ``False``.\n    \n        :param method: callable(WebDriver)\n        :param message: optional message for :exc:`TimeoutException`\n        :returns: the result of the last call to `method`\n        :raises: :exc:`selenium.common.exceptions.TimeoutException` if timeout occurs\n        \"\"\"\n        screen = None\n        stacktrace = None\n    \n        end_time = time.monotonic() + self._timeout\n        while True:\n            try:\n                value = method(self._driver)\n                if value:\n                    return value\n            except self._ignored_exceptions as exc:\n                screen = getattr(exc, \"screen\", None)\n                stacktrace = getattr(exc, \"stacktrace\", None)\n            time.sleep(self._poll)\n            if time.monotonic() > end_time:\n                break\n>       raise TimeoutException(message, screen, stacktrace)\nE       selenium.common.exceptions.TimeoutException: Message: \nE       Stacktrace:\nE       #0 0x55a876f9ab9a <unknown>\nE       #1 0x55a876c80670 <unknown>\nE       #2 0x55a876ccfc48 <unknown>\nE       #3 0x55a876ccfee1 <unknown>\nE       #4 0x55a876d16924 <unknown>\nE       #5 0x55a876cf4bad <unknown>\nE       #6 0x55a876d13dd6 <unknown>\nE       #7 0x55a876cf4923 <unknown>\nE       #8 0x55a876cc26e7 <unknown>\nE       #9 0x55a876cc36de <unknown>\nE       #10 0x55a876f6466b <unknown>\nE       #11 0x55a876f68611 <unknown>\nE       #12 0x55a876f504e5 <unknown>\nE       #13 0x55a876f69192 <unknown>\nE       #14 0x55a876f356ef <unknown>\nE       #15 0x55a876f899d8 <unknown>\nE       #16 0x55a876f89ba7 <unknown>\nE       #17 0x55a876f999ec <unknown>\nE       #18 0x7f540a6c1a94 <unknown>\nE       #19 0x7f540a74ea34 __clone\n\n../../../.cache/pypoetry/virtualenvs/uk-bin-collection-EwS6Gn8s-py3.11/lib/python3.11/site-packages/selenium/webdriver/support/wait.py:105: TimeoutException","flaky":false,"newFailed":false,"newBroken":false,"newPassed":false,"retriesCount":0,"retriesStatusChange":false,"beforeStages":[],"testStage":{"status":"failed","statusMessage":"selenium.common.exceptions.TimeoutException: Message: \nStacktrace:\n#0 0x55a876f9ab9a <unknown>\n#1 0x55a876c80670 <unknown>\n#2 0x55a876ccfc48 <unknown>\n#3 0x55a876ccfee1 <unknown>\n#4 0x55a876d16924 <unknown>\n#5 0x55a876cf4bad <unknown>\n#6 0x55a876d13dd6 <unknown>\n#7 0x55a876cf4923 <unknown>\n#8 0x55a876cc26e7 <unknown>\n#9 0x55a876cc36de <unknown>\n#10 0x55a876f6466b <unknown>\n#11 0x55a876f68611 <unknown>\n#12 0x55a876f504e5 <unknown>\n#13 0x55a876f69192 <unknown>\n#14 0x55a876f356ef <unknown>\n#15 0x55a876f899d8 <unknown>\n#16 0x55a876f89ba7 <unknown>\n#17 0x55a876f999ec <unknown>\n#18 0x7f540a6c1a94 <unknown>\n#19 0x7f540a74ea34 __clone","statusTrace":"fixturefunc = <function scrape_step at 0x7fa24999bec0>\nrequest = <FixtureRequest for <Function test_scenario_outline[EastLindseyDistrictCouncil]>>\nkwargs = {'context': <test_validate_council.Context object at 0x7fa249a237d0>, 'headless_mode': 'True', 'local_browser': 'False', 'selenium_url': 'http://localhost:4444'}\n\n    def call_fixture_func(\n        fixturefunc: _FixtureFunc[FixtureValue], request: FixtureRequest, kwargs\n    ) -> FixtureValue:\n        if is_generator(fixturefunc):\n            fixturefunc = cast(\n                Callable[..., Generator[FixtureValue, None, None]], fixturefunc\n            )\n            generator = fixturefunc(**kwargs)\n            try:\n                fixture_result = next(generator)\n            except StopIteration:\n                raise ValueError(f\"{request.fixturename} did not yield a value\") from None\n            finalizer = functools.partial(_teardown_yield_fixture, fixturefunc, generator)\n            request.addfinalizer(finalizer)\n        else:\n            fixturefunc = cast(Callable[..., FixtureValue], fixturefunc)\n>           fixture_result = fixturefunc(**kwargs)\n\n../../../.cache/pypoetry/virtualenvs/uk-bin-collection-EwS6Gn8s-py3.11/lib/python3.11/site-packages/_pytest/fixtures.py:898: \n_ _ _ _ _ _ _ _ _ _ _ _ _ _ _ _ _ _ _ _ _ _ _ _ _ _ _ _ _ _ _ _ _ _ _ _ _ _ _ _ \nuk_bin_collection/tests/step_defs/test_validate_council.py:100: in scrape_step\n    context.parse_result = CollectData.run()\nuk_bin_collection/uk_bin_collection/collect_data.py:101: in run\n    return self.client_code(\nuk_bin_collection/uk_bin_collection/collect_data.py:121: in client_code\n    return get_bin_data_class.template_method(address_url, **kwargs)\nuk_bin_collection/uk_bin_collection/get_bin_data.py:61: in template_method\n    bin_data_dict = self.get_and_parse_data(this_url, **kwargs)\nuk_bin_collection/uk_bin_collection/get_bin_data.py:84: in get_and_parse_data\n    bin_data_dict = self.parse_data(\"\", url=address_url, **kwargs)\nuk_bin_collection/uk_bin_collection/councils/EastLindseyDistrictCouncil.py:36: in parse_data\n    inputElement_postcode = WebDriverWait(driver, 30).until(\n_ _ _ _ _ _ _ _ _ _ _ _ _ _ _ _ _ _ _ _ _ _ _ _ _ _ _ _ _ _ _ _ _ _ _ _ _ _ _ _ \n\nself = <selenium.webdriver.support.wait.WebDriverWait (session=\"9334e604dd6d34d13bb164ee14c1ab18\")>\nmethod = <function presence_of_element_located.<locals>._predicate at 0x7fa248f2d080>\nmessage = ''\n\n    def until(self, method: Callable[[D], Union[Literal[False], T]], message: str = \"\") -> T:\n        \"\"\"Calls the method provided with the driver as an argument until the \\\n        return value does not evaluate to ``False``.\n    \n        :param method: callable(WebDriver)\n        :param message: optional message for :exc:`TimeoutException`\n        :returns: the result of the last call to `method`\n        :raises: :exc:`selenium.common.exceptions.TimeoutException` if timeout occurs\n        \"\"\"\n        screen = None\n        stacktrace = None\n    \n        end_time = time.monotonic() + self._timeout\n        while True:\n            try:\n                value = method(self._driver)\n                if value:\n                    return value\n            except self._ignored_exceptions as exc:\n                screen = getattr(exc, \"screen\", None)\n                stacktrace = getattr(exc, \"stacktrace\", None)\n            time.sleep(self._poll)\n            if time.monotonic() > end_time:\n                break\n>       raise TimeoutException(message, screen, stacktrace)\nE       selenium.common.exceptions.TimeoutException: Message: \nE       Stacktrace:\nE       #0 0x55a876f9ab9a <unknown>\nE       #1 0x55a876c80670 <unknown>\nE       #2 0x55a876ccfc48 <unknown>\nE       #3 0x55a876ccfee1 <unknown>\nE       #4 0x55a876d16924 <unknown>\nE       #5 0x55a876cf4bad <unknown>\nE       #6 0x55a876d13dd6 <unknown>\nE       #7 0x55a876cf4923 <unknown>\nE       #8 0x55a876cc26e7 <unknown>\nE       #9 0x55a876cc36de <unknown>\nE       #10 0x55a876f6466b <unknown>\nE       #11 0x55a876f68611 <unknown>\nE       #12 0x55a876f504e5 <unknown>\nE       #13 0x55a876f69192 <unknown>\nE       #14 0x55a876f356ef <unknown>\nE       #15 0x55a876f899d8 <unknown>\nE       #16 0x55a876f89ba7 <unknown>\nE       #17 0x55a876f999ec <unknown>\nE       #18 0x7f540a6c1a94 <unknown>\nE       #19 0x7f540a74ea34 __clone\n\n../../../.cache/pypoetry/virtualenvs/uk-bin-collection-EwS6Gn8s-py3.11/lib/python3.11/site-packages/selenium/webdriver/support/wait.py:105: TimeoutException","steps":[{"name":"Given the council","time":{"start":1728864170341,"stop":1728864170342,"duration":1},"status":"passed","steps":[],"attachments":[],"parameters":[],"shouldDisplayMessage":false,"stepsCount":0,"attachmentsCount":0,"hasContent":false,"attachmentStep":false},{"name":"When we scrape the data from the council","time":{"start":1728864170342,"stop":1728864277443,"duration":107101},"status":"failed","statusMessage":"Message: \nStacktrace:\n#0 0x55a876f9ab9a <unknown>\n#1 0x55a876c80670 <unknown>\n#2 0x55a876ccfc48 <unknown>\n#3 0x55a876ccfee1 <unknown>\n#4 0x55a876d16924 <unknown>\n#5 0x55a876cf4bad <unknown>\n#6 0x55a876d13dd6 <unknown>\n#7 0x55a876cf4923 <unknown>\n#8 0x55a876cc26e7 <unknown>\n#9 0x55a876cc36de <unknown>\n#10 0x55a876f6466b <unknown>\n#11 0x55a876f68611 <unknown>\n#12 0x55a876f504e5 <unknown>\n#13 0x55a876f69192 <unknown>\n#14 0x55a876f356ef <unknown>\n#15 0x55a876f899d8 <unknown>\n#16 0x55a876f89ba7 <unknown>\n#17 0x55a876f999ec <unknown>\n#18 0x7f540a6c1a94 <unknown>\n#19 0x7f540a74ea34 __clone\n","statusTrace":"selenium.common.exceptions.TimeoutException: Message: \nStacktrace:\n#0 0x55a876f9ab9a <unknown>\n#1 0x55a876c80670 <unknown>\n#2 0x55a876ccfc48 <unknown>\n#3 0x55a876ccfee1 <unknown>\n#4 0x55a876d16924 <unknown>\n#5 0x55a876cf4bad <unknown>\n#6 0x55a876d13dd6 <unknown>\n#7 0x55a876cf4923 <unknown>\n#8 0x55a876cc26e7 <unknown>\n#9 0x55a876cc36de <unknown>\n#10 0x55a876f6466b <unknown>\n#11 0x55a876f68611 <unknown>\n#12 0x55a876f504e5 <unknown>\n#13 0x55a876f69192 <unknown>\n#14 0x55a876f356ef <unknown>\n#15 0x55a876f899d8 <unknown>\n#16 0x55a876f89ba7 <unknown>\n#17 0x55a876f999ec <unknown>\n#18 0x7f540a6c1a94 <unknown>\n#19 0x7f540a74ea34 __clone\n\n","steps":[],"attachments":[],"parameters":[],"shouldDisplayMessage":true,"stepsCount":0,"attachmentsCount":0,"hasContent":true,"attachmentStep":false}],"attachments":[{"uid":"12ed5cc3e55c5a1","name":"stdout","source":"12ed5cc3e55c5a1.txt","type":"text/plain","size":663}],"parameters":[],"shouldDisplayMessage":true,"stepsCount":2,"attachmentsCount":1,"hasContent":true,"attachmentStep":false},"afterStages":[],"labels":[{"name":"host","value":"fv-az1442-461"},{"name":"thread","value":"2772-MainThread"},{"name":"framework","value":"pytest-bdd"},{"name":"language","value":"cpython3"},{"name":"feature","value":"Test each council output matches expected results"},{"name":"resultFormat","value":"allure2"}],"parameters":[{"name":"council","value":"EastLindseyDistrictCouncil"}],"links":[],"hidden":false,"retry":false,"extra":{"severity":"normal","retries":[],"categories":[{"name":"Product defects","matchedStatuses":[],"flaky":false}],"history":{"statistic":{"failed":177,"broken":0,"skipped":0,"passed":27,"unknown":0,"total":204},"items":[{"uid":"c2392c90c2a6eba0","reportUrl":"https://robbrad.github.io/UKBinCollectionData/3.11/2214//#testresult/c2392c90c2a6eba0","status":"failed","statusDetails":"selenium.common.exceptions.TimeoutException: Message: \nStacktrace:\n#0 0x55714e373b9a <unknown>\n#1 0x55714e059670 <unknown>\n#2 0x55714e0a8c48 <unknown>\n#3 0x55714e0a8ee1 <unknown>\n#4 0x55714e0ef924 <unknown>\n#5 0x55714e0cdbad <unknown>\n#6 0x55714e0ecdd6 <unknown>\n#7 0x55714e0cd923 <unknown>\n#8 0x55714e09b6e7 <unknown>\n#9 0x55714e09c6de <unknown>\n#10 0x55714e33d66b <unknown>\n#11 0x55714e341611 <unknown>\n#12 0x55714e3294e5 <unknown>\n#13 0x55714e342192 <unknown>\n#14 0x55714e30e6ef <unknown>\n#15 0x55714e3629d8 <unknown>\n#16 0x55714e362ba7 <unknown>\n#17 0x55714e3729ec <unknown>\n#18 0x7fe334d03a94 <unknown>\n#19 0x7fe334d90a34 __clone","time":{"start":1728778306591,"stop":1728778428715,"duration":122124}},{"uid":"c247db2db833003f","reportUrl":"https://robbrad.github.io/UKBinCollectionData/3.11/2211//#testresult/c247db2db833003f","status":"failed","statusDetails":"selenium.common.exceptions.TimeoutException: Message: \nStacktrace:\n#0 0x5646aca1eb9a <unknown>\n#1 0x5646ac704670 <unknown>\n#2 0x5646ac753c48 <unknown>\n#3 0x5646ac753ee1 <unknown>\n#4 0x5646ac79a924 <unknown>\n#5 0x5646ac778bad <unknown>\n#6 0x5646ac797dd6 <unknown>\n#7 0x5646ac778923 <unknown>\n#8 0x5646ac7466e7 <unknown>\n#9 0x5646ac7476de <unknown>\n#10 0x5646ac9e866b <unknown>\n#11 0x5646ac9ec611 <unknown>\n#12 0x5646ac9d44e5 <unknown>\n#13 0x5646ac9ed192 <unknown>\n#14 0x5646ac9b96ef <unknown>\n#15 0x5646aca0d9d8 <unknown>\n#16 0x5646aca0dba7 <unknown>\n#17 0x5646aca1d9ec <unknown>\n#18 0x7ff38391fa94 <unknown>\n#19 0x7ff3839aca34 __clone","time":{"start":1728691908626,"stop":1728692012217,"duration":103591}},{"uid":"cc8779e533852744","reportUrl":"https://robbrad.github.io/UKBinCollectionData/3.11/2210//#testresult/cc8779e533852744","status":"failed","statusDetails":"selenium.common.exceptions.TimeoutException: Message: \nStacktrace:\n#0 0x555ec40f5b9a <unknown>\n#1 0x555ec3ddb670 <unknown>\n#2 0x555ec3e2ac48 <unknown>\n#3 0x555ec3e2aee1 <unknown>\n#4 0x555ec3e71924 <unknown>\n#5 0x555ec3e4fbad <unknown>\n#6 0x555ec3e6edd6 <unknown>\n#7 0x555ec3e4f923 <unknown>\n#8 0x555ec3e1d6e7 <unknown>\n#9 0x555ec3e1e6de <unknown>\n#10 0x555ec40bf66b <unknown>\n#11 0x555ec40c3611 <unknown>\n#12 0x555ec40ab4e5 <unknown>\n#13 0x555ec40c4192 <unknown>\n#14 0x555ec40906ef <unknown>\n#15 0x555ec40e49d8 <unknown>\n#16 0x555ec40e4ba7 <unknown>\n#17 0x555ec40f49ec <unknown>\n#18 0x7fbf19617a94 <unknown>\n#19 0x7fbf196a4a34 __clone","time":{"start":1728605537916,"stop":1728605608409,"duration":70493}},{"uid":"1ed0e6714bd24a8a","reportUrl":"https://robbrad.github.io/UKBinCollectionData/3.11/2199//#testresult/1ed0e6714bd24a8a","status":"failed","statusDetails":"selenium.common.exceptions.TimeoutException: Message: \nStacktrace:\n#0 0x55b54ffcc13a <unknown>\n#1 0x55b54fcb25e0 <unknown>\n#2 0x55b54fd01be8 <unknown>\n#3 0x55b54fd01e81 <unknown>\n#4 0x55b54fd488c4 <unknown>\n#5 0x55b54fd26b4d <unknown>\n#6 0x55b54fd45d7d <unknown>\n#7 0x55b54fd268c3 <unknown>\n#8 0x55b54fcf46b3 <unknown>\n#9 0x55b54fcf568e <unknown>\n#10 0x55b54ff96b3b <unknown>\n#11 0x55b54ff9aac1 <unknown>\n#12 0x55b54ff83335 <unknown>\n#13 0x55b54ff9b642 <unknown>\n#14 0x55b54ff6849f <unknown>\n#15 0x55b54ffbb038 <unknown>\n#16 0x55b54ffbb203 <unknown>\n#17 0x55b54ffcaf8c <unknown>\n#18 0x7fc9cef7fa94 <unknown>\n#19 0x7fc9cf00ca34 __clone","time":{"start":1728519097612,"stop":1728519225777,"duration":128165}},{"uid":"ddbaf67540853f78","reportUrl":"https://robbrad.github.io/UKBinCollectionData/3.11/2188//#testresult/ddbaf67540853f78","status":"failed","statusDetails":"selenium.common.exceptions.TimeoutException: Message: \nStacktrace:\n#0 0x56392797513a <unknown>\n#1 0x56392765b5e0 <unknown>\n#2 0x5639276aabe8 <unknown>\n#3 0x5639276aae81 <unknown>\n#4 0x5639276f18c4 <unknown>\n#5 0x5639276cfb4d <unknown>\n#6 0x5639276eed7d <unknown>\n#7 0x5639276cf8c3 <unknown>\n#8 0x56392769d6b3 <unknown>\n#9 0x56392769e68e <unknown>\n#10 0x56392793fb3b <unknown>\n#11 0x563927943ac1 <unknown>\n#12 0x56392792c335 <unknown>\n#13 0x563927944642 <unknown>\n#14 0x56392791149f <unknown>\n#15 0x563927964038 <unknown>\n#16 0x563927964203 <unknown>\n#17 0x563927973f8c <unknown>\n#18 0x7f4ca3fbda94 <unknown>\n#19 0x7f4ca404aa34 __clone","time":{"start":1728432731967,"stop":1728432794254,"duration":62287}},{"uid":"f4d1dffc330942e5","reportUrl":"https://robbrad.github.io/UKBinCollectionData/3.11/2169//#testresult/f4d1dffc330942e5","status":"failed","statusDetails":"selenium.common.exceptions.TimeoutException: Message: \nStacktrace:\n#0 0x55a34603513a <unknown>\n#1 0x55a345d1b5e0 <unknown>\n#2 0x55a345d6abe8 <unknown>\n#3 0x55a345d6ae81 <unknown>\n#4 0x55a345db18c4 <unknown>\n#5 0x55a345d8fb4d <unknown>\n#6 0x55a345daed7d <unknown>\n#7 0x55a345d8f8c3 <unknown>\n#8 0x55a345d5d6b3 <unknown>\n#9 0x55a345d5e68e <unknown>\n#10 0x55a345fffb3b <unknown>\n#11 0x55a346003ac1 <unknown>\n#12 0x55a345fec335 <unknown>\n#13 0x55a346004642 <unknown>\n#14 0x55a345fd149f <unknown>\n#15 0x55a346024038 <unknown>\n#16 0x55a346024203 <unknown>\n#17 0x55a346033f8c <unknown>\n#18 0x7fdd56f45a94 <unknown>\n#19 0x7fdd56fd2a34 __clone","time":{"start":1728332051885,"stop":1728332181455,"duration":129570}},{"uid":"c47dbf3bb13fa702","reportUrl":"https://robbrad.github.io/UKBinCollectionData/3.11/2165//#testresult/c47dbf3bb13fa702","status":"failed","statusDetails":"selenium.common.exceptions.TimeoutException: Message: \nStacktrace:\n#0 0x55a2dff3c13a <unknown>\n#1 0x55a2dfc225e0 <unknown>\n#2 0x55a2dfc71be8 <unknown>\n#3 0x55a2dfc71e81 <unknown>\n#4 0x55a2dfcb88c4 <unknown>\n#5 0x55a2dfc96b4d <unknown>\n#6 0x55a2dfcb5d7d <unknown>\n#7 0x55a2dfc968c3 <unknown>\n#8 0x55a2dfc646b3 <unknown>\n#9 0x55a2dfc6568e <unknown>\n#10 0x55a2dff06b3b <unknown>\n#11 0x55a2dff0aac1 <unknown>\n#12 0x55a2dfef3335 <unknown>\n#13 0x55a2dff0b642 <unknown>\n#14 0x55a2dfed849f <unknown>\n#15 0x55a2dff2b038 <unknown>\n#16 0x55a2dff2b203 <unknown>\n#17 0x55a2dff3af8c <unknown>\n#18 0x7f37272e8a94 <unknown>\n#19 0x7f3727375a34 __clone","time":{"start":1728259355222,"stop":1728259529127,"duration":173905}},{"uid":"33f94dfc940012b","reportUrl":"https://robbrad.github.io/UKBinCollectionData/3.11/2164//#testresult/33f94dfc940012b","status":"failed","statusDetails":"selenium.common.exceptions.TimeoutException: Message: \nStacktrace:\n#0 0x55b9f97d113a <unknown>\n#1 0x55b9f94b75e0 <unknown>\n#2 0x55b9f9506be8 <unknown>\n#3 0x55b9f9506e81 <unknown>\n#4 0x55b9f954d8c4 <unknown>\n#5 0x55b9f952bb4d <unknown>\n#6 0x55b9f954ad7d <unknown>\n#7 0x55b9f952b8c3 <unknown>\n#8 0x55b9f94f96b3 <unknown>\n#9 0x55b9f94fa68e <unknown>\n#10 0x55b9f979bb3b <unknown>\n#11 0x55b9f979fac1 <unknown>\n#12 0x55b9f9788335 <unknown>\n#13 0x55b9f97a0642 <unknown>\n#14 0x55b9f976d49f <unknown>\n#15 0x55b9f97c0038 <unknown>\n#16 0x55b9f97c0203 <unknown>\n#17 0x55b9f97cff8c <unknown>\n#18 0x7feb3a76fa94 <unknown>\n#19 0x7feb3a7fca34 __clone","time":{"start":1728172955307,"stop":1728173133308,"duration":178001}},{"uid":"6d70c20249d9bc46","reportUrl":"https://robbrad.github.io/UKBinCollectionData/3.11/2160//#testresult/6d70c20249d9bc46","status":"failed","statusDetails":"selenium.common.exceptions.TimeoutException: Message: \nStacktrace:\n#0 0x563c4ead913a <unknown>\n#1 0x563c4e7bf5e0 <unknown>\n#2 0x563c4e80ebe8 <unknown>\n#3 0x563c4e80ee81 <unknown>\n#4 0x563c4e8558c4 <unknown>\n#5 0x563c4e833b4d <unknown>\n#6 0x563c4e852d7d <unknown>\n#7 0x563c4e8338c3 <unknown>\n#8 0x563c4e8016b3 <unknown>\n#9 0x563c4e80268e <unknown>\n#10 0x563c4eaa3b3b <unknown>\n#11 0x563c4eaa7ac1 <unknown>\n#12 0x563c4ea90335 <unknown>\n#13 0x563c4eaa8642 <unknown>\n#14 0x563c4ea7549f <unknown>\n#15 0x563c4eac8038 <unknown>\n#16 0x563c4eac8203 <unknown>\n#17 0x563c4ead7f8c <unknown>\n#18 0x7f5ab7fa2a94 <unknown>\n#19 0x7f5ab802fa34 __clone","time":{"start":1728086556805,"stop":1728086612848,"duration":56043}},{"uid":"5f32fcfeb54e0948","reportUrl":"https://robbrad.github.io/UKBinCollectionData/3.11/2152//#testresult/5f32fcfeb54e0948","status":"failed","statusDetails":"selenium.common.exceptions.TimeoutException: Message: \nStacktrace:\n#0 0x5635eea7d13a <unknown>\n#1 0x5635ee7635e0 <unknown>\n#2 0x5635ee7b2be8 <unknown>\n#3 0x5635ee7b2e81 <unknown>\n#4 0x5635ee7f98c4 <unknown>\n#5 0x5635ee7d7b4d <unknown>\n#6 0x5635ee7f6d7d <unknown>\n#7 0x5635ee7d78c3 <unknown>\n#8 0x5635ee7a56b3 <unknown>\n#9 0x5635ee7a668e <unknown>\n#10 0x5635eea47b3b <unknown>\n#11 0x5635eea4bac1 <unknown>\n#12 0x5635eea34335 <unknown>\n#13 0x5635eea4c642 <unknown>\n#14 0x5635eea1949f <unknown>\n#15 0x5635eea6c038 <unknown>\n#16 0x5635eea6c203 <unknown>\n#17 0x5635eea7bf8c <unknown>\n#18 0x7f3e12538a94 <unknown>\n#19 0x7f3e125c5a34 __clone","time":{"start":1728000137044,"stop":1728000296824,"duration":159780}},{"uid":"b4cb13dc91e0623","reportUrl":"https://robbrad.github.io/UKBinCollectionData/3.11/2148//#testresult/b4cb13dc91e0623","status":"failed","statusDetails":"selenium.common.exceptions.SessionNotCreatedException: Message: Could not start a new session. New session request timed out \nHost info: host: 'selenium', ip: '172.18.0.2'\nBuild info: version: '4.25.0', revision: '030fcf7918'\nSystem info: os.name: 'Linux', os.arch: 'amd64', os.version: '6.8.0-1014-azure', java.version: '17.0.12'\nDriver info: driver.version: unknown\nStacktrace:\n    at org.openqa.selenium.grid.sessionqueue.local.LocalNewSessionQueue.addToQueue (LocalNewSessionQueue.java:221)\n    at org.openqa.selenium.grid.sessionqueue.NewSessionQueue.lambda$new$0 (NewSessionQueue.java:68)\n    at org.openqa.selenium.remote.http.Route$TemplatizedRoute.handle (Route.java:192)\n    at org.openqa.selenium.remote.http.Route.execute (Route.java:69)\n    at org.openqa.selenium.remote.http.Route$CombinedRoute.handle (Route.java:360)\n    at org.openqa.selenium.remote.http.Route.execute (Route.java:69)\n    at org.openqa.selenium.grid.sessionqueue.NewSessionQueue.execute (NewSessionQueue.java:128)\n    at org.openqa.selenium.remote.tracing.SpanWrappedHttpHandler.execute (SpanWrappedHttpHandler.java:87)\n    at org.openqa.selenium.remote.http.Filter$1.execute (Filter.java:63)\n    at org.openqa.selenium.remote.http.Route$CombinedRoute.handle (Route.java:360)\n    at org.openqa.selenium.remote.http.Route.execute (Route.java:69)\n    at org.openqa.selenium.grid.router.Router.execute (Router.java:87)\n    at org.openqa.selenium.grid.web.EnsureSpecCompliantResponseHeaders.lambda$apply$0 (EnsureSpecCompliantResponseHeaders.java:34)\n    at org.openqa.selenium.remote.http.Filter$1.execute (Filter.java:63)\n    at org.openqa.selenium.remote.http.Route$CombinedRoute.handle (Route.java:360)\n    at org.openqa.selenium.remote.http.Route.execute (Route.java:69)\n    at org.openqa.selenium.remote.AddWebDriverSpecHeaders.lambda$apply$0 (AddWebDriverSpecHeaders.java:35)\n    at org.openqa.selenium.remote.ErrorFilter.lambda$apply$0 (ErrorFilter.java:44)\n    at org.openqa.selenium.remote.http.Filter$1.execute (Filter.java:63)\n    at org.openqa.selenium.remote.ErrorFilter.lambda$apply$0 (ErrorFilter.java:44)\n    at org.openqa.selenium.remote.http.Filter$1.execute (Filter.java:63)\n    at org.openqa.selenium.netty.server.SeleniumHandler.lambda$channelRead0$0 (SeleniumHandler.java:44)\n    at java.util.concurrent.Executors$RunnableAdapter.call (Executors.java:539)\n    at java.util.concurrent.FutureTask.run (FutureTask.java:264)\n    at java.util.concurrent.ThreadPoolExecutor.runWorker (ThreadPoolExecutor.java:1136)\n    at java.util.concurrent.ThreadPoolExecutor$Worker.run (ThreadPoolExecutor.java:635)\n    at java.lang.Thread.run (Thread.java:840)","time":{"start":1727932080150,"stop":1727932380183,"duration":300033}},{"uid":"232ae57a7088239e","reportUrl":"https://robbrad.github.io/UKBinCollectionData/3.11/2146//#testresult/232ae57a7088239e","status":"failed","statusDetails":"selenium.common.exceptions.SessionNotCreatedException: Message: Could not start a new session. New session request timed out \nHost info: host: 'selenium', ip: '172.18.0.2'\nBuild info: version: '4.25.0', revision: '030fcf7918'\nSystem info: os.name: 'Linux', os.arch: 'amd64', os.version: '6.8.0-1014-azure', java.version: '17.0.12'\nDriver info: driver.version: unknown\nStacktrace:\n    at org.openqa.selenium.grid.sessionqueue.local.LocalNewSessionQueue.addToQueue (LocalNewSessionQueue.java:221)\n    at org.openqa.selenium.grid.sessionqueue.NewSessionQueue.lambda$new$0 (NewSessionQueue.java:68)\n    at org.openqa.selenium.remote.http.Route$TemplatizedRoute.handle (Route.java:192)\n    at org.openqa.selenium.remote.http.Route.execute (Route.java:69)\n    at org.openqa.selenium.remote.http.Route$CombinedRoute.handle (Route.java:360)\n    at org.openqa.selenium.remote.http.Route.execute (Route.java:69)\n    at org.openqa.selenium.grid.sessionqueue.NewSessionQueue.execute (NewSessionQueue.java:128)\n    at org.openqa.selenium.remote.tracing.SpanWrappedHttpHandler.execute (SpanWrappedHttpHandler.java:87)\n    at org.openqa.selenium.remote.http.Filter$1.execute (Filter.java:63)\n    at org.openqa.selenium.remote.http.Route$CombinedRoute.handle (Route.java:360)\n    at org.openqa.selenium.remote.http.Route.execute (Route.java:69)\n    at org.openqa.selenium.grid.router.Router.execute (Router.java:87)\n    at org.openqa.selenium.grid.web.EnsureSpecCompliantResponseHeaders.lambda$apply$0 (EnsureSpecCompliantResponseHeaders.java:34)\n    at org.openqa.selenium.remote.http.Filter$1.execute (Filter.java:63)\n    at org.openqa.selenium.remote.http.Route$CombinedRoute.handle (Route.java:360)\n    at org.openqa.selenium.remote.http.Route.execute (Route.java:69)\n    at org.openqa.selenium.remote.AddWebDriverSpecHeaders.lambda$apply$0 (AddWebDriverSpecHeaders.java:35)\n    at org.openqa.selenium.remote.ErrorFilter.lambda$apply$0 (ErrorFilter.java:44)\n    at org.openqa.selenium.remote.http.Filter$1.execute (Filter.java:63)\n    at org.openqa.selenium.remote.ErrorFilter.lambda$apply$0 (ErrorFilter.java:44)\n    at org.openqa.selenium.remote.http.Filter$1.execute (Filter.java:63)\n    at org.openqa.selenium.netty.server.SeleniumHandler.lambda$channelRead0$0 (SeleniumHandler.java:44)\n    at java.util.concurrent.Executors$RunnableAdapter.call (Executors.java:539)\n    at java.util.concurrent.FutureTask.run (FutureTask.java:264)\n    at java.util.concurrent.ThreadPoolExecutor.runWorker (ThreadPoolExecutor.java:1136)\n    at java.util.concurrent.ThreadPoolExecutor$Worker.run (ThreadPoolExecutor.java:635)\n    at java.lang.Thread.run (Thread.java:840)","time":{"start":1727913812672,"stop":1727914112814,"duration":300142}},{"uid":"7ee8633ab0803d5e","reportUrl":"https://robbrad.github.io/UKBinCollectionData/3.11/2139//#testresult/7ee8633ab0803d5e","status":"failed","statusDetails":"selenium.common.exceptions.SessionNotCreatedException: Message: Could not start a new session. New session request timed out \nHost info: host: 'selenium', ip: '172.18.0.2'\nBuild info: version: '4.25.0', revision: '030fcf7918'\nSystem info: os.name: 'Linux', os.arch: 'amd64', os.version: '6.8.0-1014-azure', java.version: '17.0.12'\nDriver info: driver.version: unknown\nStacktrace:\n    at org.openqa.selenium.grid.sessionqueue.local.LocalNewSessionQueue.addToQueue (LocalNewSessionQueue.java:221)\n    at org.openqa.selenium.grid.sessionqueue.NewSessionQueue.lambda$new$0 (NewSessionQueue.java:68)\n    at org.openqa.selenium.remote.http.Route$TemplatizedRoute.handle (Route.java:192)\n    at org.openqa.selenium.remote.http.Route.execute (Route.java:69)\n    at org.openqa.selenium.remote.http.Route$CombinedRoute.handle (Route.java:360)\n    at org.openqa.selenium.remote.http.Route.execute (Route.java:69)\n    at org.openqa.selenium.grid.sessionqueue.NewSessionQueue.execute (NewSessionQueue.java:128)\n    at org.openqa.selenium.remote.tracing.SpanWrappedHttpHandler.execute (SpanWrappedHttpHandler.java:87)\n    at org.openqa.selenium.remote.http.Filter$1.execute (Filter.java:63)\n    at org.openqa.selenium.remote.http.Route$CombinedRoute.handle (Route.java:360)\n    at org.openqa.selenium.remote.http.Route.execute (Route.java:69)\n    at org.openqa.selenium.grid.router.Router.execute (Router.java:87)\n    at org.openqa.selenium.grid.web.EnsureSpecCompliantResponseHeaders.lambda$apply$0 (EnsureSpecCompliantResponseHeaders.java:34)\n    at org.openqa.selenium.remote.http.Filter$1.execute (Filter.java:63)\n    at org.openqa.selenium.remote.http.Route$CombinedRoute.handle (Route.java:360)\n    at org.openqa.selenium.remote.http.Route.execute (Route.java:69)\n    at org.openqa.selenium.remote.AddWebDriverSpecHeaders.lambda$apply$0 (AddWebDriverSpecHeaders.java:35)\n    at org.openqa.selenium.remote.ErrorFilter.lambda$apply$0 (ErrorFilter.java:44)\n    at org.openqa.selenium.remote.http.Filter$1.execute (Filter.java:63)\n    at org.openqa.selenium.remote.ErrorFilter.lambda$apply$0 (ErrorFilter.java:44)\n    at org.openqa.selenium.remote.http.Filter$1.execute (Filter.java:63)\n    at org.openqa.selenium.netty.server.SeleniumHandler.lambda$channelRead0$0 (SeleniumHandler.java:44)\n    at java.util.concurrent.Executors$RunnableAdapter.call (Executors.java:539)\n    at java.util.concurrent.FutureTask.run (FutureTask.java:264)\n    at java.util.concurrent.ThreadPoolExecutor.runWorker (ThreadPoolExecutor.java:1136)\n    at java.util.concurrent.ThreadPoolExecutor$Worker.run (ThreadPoolExecutor.java:635)\n    at java.lang.Thread.run (Thread.java:840)","time":{"start":1727827409277,"stop":1727827709435,"duration":300158}},{"uid":"96aedda1a97c286d","reportUrl":"https://robbrad.github.io/UKBinCollectionData/3.11/2138//#testresult/96aedda1a97c286d","status":"failed","statusDetails":"selenium.common.exceptions.SessionNotCreatedException: Message: Could not start a new session. New session request timed out \nHost info: host: 'selenium', ip: '172.18.0.2'\nBuild info: version: '4.25.0', revision: '030fcf7918'\nSystem info: os.name: 'Linux', os.arch: 'amd64', os.version: '6.8.0-1014-azure', java.version: '17.0.12'\nDriver info: driver.version: unknown\nStacktrace:\n    at org.openqa.selenium.grid.sessionqueue.local.LocalNewSessionQueue.addToQueue (LocalNewSessionQueue.java:221)\n    at org.openqa.selenium.grid.sessionqueue.NewSessionQueue.lambda$new$0 (NewSessionQueue.java:68)\n    at org.openqa.selenium.remote.http.Route$TemplatizedRoute.handle (Route.java:192)\n    at org.openqa.selenium.remote.http.Route.execute (Route.java:69)\n    at org.openqa.selenium.remote.http.Route$CombinedRoute.handle (Route.java:360)\n    at org.openqa.selenium.remote.http.Route.execute (Route.java:69)\n    at org.openqa.selenium.grid.sessionqueue.NewSessionQueue.execute (NewSessionQueue.java:128)\n    at org.openqa.selenium.remote.tracing.SpanWrappedHttpHandler.execute (SpanWrappedHttpHandler.java:87)\n    at org.openqa.selenium.remote.http.Filter$1.execute (Filter.java:63)\n    at org.openqa.selenium.remote.http.Route$CombinedRoute.handle (Route.java:360)\n    at org.openqa.selenium.remote.http.Route.execute (Route.java:69)\n    at org.openqa.selenium.grid.router.Router.execute (Router.java:87)\n    at org.openqa.selenium.grid.web.EnsureSpecCompliantResponseHeaders.lambda$apply$0 (EnsureSpecCompliantResponseHeaders.java:34)\n    at org.openqa.selenium.remote.http.Filter$1.execute (Filter.java:63)\n    at org.openqa.selenium.remote.http.Route$CombinedRoute.handle (Route.java:360)\n    at org.openqa.selenium.remote.http.Route.execute (Route.java:69)\n    at org.openqa.selenium.remote.AddWebDriverSpecHeaders.lambda$apply$0 (AddWebDriverSpecHeaders.java:35)\n    at org.openqa.selenium.remote.ErrorFilter.lambda$apply$0 (ErrorFilter.java:44)\n    at org.openqa.selenium.remote.http.Filter$1.execute (Filter.java:63)\n    at org.openqa.selenium.remote.ErrorFilter.lambda$apply$0 (ErrorFilter.java:44)\n    at org.openqa.selenium.remote.http.Filter$1.execute (Filter.java:63)\n    at org.openqa.selenium.netty.server.SeleniumHandler.lambda$channelRead0$0 (SeleniumHandler.java:44)\n    at java.util.concurrent.Executors$RunnableAdapter.call (Executors.java:539)\n    at java.util.concurrent.FutureTask.run (FutureTask.java:264)\n    at java.util.concurrent.ThreadPoolExecutor.runWorker (ThreadPoolExecutor.java:1136)\n    at java.util.concurrent.ThreadPoolExecutor$Worker.run (ThreadPoolExecutor.java:635)\n    at java.lang.Thread.run (Thread.java:840)","time":{"start":1727741065376,"stop":1727741365577,"duration":300201}},{"uid":"357c5b762f09bcba","reportUrl":"https://robbrad.github.io/UKBinCollectionData/3.11/2137//#testresult/357c5b762f09bcba","status":"failed","statusDetails":"selenium.common.exceptions.SessionNotCreatedException: Message: Could not start a new session. New session request timed out \nHost info: host: 'selenium', ip: '172.18.0.2'\nBuild info: version: '4.25.0', revision: '030fcf7918'\nSystem info: os.name: 'Linux', os.arch: 'amd64', os.version: '6.8.0-1014-azure', java.version: '17.0.12'\nDriver info: driver.version: unknown\nStacktrace:\n    at org.openqa.selenium.grid.sessionqueue.local.LocalNewSessionQueue.addToQueue (LocalNewSessionQueue.java:221)\n    at org.openqa.selenium.grid.sessionqueue.NewSessionQueue.lambda$new$0 (NewSessionQueue.java:68)\n    at org.openqa.selenium.remote.http.Route$TemplatizedRoute.handle (Route.java:192)\n    at org.openqa.selenium.remote.http.Route.execute (Route.java:69)\n    at org.openqa.selenium.remote.http.Route$CombinedRoute.handle (Route.java:360)\n    at org.openqa.selenium.remote.http.Route.execute (Route.java:69)\n    at org.openqa.selenium.grid.sessionqueue.NewSessionQueue.execute (NewSessionQueue.java:128)\n    at org.openqa.selenium.remote.tracing.SpanWrappedHttpHandler.execute (SpanWrappedHttpHandler.java:87)\n    at org.openqa.selenium.remote.http.Filter$1.execute (Filter.java:63)\n    at org.openqa.selenium.remote.http.Route$CombinedRoute.handle (Route.java:360)\n    at org.openqa.selenium.remote.http.Route.execute (Route.java:69)\n    at org.openqa.selenium.grid.router.Router.execute (Router.java:87)\n    at org.openqa.selenium.grid.web.EnsureSpecCompliantResponseHeaders.lambda$apply$0 (EnsureSpecCompliantResponseHeaders.java:34)\n    at org.openqa.selenium.remote.http.Filter$1.execute (Filter.java:63)\n    at org.openqa.selenium.remote.http.Route$CombinedRoute.handle (Route.java:360)\n    at org.openqa.selenium.remote.http.Route.execute (Route.java:69)\n    at org.openqa.selenium.remote.AddWebDriverSpecHeaders.lambda$apply$0 (AddWebDriverSpecHeaders.java:35)\n    at org.openqa.selenium.remote.ErrorFilter.lambda$apply$0 (ErrorFilter.java:44)\n    at org.openqa.selenium.remote.http.Filter$1.execute (Filter.java:63)\n    at org.openqa.selenium.remote.ErrorFilter.lambda$apply$0 (ErrorFilter.java:44)\n    at org.openqa.selenium.remote.http.Filter$1.execute (Filter.java:63)\n    at org.openqa.selenium.netty.server.SeleniumHandler.lambda$channelRead0$0 (SeleniumHandler.java:44)\n    at java.util.concurrent.Executors$RunnableAdapter.call (Executors.java:539)\n    at java.util.concurrent.FutureTask.run (FutureTask.java:264)\n    at java.util.concurrent.ThreadPoolExecutor.runWorker (ThreadPoolExecutor.java:1136)\n    at java.util.concurrent.ThreadPoolExecutor$Worker.run (ThreadPoolExecutor.java:635)\n    at java.lang.Thread.run (Thread.java:840)","time":{"start":1727654631418,"stop":1727654931547,"duration":300129}},{"uid":"a8dc39a349e44a3e","reportUrl":"https://robbrad.github.io/UKBinCollectionData/3.11/2136//#testresult/a8dc39a349e44a3e","status":"failed","statusDetails":"selenium.common.exceptions.SessionNotCreatedException: Message: Could not start a new session. New session request timed out \nHost info: host: 'selenium', ip: '172.18.0.2'\nBuild info: version: '4.25.0', revision: '030fcf7918'\nSystem info: os.name: 'Linux', os.arch: 'amd64', os.version: '6.8.0-1014-azure', java.version: '17.0.12'\nDriver info: driver.version: unknown\nStacktrace:\n    at org.openqa.selenium.grid.sessionqueue.local.LocalNewSessionQueue.addToQueue (LocalNewSessionQueue.java:221)\n    at org.openqa.selenium.grid.sessionqueue.NewSessionQueue.lambda$new$0 (NewSessionQueue.java:68)\n    at org.openqa.selenium.remote.http.Route$TemplatizedRoute.handle (Route.java:192)\n    at org.openqa.selenium.remote.http.Route.execute (Route.java:69)\n    at org.openqa.selenium.remote.http.Route$CombinedRoute.handle (Route.java:360)\n    at org.openqa.selenium.remote.http.Route.execute (Route.java:69)\n    at org.openqa.selenium.grid.sessionqueue.NewSessionQueue.execute (NewSessionQueue.java:128)\n    at org.openqa.selenium.remote.tracing.SpanWrappedHttpHandler.execute (SpanWrappedHttpHandler.java:87)\n    at org.openqa.selenium.remote.http.Filter$1.execute (Filter.java:63)\n    at org.openqa.selenium.remote.http.Route$CombinedRoute.handle (Route.java:360)\n    at org.openqa.selenium.remote.http.Route.execute (Route.java:69)\n    at org.openqa.selenium.grid.router.Router.execute (Router.java:87)\n    at org.openqa.selenium.grid.web.EnsureSpecCompliantResponseHeaders.lambda$apply$0 (EnsureSpecCompliantResponseHeaders.java:34)\n    at org.openqa.selenium.remote.http.Filter$1.execute (Filter.java:63)\n    at org.openqa.selenium.remote.http.Route$CombinedRoute.handle (Route.java:360)\n    at org.openqa.selenium.remote.http.Route.execute (Route.java:69)\n    at org.openqa.selenium.remote.AddWebDriverSpecHeaders.lambda$apply$0 (AddWebDriverSpecHeaders.java:35)\n    at org.openqa.selenium.remote.ErrorFilter.lambda$apply$0 (ErrorFilter.java:44)\n    at org.openqa.selenium.remote.http.Filter$1.execute (Filter.java:63)\n    at org.openqa.selenium.remote.ErrorFilter.lambda$apply$0 (ErrorFilter.java:44)\n    at org.openqa.selenium.remote.http.Filter$1.execute (Filter.java:63)\n    at org.openqa.selenium.netty.server.SeleniumHandler.lambda$channelRead0$0 (SeleniumHandler.java:44)\n    at java.util.concurrent.Executors$RunnableAdapter.call (Executors.java:539)\n    at java.util.concurrent.FutureTask.run (FutureTask.java:264)\n    at java.util.concurrent.ThreadPoolExecutor.runWorker (ThreadPoolExecutor.java:1136)\n    at java.util.concurrent.ThreadPoolExecutor$Worker.run (ThreadPoolExecutor.java:635)\n    at java.lang.Thread.run (Thread.java:840)","time":{"start":1727568227026,"stop":1727568527206,"duration":300180}},{"uid":"c9730e9f8e832438","reportUrl":"https://robbrad.github.io/UKBinCollectionData/3.11/2135//#testresult/c9730e9f8e832438","status":"failed","statusDetails":"selenium.common.exceptions.SessionNotCreatedException: Message: Could not start a new session. New session request timed out \nHost info: host: 'selenium', ip: '172.18.0.2'\nBuild info: version: '4.25.0', revision: '030fcf7918'\nSystem info: os.name: 'Linux', os.arch: 'amd64', os.version: '6.8.0-1014-azure', java.version: '17.0.12'\nDriver info: driver.version: unknown\nStacktrace:\n    at org.openqa.selenium.grid.sessionqueue.local.LocalNewSessionQueue.addToQueue (LocalNewSessionQueue.java:221)\n    at org.openqa.selenium.grid.sessionqueue.NewSessionQueue.lambda$new$0 (NewSessionQueue.java:68)\n    at org.openqa.selenium.remote.http.Route$TemplatizedRoute.handle (Route.java:192)\n    at org.openqa.selenium.remote.http.Route.execute (Route.java:69)\n    at org.openqa.selenium.remote.http.Route$CombinedRoute.handle (Route.java:360)\n    at org.openqa.selenium.remote.http.Route.execute (Route.java:69)\n    at org.openqa.selenium.grid.sessionqueue.NewSessionQueue.execute (NewSessionQueue.java:128)\n    at org.openqa.selenium.remote.tracing.SpanWrappedHttpHandler.execute (SpanWrappedHttpHandler.java:87)\n    at org.openqa.selenium.remote.http.Filter$1.execute (Filter.java:63)\n    at org.openqa.selenium.remote.http.Route$CombinedRoute.handle (Route.java:360)\n    at org.openqa.selenium.remote.http.Route.execute (Route.java:69)\n    at org.openqa.selenium.grid.router.Router.execute (Router.java:87)\n    at org.openqa.selenium.grid.web.EnsureSpecCompliantResponseHeaders.lambda$apply$0 (EnsureSpecCompliantResponseHeaders.java:34)\n    at org.openqa.selenium.remote.http.Filter$1.execute (Filter.java:63)\n    at org.openqa.selenium.remote.http.Route$CombinedRoute.handle (Route.java:360)\n    at org.openqa.selenium.remote.http.Route.execute (Route.java:69)\n    at org.openqa.selenium.remote.AddWebDriverSpecHeaders.lambda$apply$0 (AddWebDriverSpecHeaders.java:35)\n    at org.openqa.selenium.remote.ErrorFilter.lambda$apply$0 (ErrorFilter.java:44)\n    at org.openqa.selenium.remote.http.Filter$1.execute (Filter.java:63)\n    at org.openqa.selenium.remote.ErrorFilter.lambda$apply$0 (ErrorFilter.java:44)\n    at org.openqa.selenium.remote.http.Filter$1.execute (Filter.java:63)\n    at org.openqa.selenium.netty.server.SeleniumHandler.lambda$channelRead0$0 (SeleniumHandler.java:44)\n    at java.util.concurrent.Executors$RunnableAdapter.call (Executors.java:539)\n    at java.util.concurrent.FutureTask.run (FutureTask.java:264)\n    at java.util.concurrent.ThreadPoolExecutor.runWorker (ThreadPoolExecutor.java:1136)\n    at java.util.concurrent.ThreadPoolExecutor$Worker.run (ThreadPoolExecutor.java:635)\n    at java.lang.Thread.run (Thread.java:840)","time":{"start":1727481911063,"stop":1727482211202,"duration":300139}},{"uid":"7b40b2a2624a3315","reportUrl":"https://robbrad.github.io/UKBinCollectionData/3.11/2131//#testresult/7b40b2a2624a3315","status":"failed","statusDetails":"selenium.common.exceptions.SessionNotCreatedException: Message: Could not start a new session. New session request timed out \nHost info: host: 'selenium', ip: '172.18.0.2'\nBuild info: version: '4.25.0', revision: '030fcf7918'\nSystem info: os.name: 'Linux', os.arch: 'amd64', os.version: '6.8.0-1014-azure', java.version: '17.0.12'\nDriver info: driver.version: unknown\nStacktrace:\n    at org.openqa.selenium.grid.sessionqueue.local.LocalNewSessionQueue.addToQueue (LocalNewSessionQueue.java:221)\n    at org.openqa.selenium.grid.sessionqueue.NewSessionQueue.lambda$new$0 (NewSessionQueue.java:68)\n    at org.openqa.selenium.remote.http.Route$TemplatizedRoute.handle (Route.java:192)\n    at org.openqa.selenium.remote.http.Route.execute (Route.java:69)\n    at org.openqa.selenium.remote.http.Route$CombinedRoute.handle (Route.java:360)\n    at org.openqa.selenium.remote.http.Route.execute (Route.java:69)\n    at org.openqa.selenium.grid.sessionqueue.NewSessionQueue.execute (NewSessionQueue.java:128)\n    at org.openqa.selenium.remote.tracing.SpanWrappedHttpHandler.execute (SpanWrappedHttpHandler.java:87)\n    at org.openqa.selenium.remote.http.Filter$1.execute (Filter.java:63)\n    at org.openqa.selenium.remote.http.Route$CombinedRoute.handle (Route.java:360)\n    at org.openqa.selenium.remote.http.Route.execute (Route.java:69)\n    at org.openqa.selenium.grid.router.Router.execute (Router.java:87)\n    at org.openqa.selenium.grid.web.EnsureSpecCompliantResponseHeaders.lambda$apply$0 (EnsureSpecCompliantResponseHeaders.java:34)\n    at org.openqa.selenium.remote.http.Filter$1.execute (Filter.java:63)\n    at org.openqa.selenium.remote.http.Route$CombinedRoute.handle (Route.java:360)\n    at org.openqa.selenium.remote.http.Route.execute (Route.java:69)\n    at org.openqa.selenium.remote.AddWebDriverSpecHeaders.lambda$apply$0 (AddWebDriverSpecHeaders.java:35)\n    at org.openqa.selenium.remote.ErrorFilter.lambda$apply$0 (ErrorFilter.java:44)\n    at org.openqa.selenium.remote.http.Filter$1.execute (Filter.java:63)\n    at org.openqa.selenium.remote.ErrorFilter.lambda$apply$0 (ErrorFilter.java:44)\n    at org.openqa.selenium.remote.http.Filter$1.execute (Filter.java:63)\n    at org.openqa.selenium.netty.server.SeleniumHandler.lambda$channelRead0$0 (SeleniumHandler.java:44)\n    at java.util.concurrent.Executors$RunnableAdapter.call (Executors.java:539)\n    at java.util.concurrent.FutureTask.run (FutureTask.java:264)\n    at java.util.concurrent.ThreadPoolExecutor.runWorker (ThreadPoolExecutor.java:1136)\n    at java.util.concurrent.ThreadPoolExecutor$Worker.run (ThreadPoolExecutor.java:635)\n    at java.lang.Thread.run (Thread.java:840)","time":{"start":1727421776452,"stop":1727422076489,"duration":300037}},{"uid":"6bcc86a86e5b748f","reportUrl":"https://robbrad.github.io/UKBinCollectionData/3.11/2130//#testresult/6bcc86a86e5b748f","status":"failed","statusDetails":"selenium.common.exceptions.SessionNotCreatedException: Message: Could not start a new session. New session request timed out \nHost info: host: 'selenium', ip: '172.18.0.2'\nBuild info: version: '4.25.0', revision: '030fcf7918'\nSystem info: os.name: 'Linux', os.arch: 'amd64', os.version: '6.8.0-1014-azure', java.version: '17.0.12'\nDriver info: driver.version: unknown\nStacktrace:\n    at org.openqa.selenium.grid.sessionqueue.local.LocalNewSessionQueue.addToQueue (LocalNewSessionQueue.java:221)\n    at org.openqa.selenium.grid.sessionqueue.NewSessionQueue.lambda$new$0 (NewSessionQueue.java:68)\n    at org.openqa.selenium.remote.http.Route$TemplatizedRoute.handle (Route.java:192)\n    at org.openqa.selenium.remote.http.Route.execute (Route.java:69)\n    at org.openqa.selenium.remote.http.Route$CombinedRoute.handle (Route.java:360)\n    at org.openqa.selenium.remote.http.Route.execute (Route.java:69)\n    at org.openqa.selenium.grid.sessionqueue.NewSessionQueue.execute (NewSessionQueue.java:128)\n    at org.openqa.selenium.remote.tracing.SpanWrappedHttpHandler.execute (SpanWrappedHttpHandler.java:87)\n    at org.openqa.selenium.remote.http.Filter$1.execute (Filter.java:63)\n    at org.openqa.selenium.remote.http.Route$CombinedRoute.handle (Route.java:360)\n    at org.openqa.selenium.remote.http.Route.execute (Route.java:69)\n    at org.openqa.selenium.grid.router.Router.execute (Router.java:87)\n    at org.openqa.selenium.grid.web.EnsureSpecCompliantResponseHeaders.lambda$apply$0 (EnsureSpecCompliantResponseHeaders.java:34)\n    at org.openqa.selenium.remote.http.Filter$1.execute (Filter.java:63)\n    at org.openqa.selenium.remote.http.Route$CombinedRoute.handle (Route.java:360)\n    at org.openqa.selenium.remote.http.Route.execute (Route.java:69)\n    at org.openqa.selenium.remote.AddWebDriverSpecHeaders.lambda$apply$0 (AddWebDriverSpecHeaders.java:35)\n    at org.openqa.selenium.remote.ErrorFilter.lambda$apply$0 (ErrorFilter.java:44)\n    at org.openqa.selenium.remote.http.Filter$1.execute (Filter.java:63)\n    at org.openqa.selenium.remote.ErrorFilter.lambda$apply$0 (ErrorFilter.java:44)\n    at org.openqa.selenium.remote.http.Filter$1.execute (Filter.java:63)\n    at org.openqa.selenium.netty.server.SeleniumHandler.lambda$channelRead0$0 (SeleniumHandler.java:44)\n    at java.util.concurrent.Executors$RunnableAdapter.call (Executors.java:539)\n    at java.util.concurrent.FutureTask.run (FutureTask.java:264)\n    at java.util.concurrent.ThreadPoolExecutor.runWorker (ThreadPoolExecutor.java:1136)\n    at java.util.concurrent.ThreadPoolExecutor$Worker.run (ThreadPoolExecutor.java:635)\n    at java.lang.Thread.run (Thread.java:840)","time":{"start":1727395448232,"stop":1727395748266,"duration":300034}},{"uid":"f1fa2578d260ec7d","reportUrl":"https://robbrad.github.io/UKBinCollectionData/3.11/2129//#testresult/f1fa2578d260ec7d","status":"failed","statusDetails":"selenium.common.exceptions.SessionNotCreatedException: Message: Could not start a new session. New session request timed out \nHost info: host: 'selenium', ip: '172.18.0.2'\nBuild info: version: '4.25.0', revision: '030fcf7918'\nSystem info: os.name: 'Linux', os.arch: 'amd64', os.version: '6.8.0-1014-azure', java.version: '17.0.12'\nDriver info: driver.version: unknown\nStacktrace:\n    at org.openqa.selenium.grid.sessionqueue.local.LocalNewSessionQueue.addToQueue (LocalNewSessionQueue.java:221)\n    at org.openqa.selenium.grid.sessionqueue.NewSessionQueue.lambda$new$0 (NewSessionQueue.java:68)\n    at org.openqa.selenium.remote.http.Route$TemplatizedRoute.handle (Route.java:192)\n    at org.openqa.selenium.remote.http.Route.execute (Route.java:69)\n    at org.openqa.selenium.remote.http.Route$CombinedRoute.handle (Route.java:360)\n    at org.openqa.selenium.remote.http.Route.execute (Route.java:69)\n    at org.openqa.selenium.grid.sessionqueue.NewSessionQueue.execute (NewSessionQueue.java:128)\n    at org.openqa.selenium.remote.tracing.SpanWrappedHttpHandler.execute (SpanWrappedHttpHandler.java:87)\n    at org.openqa.selenium.remote.http.Filter$1.execute (Filter.java:63)\n    at org.openqa.selenium.remote.http.Route$CombinedRoute.handle (Route.java:360)\n    at org.openqa.selenium.remote.http.Route.execute (Route.java:69)\n    at org.openqa.selenium.grid.router.Router.execute (Router.java:87)\n    at org.openqa.selenium.grid.web.EnsureSpecCompliantResponseHeaders.lambda$apply$0 (EnsureSpecCompliantResponseHeaders.java:34)\n    at org.openqa.selenium.remote.http.Filter$1.execute (Filter.java:63)\n    at org.openqa.selenium.remote.http.Route$CombinedRoute.handle (Route.java:360)\n    at org.openqa.selenium.remote.http.Route.execute (Route.java:69)\n    at org.openqa.selenium.remote.AddWebDriverSpecHeaders.lambda$apply$0 (AddWebDriverSpecHeaders.java:35)\n    at org.openqa.selenium.remote.ErrorFilter.lambda$apply$0 (ErrorFilter.java:44)\n    at org.openqa.selenium.remote.http.Filter$1.execute (Filter.java:63)\n    at org.openqa.selenium.remote.ErrorFilter.lambda$apply$0 (ErrorFilter.java:44)\n    at org.openqa.selenium.remote.http.Filter$1.execute (Filter.java:63)\n    at org.openqa.selenium.netty.server.SeleniumHandler.lambda$channelRead0$0 (SeleniumHandler.java:44)\n    at java.util.concurrent.Executors$RunnableAdapter.call (Executors.java:539)\n    at java.util.concurrent.FutureTask.run (FutureTask.java:264)\n    at java.util.concurrent.ThreadPoolExecutor.runWorker (ThreadPoolExecutor.java:1136)\n    at java.util.concurrent.ThreadPoolExecutor$Worker.run (ThreadPoolExecutor.java:635)\n    at java.lang.Thread.run (Thread.java:840)","time":{"start":1727309045456,"stop":1727309345625,"duration":300169}}]},"tags":[]},"source":"ae828705c9ec92d2.json","parameterValues":["EastLindseyDistrictCouncil"]}