{"uid":"61155145382877d1","name":"Validate Council Output [KnowsleyMBCouncil]","fullName":"features/validate_council_outputs.feature:Validate Council Output","historyId":"56740e3e170c4ada5e89fee4a4334687","time":{"start":1728778645079,"stop":1728778742083,"duration":97004},"status":"failed","statusMessage":"selenium.common.exceptions.TimeoutException: Message: \nStacktrace:\n#0 0x55f1420dbb9a <unknown>\n#1 0x55f141dc1670 <unknown>\n#2 0x55f141e10c48 <unknown>\n#3 0x55f141e10ee1 <unknown>\n#4 0x55f141e57924 <unknown>\n#5 0x55f141e35bad <unknown>\n#6 0x55f141e54dd6 <unknown>\n#7 0x55f141e35923 <unknown>\n#8 0x55f141e036e7 <unknown>\n#9 0x55f141e046de <unknown>\n#10 0x55f1420a566b <unknown>\n#11 0x55f1420a9611 <unknown>\n#12 0x55f1420914e5 <unknown>\n#13 0x55f1420aa192 <unknown>\n#14 0x55f1420766ef <unknown>\n#15 0x55f1420ca9d8 <unknown>\n#16 0x55f1420caba7 <unknown>\n#17 0x55f1420da9ec <unknown>\n#18 0x7fa4ab056a94 <unknown>\n#19 0x7fa4ab0e3a34 __clone","statusTrace":"fixturefunc = <function scrape_step at 0x7f0573d237e0>\nrequest = <FixtureRequest for <Function test_scenario_outline[KnowsleyMBCouncil]>>\nkwargs = {'context': <test_validate_council.Context object at 0x7f0574a2c0b0>, 'headless_mode': 'True', 'local_browser': 'False', 'selenium_url': 'http://localhost:4444'}\n\n    def call_fixture_func(\n        fixturefunc: _FixtureFunc[FixtureValue], request: FixtureRequest, kwargs\n    ) -> FixtureValue:\n        if is_generator(fixturefunc):\n            fixturefunc = cast(\n                Callable[..., Generator[FixtureValue, None, None]], fixturefunc\n            )\n            generator = fixturefunc(**kwargs)\n            try:\n                fixture_result = next(generator)\n            except StopIteration:\n                raise ValueError(f\"{request.fixturename} did not yield a value\") from None\n            finalizer = functools.partial(_teardown_yield_fixture, fixturefunc, generator)\n            request.addfinalizer(finalizer)\n        else:\n            fixturefunc = cast(Callable[..., FixtureValue], fixturefunc)\n>           fixture_result = fixturefunc(**kwargs)\n\n../../../.cache/pypoetry/virtualenvs/uk-bin-collection-EwS6Gn8s-py3.12/lib/python3.12/site-packages/_pytest/fixtures.py:898: \n_ _ _ _ _ _ _ _ _ _ _ _ _ _ _ _ _ _ _ _ _ _ _ _ _ _ _ _ _ _ _ _ _ _ _ _ _ _ _ _ \nuk_bin_collection/tests/step_defs/test_validate_council.py:100: in scrape_step\n    context.parse_result = CollectData.run()\nuk_bin_collection/uk_bin_collection/collect_data.py:101: in run\n    return self.client_code(\nuk_bin_collection/uk_bin_collection/collect_data.py:121: in client_code\n    return get_bin_data_class.template_method(address_url, **kwargs)\nuk_bin_collection/uk_bin_collection/get_bin_data.py:61: in template_method\n    bin_data_dict = self.get_and_parse_data(this_url, **kwargs)\nuk_bin_collection/uk_bin_collection/get_bin_data.py:84: in get_and_parse_data\n    bin_data_dict = self.parse_data(\"\", url=address_url, **kwargs)\nuk_bin_collection/uk_bin_collection/councils/KnowsleyMBCouncil.py:40: in parse_data\n    inputElement_postcode = WebDriverWait(driver, 30).until(\n_ _ _ _ _ _ _ _ _ _ _ _ _ _ _ _ _ _ _ _ _ _ _ _ _ _ _ _ _ _ _ _ _ _ _ _ _ _ _ _ \n\nself = <selenium.webdriver.support.wait.WebDriverWait (session=\"9166fa36150025696577157b2a21a356\")>\nmethod = <function visibility_of_element_located.<locals>._predicate at 0x7f05737c7e20>\nmessage = ''\n\n    def until(self, method: Callable[[D], Union[Literal[False], T]], message: str = \"\") -> T:\n        \"\"\"Calls the method provided with the driver as an argument until the \\\n        return value does not evaluate to ``False``.\n    \n        :param method: callable(WebDriver)\n        :param message: optional message for :exc:`TimeoutException`\n        :returns: the result of the last call to `method`\n        :raises: :exc:`selenium.common.exceptions.TimeoutException` if timeout occurs\n        \"\"\"\n        screen = None\n        stacktrace = None\n    \n        end_time = time.monotonic() + self._timeout\n        while True:\n            try:\n                value = method(self._driver)\n                if value:\n                    return value\n            except self._ignored_exceptions as exc:\n                screen = getattr(exc, \"screen\", None)\n                stacktrace = getattr(exc, \"stacktrace\", None)\n            time.sleep(self._poll)\n            if time.monotonic() > end_time:\n                break\n>       raise TimeoutException(message, screen, stacktrace)\nE       selenium.common.exceptions.TimeoutException: Message: \nE       Stacktrace:\nE       #0 0x55f1420dbb9a <unknown>\nE       #1 0x55f141dc1670 <unknown>\nE       #2 0x55f141e10c48 <unknown>\nE       #3 0x55f141e10ee1 <unknown>\nE       #4 0x55f141e57924 <unknown>\nE       #5 0x55f141e35bad <unknown>\nE       #6 0x55f141e54dd6 <unknown>\nE       #7 0x55f141e35923 <unknown>\nE       #8 0x55f141e036e7 <unknown>\nE       #9 0x55f141e046de <unknown>\nE       #10 0x55f1420a566b <unknown>\nE       #11 0x55f1420a9611 <unknown>\nE       #12 0x55f1420914e5 <unknown>\nE       #13 0x55f1420aa192 <unknown>\nE       #14 0x55f1420766ef <unknown>\nE       #15 0x55f1420ca9d8 <unknown>\nE       #16 0x55f1420caba7 <unknown>\nE       #17 0x55f1420da9ec <unknown>\nE       #18 0x7fa4ab056a94 <unknown>\nE       #19 0x7fa4ab0e3a34 __clone\n\n../../../.cache/pypoetry/virtualenvs/uk-bin-collection-EwS6Gn8s-py3.12/lib/python3.12/site-packages/selenium/webdriver/support/wait.py:105: TimeoutException","flaky":false,"newFailed":false,"newBroken":false,"newPassed":false,"retriesCount":0,"retriesStatusChange":false,"beforeStages":[],"testStage":{"status":"failed","statusMessage":"selenium.common.exceptions.TimeoutException: Message: \nStacktrace:\n#0 0x55f1420dbb9a <unknown>\n#1 0x55f141dc1670 <unknown>\n#2 0x55f141e10c48 <unknown>\n#3 0x55f141e10ee1 <unknown>\n#4 0x55f141e57924 <unknown>\n#5 0x55f141e35bad <unknown>\n#6 0x55f141e54dd6 <unknown>\n#7 0x55f141e35923 <unknown>\n#8 0x55f141e036e7 <unknown>\n#9 0x55f141e046de <unknown>\n#10 0x55f1420a566b <unknown>\n#11 0x55f1420a9611 <unknown>\n#12 0x55f1420914e5 <unknown>\n#13 0x55f1420aa192 <unknown>\n#14 0x55f1420766ef <unknown>\n#15 0x55f1420ca9d8 <unknown>\n#16 0x55f1420caba7 <unknown>\n#17 0x55f1420da9ec <unknown>\n#18 0x7fa4ab056a94 <unknown>\n#19 0x7fa4ab0e3a34 __clone","statusTrace":"fixturefunc = <function scrape_step at 0x7f0573d237e0>\nrequest = <FixtureRequest for <Function test_scenario_outline[KnowsleyMBCouncil]>>\nkwargs = {'context': <test_validate_council.Context object at 0x7f0574a2c0b0>, 'headless_mode': 'True', 'local_browser': 'False', 'selenium_url': 'http://localhost:4444'}\n\n    def call_fixture_func(\n        fixturefunc: _FixtureFunc[FixtureValue], request: FixtureRequest, kwargs\n    ) -> FixtureValue:\n        if is_generator(fixturefunc):\n            fixturefunc = cast(\n                Callable[..., Generator[FixtureValue, None, None]], fixturefunc\n            )\n            generator = fixturefunc(**kwargs)\n            try:\n                fixture_result = next(generator)\n            except StopIteration:\n                raise ValueError(f\"{request.fixturename} did not yield a value\") from None\n            finalizer = functools.partial(_teardown_yield_fixture, fixturefunc, generator)\n            request.addfinalizer(finalizer)\n        else:\n            fixturefunc = cast(Callable[..., FixtureValue], fixturefunc)\n>           fixture_result = fixturefunc(**kwargs)\n\n../../../.cache/pypoetry/virtualenvs/uk-bin-collection-EwS6Gn8s-py3.12/lib/python3.12/site-packages/_pytest/fixtures.py:898: \n_ _ _ _ _ _ _ _ _ _ _ _ _ _ _ _ _ _ _ _ _ _ _ _ _ _ _ _ _ _ _ _ _ _ _ _ _ _ _ _ \nuk_bin_collection/tests/step_defs/test_validate_council.py:100: in scrape_step\n    context.parse_result = CollectData.run()\nuk_bin_collection/uk_bin_collection/collect_data.py:101: in run\n    return self.client_code(\nuk_bin_collection/uk_bin_collection/collect_data.py:121: in client_code\n    return get_bin_data_class.template_method(address_url, **kwargs)\nuk_bin_collection/uk_bin_collection/get_bin_data.py:61: in template_method\n    bin_data_dict = self.get_and_parse_data(this_url, **kwargs)\nuk_bin_collection/uk_bin_collection/get_bin_data.py:84: in get_and_parse_data\n    bin_data_dict = self.parse_data(\"\", url=address_url, **kwargs)\nuk_bin_collection/uk_bin_collection/councils/KnowsleyMBCouncil.py:40: in parse_data\n    inputElement_postcode = WebDriverWait(driver, 30).until(\n_ _ _ _ _ _ _ _ _ _ _ _ _ _ _ _ _ _ _ _ _ _ _ _ _ _ _ _ _ _ _ _ _ _ _ _ _ _ _ _ \n\nself = <selenium.webdriver.support.wait.WebDriverWait (session=\"9166fa36150025696577157b2a21a356\")>\nmethod = <function visibility_of_element_located.<locals>._predicate at 0x7f05737c7e20>\nmessage = ''\n\n    def until(self, method: Callable[[D], Union[Literal[False], T]], message: str = \"\") -> T:\n        \"\"\"Calls the method provided with the driver as an argument until the \\\n        return value does not evaluate to ``False``.\n    \n        :param method: callable(WebDriver)\n        :param message: optional message for :exc:`TimeoutException`\n        :returns: the result of the last call to `method`\n        :raises: :exc:`selenium.common.exceptions.TimeoutException` if timeout occurs\n        \"\"\"\n        screen = None\n        stacktrace = None\n    \n        end_time = time.monotonic() + self._timeout\n        while True:\n            try:\n                value = method(self._driver)\n                if value:\n                    return value\n            except self._ignored_exceptions as exc:\n                screen = getattr(exc, \"screen\", None)\n                stacktrace = getattr(exc, \"stacktrace\", None)\n            time.sleep(self._poll)\n            if time.monotonic() > end_time:\n                break\n>       raise TimeoutException(message, screen, stacktrace)\nE       selenium.common.exceptions.TimeoutException: Message: \nE       Stacktrace:\nE       #0 0x55f1420dbb9a <unknown>\nE       #1 0x55f141dc1670 <unknown>\nE       #2 0x55f141e10c48 <unknown>\nE       #3 0x55f141e10ee1 <unknown>\nE       #4 0x55f141e57924 <unknown>\nE       #5 0x55f141e35bad <unknown>\nE       #6 0x55f141e54dd6 <unknown>\nE       #7 0x55f141e35923 <unknown>\nE       #8 0x55f141e036e7 <unknown>\nE       #9 0x55f141e046de <unknown>\nE       #10 0x55f1420a566b <unknown>\nE       #11 0x55f1420a9611 <unknown>\nE       #12 0x55f1420914e5 <unknown>\nE       #13 0x55f1420aa192 <unknown>\nE       #14 0x55f1420766ef <unknown>\nE       #15 0x55f1420ca9d8 <unknown>\nE       #16 0x55f1420caba7 <unknown>\nE       #17 0x55f1420da9ec <unknown>\nE       #18 0x7fa4ab056a94 <unknown>\nE       #19 0x7fa4ab0e3a34 __clone\n\n../../../.cache/pypoetry/virtualenvs/uk-bin-collection-EwS6Gn8s-py3.12/lib/python3.12/site-packages/selenium/webdriver/support/wait.py:105: TimeoutException","steps":[{"name":"Given the council","time":{"start":1728778645079,"stop":1728778645080,"duration":1},"status":"passed","steps":[],"attachments":[],"parameters":[],"shouldDisplayMessage":false,"stepsCount":0,"attachmentsCount":0,"hasContent":false,"attachmentStep":false},{"name":"When we scrape the data from the council","time":{"start":1728778645080,"stop":1728778742083,"duration":97003},"status":"failed","statusMessage":"Message: \nStacktrace:\n#0 0x55f1420dbb9a <unknown>\n#1 0x55f141dc1670 <unknown>\n#2 0x55f141e10c48 <unknown>\n#3 0x55f141e10ee1 <unknown>\n#4 0x55f141e57924 <unknown>\n#5 0x55f141e35bad <unknown>\n#6 0x55f141e54dd6 <unknown>\n#7 0x55f141e35923 <unknown>\n#8 0x55f141e036e7 <unknown>\n#9 0x55f141e046de <unknown>\n#10 0x55f1420a566b <unknown>\n#11 0x55f1420a9611 <unknown>\n#12 0x55f1420914e5 <unknown>\n#13 0x55f1420aa192 <unknown>\n#14 0x55f1420766ef <unknown>\n#15 0x55f1420ca9d8 <unknown>\n#16 0x55f1420caba7 <unknown>\n#17 0x55f1420da9ec <unknown>\n#18 0x7fa4ab056a94 <unknown>\n#19 0x7fa4ab0e3a34 __clone\n","statusTrace":"selenium.common.exceptions.TimeoutException: Message: \nStacktrace:\n#0 0x55f1420dbb9a <unknown>\n#1 0x55f141dc1670 <unknown>\n#2 0x55f141e10c48 <unknown>\n#3 0x55f141e10ee1 <unknown>\n#4 0x55f141e57924 <unknown>\n#5 0x55f141e35bad <unknown>\n#6 0x55f141e54dd6 <unknown>\n#7 0x55f141e35923 <unknown>\n#8 0x55f141e036e7 <unknown>\n#9 0x55f141e046de <unknown>\n#10 0x55f1420a566b <unknown>\n#11 0x55f1420a9611 <unknown>\n#12 0x55f1420914e5 <unknown>\n#13 0x55f1420aa192 <unknown>\n#14 0x55f1420766ef <unknown>\n#15 0x55f1420ca9d8 <unknown>\n#16 0x55f1420caba7 <unknown>\n#17 0x55f1420da9ec <unknown>\n#18 0x7fa4ab056a94 <unknown>\n#19 0x7fa4ab0e3a34 __clone\n\n","steps":[],"attachments":[],"parameters":[],"shouldDisplayMessage":true,"stepsCount":0,"attachmentsCount":0,"hasContent":true,"attachmentStep":false}],"attachments":[{"uid":"ec8e158360b46078","name":"stdout","source":"ec8e158360b46078.txt","type":"text/plain","size":654}],"parameters":[],"shouldDisplayMessage":true,"stepsCount":2,"attachmentsCount":1,"hasContent":true,"attachmentStep":false},"afterStages":[],"labels":[{"name":"host","value":"fv-az888-455"},{"name":"thread","value":"2795-MainThread"},{"name":"framework","value":"pytest-bdd"},{"name":"language","value":"cpython3"},{"name":"feature","value":"Test each council output matches expected results"},{"name":"resultFormat","value":"allure2"}],"parameters":[{"name":"council","value":"KnowsleyMBCouncil"}],"links":[],"hidden":false,"retry":false,"extra":{"severity":"normal","retries":[],"categories":[{"name":"Product defects","matchedStatuses":[],"flaky":false}],"history":{"statistic":{"failed":170,"broken":0,"skipped":0,"passed":0,"unknown":0,"total":170},"items":[{"uid":"52b0a0e6e3ec9924","reportUrl":"https://robbrad.github.io/UKBinCollectionData/3.12/2211//#testresult/52b0a0e6e3ec9924","status":"failed","statusDetails":"selenium.common.exceptions.TimeoutException: Message: \nStacktrace:\n#0 0x5606fdb8cb9a <unknown>\n#1 0x5606fd872670 <unknown>\n#2 0x5606fd8c1c48 <unknown>\n#3 0x5606fd8c1ee1 <unknown>\n#4 0x5606fd908924 <unknown>\n#5 0x5606fd8e6bad <unknown>\n#6 0x5606fd905dd6 <unknown>\n#7 0x5606fd8e6923 <unknown>\n#8 0x5606fd8b46e7 <unknown>\n#9 0x5606fd8b56de <unknown>\n#10 0x5606fdb5666b <unknown>\n#11 0x5606fdb5a611 <unknown>\n#12 0x5606fdb424e5 <unknown>\n#13 0x5606fdb5b192 <unknown>\n#14 0x5606fdb276ef <unknown>\n#15 0x5606fdb7b9d8 <unknown>\n#16 0x5606fdb7bba7 <unknown>\n#17 0x5606fdb8b9ec <unknown>\n#18 0x7fae2caa9a94 <unknown>\n#19 0x7fae2cb36a34 __clone","time":{"start":1728692516198,"stop":1728692602349,"duration":86151}},{"uid":"700cf421ceb3aa95","reportUrl":"https://robbrad.github.io/UKBinCollectionData/3.12/2210//#testresult/700cf421ceb3aa95","status":"failed","statusDetails":"selenium.common.exceptions.TimeoutException: Message: \nStacktrace:\n#0 0x565279025b9a <unknown>\n#1 0x565278d0b670 <unknown>\n#2 0x565278d5ac48 <unknown>\n#3 0x565278d5aee1 <unknown>\n#4 0x565278da1924 <unknown>\n#5 0x565278d7fbad <unknown>\n#6 0x565278d9edd6 <unknown>\n#7 0x565278d7f923 <unknown>\n#8 0x565278d4d6e7 <unknown>\n#9 0x565278d4e6de <unknown>\n#10 0x565278fef66b <unknown>\n#11 0x565278ff3611 <unknown>\n#12 0x565278fdb4e5 <unknown>\n#13 0x565278ff4192 <unknown>\n#14 0x565278fc06ef <unknown>\n#15 0x5652790149d8 <unknown>\n#16 0x565279014ba7 <unknown>\n#17 0x5652790249ec <unknown>\n#18 0x7f5139291a94 <unknown>\n#19 0x7f513931ea34 __clone","time":{"start":1728605848295,"stop":1728605903674,"duration":55379}},{"uid":"c28cf292020f91d1","reportUrl":"https://robbrad.github.io/UKBinCollectionData/3.12/2199//#testresult/c28cf292020f91d1","status":"failed","statusDetails":"selenium.common.exceptions.TimeoutException: Message: \nStacktrace:\n#0 0x55dc95b0913a <unknown>\n#1 0x55dc957ef5e0 <unknown>\n#2 0x55dc9583ebe8 <unknown>\n#3 0x55dc9583ee81 <unknown>\n#4 0x55dc958858c4 <unknown>\n#5 0x55dc95863b4d <unknown>\n#6 0x55dc95882d7d <unknown>\n#7 0x55dc958638c3 <unknown>\n#8 0x55dc958316b3 <unknown>\n#9 0x55dc9583268e <unknown>\n#10 0x55dc95ad3b3b <unknown>\n#11 0x55dc95ad7ac1 <unknown>\n#12 0x55dc95ac0335 <unknown>\n#13 0x55dc95ad8642 <unknown>\n#14 0x55dc95aa549f <unknown>\n#15 0x55dc95af8038 <unknown>\n#16 0x55dc95af8203 <unknown>\n#17 0x55dc95b07f8c <unknown>\n#18 0x7f60e7f2da94 <unknown>\n#19 0x7f60e7fbaa34 __clone","time":{"start":1728519457356,"stop":1728519577343,"duration":119987}},{"uid":"d96a854191b81df5","reportUrl":"https://robbrad.github.io/UKBinCollectionData/3.12/2188//#testresult/d96a854191b81df5","status":"failed","statusDetails":"selenium.common.exceptions.TimeoutException: Message: \nStacktrace:\n#0 0x558f7e72513a <unknown>\n#1 0x558f7e40b5e0 <unknown>\n#2 0x558f7e45abe8 <unknown>\n#3 0x558f7e45ae81 <unknown>\n#4 0x558f7e4a18c4 <unknown>\n#5 0x558f7e47fb4d <unknown>\n#6 0x558f7e49ed7d <unknown>\n#7 0x558f7e47f8c3 <unknown>\n#8 0x558f7e44d6b3 <unknown>\n#9 0x558f7e44e68e <unknown>\n#10 0x558f7e6efb3b <unknown>\n#11 0x558f7e6f3ac1 <unknown>\n#12 0x558f7e6dc335 <unknown>\n#13 0x558f7e6f4642 <unknown>\n#14 0x558f7e6c149f <unknown>\n#15 0x558f7e714038 <unknown>\n#16 0x558f7e714203 <unknown>\n#17 0x558f7e723f8c <unknown>\n#18 0x7f6378487a94 <unknown>\n#19 0x7f6378514a34 __clone","time":{"start":1728432975951,"stop":1728433049856,"duration":73905}},{"uid":"1e9a227c4eb9c740","reportUrl":"https://robbrad.github.io/UKBinCollectionData/3.12/2169//#testresult/1e9a227c4eb9c740","status":"failed","statusDetails":"selenium.common.exceptions.TimeoutException: Message: \nStacktrace:\n#0 0x5577b45fb13a <unknown>\n#1 0x5577b42e15e0 <unknown>\n#2 0x5577b4330be8 <unknown>\n#3 0x5577b4330e81 <unknown>\n#4 0x5577b43778c4 <unknown>\n#5 0x5577b4355b4d <unknown>\n#6 0x5577b4374d7d <unknown>\n#7 0x5577b43558c3 <unknown>\n#8 0x5577b43236b3 <unknown>\n#9 0x5577b432468e <unknown>\n#10 0x5577b45c5b3b <unknown>\n#11 0x5577b45c9ac1 <unknown>\n#12 0x5577b45b2335 <unknown>\n#13 0x5577b45ca642 <unknown>\n#14 0x5577b459749f <unknown>\n#15 0x5577b45ea038 <unknown>\n#16 0x5577b45ea203 <unknown>\n#17 0x5577b45f9f8c <unknown>\n#18 0x7f088a6aca94 <unknown>\n#19 0x7f088a739a34 __clone","time":{"start":1728332962158,"stop":1728333009752,"duration":47594}},{"uid":"98252b297fb41ab0","reportUrl":"https://robbrad.github.io/UKBinCollectionData/3.12/2165//#testresult/98252b297fb41ab0","status":"failed","statusDetails":"selenium.common.exceptions.TimeoutException: Message: \nStacktrace:\n#0 0x56539517313a <unknown>\n#1 0x565394e595e0 <unknown>\n#2 0x565394ea8be8 <unknown>\n#3 0x565394ea8e81 <unknown>\n#4 0x565394eef8c4 <unknown>\n#5 0x565394ecdb4d <unknown>\n#6 0x565394eecd7d <unknown>\n#7 0x565394ecd8c3 <unknown>\n#8 0x565394e9b6b3 <unknown>\n#9 0x565394e9c68e <unknown>\n#10 0x56539513db3b <unknown>\n#11 0x565395141ac1 <unknown>\n#12 0x56539512a335 <unknown>\n#13 0x565395142642 <unknown>\n#14 0x56539510f49f <unknown>\n#15 0x565395162038 <unknown>\n#16 0x565395162203 <unknown>\n#17 0x565395171f8c <unknown>\n#18 0x7fbe7f2e7a94 <unknown>\n#19 0x7fbe7f374a34 __clone","time":{"start":1728260355828,"stop":1728260462112,"duration":106284}},{"uid":"a35e1515336f268","reportUrl":"https://robbrad.github.io/UKBinCollectionData/3.12/2164//#testresult/a35e1515336f268","status":"failed","statusDetails":"selenium.common.exceptions.SessionNotCreatedException: Message: Could not start a new session. New session request timed out \nHost info: host: 'selenium', ip: '172.18.0.2'\nBuild info: version: '4.25.0', revision: '030fcf7918'\nSystem info: os.name: 'Linux', os.arch: 'amd64', os.version: '6.8.0-1014-azure', java.version: '17.0.12'\nDriver info: driver.version: unknown\nStacktrace:\n    at org.openqa.selenium.grid.sessionqueue.local.LocalNewSessionQueue.addToQueue (LocalNewSessionQueue.java:221)\n    at org.openqa.selenium.grid.sessionqueue.NewSessionQueue.lambda$new$0 (NewSessionQueue.java:68)\n    at org.openqa.selenium.remote.http.Route$TemplatizedRoute.handle (Route.java:192)\n    at org.openqa.selenium.remote.http.Route.execute (Route.java:69)\n    at org.openqa.selenium.remote.http.Route$CombinedRoute.handle (Route.java:360)\n    at org.openqa.selenium.remote.http.Route.execute (Route.java:69)\n    at org.openqa.selenium.grid.sessionqueue.NewSessionQueue.execute (NewSessionQueue.java:128)\n    at org.openqa.selenium.remote.tracing.SpanWrappedHttpHandler.execute (SpanWrappedHttpHandler.java:87)\n    at org.openqa.selenium.remote.http.Filter$1.execute (Filter.java:63)\n    at org.openqa.selenium.remote.http.Route$CombinedRoute.handle (Route.java:360)\n    at org.openqa.selenium.remote.http.Route.execute (Route.java:69)\n    at org.openqa.selenium.grid.router.Router.execute (Router.java:87)\n    at org.openqa.selenium.grid.web.EnsureSpecCompliantResponseHeaders.lambda$apply$0 (EnsureSpecCompliantResponseHeaders.java:34)\n    at org.openqa.selenium.remote.http.Filter$1.execute (Filter.java:63)\n    at org.openqa.selenium.remote.http.Route$CombinedRoute.handle (Route.java:360)\n    at org.openqa.selenium.remote.http.Route.execute (Route.java:69)\n    at org.openqa.selenium.remote.AddWebDriverSpecHeaders.lambda$apply$0 (AddWebDriverSpecHeaders.java:35)\n    at org.openqa.selenium.remote.ErrorFilter.lambda$apply$0 (ErrorFilter.java:44)\n    at org.openqa.selenium.remote.http.Filter$1.execute (Filter.java:63)\n    at org.openqa.selenium.remote.ErrorFilter.lambda$apply$0 (ErrorFilter.java:44)\n    at org.openqa.selenium.remote.http.Filter$1.execute (Filter.java:63)\n    at org.openqa.selenium.netty.server.SeleniumHandler.lambda$channelRead0$0 (SeleniumHandler.java:44)\n    at java.util.concurrent.Executors$RunnableAdapter.call (Executors.java:539)\n    at java.util.concurrent.FutureTask.run (FutureTask.java:264)\n    at java.util.concurrent.ThreadPoolExecutor.runWorker (ThreadPoolExecutor.java:1136)\n    at java.util.concurrent.ThreadPoolExecutor$Worker.run (ThreadPoolExecutor.java:635)\n    at java.lang.Thread.run (Thread.java:840)","time":{"start":1728173382536,"stop":1728173682575,"duration":300039}},{"uid":"ee8f1db00df576af","reportUrl":"https://robbrad.github.io/UKBinCollectionData/3.12/2160//#testresult/ee8f1db00df576af","status":"failed","statusDetails":"selenium.common.exceptions.TimeoutException: Message: \nStacktrace:\n#0 0x560b8e59d13a <unknown>\n#1 0x560b8e2835e0 <unknown>\n#2 0x560b8e2d2be8 <unknown>\n#3 0x560b8e2d2e81 <unknown>\n#4 0x560b8e3198c4 <unknown>\n#5 0x560b8e2f7b4d <unknown>\n#6 0x560b8e316d7d <unknown>\n#7 0x560b8e2f78c3 <unknown>\n#8 0x560b8e2c56b3 <unknown>\n#9 0x560b8e2c668e <unknown>\n#10 0x560b8e567b3b <unknown>\n#11 0x560b8e56bac1 <unknown>\n#12 0x560b8e554335 <unknown>\n#13 0x560b8e56c642 <unknown>\n#14 0x560b8e53949f <unknown>\n#15 0x560b8e58c038 <unknown>\n#16 0x560b8e58c203 <unknown>\n#17 0x560b8e59bf8c <unknown>\n#18 0x7f7a34bc4a94 <unknown>\n#19 0x7f7a34c51a34 __clone","time":{"start":1728086861348,"stop":1728087166295,"duration":304947}},{"uid":"ecc5f00bc4131d3c","reportUrl":"https://robbrad.github.io/UKBinCollectionData/3.12/2152//#testresult/ecc5f00bc4131d3c","status":"failed","statusDetails":"selenium.common.exceptions.SessionNotCreatedException: Message: Could not start a new session. New session request timed out \nHost info: host: 'selenium', ip: '172.18.0.2'\nBuild info: version: '4.25.0', revision: '030fcf7918'\nSystem info: os.name: 'Linux', os.arch: 'amd64', os.version: '6.8.0-1014-azure', java.version: '17.0.12'\nDriver info: driver.version: unknown\nStacktrace:\n    at org.openqa.selenium.grid.sessionqueue.local.LocalNewSessionQueue.addToQueue (LocalNewSessionQueue.java:221)\n    at org.openqa.selenium.grid.sessionqueue.NewSessionQueue.lambda$new$0 (NewSessionQueue.java:68)\n    at org.openqa.selenium.remote.http.Route$TemplatizedRoute.handle (Route.java:192)\n    at org.openqa.selenium.remote.http.Route.execute (Route.java:69)\n    at org.openqa.selenium.remote.http.Route$CombinedRoute.handle (Route.java:360)\n    at org.openqa.selenium.remote.http.Route.execute (Route.java:69)\n    at org.openqa.selenium.grid.sessionqueue.NewSessionQueue.execute (NewSessionQueue.java:128)\n    at org.openqa.selenium.remote.tracing.SpanWrappedHttpHandler.execute (SpanWrappedHttpHandler.java:87)\n    at org.openqa.selenium.remote.http.Filter$1.execute (Filter.java:63)\n    at org.openqa.selenium.remote.http.Route$CombinedRoute.handle (Route.java:360)\n    at org.openqa.selenium.remote.http.Route.execute (Route.java:69)\n    at org.openqa.selenium.grid.router.Router.execute (Router.java:87)\n    at org.openqa.selenium.grid.web.EnsureSpecCompliantResponseHeaders.lambda$apply$0 (EnsureSpecCompliantResponseHeaders.java:34)\n    at org.openqa.selenium.remote.http.Filter$1.execute (Filter.java:63)\n    at org.openqa.selenium.remote.http.Route$CombinedRoute.handle (Route.java:360)\n    at org.openqa.selenium.remote.http.Route.execute (Route.java:69)\n    at org.openqa.selenium.remote.AddWebDriverSpecHeaders.lambda$apply$0 (AddWebDriverSpecHeaders.java:35)\n    at org.openqa.selenium.remote.ErrorFilter.lambda$apply$0 (ErrorFilter.java:44)\n    at org.openqa.selenium.remote.http.Filter$1.execute (Filter.java:63)\n    at org.openqa.selenium.remote.ErrorFilter.lambda$apply$0 (ErrorFilter.java:44)\n    at org.openqa.selenium.remote.http.Filter$1.execute (Filter.java:63)\n    at org.openqa.selenium.netty.server.SeleniumHandler.lambda$channelRead0$0 (SeleniumHandler.java:44)\n    at java.util.concurrent.Executors$RunnableAdapter.call (Executors.java:539)\n    at java.util.concurrent.FutureTask.run (FutureTask.java:264)\n    at java.util.concurrent.ThreadPoolExecutor.runWorker (ThreadPoolExecutor.java:1136)\n    at java.util.concurrent.ThreadPoolExecutor$Worker.run (ThreadPoolExecutor.java:635)\n    at java.lang.Thread.run (Thread.java:840)","time":{"start":1728000447085,"stop":1728000747122,"duration":300037}},{"uid":"8266435128aff51c","reportUrl":"https://robbrad.github.io/UKBinCollectionData/3.12/2148//#testresult/8266435128aff51c","status":"failed","statusDetails":"selenium.common.exceptions.TimeoutException: Message: \nStacktrace:\n#0 0x5588e43e013a <unknown>\n#1 0x5588e40c65e0 <unknown>\n#2 0x5588e4115be8 <unknown>\n#3 0x5588e4115e81 <unknown>\n#4 0x5588e415c8c4 <unknown>\n#5 0x5588e413ab4d <unknown>\n#6 0x5588e4159d7d <unknown>\n#7 0x5588e413a8c3 <unknown>\n#8 0x5588e41086b3 <unknown>\n#9 0x5588e410968e <unknown>\n#10 0x5588e43aab3b <unknown>\n#11 0x5588e43aeac1 <unknown>\n#12 0x5588e4397335 <unknown>\n#13 0x5588e43af642 <unknown>\n#14 0x5588e437c49f <unknown>\n#15 0x5588e43cf038 <unknown>\n#16 0x5588e43cf203 <unknown>\n#17 0x5588e43def8c <unknown>\n#18 0x7f1bdaa35a94 <unknown>\n#19 0x7f1bdaac2a34 __clone","time":{"start":1727932779897,"stop":1727932867071,"duration":87174}},{"uid":"8a2252304bd1ee84","reportUrl":"https://robbrad.github.io/UKBinCollectionData/3.12/2146//#testresult/8a2252304bd1ee84","status":"failed","statusDetails":"selenium.common.exceptions.TimeoutException: Message: \nStacktrace:\n#0 0x55f12fb7813a <unknown>\n#1 0x55f12f85e5e0 <unknown>\n#2 0x55f12f8adbe8 <unknown>\n#3 0x55f12f8ade81 <unknown>\n#4 0x55f12f8f48c4 <unknown>\n#5 0x55f12f8d2b4d <unknown>\n#6 0x55f12f8f1d7d <unknown>\n#7 0x55f12f8d28c3 <unknown>\n#8 0x55f12f8a06b3 <unknown>\n#9 0x55f12f8a168e <unknown>\n#10 0x55f12fb42b3b <unknown>\n#11 0x55f12fb46ac1 <unknown>\n#12 0x55f12fb2f335 <unknown>\n#13 0x55f12fb47642 <unknown>\n#14 0x55f12fb1449f <unknown>\n#15 0x55f12fb67038 <unknown>\n#16 0x55f12fb67203 <unknown>\n#17 0x55f12fb76f8c <unknown>\n#18 0x7f1f2ec2da94 <unknown>\n#19 0x7f1f2ecbaa34 __clone","time":{"start":1727914577562,"stop":1727914662707,"duration":85145}},{"uid":"f3ded2f2000a1650","reportUrl":"https://robbrad.github.io/UKBinCollectionData/3.12/2139//#testresult/f3ded2f2000a1650","status":"failed","statusDetails":"selenium.common.exceptions.TimeoutException: Message: \nStacktrace:\n#0 0x55c65b75313a <unknown>\n#1 0x55c65b4395e0 <unknown>\n#2 0x55c65b488be8 <unknown>\n#3 0x55c65b488e81 <unknown>\n#4 0x55c65b4cf8c4 <unknown>\n#5 0x55c65b4adb4d <unknown>\n#6 0x55c65b4ccd7d <unknown>\n#7 0x55c65b4ad8c3 <unknown>\n#8 0x55c65b47b6b3 <unknown>\n#9 0x55c65b47c68e <unknown>\n#10 0x55c65b71db3b <unknown>\n#11 0x55c65b721ac1 <unknown>\n#12 0x55c65b70a335 <unknown>\n#13 0x55c65b722642 <unknown>\n#14 0x55c65b6ef49f <unknown>\n#15 0x55c65b742038 <unknown>\n#16 0x55c65b742203 <unknown>\n#17 0x55c65b751f8c <unknown>\n#18 0x7f7a52647a94 <unknown>\n#19 0x7f7a526d4a34 __clone","time":{"start":1727828126192,"stop":1727828217550,"duration":91358}},{"uid":"102216465d89fcb4","reportUrl":"https://robbrad.github.io/UKBinCollectionData/3.12/2138//#testresult/102216465d89fcb4","status":"failed","statusDetails":"selenium.common.exceptions.TimeoutException: Message: \nStacktrace:\n#0 0x56470497e13a <unknown>\n#1 0x5647046645e0 <unknown>\n#2 0x5647046b3be8 <unknown>\n#3 0x5647046b3e81 <unknown>\n#4 0x5647046fa8c4 <unknown>\n#5 0x5647046d8b4d <unknown>\n#6 0x5647046f7d7d <unknown>\n#7 0x5647046d88c3 <unknown>\n#8 0x5647046a66b3 <unknown>\n#9 0x5647046a768e <unknown>\n#10 0x564704948b3b <unknown>\n#11 0x56470494cac1 <unknown>\n#12 0x564704935335 <unknown>\n#13 0x56470494d642 <unknown>\n#14 0x56470491a49f <unknown>\n#15 0x56470496d038 <unknown>\n#16 0x56470496d203 <unknown>\n#17 0x56470497cf8c <unknown>\n#18 0x7fc665073a94 <unknown>\n#19 0x7fc665100a34 __clone","time":{"start":1727741765382,"stop":1727741852326,"duration":86944}},{"uid":"a3680359ed80ff5e","reportUrl":"https://robbrad.github.io/UKBinCollectionData/3.12/2137//#testresult/a3680359ed80ff5e","status":"failed","statusDetails":"selenium.common.exceptions.TimeoutException: Message: \nStacktrace:\n#0 0x55f3288b413a <unknown>\n#1 0x55f32859a5e0 <unknown>\n#2 0x55f3285e9be8 <unknown>\n#3 0x55f3285e9e81 <unknown>\n#4 0x55f3286308c4 <unknown>\n#5 0x55f32860eb4d <unknown>\n#6 0x55f32862dd7d <unknown>\n#7 0x55f32860e8c3 <unknown>\n#8 0x55f3285dc6b3 <unknown>\n#9 0x55f3285dd68e <unknown>\n#10 0x55f32887eb3b <unknown>\n#11 0x55f328882ac1 <unknown>\n#12 0x55f32886b335 <unknown>\n#13 0x55f328883642 <unknown>\n#14 0x55f32885049f <unknown>\n#15 0x55f3288a3038 <unknown>\n#16 0x55f3288a3203 <unknown>\n#17 0x55f3288b2f8c <unknown>\n#18 0x7f2662bf0a94 <unknown>\n#19 0x7f2662c7da34 __clone","time":{"start":1727655378853,"stop":1727655474763,"duration":95910}},{"uid":"4a6c4c85e5f2ad09","reportUrl":"https://robbrad.github.io/UKBinCollectionData/3.12/2136//#testresult/4a6c4c85e5f2ad09","status":"failed","statusDetails":"selenium.common.exceptions.TimeoutException: Message: \nStacktrace:\n#0 0x563a0ddd213a <unknown>\n#1 0x563a0dab85e0 <unknown>\n#2 0x563a0db07be8 <unknown>\n#3 0x563a0db07e81 <unknown>\n#4 0x563a0db4e8c4 <unknown>\n#5 0x563a0db2cb4d <unknown>\n#6 0x563a0db4bd7d <unknown>\n#7 0x563a0db2c8c3 <unknown>\n#8 0x563a0dafa6b3 <unknown>\n#9 0x563a0dafb68e <unknown>\n#10 0x563a0dd9cb3b <unknown>\n#11 0x563a0dda0ac1 <unknown>\n#12 0x563a0dd89335 <unknown>\n#13 0x563a0dda1642 <unknown>\n#14 0x563a0dd6e49f <unknown>\n#15 0x563a0ddc1038 <unknown>\n#16 0x563a0ddc1203 <unknown>\n#17 0x563a0ddd0f8c <unknown>\n#18 0x7fef24534a94 <unknown>\n#19 0x7fef245c1a34 __clone","time":{"start":1727569002835,"stop":1727569116737,"duration":113902}},{"uid":"9a1c4602ffa692e","reportUrl":"https://robbrad.github.io/UKBinCollectionData/3.12/2135//#testresult/9a1c4602ffa692e","status":"failed","statusDetails":"selenium.common.exceptions.TimeoutException: Message: \nStacktrace:\n#0 0x558ab616b13a <unknown>\n#1 0x558ab5e515e0 <unknown>\n#2 0x558ab5ea0be8 <unknown>\n#3 0x558ab5ea0e81 <unknown>\n#4 0x558ab5ee78c4 <unknown>\n#5 0x558ab5ec5b4d <unknown>\n#6 0x558ab5ee4d7d <unknown>\n#7 0x558ab5ec58c3 <unknown>\n#8 0x558ab5e936b3 <unknown>\n#9 0x558ab5e9468e <unknown>\n#10 0x558ab6135b3b <unknown>\n#11 0x558ab6139ac1 <unknown>\n#12 0x558ab6122335 <unknown>\n#13 0x558ab613a642 <unknown>\n#14 0x558ab610749f <unknown>\n#15 0x558ab615a038 <unknown>\n#16 0x558ab615a203 <unknown>\n#17 0x558ab6169f8c <unknown>\n#18 0x7f7441df1a94 <unknown>\n#19 0x7f7441e7ea34 __clone","time":{"start":1727482587232,"stop":1727482651373,"duration":64141}},{"uid":"7bde054b3514c1df","reportUrl":"https://robbrad.github.io/UKBinCollectionData/3.12/2131//#testresult/7bde054b3514c1df","status":"failed","statusDetails":"selenium.common.exceptions.TimeoutException: Message: \nStacktrace:\n#0 0x55ac15e5c13a <unknown>\n#1 0x55ac15b425e0 <unknown>\n#2 0x55ac15b91be8 <unknown>\n#3 0x55ac15b91e81 <unknown>\n#4 0x55ac15bd88c4 <unknown>\n#5 0x55ac15bb6b4d <unknown>\n#6 0x55ac15bd5d7d <unknown>\n#7 0x55ac15bb68c3 <unknown>\n#8 0x55ac15b846b3 <unknown>\n#9 0x55ac15b8568e <unknown>\n#10 0x55ac15e26b3b <unknown>\n#11 0x55ac15e2aac1 <unknown>\n#12 0x55ac15e13335 <unknown>\n#13 0x55ac15e2b642 <unknown>\n#14 0x55ac15df849f <unknown>\n#15 0x55ac15e4b038 <unknown>\n#16 0x55ac15e4b203 <unknown>\n#17 0x55ac15e5af8c <unknown>\n#18 0x7f9ee7c9fa94 <unknown>\n#19 0x7f9ee7d2ca34 __clone","time":{"start":1727422458989,"stop":1727422583766,"duration":124777}},{"uid":"b638c3359fa8e8ee","reportUrl":"https://robbrad.github.io/UKBinCollectionData/3.12/2130//#testresult/b638c3359fa8e8ee","status":"failed","statusDetails":"selenium.common.exceptions.TimeoutException: Message: \nStacktrace:\n#0 0x5638e4a0f13a <unknown>\n#1 0x5638e46f55e0 <unknown>\n#2 0x5638e4744be8 <unknown>\n#3 0x5638e4744e81 <unknown>\n#4 0x5638e478b8c4 <unknown>\n#5 0x5638e4769b4d <unknown>\n#6 0x5638e4788d7d <unknown>\n#7 0x5638e47698c3 <unknown>\n#8 0x5638e47376b3 <unknown>\n#9 0x5638e473868e <unknown>\n#10 0x5638e49d9b3b <unknown>\n#11 0x5638e49ddac1 <unknown>\n#12 0x5638e49c6335 <unknown>\n#13 0x5638e49de642 <unknown>\n#14 0x5638e49ab49f <unknown>\n#15 0x5638e49fe038 <unknown>\n#16 0x5638e49fe203 <unknown>\n#17 0x5638e4a0df8c <unknown>\n#18 0x7fdbc74c7a94 <unknown>\n#19 0x7fdbc7554a34 __clone","time":{"start":1727396331390,"stop":1727396398560,"duration":67170}},{"uid":"f7f109246db31bbe","reportUrl":"https://robbrad.github.io/UKBinCollectionData/3.12/2129//#testresult/f7f109246db31bbe","status":"failed","statusDetails":"selenium.common.exceptions.TimeoutException: Message: \nStacktrace:\n#0 0x55dbae7ea13a <unknown>\n#1 0x55dbae4d05e0 <unknown>\n#2 0x55dbae51fbe8 <unknown>\n#3 0x55dbae51fe81 <unknown>\n#4 0x55dbae5668c4 <unknown>\n#5 0x55dbae544b4d <unknown>\n#6 0x55dbae563d7d <unknown>\n#7 0x55dbae5448c3 <unknown>\n#8 0x55dbae5126b3 <unknown>\n#9 0x55dbae51368e <unknown>\n#10 0x55dbae7b4b3b <unknown>\n#11 0x55dbae7b8ac1 <unknown>\n#12 0x55dbae7a1335 <unknown>\n#13 0x55dbae7b9642 <unknown>\n#14 0x55dbae78649f <unknown>\n#15 0x55dbae7d9038 <unknown>\n#16 0x55dbae7d9203 <unknown>\n#17 0x55dbae7e8f8c <unknown>\n#18 0x7fbc4a352a94 <unknown>\n#19 0x7fbc4a3dfa34 __clone","time":{"start":1727309786514,"stop":1727309878120,"duration":91606}},{"uid":"773baf478151c275","reportUrl":"https://robbrad.github.io/UKBinCollectionData/3.12/2128//#testresult/773baf478151c275","status":"failed","statusDetails":"selenium.common.exceptions.TimeoutException: Message: \nStacktrace:\n#0 0x55afac24d13a <unknown>\n#1 0x55afabf335e0 <unknown>\n#2 0x55afabf82be8 <unknown>\n#3 0x55afabf82e81 <unknown>\n#4 0x55afabfc98c4 <unknown>\n#5 0x55afabfa7b4d <unknown>\n#6 0x55afabfc6d7d <unknown>\n#7 0x55afabfa78c3 <unknown>\n#8 0x55afabf756b3 <unknown>\n#9 0x55afabf7668e <unknown>\n#10 0x55afac217b3b <unknown>\n#11 0x55afac21bac1 <unknown>\n#12 0x55afac204335 <unknown>\n#13 0x55afac21c642 <unknown>\n#14 0x55afac1e949f <unknown>\n#15 0x55afac23c038 <unknown>\n#16 0x55afac23c203 <unknown>\n#17 0x55afac24bf8c <unknown>\n#18 0x7fb9c1bfda94 <unknown>\n#19 0x7fb9c1c8aa34 __clone","time":{"start":1727223485642,"stop":1727223547205,"duration":61563}}]},"tags":[]},"source":"61155145382877d1.json","parameterValues":["KnowsleyMBCouncil"]}