{"uid":"2d0a5b511c4b07dd","name":"Validate Council Output [RushcliffeBoroughCouncil]","fullName":"features/validate_council_outputs.feature:Validate Council Output","historyId":"10c5adec7cdd71fa36d93e2bcbd9ad16","time":{"start":1728865250741,"stop":1728865258623,"duration":7882},"status":"failed","statusMessage":"jsonschema.exceptions.ValidationError: [] should be non-empty\n\nFailed validating 'minItems' in schema['properties']['bins']:\n    {'type': 'array', 'items': {'$ref': '#/definitions/Bin'}, 'minItems': 1}\n\nOn instance['bins']:\n    []","statusTrace":"fixturefunc = <function validate_output_step at 0x7fd5c58271a0>\nrequest = <FixtureRequest for <Function test_scenario_outline[RushcliffeBoroughCouncil]>>\nkwargs = {'context': <test_validate_council.Context object at 0x7fd5da4b0e60>}\n\n    def call_fixture_func(\n        fixturefunc: _FixtureFunc[FixtureValue], request: FixtureRequest, kwargs\n    ) -> FixtureValue:\n        if is_generator(fixturefunc):\n            fixturefunc = cast(\n                Callable[..., Generator[FixtureValue, None, None]], fixturefunc\n            )\n            generator = fixturefunc(**kwargs)\n            try:\n                fixture_result = next(generator)\n            except StopIteration:\n                raise ValueError(f\"{request.fixturename} did not yield a value\") from None\n            finalizer = functools.partial(_teardown_yield_fixture, fixturefunc, generator)\n            request.addfinalizer(finalizer)\n        else:\n            fixturefunc = cast(Callable[..., FixtureValue], fixturefunc)\n>           fixture_result = fixturefunc(**kwargs)\n\n../../../.cache/pypoetry/virtualenvs/uk-bin-collection-EwS6Gn8s-py3.12/lib/python3.12/site-packages/_pytest/fixtures.py:898: \n_ _ _ _ _ _ _ _ _ _ _ _ _ _ _ _ _ _ _ _ _ _ _ _ _ _ _ _ _ _ _ _ _ _ _ _ _ _ _ _ \nuk_bin_collection/tests/step_defs/test_validate_council.py:113: in validate_output_step\n    assert file_handler.validate_json_schema(\nuk_bin_collection/tests/step_defs/step_helpers/file_handler.py:40: in validate_json_schema\n    validate(instance=json_data, schema=schema)\n_ _ _ _ _ _ _ _ _ _ _ _ _ _ _ _ _ _ _ _ _ _ _ _ _ _ _ _ _ _ _ _ _ _ _ _ _ _ _ _ \n\ninstance = {'bins': []}\nschema = {'$ref': '#/definitions/BinData', '$schema': 'http://json-schema.org/draft-06/schema#', 'definitions': {'Bin': {'addit...ems': {'$ref': '#/definitions/Bin'}, 'minItems': 1, 'type': 'array'}}, 'required': ['bins'], 'title': 'BinData', ...}}}\ncls = <class 'jsonschema.validators.Draft6Validator'>, args = (), kwargs = {}\nvalidator = Draft6Validator(schema={'$ref': '#/definitions/BinData', '$schema': 'http://json-...ft-06/schema#', 'definitions': {'B...nitions/Bin'}, 'minItems': 1, 'type': 'array'}}, 'required': ['bins'], 'title': 'BinData', ...}}}, format_checker=None)\nerror = <ValidationError: '[] should be non-empty'>\n\n    def validate(instance, schema, cls=None, *args, **kwargs):  # noqa: D417\n        \"\"\"\n        Validate an instance under the given schema.\n    \n            >>> validate([2, 3, 4], {\"maxItems\": 2})\n            Traceback (most recent call last):\n                ...\n            ValidationError: [2, 3, 4] is too long\n    \n        :func:`~jsonschema.validators.validate` will first verify that the\n        provided schema is itself valid, since not doing so can lead to less\n        obvious error messages and fail in less obvious or consistent ways.\n    \n        If you know you have a valid schema already, especially\n        if you intend to validate multiple instances with\n        the same schema, you likely would prefer using the\n        `jsonschema.protocols.Validator.validate` method directly on a\n        specific validator (e.g. ``Draft202012Validator.validate``).\n    \n    \n        Arguments:\n    \n            instance:\n    \n                The instance to validate\n    \n            schema:\n    \n                The schema to validate with\n    \n            cls (jsonschema.protocols.Validator):\n    \n                The class that will be used to validate the instance.\n    \n        If the ``cls`` argument is not provided, two things will happen\n        in accordance with the specification. First, if the schema has a\n        :kw:`$schema` keyword containing a known meta-schema [#]_ then the\n        proper validator will be used. The specification recommends that\n        all schemas contain :kw:`$schema` properties for this reason. If no\n        :kw:`$schema` property is found, the default validator class is the\n        latest released draft.\n    \n        Any other provided positional and keyword arguments will be passed\n        on when instantiating the ``cls``.\n    \n        Raises:\n    \n            `jsonschema.exceptions.ValidationError`:\n    \n                if the instance is invalid\n    \n            `jsonschema.exceptions.SchemaError`:\n    \n                if the schema itself is invalid\n    \n        .. rubric:: Footnotes\n        .. [#] known by a validator registered with\n            `jsonschema.validators.validates`\n    \n        \"\"\"\n        if cls is None:\n            cls = validator_for(schema)\n    \n        cls.check_schema(schema)\n        validator = cls(schema, *args, **kwargs)\n        error = exceptions.best_match(validator.iter_errors(instance))\n        if error is not None:\n>           raise error\nE           jsonschema.exceptions.ValidationError: [] should be non-empty\nE           \nE           Failed validating 'minItems' in schema['properties']['bins']:\nE               {'type': 'array', 'items': {'$ref': '#/definitions/Bin'}, 'minItems': 1}\nE           \nE           On instance['bins']:\nE               []\n\n../../../.cache/pypoetry/virtualenvs/uk-bin-collection-EwS6Gn8s-py3.12/lib/python3.12/site-packages/jsonschema/validators.py:1332: ValidationError","flaky":true,"newFailed":true,"newBroken":false,"newPassed":false,"retriesCount":0,"retriesStatusChange":false,"beforeStages":[],"testStage":{"status":"failed","statusMessage":"jsonschema.exceptions.ValidationError: [] should be non-empty\n\nFailed validating 'minItems' in schema['properties']['bins']:\n    {'type': 'array', 'items': {'$ref': '#/definitions/Bin'}, 'minItems': 1}\n\nOn instance['bins']:\n    []","statusTrace":"fixturefunc = <function validate_output_step at 0x7fd5c58271a0>\nrequest = <FixtureRequest for <Function test_scenario_outline[RushcliffeBoroughCouncil]>>\nkwargs = {'context': <test_validate_council.Context object at 0x7fd5da4b0e60>}\n\n    def call_fixture_func(\n        fixturefunc: _FixtureFunc[FixtureValue], request: FixtureRequest, kwargs\n    ) -> FixtureValue:\n        if is_generator(fixturefunc):\n            fixturefunc = cast(\n                Callable[..., Generator[FixtureValue, None, None]], fixturefunc\n            )\n            generator = fixturefunc(**kwargs)\n            try:\n                fixture_result = next(generator)\n            except StopIteration:\n                raise ValueError(f\"{request.fixturename} did not yield a value\") from None\n            finalizer = functools.partial(_teardown_yield_fixture, fixturefunc, generator)\n            request.addfinalizer(finalizer)\n        else:\n            fixturefunc = cast(Callable[..., FixtureValue], fixturefunc)\n>           fixture_result = fixturefunc(**kwargs)\n\n../../../.cache/pypoetry/virtualenvs/uk-bin-collection-EwS6Gn8s-py3.12/lib/python3.12/site-packages/_pytest/fixtures.py:898: \n_ _ _ _ _ _ _ _ _ _ _ _ _ _ _ _ _ _ _ _ _ _ _ _ _ _ _ _ _ _ _ _ _ _ _ _ _ _ _ _ \nuk_bin_collection/tests/step_defs/test_validate_council.py:113: in validate_output_step\n    assert file_handler.validate_json_schema(\nuk_bin_collection/tests/step_defs/step_helpers/file_handler.py:40: in validate_json_schema\n    validate(instance=json_data, schema=schema)\n_ _ _ _ _ _ _ _ _ _ _ _ _ _ _ _ _ _ _ _ _ _ _ _ _ _ _ _ _ _ _ _ _ _ _ _ _ _ _ _ \n\ninstance = {'bins': []}\nschema = {'$ref': '#/definitions/BinData', '$schema': 'http://json-schema.org/draft-06/schema#', 'definitions': {'Bin': {'addit...ems': {'$ref': '#/definitions/Bin'}, 'minItems': 1, 'type': 'array'}}, 'required': ['bins'], 'title': 'BinData', ...}}}\ncls = <class 'jsonschema.validators.Draft6Validator'>, args = (), kwargs = {}\nvalidator = Draft6Validator(schema={'$ref': '#/definitions/BinData', '$schema': 'http://json-...ft-06/schema#', 'definitions': {'B...nitions/Bin'}, 'minItems': 1, 'type': 'array'}}, 'required': ['bins'], 'title': 'BinData', ...}}}, format_checker=None)\nerror = <ValidationError: '[] should be non-empty'>\n\n    def validate(instance, schema, cls=None, *args, **kwargs):  # noqa: D417\n        \"\"\"\n        Validate an instance under the given schema.\n    \n            >>> validate([2, 3, 4], {\"maxItems\": 2})\n            Traceback (most recent call last):\n                ...\n            ValidationError: [2, 3, 4] is too long\n    \n        :func:`~jsonschema.validators.validate` will first verify that the\n        provided schema is itself valid, since not doing so can lead to less\n        obvious error messages and fail in less obvious or consistent ways.\n    \n        If you know you have a valid schema already, especially\n        if you intend to validate multiple instances with\n        the same schema, you likely would prefer using the\n        `jsonschema.protocols.Validator.validate` method directly on a\n        specific validator (e.g. ``Draft202012Validator.validate``).\n    \n    \n        Arguments:\n    \n            instance:\n    \n                The instance to validate\n    \n            schema:\n    \n                The schema to validate with\n    \n            cls (jsonschema.protocols.Validator):\n    \n                The class that will be used to validate the instance.\n    \n        If the ``cls`` argument is not provided, two things will happen\n        in accordance with the specification. First, if the schema has a\n        :kw:`$schema` keyword containing a known meta-schema [#]_ then the\n        proper validator will be used. The specification recommends that\n        all schemas contain :kw:`$schema` properties for this reason. If no\n        :kw:`$schema` property is found, the default validator class is the\n        latest released draft.\n    \n        Any other provided positional and keyword arguments will be passed\n        on when instantiating the ``cls``.\n    \n        Raises:\n    \n            `jsonschema.exceptions.ValidationError`:\n    \n                if the instance is invalid\n    \n            `jsonschema.exceptions.SchemaError`:\n    \n                if the schema itself is invalid\n    \n        .. rubric:: Footnotes\n        .. [#] known by a validator registered with\n            `jsonschema.validators.validates`\n    \n        \"\"\"\n        if cls is None:\n            cls = validator_for(schema)\n    \n        cls.check_schema(schema)\n        validator = cls(schema, *args, **kwargs)\n        error = exceptions.best_match(validator.iter_errors(instance))\n        if error is not None:\n>           raise error\nE           jsonschema.exceptions.ValidationError: [] should be non-empty\nE           \nE           Failed validating 'minItems' in schema['properties']['bins']:\nE               {'type': 'array', 'items': {'$ref': '#/definitions/Bin'}, 'minItems': 1}\nE           \nE           On instance['bins']:\nE               []\n\n../../../.cache/pypoetry/virtualenvs/uk-bin-collection-EwS6Gn8s-py3.12/lib/python3.12/site-packages/jsonschema/validators.py:1332: ValidationError","steps":[{"name":"Given the council","time":{"start":1728865250742,"stop":1728865250742,"duration":0},"status":"passed","steps":[],"attachments":[],"parameters":[],"shouldDisplayMessage":false,"stepsCount":0,"attachmentsCount":0,"hasContent":false,"attachmentStep":false},{"name":"When we scrape the data from the council","time":{"start":1728865250742,"stop":1728865258621,"duration":7879},"status":"passed","steps":[],"attachments":[],"parameters":[],"shouldDisplayMessage":false,"stepsCount":0,"attachmentsCount":0,"hasContent":false,"attachmentStep":false},{"name":"Then the result is valid json","time":{"start":1728865258622,"stop":1728865258622,"duration":0},"status":"passed","steps":[],"attachments":[],"parameters":[],"shouldDisplayMessage":false,"stepsCount":0,"attachmentsCount":0,"hasContent":false,"attachmentStep":false},{"name":"And the output should validate against the schema","time":{"start":1728865258622,"stop":1728865258623,"duration":1},"status":"failed","statusMessage":"[] should be non-empty\n\nFailed validating 'minItems' in schema['properties']['bins']:\n    {'type': 'array', 'items': {'$ref': '#/definitions/Bin'}, 'minItems': 1}\n\nOn instance['bins']:\n    []","statusTrace":"jsonschema.exceptions.ValidationError: [] should be non-empty\n\nFailed validating 'minItems' in schema['properties']['bins']:\n    {'type': 'array', 'items': {'$ref': '#/definitions/Bin'}, 'minItems': 1}\n\nOn instance['bins']:\n    []\n","steps":[],"attachments":[],"parameters":[],"shouldDisplayMessage":true,"stepsCount":0,"attachmentsCount":0,"hasContent":true,"attachmentStep":false}],"attachments":[{"uid":"f1fb808831ecfb34","name":"log","source":"f1fb808831ecfb34.txt","type":"text/plain","size":249},{"uid":"42d1e59ad10575d6","name":"stdout","source":"42d1e59ad10575d6.txt","type":"text/plain","size":51}],"parameters":[],"shouldDisplayMessage":true,"stepsCount":4,"attachmentsCount":2,"hasContent":true,"attachmentStep":false},"afterStages":[],"labels":[{"name":"host","value":"fv-az1442-461"},{"name":"thread","value":"2791-MainThread"},{"name":"framework","value":"pytest-bdd"},{"name":"language","value":"cpython3"},{"name":"feature","value":"Test each council output matches expected results"},{"name":"resultFormat","value":"allure2"}],"parameters":[{"name":"council","value":"RushcliffeBoroughCouncil"}],"links":[],"hidden":false,"retry":false,"extra":{"severity":"normal","retries":[],"categories":[{"name":"Product defects","matchedStatuses":[],"flaky":false}],"history":{"statistic":{"failed":40,"broken":0,"skipped":0,"passed":131,"unknown":0,"total":171},"items":[{"uid":"7695162f917990a1","reportUrl":"https://robbrad.github.io/UKBinCollectionData/3.12/2214//#testresult/7695162f917990a1","status":"passed","time":{"start":1728778864754,"stop":1728778875499,"duration":10745}},{"uid":"212edd3f6f328e9e","reportUrl":"https://robbrad.github.io/UKBinCollectionData/3.12/2211//#testresult/212edd3f6f328e9e","status":"failed","statusDetails":"selenium.common.exceptions.SessionNotCreatedException: Message: Could not start a new session. New session request timed out \nHost info: host: 'selenium', ip: '172.18.0.2'\nBuild info: version: '4.25.0', revision: '030fcf7918'\nSystem info: os.name: 'Linux', os.arch: 'amd64', os.version: '6.5.0-1025-azure', java.version: '17.0.12'\nDriver info: driver.version: unknown\nStacktrace:\n    at org.openqa.selenium.grid.sessionqueue.local.LocalNewSessionQueue.addToQueue (LocalNewSessionQueue.java:221)\n    at org.openqa.selenium.grid.sessionqueue.NewSessionQueue.lambda$new$0 (NewSessionQueue.java:68)\n    at org.openqa.selenium.remote.http.Route$TemplatizedRoute.handle (Route.java:192)\n    at org.openqa.selenium.remote.http.Route.execute (Route.java:69)\n    at org.openqa.selenium.remote.http.Route$CombinedRoute.handle (Route.java:360)\n    at org.openqa.selenium.remote.http.Route.execute (Route.java:69)\n    at org.openqa.selenium.grid.sessionqueue.NewSessionQueue.execute (NewSessionQueue.java:128)\n    at org.openqa.selenium.remote.tracing.SpanWrappedHttpHandler.execute (SpanWrappedHttpHandler.java:87)\n    at org.openqa.selenium.remote.http.Filter$1.execute (Filter.java:63)\n    at org.openqa.selenium.remote.http.Route$CombinedRoute.handle (Route.java:360)\n    at org.openqa.selenium.remote.http.Route.execute (Route.java:69)\n    at org.openqa.selenium.grid.router.Router.execute (Router.java:87)\n    at org.openqa.selenium.grid.web.EnsureSpecCompliantResponseHeaders.lambda$apply$0 (EnsureSpecCompliantResponseHeaders.java:34)\n    at org.openqa.selenium.remote.http.Filter$1.execute (Filter.java:63)\n    at org.openqa.selenium.remote.http.Route$CombinedRoute.handle (Route.java:360)\n    at org.openqa.selenium.remote.http.Route.execute (Route.java:69)\n    at org.openqa.selenium.remote.AddWebDriverSpecHeaders.lambda$apply$0 (AddWebDriverSpecHeaders.java:35)\n    at org.openqa.selenium.remote.ErrorFilter.lambda$apply$0 (ErrorFilter.java:44)\n    at org.openqa.selenium.remote.http.Filter$1.execute (Filter.java:63)\n    at org.openqa.selenium.remote.ErrorFilter.lambda$apply$0 (ErrorFilter.java:44)\n    at org.openqa.selenium.remote.http.Filter$1.execute (Filter.java:63)\n    at org.openqa.selenium.netty.server.SeleniumHandler.lambda$channelRead0$0 (SeleniumHandler.java:44)\n    at java.util.concurrent.Executors$RunnableAdapter.call (Executors.java:539)\n    at java.util.concurrent.FutureTask.run (FutureTask.java:264)\n    at java.util.concurrent.ThreadPoolExecutor.runWorker (ThreadPoolExecutor.java:1136)\n    at java.util.concurrent.ThreadPoolExecutor$Worker.run (ThreadPoolExecutor.java:635)\n    at java.lang.Thread.run (Thread.java:840)","time":{"start":1728692808706,"stop":1728693108751,"duration":300045}},{"uid":"536929b1bb69f9e0","reportUrl":"https://robbrad.github.io/UKBinCollectionData/3.12/2210//#testresult/536929b1bb69f9e0","status":"failed","statusDetails":"selenium.common.exceptions.SessionNotCreatedException: Message: Could not start a new session. New session request timed out \nHost info: host: 'selenium', ip: '172.18.0.2'\nBuild info: version: '4.25.0', revision: '030fcf7918'\nSystem info: os.name: 'Linux', os.arch: 'amd64', os.version: '6.5.0-1025-azure', java.version: '17.0.12'\nDriver info: driver.version: unknown\nStacktrace:\n    at org.openqa.selenium.grid.sessionqueue.local.LocalNewSessionQueue.addToQueue (LocalNewSessionQueue.java:221)\n    at org.openqa.selenium.grid.sessionqueue.NewSessionQueue.lambda$new$0 (NewSessionQueue.java:68)\n    at org.openqa.selenium.remote.http.Route$TemplatizedRoute.handle (Route.java:192)\n    at org.openqa.selenium.remote.http.Route.execute (Route.java:69)\n    at org.openqa.selenium.remote.http.Route$CombinedRoute.handle (Route.java:360)\n    at org.openqa.selenium.remote.http.Route.execute (Route.java:69)\n    at org.openqa.selenium.grid.sessionqueue.NewSessionQueue.execute (NewSessionQueue.java:128)\n    at org.openqa.selenium.remote.tracing.SpanWrappedHttpHandler.execute (SpanWrappedHttpHandler.java:87)\n    at org.openqa.selenium.remote.http.Filter$1.execute (Filter.java:63)\n    at org.openqa.selenium.remote.http.Route$CombinedRoute.handle (Route.java:360)\n    at org.openqa.selenium.remote.http.Route.execute (Route.java:69)\n    at org.openqa.selenium.grid.router.Router.execute (Router.java:87)\n    at org.openqa.selenium.grid.web.EnsureSpecCompliantResponseHeaders.lambda$apply$0 (EnsureSpecCompliantResponseHeaders.java:34)\n    at org.openqa.selenium.remote.http.Filter$1.execute (Filter.java:63)\n    at org.openqa.selenium.remote.http.Route$CombinedRoute.handle (Route.java:360)\n    at org.openqa.selenium.remote.http.Route.execute (Route.java:69)\n    at org.openqa.selenium.remote.AddWebDriverSpecHeaders.lambda$apply$0 (AddWebDriverSpecHeaders.java:35)\n    at org.openqa.selenium.remote.ErrorFilter.lambda$apply$0 (ErrorFilter.java:44)\n    at org.openqa.selenium.remote.http.Filter$1.execute (Filter.java:63)\n    at org.openqa.selenium.remote.ErrorFilter.lambda$apply$0 (ErrorFilter.java:44)\n    at org.openqa.selenium.remote.http.Filter$1.execute (Filter.java:63)\n    at org.openqa.selenium.netty.server.SeleniumHandler.lambda$channelRead0$0 (SeleniumHandler.java:44)\n    at java.util.concurrent.Executors$RunnableAdapter.call (Executors.java:539)\n    at java.util.concurrent.FutureTask.run (FutureTask.java:264)\n    at java.util.concurrent.ThreadPoolExecutor.runWorker (ThreadPoolExecutor.java:1136)\n    at java.util.concurrent.ThreadPoolExecutor$Worker.run (ThreadPoolExecutor.java:635)\n    at java.lang.Thread.run (Thread.java:840)","time":{"start":1728606191668,"stop":1728606491714,"duration":300046}},{"uid":"b17bb97dd753d1e5","reportUrl":"https://robbrad.github.io/UKBinCollectionData/3.12/2199//#testresult/b17bb97dd753d1e5","status":"failed","statusDetails":"selenium.common.exceptions.SessionNotCreatedException: Message: Could not start a new session. New session request timed out \nHost info: host: 'selenium', ip: '172.18.0.2'\nBuild info: version: '4.25.0', revision: '030fcf7918'\nSystem info: os.name: 'Linux', os.arch: 'amd64', os.version: '6.5.0-1025-azure', java.version: '17.0.12'\nDriver info: driver.version: unknown\nStacktrace:\n    at org.openqa.selenium.grid.sessionqueue.local.LocalNewSessionQueue.addToQueue (LocalNewSessionQueue.java:221)\n    at org.openqa.selenium.grid.sessionqueue.NewSessionQueue.lambda$new$0 (NewSessionQueue.java:68)\n    at org.openqa.selenium.remote.http.Route$TemplatizedRoute.handle (Route.java:192)\n    at org.openqa.selenium.remote.http.Route.execute (Route.java:69)\n    at org.openqa.selenium.remote.http.Route$CombinedRoute.handle (Route.java:360)\n    at org.openqa.selenium.remote.http.Route.execute (Route.java:69)\n    at org.openqa.selenium.grid.sessionqueue.NewSessionQueue.execute (NewSessionQueue.java:128)\n    at org.openqa.selenium.remote.tracing.SpanWrappedHttpHandler.execute (SpanWrappedHttpHandler.java:87)\n    at org.openqa.selenium.remote.http.Filter$1.execute (Filter.java:63)\n    at org.openqa.selenium.remote.http.Route$CombinedRoute.handle (Route.java:360)\n    at org.openqa.selenium.remote.http.Route.execute (Route.java:69)\n    at org.openqa.selenium.grid.router.Router.execute (Router.java:87)\n    at org.openqa.selenium.grid.web.EnsureSpecCompliantResponseHeaders.lambda$apply$0 (EnsureSpecCompliantResponseHeaders.java:34)\n    at org.openqa.selenium.remote.http.Filter$1.execute (Filter.java:63)\n    at org.openqa.selenium.remote.http.Route$CombinedRoute.handle (Route.java:360)\n    at org.openqa.selenium.remote.http.Route.execute (Route.java:69)\n    at org.openqa.selenium.remote.AddWebDriverSpecHeaders.lambda$apply$0 (AddWebDriverSpecHeaders.java:35)\n    at org.openqa.selenium.remote.ErrorFilter.lambda$apply$0 (ErrorFilter.java:44)\n    at org.openqa.selenium.remote.http.Filter$1.execute (Filter.java:63)\n    at org.openqa.selenium.remote.ErrorFilter.lambda$apply$0 (ErrorFilter.java:44)\n    at org.openqa.selenium.remote.http.Filter$1.execute (Filter.java:63)\n    at org.openqa.selenium.netty.server.SeleniumHandler.lambda$channelRead0$0 (SeleniumHandler.java:44)\n    at java.util.concurrent.Executors$RunnableAdapter.call (Executors.java:539)\n    at java.util.concurrent.FutureTask.run (FutureTask.java:264)\n    at java.util.concurrent.ThreadPoolExecutor.runWorker (ThreadPoolExecutor.java:1136)\n    at java.util.concurrent.ThreadPoolExecutor$Worker.run (ThreadPoolExecutor.java:635)\n    at java.lang.Thread.run (Thread.java:840)","time":{"start":1728519737987,"stop":1728520038171,"duration":300184}},{"uid":"915a2835203db510","reportUrl":"https://robbrad.github.io/UKBinCollectionData/3.12/2188//#testresult/915a2835203db510","status":"passed","time":{"start":1728433233434,"stop":1728433294235,"duration":60801}},{"uid":"b089d3490f48c5c4","reportUrl":"https://robbrad.github.io/UKBinCollectionData/3.12/2169//#testresult/b089d3490f48c5c4","status":"failed","statusDetails":"selenium.common.exceptions.SessionNotCreatedException: Message: Could not start a new session. New session request timed out \nHost info: host: 'selenium', ip: '172.18.0.2'\nBuild info: version: '4.25.0', revision: '030fcf7918'\nSystem info: os.name: 'Linux', os.arch: 'amd64', os.version: '6.5.0-1025-azure', java.version: '17.0.12'\nDriver info: driver.version: unknown\nStacktrace:\n    at org.openqa.selenium.grid.sessionqueue.local.LocalNewSessionQueue.addToQueue (LocalNewSessionQueue.java:221)\n    at org.openqa.selenium.grid.sessionqueue.NewSessionQueue.lambda$new$0 (NewSessionQueue.java:68)\n    at org.openqa.selenium.remote.http.Route$TemplatizedRoute.handle (Route.java:192)\n    at org.openqa.selenium.remote.http.Route.execute (Route.java:69)\n    at org.openqa.selenium.remote.http.Route$CombinedRoute.handle (Route.java:360)\n    at org.openqa.selenium.remote.http.Route.execute (Route.java:69)\n    at org.openqa.selenium.grid.sessionqueue.NewSessionQueue.execute (NewSessionQueue.java:128)\n    at org.openqa.selenium.remote.tracing.SpanWrappedHttpHandler.execute (SpanWrappedHttpHandler.java:87)\n    at org.openqa.selenium.remote.http.Filter$1.execute (Filter.java:63)\n    at org.openqa.selenium.remote.http.Route$CombinedRoute.handle (Route.java:360)\n    at org.openqa.selenium.remote.http.Route.execute (Route.java:69)\n    at org.openqa.selenium.grid.router.Router.execute (Router.java:87)\n    at org.openqa.selenium.grid.web.EnsureSpecCompliantResponseHeaders.lambda$apply$0 (EnsureSpecCompliantResponseHeaders.java:34)\n    at org.openqa.selenium.remote.http.Filter$1.execute (Filter.java:63)\n    at org.openqa.selenium.remote.http.Route$CombinedRoute.handle (Route.java:360)\n    at org.openqa.selenium.remote.http.Route.execute (Route.java:69)\n    at org.openqa.selenium.remote.AddWebDriverSpecHeaders.lambda$apply$0 (AddWebDriverSpecHeaders.java:35)\n    at org.openqa.selenium.remote.ErrorFilter.lambda$apply$0 (ErrorFilter.java:44)\n    at org.openqa.selenium.remote.http.Filter$1.execute (Filter.java:63)\n    at org.openqa.selenium.remote.ErrorFilter.lambda$apply$0 (ErrorFilter.java:44)\n    at org.openqa.selenium.remote.http.Filter$1.execute (Filter.java:63)\n    at org.openqa.selenium.netty.server.SeleniumHandler.lambda$channelRead0$0 (SeleniumHandler.java:44)\n    at java.util.concurrent.Executors$RunnableAdapter.call (Executors.java:539)\n    at java.util.concurrent.FutureTask.run (FutureTask.java:264)\n    at java.util.concurrent.ThreadPoolExecutor.runWorker (ThreadPoolExecutor.java:1136)\n    at java.util.concurrent.ThreadPoolExecutor$Worker.run (ThreadPoolExecutor.java:635)\n    at java.lang.Thread.run (Thread.java:840)","time":{"start":1728333323365,"stop":1728333623422,"duration":300057}},{"uid":"6c5e6fcb51a5b72a","reportUrl":"https://robbrad.github.io/UKBinCollectionData/3.12/2165//#testresult/6c5e6fcb51a5b72a","status":"passed","time":{"start":1728260829642,"stop":1728260840023,"duration":10381}},{"uid":"3f100d9133e13d1c","reportUrl":"https://robbrad.github.io/UKBinCollectionData/3.12/2164//#testresult/3f100d9133e13d1c","status":"passed","time":{"start":1728174182241,"stop":1728174200747,"duration":18506}},{"uid":"763e1ba79943238e","reportUrl":"https://robbrad.github.io/UKBinCollectionData/3.12/2160//#testresult/763e1ba79943238e","status":"passed","time":{"start":1728087382404,"stop":1728087391689,"duration":9285}},{"uid":"6cb7e72bc94eed22","reportUrl":"https://robbrad.github.io/UKBinCollectionData/3.12/2152//#testresult/6cb7e72bc94eed22","status":"failed","statusDetails":"jsonschema.exceptions.ValidationError: [] should be non-empty\n\nFailed validating 'minItems' in schema['properties']['bins']:\n    {'type': 'array', 'items': {'$ref': '#/definitions/Bin'}, 'minItems': 1}\n\nOn instance['bins']:\n    []","time":{"start":1728001300019,"stop":1728001309631,"duration":9612}},{"uid":"b705cf3f5e580679","reportUrl":"https://robbrad.github.io/UKBinCollectionData/3.12/2148//#testresult/b705cf3f5e580679","status":"failed","statusDetails":"selenium.common.exceptions.SessionNotCreatedException: Message: Could not start a new session. New session request timed out \nHost info: host: 'selenium', ip: '172.18.0.2'\nBuild info: version: '4.25.0', revision: '030fcf7918'\nSystem info: os.name: 'Linux', os.arch: 'amd64', os.version: '6.8.0-1014-azure', java.version: '17.0.12'\nDriver info: driver.version: unknown\nStacktrace:\n    at org.openqa.selenium.grid.sessionqueue.local.LocalNewSessionQueue.addToQueue (LocalNewSessionQueue.java:221)\n    at org.openqa.selenium.grid.sessionqueue.NewSessionQueue.lambda$new$0 (NewSessionQueue.java:68)\n    at org.openqa.selenium.remote.http.Route$TemplatizedRoute.handle (Route.java:192)\n    at org.openqa.selenium.remote.http.Route.execute (Route.java:69)\n    at org.openqa.selenium.remote.http.Route$CombinedRoute.handle (Route.java:360)\n    at org.openqa.selenium.remote.http.Route.execute (Route.java:69)\n    at org.openqa.selenium.grid.sessionqueue.NewSessionQueue.execute (NewSessionQueue.java:128)\n    at org.openqa.selenium.remote.tracing.SpanWrappedHttpHandler.execute (SpanWrappedHttpHandler.java:87)\n    at org.openqa.selenium.remote.http.Filter$1.execute (Filter.java:63)\n    at org.openqa.selenium.remote.http.Route$CombinedRoute.handle (Route.java:360)\n    at org.openqa.selenium.remote.http.Route.execute (Route.java:69)\n    at org.openqa.selenium.grid.router.Router.execute (Router.java:87)\n    at org.openqa.selenium.grid.web.EnsureSpecCompliantResponseHeaders.lambda$apply$0 (EnsureSpecCompliantResponseHeaders.java:34)\n    at org.openqa.selenium.remote.http.Filter$1.execute (Filter.java:63)\n    at org.openqa.selenium.remote.http.Route$CombinedRoute.handle (Route.java:360)\n    at org.openqa.selenium.remote.http.Route.execute (Route.java:69)\n    at org.openqa.selenium.remote.AddWebDriverSpecHeaders.lambda$apply$0 (AddWebDriverSpecHeaders.java:35)\n    at org.openqa.selenium.remote.ErrorFilter.lambda$apply$0 (ErrorFilter.java:44)\n    at org.openqa.selenium.remote.http.Filter$1.execute (Filter.java:63)\n    at org.openqa.selenium.remote.ErrorFilter.lambda$apply$0 (ErrorFilter.java:44)\n    at org.openqa.selenium.remote.http.Filter$1.execute (Filter.java:63)\n    at org.openqa.selenium.netty.server.SeleniumHandler.lambda$channelRead0$0 (SeleniumHandler.java:44)\n    at java.util.concurrent.Executors$RunnableAdapter.call (Executors.java:539)\n    at java.util.concurrent.FutureTask.run (FutureTask.java:264)\n    at java.util.concurrent.ThreadPoolExecutor.runWorker (ThreadPoolExecutor.java:1136)\n    at java.util.concurrent.ThreadPoolExecutor$Worker.run (ThreadPoolExecutor.java:635)\n    at java.lang.Thread.run (Thread.java:840)","time":{"start":1727932950752,"stop":1727933250783,"duration":300031}},{"uid":"704fe66aac5f0496","reportUrl":"https://robbrad.github.io/UKBinCollectionData/3.12/2146//#testresult/704fe66aac5f0496","status":"failed","statusDetails":"selenium.common.exceptions.SessionNotCreatedException: Message: Could not start a new session. New session request timed out \nHost info: host: 'selenium', ip: '172.18.0.2'\nBuild info: version: '4.25.0', revision: '030fcf7918'\nSystem info: os.name: 'Linux', os.arch: 'amd64', os.version: '6.8.0-1014-azure', java.version: '17.0.12'\nDriver info: driver.version: unknown\nStacktrace:\n    at org.openqa.selenium.grid.sessionqueue.local.LocalNewSessionQueue.addToQueue (LocalNewSessionQueue.java:221)\n    at org.openqa.selenium.grid.sessionqueue.NewSessionQueue.lambda$new$0 (NewSessionQueue.java:68)\n    at org.openqa.selenium.remote.http.Route$TemplatizedRoute.handle (Route.java:192)\n    at org.openqa.selenium.remote.http.Route.execute (Route.java:69)\n    at org.openqa.selenium.remote.http.Route$CombinedRoute.handle (Route.java:360)\n    at org.openqa.selenium.remote.http.Route.execute (Route.java:69)\n    at org.openqa.selenium.grid.sessionqueue.NewSessionQueue.execute (NewSessionQueue.java:128)\n    at org.openqa.selenium.remote.tracing.SpanWrappedHttpHandler.execute (SpanWrappedHttpHandler.java:87)\n    at org.openqa.selenium.remote.http.Filter$1.execute (Filter.java:63)\n    at org.openqa.selenium.remote.http.Route$CombinedRoute.handle (Route.java:360)\n    at org.openqa.selenium.remote.http.Route.execute (Route.java:69)\n    at org.openqa.selenium.grid.router.Router.execute (Router.java:87)\n    at org.openqa.selenium.grid.web.EnsureSpecCompliantResponseHeaders.lambda$apply$0 (EnsureSpecCompliantResponseHeaders.java:34)\n    at org.openqa.selenium.remote.http.Filter$1.execute (Filter.java:63)\n    at org.openqa.selenium.remote.http.Route$CombinedRoute.handle (Route.java:360)\n    at org.openqa.selenium.remote.http.Route.execute (Route.java:69)\n    at org.openqa.selenium.remote.AddWebDriverSpecHeaders.lambda$apply$0 (AddWebDriverSpecHeaders.java:35)\n    at org.openqa.selenium.remote.ErrorFilter.lambda$apply$0 (ErrorFilter.java:44)\n    at org.openqa.selenium.remote.http.Filter$1.execute (Filter.java:63)\n    at org.openqa.selenium.remote.ErrorFilter.lambda$apply$0 (ErrorFilter.java:44)\n    at org.openqa.selenium.remote.http.Filter$1.execute (Filter.java:63)\n    at org.openqa.selenium.netty.server.SeleniumHandler.lambda$channelRead0$0 (SeleniumHandler.java:44)\n    at java.util.concurrent.Executors$RunnableAdapter.call (Executors.java:539)\n    at java.util.concurrent.FutureTask.run (FutureTask.java:264)\n    at java.util.concurrent.ThreadPoolExecutor.runWorker (ThreadPoolExecutor.java:1136)\n    at java.util.concurrent.ThreadPoolExecutor$Worker.run (ThreadPoolExecutor.java:635)\n    at java.lang.Thread.run (Thread.java:840)","time":{"start":1727914784527,"stop":1727915084646,"duration":300119}},{"uid":"57a41a0a70342488","reportUrl":"https://robbrad.github.io/UKBinCollectionData/3.12/2139//#testresult/57a41a0a70342488","status":"failed","statusDetails":"selenium.common.exceptions.SessionNotCreatedException: Message: Could not start a new session. New session request timed out \nHost info: host: 'selenium', ip: '172.18.0.2'\nBuild info: version: '4.25.0', revision: '030fcf7918'\nSystem info: os.name: 'Linux', os.arch: 'amd64', os.version: '6.8.0-1014-azure', java.version: '17.0.12'\nDriver info: driver.version: unknown\nStacktrace:\n    at org.openqa.selenium.grid.sessionqueue.local.LocalNewSessionQueue.addToQueue (LocalNewSessionQueue.java:221)\n    at org.openqa.selenium.grid.sessionqueue.NewSessionQueue.lambda$new$0 (NewSessionQueue.java:68)\n    at org.openqa.selenium.remote.http.Route$TemplatizedRoute.handle (Route.java:192)\n    at org.openqa.selenium.remote.http.Route.execute (Route.java:69)\n    at org.openqa.selenium.remote.http.Route$CombinedRoute.handle (Route.java:360)\n    at org.openqa.selenium.remote.http.Route.execute (Route.java:69)\n    at org.openqa.selenium.grid.sessionqueue.NewSessionQueue.execute (NewSessionQueue.java:128)\n    at org.openqa.selenium.remote.tracing.SpanWrappedHttpHandler.execute (SpanWrappedHttpHandler.java:87)\n    at org.openqa.selenium.remote.http.Filter$1.execute (Filter.java:63)\n    at org.openqa.selenium.remote.http.Route$CombinedRoute.handle (Route.java:360)\n    at org.openqa.selenium.remote.http.Route.execute (Route.java:69)\n    at org.openqa.selenium.grid.router.Router.execute (Router.java:87)\n    at org.openqa.selenium.grid.web.EnsureSpecCompliantResponseHeaders.lambda$apply$0 (EnsureSpecCompliantResponseHeaders.java:34)\n    at org.openqa.selenium.remote.http.Filter$1.execute (Filter.java:63)\n    at org.openqa.selenium.remote.http.Route$CombinedRoute.handle (Route.java:360)\n    at org.openqa.selenium.remote.http.Route.execute (Route.java:69)\n    at org.openqa.selenium.remote.AddWebDriverSpecHeaders.lambda$apply$0 (AddWebDriverSpecHeaders.java:35)\n    at org.openqa.selenium.remote.ErrorFilter.lambda$apply$0 (ErrorFilter.java:44)\n    at org.openqa.selenium.remote.http.Filter$1.execute (Filter.java:63)\n    at org.openqa.selenium.remote.ErrorFilter.lambda$apply$0 (ErrorFilter.java:44)\n    at org.openqa.selenium.remote.http.Filter$1.execute (Filter.java:63)\n    at org.openqa.selenium.netty.server.SeleniumHandler.lambda$channelRead0$0 (SeleniumHandler.java:44)\n    at java.util.concurrent.Executors$RunnableAdapter.call (Executors.java:539)\n    at java.util.concurrent.FutureTask.run (FutureTask.java:264)\n    at java.util.concurrent.ThreadPoolExecutor.runWorker (ThreadPoolExecutor.java:1136)\n    at java.util.concurrent.ThreadPoolExecutor$Worker.run (ThreadPoolExecutor.java:635)\n    at java.lang.Thread.run (Thread.java:840)","time":{"start":1727828326763,"stop":1727828626808,"duration":300045}},{"uid":"79ddaa059b66ae2a","reportUrl":"https://robbrad.github.io/UKBinCollectionData/3.12/2138//#testresult/79ddaa059b66ae2a","status":"failed","statusDetails":"selenium.common.exceptions.SessionNotCreatedException: Message: Could not start a new session. New session request timed out \nHost info: host: 'selenium', ip: '172.18.0.2'\nBuild info: version: '4.25.0', revision: '030fcf7918'\nSystem info: os.name: 'Linux', os.arch: 'amd64', os.version: '6.8.0-1014-azure', java.version: '17.0.12'\nDriver info: driver.version: unknown\nStacktrace:\n    at org.openqa.selenium.grid.sessionqueue.local.LocalNewSessionQueue.addToQueue (LocalNewSessionQueue.java:221)\n    at org.openqa.selenium.grid.sessionqueue.NewSessionQueue.lambda$new$0 (NewSessionQueue.java:68)\n    at org.openqa.selenium.remote.http.Route$TemplatizedRoute.handle (Route.java:192)\n    at org.openqa.selenium.remote.http.Route.execute (Route.java:69)\n    at org.openqa.selenium.remote.http.Route$CombinedRoute.handle (Route.java:360)\n    at org.openqa.selenium.remote.http.Route.execute (Route.java:69)\n    at org.openqa.selenium.grid.sessionqueue.NewSessionQueue.execute (NewSessionQueue.java:128)\n    at org.openqa.selenium.remote.tracing.SpanWrappedHttpHandler.execute (SpanWrappedHttpHandler.java:87)\n    at org.openqa.selenium.remote.http.Filter$1.execute (Filter.java:63)\n    at org.openqa.selenium.remote.http.Route$CombinedRoute.handle (Route.java:360)\n    at org.openqa.selenium.remote.http.Route.execute (Route.java:69)\n    at org.openqa.selenium.grid.router.Router.execute (Router.java:87)\n    at org.openqa.selenium.grid.web.EnsureSpecCompliantResponseHeaders.lambda$apply$0 (EnsureSpecCompliantResponseHeaders.java:34)\n    at org.openqa.selenium.remote.http.Filter$1.execute (Filter.java:63)\n    at org.openqa.selenium.remote.http.Route$CombinedRoute.handle (Route.java:360)\n    at org.openqa.selenium.remote.http.Route.execute (Route.java:69)\n    at org.openqa.selenium.remote.AddWebDriverSpecHeaders.lambda$apply$0 (AddWebDriverSpecHeaders.java:35)\n    at org.openqa.selenium.remote.ErrorFilter.lambda$apply$0 (ErrorFilter.java:44)\n    at org.openqa.selenium.remote.http.Filter$1.execute (Filter.java:63)\n    at org.openqa.selenium.remote.ErrorFilter.lambda$apply$0 (ErrorFilter.java:44)\n    at org.openqa.selenium.remote.http.Filter$1.execute (Filter.java:63)\n    at org.openqa.selenium.netty.server.SeleniumHandler.lambda$channelRead0$0 (SeleniumHandler.java:44)\n    at java.util.concurrent.Executors$RunnableAdapter.call (Executors.java:539)\n    at java.util.concurrent.FutureTask.run (FutureTask.java:264)\n    at java.util.concurrent.ThreadPoolExecutor.runWorker (ThreadPoolExecutor.java:1136)\n    at java.util.concurrent.ThreadPoolExecutor$Worker.run (ThreadPoolExecutor.java:635)\n    at java.lang.Thread.run (Thread.java:840)","time":{"start":1727741972791,"stop":1727742272843,"duration":300052}},{"uid":"cc3ccfb128e4a67d","reportUrl":"https://robbrad.github.io/UKBinCollectionData/3.12/2137//#testresult/cc3ccfb128e4a67d","status":"passed","time":{"start":1727655670349,"stop":1727655928039,"duration":257690}},{"uid":"8e138c39b5066953","reportUrl":"https://robbrad.github.io/UKBinCollectionData/3.12/2136//#testresult/8e138c39b5066953","status":"passed","time":{"start":1727569198657,"stop":1727569209681,"duration":11024}},{"uid":"a5f4c6606ca417d2","reportUrl":"https://robbrad.github.io/UKBinCollectionData/3.12/2135//#testresult/a5f4c6606ca417d2","status":"failed","statusDetails":"selenium.common.exceptions.SessionNotCreatedException: Message: Could not start a new session. New session request timed out \nHost info: host: 'selenium', ip: '172.18.0.2'\nBuild info: version: '4.25.0', revision: '030fcf7918'\nSystem info: os.name: 'Linux', os.arch: 'amd64', os.version: '6.8.0-1014-azure', java.version: '17.0.12'\nDriver info: driver.version: unknown\nStacktrace:\n    at org.openqa.selenium.grid.sessionqueue.local.LocalNewSessionQueue.addToQueue (LocalNewSessionQueue.java:221)\n    at org.openqa.selenium.grid.sessionqueue.NewSessionQueue.lambda$new$0 (NewSessionQueue.java:68)\n    at org.openqa.selenium.remote.http.Route$TemplatizedRoute.handle (Route.java:192)\n    at org.openqa.selenium.remote.http.Route.execute (Route.java:69)\n    at org.openqa.selenium.remote.http.Route$CombinedRoute.handle (Route.java:360)\n    at org.openqa.selenium.remote.http.Route.execute (Route.java:69)\n    at org.openqa.selenium.grid.sessionqueue.NewSessionQueue.execute (NewSessionQueue.java:128)\n    at org.openqa.selenium.remote.tracing.SpanWrappedHttpHandler.execute (SpanWrappedHttpHandler.java:87)\n    at org.openqa.selenium.remote.http.Filter$1.execute (Filter.java:63)\n    at org.openqa.selenium.remote.http.Route$CombinedRoute.handle (Route.java:360)\n    at org.openqa.selenium.remote.http.Route.execute (Route.java:69)\n    at org.openqa.selenium.grid.router.Router.execute (Router.java:87)\n    at org.openqa.selenium.grid.web.EnsureSpecCompliantResponseHeaders.lambda$apply$0 (EnsureSpecCompliantResponseHeaders.java:34)\n    at org.openqa.selenium.remote.http.Filter$1.execute (Filter.java:63)\n    at org.openqa.selenium.remote.http.Route$CombinedRoute.handle (Route.java:360)\n    at org.openqa.selenium.remote.http.Route.execute (Route.java:69)\n    at org.openqa.selenium.remote.AddWebDriverSpecHeaders.lambda$apply$0 (AddWebDriverSpecHeaders.java:35)\n    at org.openqa.selenium.remote.ErrorFilter.lambda$apply$0 (ErrorFilter.java:44)\n    at org.openqa.selenium.remote.http.Filter$1.execute (Filter.java:63)\n    at org.openqa.selenium.remote.ErrorFilter.lambda$apply$0 (ErrorFilter.java:44)\n    at org.openqa.selenium.remote.http.Filter$1.execute (Filter.java:63)\n    at org.openqa.selenium.netty.server.SeleniumHandler.lambda$channelRead0$0 (SeleniumHandler.java:44)\n    at java.util.concurrent.Executors$RunnableAdapter.call (Executors.java:539)\n    at java.util.concurrent.FutureTask.run (FutureTask.java:264)\n    at java.util.concurrent.ThreadPoolExecutor.runWorker (ThreadPoolExecutor.java:1136)\n    at java.util.concurrent.ThreadPoolExecutor$Worker.run (ThreadPoolExecutor.java:635)\n    at java.lang.Thread.run (Thread.java:840)","time":{"start":1727482873811,"stop":1727483173846,"duration":300035}},{"uid":"73b837a691031d99","reportUrl":"https://robbrad.github.io/UKBinCollectionData/3.12/2131//#testresult/73b837a691031d99","status":"passed","time":{"start":1727423001121,"stop":1727423033685,"duration":32564}},{"uid":"611a13c5417901ef","reportUrl":"https://robbrad.github.io/UKBinCollectionData/3.12/2130//#testresult/611a13c5417901ef","status":"passed","time":{"start":1727396471402,"stop":1727396487151,"duration":15749}},{"uid":"74b137df3749219e","reportUrl":"https://robbrad.github.io/UKBinCollectionData/3.12/2129//#testresult/74b137df3749219e","status":"failed","statusDetails":"jsonschema.exceptions.ValidationError: [] should be non-empty\n\nFailed validating 'minItems' in schema['properties']['bins']:\n    {'type': 'array', 'items': {'$ref': '#/definitions/Bin'}, 'minItems': 1}\n\nOn instance['bins']:\n    []","time":{"start":1727309966695,"stop":1727309977898,"duration":11203}}]},"tags":[]},"source":"2d0a5b511c4b07dd.json","parameterValues":["RushcliffeBoroughCouncil"]}