{"uid":"4282e159134a0111","name":"Validate Council Output [UttlesfordDistrictCouncil]","fullName":"features/validate_council_outputs.feature:Validate Council Output","historyId":"85e4c6b99adcc222d67fb70016996414","time":{"start":1729113143847,"stop":1729113206263,"duration":62416},"status":"passed","flaky":false,"newFailed":false,"newBroken":false,"newPassed":false,"retriesCount":0,"retriesStatusChange":false,"beforeStages":[],"testStage":{"status":"passed","steps":[{"name":"Given the council","time":{"start":1729113143847,"stop":1729113143847,"duration":0},"status":"passed","steps":[],"attachments":[],"parameters":[],"shouldDisplayMessage":false,"stepsCount":0,"attachmentsCount":0,"hasContent":false,"attachmentStep":false},{"name":"When we scrape the data from the council","time":{"start":1729113143847,"stop":1729113206261,"duration":62414},"status":"passed","steps":[],"attachments":[],"parameters":[],"shouldDisplayMessage":false,"stepsCount":0,"attachmentsCount":0,"hasContent":false,"attachmentStep":false},{"name":"Then the result is valid json","time":{"start":1729113206261,"stop":1729113206261,"duration":0},"status":"passed","steps":[],"attachments":[],"parameters":[],"shouldDisplayMessage":false,"stepsCount":0,"attachmentsCount":0,"hasContent":false,"attachmentStep":false},{"name":"And the output should validate against the schema","time":{"start":1729113206261,"stop":1729113206263,"duration":2},"status":"passed","steps":[],"attachments":[],"parameters":[],"shouldDisplayMessage":false,"stepsCount":0,"attachmentsCount":0,"hasContent":false,"attachmentStep":false}],"attachments":[{"uid":"de0f6588fb13f28d","name":"stdout","source":"de0f6588fb13f28d.txt","type":"text/plain","size":52}],"parameters":[],"shouldDisplayMessage":false,"stepsCount":4,"attachmentsCount":1,"hasContent":true,"attachmentStep":false},"afterStages":[],"labels":[{"name":"host","value":"fv-az2021-771"},{"name":"thread","value":"2705-MainThread"},{"name":"framework","value":"pytest-bdd"},{"name":"language","value":"cpython3"},{"name":"feature","value":"Test each council output matches expected results"},{"name":"resultFormat","value":"allure2"}],"parameters":[{"name":"council","value":"UttlesfordDistrictCouncil"}],"links":[],"hidden":false,"retry":false,"extra":{"severity":"normal","retries":[],"categories":[],"history":{"statistic":{"failed":128,"broken":0,"skipped":0,"passed":23,"unknown":0,"total":151},"items":[{"uid":"79056509436b9ba2","reportUrl":"https://robbrad.github.io/UKBinCollectionData/3.11/2237//#testresult/79056509436b9ba2","status":"passed","time":{"start":1729038397724,"stop":1729038403564,"duration":5840}},{"uid":"df4268e4747bfa39","reportUrl":"https://robbrad.github.io/UKBinCollectionData/3.11/2233//#testresult/df4268e4747bfa39","status":"passed","time":{"start":1728952085266,"stop":1728952090413,"duration":5147}},{"uid":"c2d613f578b1ad71","reportUrl":"https://robbrad.github.io/UKBinCollectionData/3.11/2228//#testresult/c2d613f578b1ad71","status":"passed","time":{"start":1728876802596,"stop":1728876812684,"duration":10088}},{"uid":"fc5baa56fd1cd17","reportUrl":"https://robbrad.github.io/UKBinCollectionData/3.11/2227//#testresult/fc5baa56fd1cd17","status":"failed","statusDetails":"selenium.common.exceptions.SessionNotCreatedException: Message: Could not start a new session. New session request timed out \nHost info: host: 'selenium', ip: '172.18.0.2'\nBuild info: version: '4.25.0', revision: '030fcf7918'\nSystem info: os.name: 'Linux', os.arch: 'amd64', os.version: '6.5.0-1025-azure', java.version: '17.0.12'\nDriver info: driver.version: unknown\nStacktrace:\n    at org.openqa.selenium.grid.sessionqueue.local.LocalNewSessionQueue.addToQueue (LocalNewSessionQueue.java:221)\n    at org.openqa.selenium.grid.sessionqueue.NewSessionQueue.lambda$new$0 (NewSessionQueue.java:68)\n    at org.openqa.selenium.remote.http.Route$TemplatizedRoute.handle (Route.java:192)\n    at org.openqa.selenium.remote.http.Route.execute (Route.java:69)\n    at org.openqa.selenium.remote.http.Route$CombinedRoute.handle (Route.java:360)\n    at org.openqa.selenium.remote.http.Route.execute (Route.java:69)\n    at org.openqa.selenium.grid.sessionqueue.NewSessionQueue.execute (NewSessionQueue.java:128)\n    at org.openqa.selenium.remote.tracing.SpanWrappedHttpHandler.execute (SpanWrappedHttpHandler.java:87)\n    at org.openqa.selenium.remote.http.Filter$1.execute (Filter.java:63)\n    at org.openqa.selenium.remote.http.Route$CombinedRoute.handle (Route.java:360)\n    at org.openqa.selenium.remote.http.Route.execute (Route.java:69)\n    at org.openqa.selenium.grid.router.Router.execute (Router.java:87)\n    at org.openqa.selenium.grid.web.EnsureSpecCompliantResponseHeaders.lambda$apply$0 (EnsureSpecCompliantResponseHeaders.java:34)\n    at org.openqa.selenium.remote.http.Filter$1.execute (Filter.java:63)\n    at org.openqa.selenium.remote.http.Route$CombinedRoute.handle (Route.java:360)\n    at org.openqa.selenium.remote.http.Route.execute (Route.java:69)\n    at org.openqa.selenium.remote.AddWebDriverSpecHeaders.lambda$apply$0 (AddWebDriverSpecHeaders.java:35)\n    at org.openqa.selenium.remote.ErrorFilter.lambda$apply$0 (ErrorFilter.java:44)\n    at org.openqa.selenium.remote.http.Filter$1.execute (Filter.java:63)\n    at org.openqa.selenium.remote.ErrorFilter.lambda$apply$0 (ErrorFilter.java:44)\n    at org.openqa.selenium.remote.http.Filter$1.execute (Filter.java:63)\n    at org.openqa.selenium.netty.server.SeleniumHandler.lambda$channelRead0$0 (SeleniumHandler.java:44)\n    at java.util.concurrent.Executors$RunnableAdapter.call (Executors.java:539)\n    at java.util.concurrent.FutureTask.run (FutureTask.java:264)\n    at java.util.concurrent.ThreadPoolExecutor.runWorker (ThreadPoolExecutor.java:1136)\n    at java.util.concurrent.ThreadPoolExecutor$Worker.run (ThreadPoolExecutor.java:635)\n    at java.lang.Thread.run (Thread.java:840)","time":{"start":1728865589039,"stop":1728865889094,"duration":300055}},{"uid":"a90028067f4b4b90","reportUrl":"https://robbrad.github.io/UKBinCollectionData/3.11/2214//#testresult/a90028067f4b4b90","status":"failed","statusDetails":"ValueError: time data 'Thursday 31st October' does not match format '%A %dth %B'","time":{"start":1728779333260,"stop":1728779506179,"duration":172919}},{"uid":"259a9c5e4c0385c8","reportUrl":"https://robbrad.github.io/UKBinCollectionData/3.11/2211//#testresult/259a9c5e4c0385c8","status":"failed","statusDetails":"ValueError: time data 'Thursday 31st October' does not match format '%A %dth %B'","time":{"start":1728692831824,"stop":1728692877543,"duration":45719}},{"uid":"4a1a371ca0a615f","reportUrl":"https://robbrad.github.io/UKBinCollectionData/3.11/2210//#testresult/4a1a371ca0a615f","status":"failed","statusDetails":"ValueError: time data 'Thursday 31st October' does not match format '%A %dth %B'","time":{"start":1728606678373,"stop":1728606726686,"duration":48313}},{"uid":"aa01c8837c67263a","reportUrl":"https://robbrad.github.io/UKBinCollectionData/3.11/2199//#testresult/aa01c8837c67263a","status":"failed","statusDetails":"ValueError: time data 'Thursday 31st October' does not match format '%A %dth %B'","time":{"start":1728520635769,"stop":1728520658351,"duration":22582}},{"uid":"c05a922987cf9f24","reportUrl":"https://robbrad.github.io/UKBinCollectionData/3.11/2188//#testresult/c05a922987cf9f24","status":"failed","statusDetails":"ValueError: time data 'Thursday 31st October' does not match format '%A %dth %B'","time":{"start":1728433571468,"stop":1728433583668,"duration":12200}},{"uid":"4331c22ee0a33e49","reportUrl":"https://robbrad.github.io/UKBinCollectionData/3.11/2169//#testresult/4331c22ee0a33e49","status":"failed","statusDetails":"ValueError: time data 'Thursday 31st October' does not match format '%A %dth %B'","time":{"start":1728333715016,"stop":1728333751164,"duration":36148}},{"uid":"84f6df674a8c5b30","reportUrl":"https://robbrad.github.io/UKBinCollectionData/3.11/2165//#testresult/84f6df674a8c5b30","status":"failed","statusDetails":"selenium.common.exceptions.SessionNotCreatedException: Message: Could not start a new session. New session request timed out \nHost info: host: 'selenium', ip: '172.18.0.2'\nBuild info: version: '4.25.0', revision: '030fcf7918'\nSystem info: os.name: 'Linux', os.arch: 'amd64', os.version: '6.8.0-1014-azure', java.version: '17.0.12'\nDriver info: driver.version: unknown\nStacktrace:\n    at org.openqa.selenium.grid.sessionqueue.local.LocalNewSessionQueue.addToQueue (LocalNewSessionQueue.java:221)\n    at org.openqa.selenium.grid.sessionqueue.NewSessionQueue.lambda$new$0 (NewSessionQueue.java:68)\n    at org.openqa.selenium.remote.http.Route$TemplatizedRoute.handle (Route.java:192)\n    at org.openqa.selenium.remote.http.Route.execute (Route.java:69)\n    at org.openqa.selenium.remote.http.Route$CombinedRoute.handle (Route.java:360)\n    at org.openqa.selenium.remote.http.Route.execute (Route.java:69)\n    at org.openqa.selenium.grid.sessionqueue.NewSessionQueue.execute (NewSessionQueue.java:128)\n    at org.openqa.selenium.remote.tracing.SpanWrappedHttpHandler.execute (SpanWrappedHttpHandler.java:87)\n    at org.openqa.selenium.remote.http.Filter$1.execute (Filter.java:63)\n    at org.openqa.selenium.remote.http.Route$CombinedRoute.handle (Route.java:360)\n    at org.openqa.selenium.remote.http.Route.execute (Route.java:69)\n    at org.openqa.selenium.grid.router.Router.execute (Router.java:87)\n    at org.openqa.selenium.grid.web.EnsureSpecCompliantResponseHeaders.lambda$apply$0 (EnsureSpecCompliantResponseHeaders.java:34)\n    at org.openqa.selenium.remote.http.Filter$1.execute (Filter.java:63)\n    at org.openqa.selenium.remote.http.Route$CombinedRoute.handle (Route.java:360)\n    at org.openqa.selenium.remote.http.Route.execute (Route.java:69)\n    at org.openqa.selenium.remote.AddWebDriverSpecHeaders.lambda$apply$0 (AddWebDriverSpecHeaders.java:35)\n    at org.openqa.selenium.remote.ErrorFilter.lambda$apply$0 (ErrorFilter.java:44)\n    at org.openqa.selenium.remote.http.Filter$1.execute (Filter.java:63)\n    at org.openqa.selenium.remote.ErrorFilter.lambda$apply$0 (ErrorFilter.java:44)\n    at org.openqa.selenium.remote.http.Filter$1.execute (Filter.java:63)\n    at org.openqa.selenium.netty.server.SeleniumHandler.lambda$channelRead0$0 (SeleniumHandler.java:44)\n    at java.util.concurrent.Executors$RunnableAdapter.call (Executors.java:539)\n    at java.util.concurrent.FutureTask.run (FutureTask.java:264)\n    at java.util.concurrent.ThreadPoolExecutor.runWorker (ThreadPoolExecutor.java:1136)\n    at java.util.concurrent.ThreadPoolExecutor$Worker.run (ThreadPoolExecutor.java:635)\n    at java.lang.Thread.run (Thread.java:840)","time":{"start":1728261100583,"stop":1728261400721,"duration":300138}},{"uid":"a1c506079165a9be","reportUrl":"https://robbrad.github.io/UKBinCollectionData/3.11/2164//#testresult/a1c506079165a9be","status":"failed","statusDetails":"selenium.common.exceptions.SessionNotCreatedException: Message: Could not start a new session. New session request timed out \nHost info: host: 'selenium', ip: '172.18.0.2'\nBuild info: version: '4.25.0', revision: '030fcf7918'\nSystem info: os.name: 'Linux', os.arch: 'amd64', os.version: '6.8.0-1014-azure', java.version: '17.0.12'\nDriver info: driver.version: unknown\nStacktrace:\n    at org.openqa.selenium.grid.sessionqueue.local.LocalNewSessionQueue.addToQueue (LocalNewSessionQueue.java:221)\n    at org.openqa.selenium.grid.sessionqueue.NewSessionQueue.lambda$new$0 (NewSessionQueue.java:68)\n    at org.openqa.selenium.remote.http.Route$TemplatizedRoute.handle (Route.java:192)\n    at org.openqa.selenium.remote.http.Route.execute (Route.java:69)\n    at org.openqa.selenium.remote.http.Route$CombinedRoute.handle (Route.java:360)\n    at org.openqa.selenium.remote.http.Route.execute (Route.java:69)\n    at org.openqa.selenium.grid.sessionqueue.NewSessionQueue.execute (NewSessionQueue.java:128)\n    at org.openqa.selenium.remote.tracing.SpanWrappedHttpHandler.execute (SpanWrappedHttpHandler.java:87)\n    at org.openqa.selenium.remote.http.Filter$1.execute (Filter.java:63)\n    at org.openqa.selenium.remote.http.Route$CombinedRoute.handle (Route.java:360)\n    at org.openqa.selenium.remote.http.Route.execute (Route.java:69)\n    at org.openqa.selenium.grid.router.Router.execute (Router.java:87)\n    at org.openqa.selenium.grid.web.EnsureSpecCompliantResponseHeaders.lambda$apply$0 (EnsureSpecCompliantResponseHeaders.java:34)\n    at org.openqa.selenium.remote.http.Filter$1.execute (Filter.java:63)\n    at org.openqa.selenium.remote.http.Route$CombinedRoute.handle (Route.java:360)\n    at org.openqa.selenium.remote.http.Route.execute (Route.java:69)\n    at org.openqa.selenium.remote.AddWebDriverSpecHeaders.lambda$apply$0 (AddWebDriverSpecHeaders.java:35)\n    at org.openqa.selenium.remote.ErrorFilter.lambda$apply$0 (ErrorFilter.java:44)\n    at org.openqa.selenium.remote.http.Filter$1.execute (Filter.java:63)\n    at org.openqa.selenium.remote.ErrorFilter.lambda$apply$0 (ErrorFilter.java:44)\n    at org.openqa.selenium.remote.http.Filter$1.execute (Filter.java:63)\n    at org.openqa.selenium.netty.server.SeleniumHandler.lambda$channelRead0$0 (SeleniumHandler.java:44)\n    at java.util.concurrent.Executors$RunnableAdapter.call (Executors.java:539)\n    at java.util.concurrent.FutureTask.run (FutureTask.java:264)\n    at java.util.concurrent.ThreadPoolExecutor.runWorker (ThreadPoolExecutor.java:1136)\n    at java.util.concurrent.ThreadPoolExecutor$Worker.run (ThreadPoolExecutor.java:635)\n    at java.lang.Thread.run (Thread.java:840)","time":{"start":1728174463025,"stop":1728174763057,"duration":300032}},{"uid":"42bd2426fe10e7f3","reportUrl":"https://robbrad.github.io/UKBinCollectionData/3.11/2160//#testresult/42bd2426fe10e7f3","status":"failed","statusDetails":"ValueError: time data 'Thursday 31st October' does not match format '%A %dth %B'","time":{"start":1728088045856,"stop":1728088345964,"duration":300108}},{"uid":"52b6a22c22f2fcbc","reportUrl":"https://robbrad.github.io/UKBinCollectionData/3.11/2152//#testresult/52b6a22c22f2fcbc","status":"failed","statusDetails":"ValueError: time data 'Thursday 31st October' does not match format '%A %dth %B'","time":{"start":1728001743996,"stop":1728001942026,"duration":198030}},{"uid":"412b3750f28022d6","reportUrl":"https://robbrad.github.io/UKBinCollectionData/3.11/2148//#testresult/412b3750f28022d6","status":"failed","statusDetails":"ValueError: time data 'Thursday 3rd October' does not match format '%A %dth %B'","time":{"start":1727933583002,"stop":1727933618139,"duration":35137}},{"uid":"38aced99a8ad0ac1","reportUrl":"https://robbrad.github.io/UKBinCollectionData/3.11/2146//#testresult/38aced99a8ad0ac1","status":"failed","statusDetails":"ValueError: time data 'Thursday 3rd October' does not match format '%A %dth %B'","time":{"start":1727915411099,"stop":1727915451490,"duration":40391}},{"uid":"6c74455f7c2eb6a3","reportUrl":"https://robbrad.github.io/UKBinCollectionData/3.11/2139//#testresult/6c74455f7c2eb6a3","status":"failed","statusDetails":"ValueError: time data 'Thursday 3rd October' does not match format '%A %dth %B'","time":{"start":1727829016307,"stop":1727829028558,"duration":12251}},{"uid":"477908b8d38ca61","reportUrl":"https://robbrad.github.io/UKBinCollectionData/3.11/2138//#testresult/477908b8d38ca61","status":"failed","statusDetails":"ValueError: time data 'Thursday 3rd October' does not match format '%A %dth %B'","time":{"start":1727742669452,"stop":1727742718314,"duration":48862}},{"uid":"d7a92d11a958b0f3","reportUrl":"https://robbrad.github.io/UKBinCollectionData/3.11/2137//#testresult/d7a92d11a958b0f3","status":"failed","statusDetails":"ValueError: time data 'Thursday 3rd October' does not match format '%A %dth %B'","time":{"start":1727656233750,"stop":1727656242779,"duration":9029}},{"uid":"9688199127b06a83","reportUrl":"https://robbrad.github.io/UKBinCollectionData/3.11/2136//#testresult/9688199127b06a83","status":"failed","statusDetails":"ValueError: time data 'Thursday 3rd October' does not match format '%A %dth %B'","time":{"start":1727569576589,"stop":1727569593299,"duration":16710}}]},"tags":[]},"source":"4282e159134a0111.json","parameterValues":["UttlesfordDistrictCouncil"]}