{"uid":"a01cbc2052815242","name":"Validate Council Output [NeathPortTalbotCouncil]","fullName":"features/validate_council_outputs.feature:Validate Council Output","historyId":"6a7795e00df27bb2a2723cbd96dd78a1","time":{"start":1729112368541,"stop":1729112429471,"duration":60930},"status":"passed","flaky":false,"newFailed":false,"newBroken":false,"newPassed":false,"retriesCount":0,"retriesStatusChange":false,"beforeStages":[],"testStage":{"status":"passed","steps":[{"name":"Given the council","time":{"start":1729112368541,"stop":1729112368542,"duration":1},"status":"passed","steps":[],"attachments":[],"parameters":[],"shouldDisplayMessage":false,"stepsCount":0,"attachmentsCount":0,"hasContent":false,"attachmentStep":false},{"name":"When we scrape the data from the council","time":{"start":1729112368542,"stop":1729112429468,"duration":60926},"status":"passed","steps":[],"attachments":[],"parameters":[],"shouldDisplayMessage":false,"stepsCount":0,"attachmentsCount":0,"hasContent":false,"attachmentStep":false},{"name":"Then the result is valid json","time":{"start":1729112429469,"stop":1729112429469,"duration":0},"status":"passed","steps":[],"attachments":[],"parameters":[],"shouldDisplayMessage":false,"stepsCount":0,"attachmentsCount":0,"hasContent":false,"attachmentStep":false},{"name":"And the output should validate against the schema","time":{"start":1729112429469,"stop":1729112429471,"duration":2},"status":"passed","steps":[],"attachments":[],"parameters":[],"shouldDisplayMessage":false,"stepsCount":0,"attachmentsCount":0,"hasContent":false,"attachmentStep":false}],"attachments":[{"uid":"eb5d6392defa568c","name":"stdout","source":"eb5d6392defa568c.txt","type":"text/plain","size":49}],"parameters":[],"shouldDisplayMessage":false,"stepsCount":4,"attachmentsCount":1,"hasContent":true,"attachmentStep":false},"afterStages":[],"labels":[{"name":"host","value":"fv-az2021-771"},{"name":"thread","value":"2702-MainThread"},{"name":"framework","value":"pytest-bdd"},{"name":"language","value":"cpython3"},{"name":"feature","value":"Test each council output matches expected results"},{"name":"resultFormat","value":"allure2"}],"parameters":[{"name":"council","value":"NeathPortTalbotCouncil"}],"links":[],"hidden":false,"retry":false,"extra":{"severity":"normal","retries":[],"categories":[],"history":{"statistic":{"failed":202,"broken":0,"skipped":0,"passed":18,"unknown":0,"total":220},"items":[{"uid":"d2a37611d109f839","reportUrl":"https://robbrad.github.io/UKBinCollectionData/3.11/2237//#testresult/d2a37611d109f839","status":"passed","time":{"start":1729037900970,"stop":1729037980226,"duration":79256}},{"uid":"e633b8fc43bb3292","reportUrl":"https://robbrad.github.io/UKBinCollectionData/3.11/2233//#testresult/e633b8fc43bb3292","status":"passed","time":{"start":1728951627381,"stop":1728951654169,"duration":26788}},{"uid":"22389c36d4356f80","reportUrl":"https://robbrad.github.io/UKBinCollectionData/3.11/2228//#testresult/22389c36d4356f80","status":"passed","time":{"start":1728876801472,"stop":1728876810194,"duration":8722}},{"uid":"fd86314e0ccdc5bb","reportUrl":"https://robbrad.github.io/UKBinCollectionData/3.11/2227//#testresult/fd86314e0ccdc5bb","status":"passed","time":{"start":1728865142476,"stop":1728865169514,"duration":27038}},{"uid":"ea64a71b932ae4f8","reportUrl":"https://robbrad.github.io/UKBinCollectionData/3.11/2214//#testresult/ea64a71b932ae4f8","status":"failed","statusDetails":"ValueError: time data 'Monday, 14\\xa0October    (Tomorrow) 2024' does not match format '%A, %d %B %Y'","time":{"start":1728778702837,"stop":1728778755881,"duration":53044}},{"uid":"f4277c0f806adc3b","reportUrl":"https://robbrad.github.io/UKBinCollectionData/3.11/2211//#testresult/f4277c0f806adc3b","status":"passed","time":{"start":1728692328129,"stop":1728692363464,"duration":35335}},{"uid":"9d996e0c5dd654cf","reportUrl":"https://robbrad.github.io/UKBinCollectionData/3.11/2210//#testresult/9d996e0c5dd654cf","status":"failed","statusDetails":"selenium.common.exceptions.ElementNotInteractableException: Message: element not interactable\n  (Session info: chrome=129.0.6668.100)\nStacktrace:\n#0 0x56285ff08b9a <unknown>\n#1 0x56285fbee4cd <unknown>\n#2 0x56285fc3ee3b <unknown>\n#3 0x56285fc32ae8 <unknown>\n#4 0x56285fc62b82 <unknown>\n#5 0x56285fc324c8 <unknown>\n#6 0x56285fc62d4e <unknown>\n#7 0x56285fc81dd6 <unknown>\n#8 0x56285fc62923 <unknown>\n#9 0x56285fc306e7 <unknown>\n#10 0x56285fc316de <unknown>\n#11 0x56285fed266b <unknown>\n#12 0x56285fed6611 <unknown>\n#13 0x56285febe4e5 <unknown>\n#14 0x56285fed7192 <unknown>\n#15 0x56285fea36ef <unknown>\n#16 0x56285fef79d8 <unknown>\n#17 0x56285fef7ba7 <unknown>\n#18 0x56285ff079ec <unknown>\n#19 0x7ffa93f7ca94 <unknown>\n#20 0x7ffa94009a34 __clone","time":{"start":1728605923713,"stop":1728605953409,"duration":29696}},{"uid":"79d9736631e2c96a","reportUrl":"https://robbrad.github.io/UKBinCollectionData/3.11/2199//#testresult/79d9736631e2c96a","status":"passed","time":{"start":1728519862587,"stop":1728519886842,"duration":24255}},{"uid":"7355491f9582e92d","reportUrl":"https://robbrad.github.io/UKBinCollectionData/3.11/2188//#testresult/7355491f9582e92d","status":"passed","time":{"start":1728433010398,"stop":1728433071753,"duration":61355}},{"uid":"67a7920b7cb440db","reportUrl":"https://robbrad.github.io/UKBinCollectionData/3.11/2177//#testresult/67a7920b7cb440db","status":"passed","time":{"start":1728366305387,"stop":1728366311165,"duration":5778}},{"uid":"8d6250417f53ee81","reportUrl":"https://robbrad.github.io/UKBinCollectionData/3.11/2169//#testresult/8d6250417f53ee81","status":"failed","statusDetails":"selenium.common.exceptions.ElementNotInteractableException: Message: element not interactable\n  (Session info: chrome=129.0.6668.58)\nStacktrace:\n#0 0x55c0f202313a <unknown>\n#1 0x55c0f1d0943d <unknown>\n#2 0x55c0f1d59ddb <unknown>\n#3 0x55c0f1d4da98 <unknown>\n#4 0x55c0f1d7db22 <unknown>\n#5 0x55c0f1d4d478 <unknown>\n#6 0x55c0f1d7dcee <unknown>\n#7 0x55c0f1d9cd7d <unknown>\n#8 0x55c0f1d7d8c3 <unknown>\n#9 0x55c0f1d4b6b3 <unknown>\n#10 0x55c0f1d4c68e <unknown>\n#11 0x55c0f1fedb3b <unknown>\n#12 0x55c0f1ff1ac1 <unknown>\n#13 0x55c0f1fda335 <unknown>\n#14 0x55c0f1ff2642 <unknown>\n#15 0x55c0f1fbf49f <unknown>\n#16 0x55c0f2012038 <unknown>\n#17 0x55c0f2012203 <unknown>\n#18 0x55c0f2021f8c <unknown>\n#19 0x7ffad8964a94 <unknown>\n#20 0x7ffad89f1a34 __clone","time":{"start":1728332901751,"stop":1728333018640,"duration":116889}},{"uid":"8ee1c203a98e63dc","reportUrl":"https://robbrad.github.io/UKBinCollectionData/3.11/2165//#testresult/8ee1c203a98e63dc","status":"failed","statusDetails":"selenium.common.exceptions.NoSuchElementException: Message: no such element: Unable to locate element: {\"method\":\"css selector\",\"selector\":\"[id=\"ContentPlaceHolderDefault_ctl13_nptLLPG2_25_addresslookup_txtTmpPostcode\"]\"}\n  (Session info: chrome=129.0.6668.58); For documentation on this error, please visit: https://www.selenium.dev/documentation/webdriver/troubleshooting/errors#no-such-element-exception\nStacktrace:\n#0 0x5589fc80b13a <unknown>\n#1 0x5589fc4f15e0 <unknown>\n#2 0x5589fc540be8 <unknown>\n#3 0x5589fc540e81 <unknown>\n#4 0x5589fc5878c4 <unknown>\n#5 0x5589fc565b4d <unknown>\n#6 0x5589fc584d7d <unknown>\n#7 0x5589fc5658c3 <unknown>\n#8 0x5589fc5336b3 <unknown>\n#9 0x5589fc53468e <unknown>\n#10 0x5589fc7d5b3b <unknown>\n#11 0x5589fc7d9ac1 <unknown>\n#12 0x5589fc7c2335 <unknown>\n#13 0x5589fc7da642 <unknown>\n#14 0x5589fc7a749f <unknown>\n#15 0x5589fc7fa038 <unknown>\n#16 0x5589fc7fa203 <unknown>\n#17 0x5589fc809f8c <unknown>\n#18 0x7ff9e2c63a94 <unknown>\n#19 0x7ff9e2cf0a34 __clone","time":{"start":1728260330931,"stop":1728260428442,"duration":97511}},{"uid":"ef91da512bacef0a","reportUrl":"https://robbrad.github.io/UKBinCollectionData/3.11/2164//#testresult/ef91da512bacef0a","status":"failed","statusDetails":"selenium.common.exceptions.NoSuchElementException: Message: no such element: Unable to locate element: {\"method\":\"css selector\",\"selector\":\"[id=\"ContentPlaceHolderDefault_ctl13_nptLLPG2_25_addresslookup_txtTmpPostcode\"]\"}\n  (Session info: chrome=129.0.6668.58); For documentation on this error, please visit: https://www.selenium.dev/documentation/webdriver/troubleshooting/errors#no-such-element-exception\nStacktrace:\n#0 0x55f63533013a <unknown>\n#1 0x55f6350165e0 <unknown>\n#2 0x55f635065be8 <unknown>\n#3 0x55f635065e81 <unknown>\n#4 0x55f6350ac8c4 <unknown>\n#5 0x55f63508ab4d <unknown>\n#6 0x55f6350a9d7d <unknown>\n#7 0x55f63508a8c3 <unknown>\n#8 0x55f6350586b3 <unknown>\n#9 0x55f63505968e <unknown>\n#10 0x55f6352fab3b <unknown>\n#11 0x55f6352feac1 <unknown>\n#12 0x55f6352e7335 <unknown>\n#13 0x55f6352ff642 <unknown>\n#14 0x55f6352cc49f <unknown>\n#15 0x55f63531f038 <unknown>\n#16 0x55f63531f203 <unknown>\n#17 0x55f63532ef8c <unknown>\n#18 0x7fdee4cd0a94 <unknown>\n#19 0x7fdee4d5da34 __clone","time":{"start":1728173953156,"stop":1728174043455,"duration":90299}},{"uid":"6c2a355563a7326b","reportUrl":"https://robbrad.github.io/UKBinCollectionData/3.11/2160//#testresult/6c2a355563a7326b","status":"failed","statusDetails":"selenium.common.exceptions.ElementNotInteractableException: Message: element not interactable\n  (Session info: chrome=129.0.6668.58)\nStacktrace:\n#0 0x55592b9d213a <unknown>\n#1 0x55592b6b843d <unknown>\n#2 0x55592b708ddb <unknown>\n#3 0x55592b6fca98 <unknown>\n#4 0x55592b72cb22 <unknown>\n#5 0x55592b6fc478 <unknown>\n#6 0x55592b72ccee <unknown>\n#7 0x55592b74bd7d <unknown>\n#8 0x55592b72c8c3 <unknown>\n#9 0x55592b6fa6b3 <unknown>\n#10 0x55592b6fb68e <unknown>\n#11 0x55592b99cb3b <unknown>\n#12 0x55592b9a0ac1 <unknown>\n#13 0x55592b989335 <unknown>\n#14 0x55592b9a1642 <unknown>\n#15 0x55592b96e49f <unknown>\n#16 0x55592b9c1038 <unknown>\n#17 0x55592b9c1203 <unknown>\n#18 0x55592b9d0f8c <unknown>\n#19 0x7ffb9189aa94 <unknown>\n#20 0x7ffb91927a34 __clone","time":{"start":1728087334757,"stop":1728087368193,"duration":33436}},{"uid":"3a653fcd506ff3e1","reportUrl":"https://robbrad.github.io/UKBinCollectionData/3.11/2152//#testresult/3a653fcd506ff3e1","status":"failed","statusDetails":"selenium.common.exceptions.NoSuchElementException: Message: no such element: Unable to locate element: {\"method\":\"css selector\",\"selector\":\"[id=\"ContentPlaceHolderDefault_ctl13_nptLLPG2_25_addresslookup_txtTmpPostcode\"]\"}\n  (Session info: chrome=129.0.6668.58); For documentation on this error, please visit: https://www.selenium.dev/documentation/webdriver/troubleshooting/errors#no-such-element-exception\nStacktrace:\n#0 0x55f78eb8213a <unknown>\n#1 0x55f78e8685e0 <unknown>\n#2 0x55f78e8b7be8 <unknown>\n#3 0x55f78e8b7e81 <unknown>\n#4 0x55f78e8fe8c4 <unknown>\n#5 0x55f78e8dcb4d <unknown>\n#6 0x55f78e8fbd7d <unknown>\n#7 0x55f78e8dc8c3 <unknown>\n#8 0x55f78e8aa6b3 <unknown>\n#9 0x55f78e8ab68e <unknown>\n#10 0x55f78eb4cb3b <unknown>\n#11 0x55f78eb50ac1 <unknown>\n#12 0x55f78eb39335 <unknown>\n#13 0x55f78eb51642 <unknown>\n#14 0x55f78eb1e49f <unknown>\n#15 0x55f78eb71038 <unknown>\n#16 0x55f78eb71203 <unknown>\n#17 0x55f78eb80f8c <unknown>\n#18 0x7fca73562a94 <unknown>\n#19 0x7fca735efa34 __clone","time":{"start":1728001260897,"stop":1728001270296,"duration":9399}},{"uid":"42da33463e169bc7","reportUrl":"https://robbrad.github.io/UKBinCollectionData/3.11/2148//#testresult/42da33463e169bc7","status":"failed","statusDetails":"selenium.common.exceptions.NoSuchElementException: Message: no such element: Unable to locate element: {\"method\":\"css selector\",\"selector\":\"[id=\"ContentPlaceHolderDefault_ctl13_nptLLPG2_25_addresslookup_txtTmpPostcode\"]\"}\n  (Session info: chrome=129.0.6668.58); For documentation on this error, please visit: https://www.selenium.dev/documentation/webdriver/troubleshooting/errors#no-such-element-exception\nStacktrace:\n#0 0x5574e842513a <unknown>\n#1 0x5574e810b5e0 <unknown>\n#2 0x5574e815abe8 <unknown>\n#3 0x5574e815ae81 <unknown>\n#4 0x5574e81a18c4 <unknown>\n#5 0x5574e817fb4d <unknown>\n#6 0x5574e819ed7d <unknown>\n#7 0x5574e817f8c3 <unknown>\n#8 0x5574e814d6b3 <unknown>\n#9 0x5574e814e68e <unknown>\n#10 0x5574e83efb3b <unknown>\n#11 0x5574e83f3ac1 <unknown>\n#12 0x5574e83dc335 <unknown>\n#13 0x5574e83f4642 <unknown>\n#14 0x5574e83c149f <unknown>\n#15 0x5574e8414038 <unknown>\n#16 0x5574e8414203 <unknown>\n#17 0x5574e8423f8c <unknown>\n#18 0x7f80fbcd1a94 <unknown>\n#19 0x7f80fbd5ea34 __clone","time":{"start":1727932860813,"stop":1727932887488,"duration":26675}},{"uid":"68c82e95ee29c294","reportUrl":"https://robbrad.github.io/UKBinCollectionData/3.11/2146//#testresult/68c82e95ee29c294","status":"failed","statusDetails":"selenium.common.exceptions.NoSuchElementException: Message: no such element: Unable to locate element: {\"method\":\"css selector\",\"selector\":\"[id=\"ContentPlaceHolderDefault_ctl13_nptLLPG2_25_addresslookup_txtTmpPostcode\"]\"}\n  (Session info: chrome=129.0.6668.58); For documentation on this error, please visit: https://www.selenium.dev/documentation/webdriver/troubleshooting/errors#no-such-element-exception\nStacktrace:\n#0 0x56201060413a <unknown>\n#1 0x5620102ea5e0 <unknown>\n#2 0x562010339be8 <unknown>\n#3 0x562010339e81 <unknown>\n#4 0x5620103808c4 <unknown>\n#5 0x56201035eb4d <unknown>\n#6 0x56201037dd7d <unknown>\n#7 0x56201035e8c3 <unknown>\n#8 0x56201032c6b3 <unknown>\n#9 0x56201032d68e <unknown>\n#10 0x5620105ceb3b <unknown>\n#11 0x5620105d2ac1 <unknown>\n#12 0x5620105bb335 <unknown>\n#13 0x5620105d3642 <unknown>\n#14 0x5620105a049f <unknown>\n#15 0x5620105f3038 <unknown>\n#16 0x5620105f3203 <unknown>\n#17 0x562010602f8c <unknown>\n#18 0x7fd495304a94 <unknown>\n#19 0x7fd495391a34 __clone","time":{"start":1727914667337,"stop":1727914708733,"duration":41396}},{"uid":"66ae2e3a671c0922","reportUrl":"https://robbrad.github.io/UKBinCollectionData/3.11/2139//#testresult/66ae2e3a671c0922","status":"failed","statusDetails":"selenium.common.exceptions.NoSuchElementException: Message: no such element: Unable to locate element: {\"method\":\"css selector\",\"selector\":\"[id=\"ContentPlaceHolderDefault_ctl13_nptLLPG2_25_addresslookup_txtTmpPostcode\"]\"}\n  (Session info: chrome=129.0.6668.58); For documentation on this error, please visit: https://www.selenium.dev/documentation/webdriver/troubleshooting/errors#no-such-element-exception\nStacktrace:\n#0 0x55c64f82013a <unknown>\n#1 0x55c64f5065e0 <unknown>\n#2 0x55c64f555be8 <unknown>\n#3 0x55c64f555e81 <unknown>\n#4 0x55c64f59c8c4 <unknown>\n#5 0x55c64f57ab4d <unknown>\n#6 0x55c64f599d7d <unknown>\n#7 0x55c64f57a8c3 <unknown>\n#8 0x55c64f5486b3 <unknown>\n#9 0x55c64f54968e <unknown>\n#10 0x55c64f7eab3b <unknown>\n#11 0x55c64f7eeac1 <unknown>\n#12 0x55c64f7d7335 <unknown>\n#13 0x55c64f7ef642 <unknown>\n#14 0x55c64f7bc49f <unknown>\n#15 0x55c64f80f038 <unknown>\n#16 0x55c64f80f203 <unknown>\n#17 0x55c64f81ef8c <unknown>\n#18 0x7f6175130a94 <unknown>\n#19 0x7f61751bda34 __clone","time":{"start":1727828243928,"stop":1727828276627,"duration":32699}},{"uid":"4e4b4bb7ce70bc19","reportUrl":"https://robbrad.github.io/UKBinCollectionData/3.11/2138//#testresult/4e4b4bb7ce70bc19","status":"failed","statusDetails":"selenium.common.exceptions.NoSuchElementException: Message: no such element: Unable to locate element: {\"method\":\"css selector\",\"selector\":\"[id=\"ContentPlaceHolderDefault_ctl13_nptLLPG2_25_addresslookup_txtTmpPostcode\"]\"}\n  (Session info: chrome=129.0.6668.58); For documentation on this error, please visit: https://www.selenium.dev/documentation/webdriver/troubleshooting/errors#no-such-element-exception\nStacktrace:\n#0 0x559c94b0713a <unknown>\n#1 0x559c947ed5e0 <unknown>\n#2 0x559c9483cbe8 <unknown>\n#3 0x559c9483ce81 <unknown>\n#4 0x559c948838c4 <unknown>\n#5 0x559c94861b4d <unknown>\n#6 0x559c94880d7d <unknown>\n#7 0x559c948618c3 <unknown>\n#8 0x559c9482f6b3 <unknown>\n#9 0x559c9483068e <unknown>\n#10 0x559c94ad1b3b <unknown>\n#11 0x559c94ad5ac1 <unknown>\n#12 0x559c94abe335 <unknown>\n#13 0x559c94ad6642 <unknown>\n#14 0x559c94aa349f <unknown>\n#15 0x559c94af6038 <unknown>\n#16 0x559c94af6203 <unknown>\n#17 0x559c94b05f8c <unknown>\n#18 0x7f7dc843ea94 <unknown>\n#19 0x7f7dc84cba34 __clone","time":{"start":1727741923236,"stop":1727741970495,"duration":47259}},{"uid":"60226a23452a92e1","reportUrl":"https://robbrad.github.io/UKBinCollectionData/3.11/2137//#testresult/60226a23452a92e1","status":"failed","statusDetails":"selenium.common.exceptions.ElementNotInteractableException: Message: element not interactable\n  (Session info: chrome=129.0.6668.58)\nStacktrace:\n#0 0x557172ee113a <unknown>\n#1 0x557172bc743d <unknown>\n#2 0x557172c17ddb <unknown>\n#3 0x557172c0ba98 <unknown>\n#4 0x557172c3bb22 <unknown>\n#5 0x557172c0b478 <unknown>\n#6 0x557172c3bcee <unknown>\n#7 0x557172c5ad7d <unknown>\n#8 0x557172c3b8c3 <unknown>\n#9 0x557172c096b3 <unknown>\n#10 0x557172c0a68e <unknown>\n#11 0x557172eabb3b <unknown>\n#12 0x557172eafac1 <unknown>\n#13 0x557172e98335 <unknown>\n#14 0x557172eb0642 <unknown>\n#15 0x557172e7d49f <unknown>\n#16 0x557172ed0038 <unknown>\n#17 0x557172ed0203 <unknown>\n#18 0x557172edff8c <unknown>\n#19 0x7f20fd883a94 <unknown>\n#20 0x7f20fd910a34 __clone","time":{"start":1727655459929,"stop":1727655484387,"duration":24458}}]},"tags":[]},"source":"a01cbc2052815242.json","parameterValues":["NeathPortTalbotCouncil"]}