{"uid":"e398abd5d56ca2de","name":"Validate Council Output [GloucesterCityCouncil]","fullName":"features/validate_council_outputs.feature:Validate Council Output","historyId":"06eb13750718e2f81de5a1c44077aa52","time":{"start":1729037071043,"stop":1729037147148,"duration":76105},"status":"failed","statusMessage":"selenium.common.exceptions.NoSuchElementException: Message: Cannot locate option with value: 100120479507; For documentation on this error, please visit: https://www.selenium.dev/documentation/webdriver/troubleshooting/errors#no-such-element-exception","statusTrace":"fixturefunc = <function scrape_step at 0x7fead11067a0>\nrequest = <FixtureRequest for <Function test_scenario_outline[GloucesterCityCouncil]>>\nkwargs = {'context': <test_validate_council.Context object at 0x7feadfbaee40>, 'headless_mode': 'True', 'local_browser': 'False', 'selenium_url': 'http://localhost:4444'}\n\n    def call_fixture_func(\n        fixturefunc: _FixtureFunc[FixtureValue], request: FixtureRequest, kwargs\n    ) -> FixtureValue:\n        if is_generator(fixturefunc):\n            fixturefunc = cast(\n                Callable[..., Generator[FixtureValue, None, None]], fixturefunc\n            )\n            generator = fixturefunc(**kwargs)\n            try:\n                fixture_result = next(generator)\n            except StopIteration:\n                raise ValueError(f\"{request.fixturename} did not yield a value\") from None\n            finalizer = functools.partial(_teardown_yield_fixture, fixturefunc, generator)\n            request.addfinalizer(finalizer)\n        else:\n            fixturefunc = cast(Callable[..., FixtureValue], fixturefunc)\n>           fixture_result = fixturefunc(**kwargs)\n\n../../../.cache/pypoetry/virtualenvs/uk-bin-collection-EwS6Gn8s-py3.12/lib/python3.12/site-packages/_pytest/fixtures.py:898: \n_ _ _ _ _ _ _ _ _ _ _ _ _ _ _ _ _ _ _ _ _ _ _ _ _ _ _ _ _ _ _ _ _ _ _ _ _ _ _ _ \nuk_bin_collection/tests/step_defs/test_validate_council.py:100: in scrape_step\n    context.parse_result = CollectData.run()\nuk_bin_collection/uk_bin_collection/collect_data.py:101: in run\n    return self.client_code(\nuk_bin_collection/uk_bin_collection/collect_data.py:121: in client_code\n    return get_bin_data_class.template_method(address_url, **kwargs)\nuk_bin_collection/uk_bin_collection/get_bin_data.py:61: in template_method\n    bin_data_dict = self.get_and_parse_data(this_url, **kwargs)\nuk_bin_collection/uk_bin_collection/get_bin_data.py:84: in get_and_parse_data\n    bin_data_dict = self.parse_data(\"\", url=address_url, **kwargs)\nuk_bin_collection/uk_bin_collection/councils/GloucesterCityCouncil.py:73: in parse_data\n    dropdownSelect.select_by_value(str(user_uprn))\n_ _ _ _ _ _ _ _ _ _ _ _ _ _ _ _ _ _ _ _ _ _ _ _ _ _ _ _ _ _ _ _ _ _ _ _ _ _ _ _ \n\nself = <selenium.webdriver.support.select.Select object at 0x7fead99fc080>\nvalue = '100120479507'\n\n    def select_by_value(self, value: str) -> None:\n        \"\"\"Select all options that have a value matching the argument. That is,\n        when given \"foo\" this would select an option like:\n    \n        <option value=\"foo\">Bar</option>\n    \n        :Args:\n         - value - The value to match against\n    \n        throws NoSuchElementException If there is no option with specified value in SELECT\n        \"\"\"\n        css = f\"option[value ={self._escape_string(value)}]\"\n        opts = self._el.find_elements(By.CSS_SELECTOR, css)\n        matched = False\n        for opt in opts:\n            self._set_selected(opt)\n            if not self.is_multiple:\n                return\n            matched = True\n        if not matched:\n>           raise NoSuchElementException(f\"Cannot locate option with value: {value}\")\nE           selenium.common.exceptions.NoSuchElementException: Message: Cannot locate option with value: 100120479507; For documentation on this error, please visit: https://www.selenium.dev/documentation/webdriver/troubleshooting/errors#no-such-element-exception\n\n../../../.cache/pypoetry/virtualenvs/uk-bin-collection-EwS6Gn8s-py3.12/lib/python3.12/site-packages/selenium/webdriver/support/select.py:84: NoSuchElementException","flaky":false,"newFailed":true,"newBroken":false,"newPassed":false,"retriesCount":0,"retriesStatusChange":false,"beforeStages":[],"testStage":{"status":"failed","statusMessage":"selenium.common.exceptions.NoSuchElementException: Message: Cannot locate option with value: 100120479507; For documentation on this error, please visit: https://www.selenium.dev/documentation/webdriver/troubleshooting/errors#no-such-element-exception","statusTrace":"fixturefunc = <function scrape_step at 0x7fead11067a0>\nrequest = <FixtureRequest for <Function test_scenario_outline[GloucesterCityCouncil]>>\nkwargs = {'context': <test_validate_council.Context object at 0x7feadfbaee40>, 'headless_mode': 'True', 'local_browser': 'False', 'selenium_url': 'http://localhost:4444'}\n\n    def call_fixture_func(\n        fixturefunc: _FixtureFunc[FixtureValue], request: FixtureRequest, kwargs\n    ) -> FixtureValue:\n        if is_generator(fixturefunc):\n            fixturefunc = cast(\n                Callable[..., Generator[FixtureValue, None, None]], fixturefunc\n            )\n            generator = fixturefunc(**kwargs)\n            try:\n                fixture_result = next(generator)\n            except StopIteration:\n                raise ValueError(f\"{request.fixturename} did not yield a value\") from None\n            finalizer = functools.partial(_teardown_yield_fixture, fixturefunc, generator)\n            request.addfinalizer(finalizer)\n        else:\n            fixturefunc = cast(Callable[..., FixtureValue], fixturefunc)\n>           fixture_result = fixturefunc(**kwargs)\n\n../../../.cache/pypoetry/virtualenvs/uk-bin-collection-EwS6Gn8s-py3.12/lib/python3.12/site-packages/_pytest/fixtures.py:898: \n_ _ _ _ _ _ _ _ _ _ _ _ _ _ _ _ _ _ _ _ _ _ _ _ _ _ _ _ _ _ _ _ _ _ _ _ _ _ _ _ \nuk_bin_collection/tests/step_defs/test_validate_council.py:100: in scrape_step\n    context.parse_result = CollectData.run()\nuk_bin_collection/uk_bin_collection/collect_data.py:101: in run\n    return self.client_code(\nuk_bin_collection/uk_bin_collection/collect_data.py:121: in client_code\n    return get_bin_data_class.template_method(address_url, **kwargs)\nuk_bin_collection/uk_bin_collection/get_bin_data.py:61: in template_method\n    bin_data_dict = self.get_and_parse_data(this_url, **kwargs)\nuk_bin_collection/uk_bin_collection/get_bin_data.py:84: in get_and_parse_data\n    bin_data_dict = self.parse_data(\"\", url=address_url, **kwargs)\nuk_bin_collection/uk_bin_collection/councils/GloucesterCityCouncil.py:73: in parse_data\n    dropdownSelect.select_by_value(str(user_uprn))\n_ _ _ _ _ _ _ _ _ _ _ _ _ _ _ _ _ _ _ _ _ _ _ _ _ _ _ _ _ _ _ _ _ _ _ _ _ _ _ _ \n\nself = <selenium.webdriver.support.select.Select object at 0x7fead99fc080>\nvalue = '100120479507'\n\n    def select_by_value(self, value: str) -> None:\n        \"\"\"Select all options that have a value matching the argument. That is,\n        when given \"foo\" this would select an option like:\n    \n        <option value=\"foo\">Bar</option>\n    \n        :Args:\n         - value - The value to match against\n    \n        throws NoSuchElementException If there is no option with specified value in SELECT\n        \"\"\"\n        css = f\"option[value ={self._escape_string(value)}]\"\n        opts = self._el.find_elements(By.CSS_SELECTOR, css)\n        matched = False\n        for opt in opts:\n            self._set_selected(opt)\n            if not self.is_multiple:\n                return\n            matched = True\n        if not matched:\n>           raise NoSuchElementException(f\"Cannot locate option with value: {value}\")\nE           selenium.common.exceptions.NoSuchElementException: Message: Cannot locate option with value: 100120479507; For documentation on this error, please visit: https://www.selenium.dev/documentation/webdriver/troubleshooting/errors#no-such-element-exception\n\n../../../.cache/pypoetry/virtualenvs/uk-bin-collection-EwS6Gn8s-py3.12/lib/python3.12/site-packages/selenium/webdriver/support/select.py:84: NoSuchElementException","steps":[{"name":"Given the council","time":{"start":1729037071043,"stop":1729037071043,"duration":0},"status":"passed","steps":[],"attachments":[],"parameters":[],"shouldDisplayMessage":false,"stepsCount":0,"attachmentsCount":0,"hasContent":false,"attachmentStep":false},{"name":"When we scrape the data from the council","time":{"start":1729037071044,"stop":1729037147148,"duration":76104},"status":"failed","statusMessage":"Message: Cannot locate option with value: 100120479507; For documentation on this error, please visit: https://www.selenium.dev/documentation/webdriver/troubleshooting/errors#no-such-element-exception\n","statusTrace":"selenium.common.exceptions.NoSuchElementException: Message: Cannot locate option with value: 100120479507; For documentation on this error, please visit: https://www.selenium.dev/documentation/webdriver/troubleshooting/errors#no-such-element-exception\n\n","steps":[],"attachments":[],"parameters":[],"shouldDisplayMessage":true,"stepsCount":0,"attachmentsCount":0,"hasContent":true,"attachmentStep":false}],"attachments":[{"uid":"c7ec75aad8934c04","name":"stdout","source":"c7ec75aad8934c04.txt","type":"text/plain","size":269}],"parameters":[],"shouldDisplayMessage":true,"stepsCount":2,"attachmentsCount":1,"hasContent":true,"attachmentStep":false},"afterStages":[],"labels":[{"name":"host","value":"fv-az1695-213"},{"name":"thread","value":"2990-MainThread"},{"name":"framework","value":"pytest-bdd"},{"name":"language","value":"cpython3"},{"name":"feature","value":"Test each council output matches expected results"},{"name":"resultFormat","value":"allure2"}],"parameters":[{"name":"council","value":"GloucesterCityCouncil"}],"links":[],"hidden":false,"retry":false,"extra":{"severity":"normal","retries":[],"categories":[{"name":"Product defects","matchedStatuses":[],"flaky":false}],"history":{"statistic":{"failed":7,"broken":0,"skipped":0,"passed":34,"unknown":0,"total":41},"items":[{"uid":"b2301a11aaa371c9","reportUrl":"https://robbrad.github.io/UKBinCollectionData/3.11/2233//#testresult/b2301a11aaa371c9","status":"passed","time":{"start":1728950704084,"stop":1728950773301,"duration":69217}},{"uid":"f2839513016e744f","reportUrl":"https://robbrad.github.io/UKBinCollectionData/3.11/2227//#testresult/f2839513016e744f","status":"passed","time":{"start":1728864255800,"stop":1728864330927,"duration":75127}},{"uid":"a0f1a8361e6748a5","reportUrl":"https://robbrad.github.io/UKBinCollectionData/3.11/2214//#testresult/a0f1a8361e6748a5","status":"passed","time":{"start":1728778605747,"stop":1728778675768,"duration":70021}},{"uid":"bb1effd0dca3eb2f","reportUrl":"https://robbrad.github.io/UKBinCollectionData/3.11/2211//#testresult/bb1effd0dca3eb2f","status":"passed","time":{"start":1728692236359,"stop":1728692318221,"duration":81862}},{"uid":"a27b862ac4ff627e","reportUrl":"https://robbrad.github.io/UKBinCollectionData/3.11/2210//#testresult/a27b862ac4ff627e","status":"passed","time":{"start":1728605765248,"stop":1728605816029,"duration":50781}},{"uid":"31cc6f22683bc14a","reportUrl":"https://robbrad.github.io/UKBinCollectionData/3.11/2199//#testresult/31cc6f22683bc14a","status":"passed","time":{"start":1728519755438,"stop":1728519855194,"duration":99756}},{"uid":"d63769f62c227594","reportUrl":"https://robbrad.github.io/UKBinCollectionData/3.11/2188//#testresult/d63769f62c227594","status":"failed","statusDetails":"selenium.common.exceptions.NoSuchElementException: Message: Cannot locate option with value: 100120479507; For documentation on this error, please visit: https://www.selenium.dev/documentation/webdriver/troubleshooting/errors#no-such-element-exception","time":{"start":1728432929448,"stop":1728433002777,"duration":73329}},{"uid":"76056c53f8d6ddb5","reportUrl":"https://robbrad.github.io/UKBinCollectionData/3.11/2169//#testresult/76056c53f8d6ddb5","status":"passed","time":{"start":1728332151411,"stop":1728332230791,"duration":79380}},{"uid":"4c4f038b381e6bec","reportUrl":"https://robbrad.github.io/UKBinCollectionData/3.11/2165//#testresult/4c4f038b381e6bec","status":"passed","time":{"start":1728259412662,"stop":1728259547403,"duration":134741}},{"uid":"ff5cfe0b444cf9aa","reportUrl":"https://robbrad.github.io/UKBinCollectionData/3.11/2164//#testresult/ff5cfe0b444cf9aa","status":"failed","statusDetails":"selenium.common.exceptions.NoSuchElementException: Message: Cannot locate option with value: 100120479507; For documentation on this error, please visit: https://www.selenium.dev/documentation/webdriver/troubleshooting/errors#no-such-element-exception","time":{"start":1728173025739,"stop":1728173143373,"duration":117634}},{"uid":"dac3eab3410ced2b","reportUrl":"https://robbrad.github.io/UKBinCollectionData/3.11/2160//#testresult/dac3eab3410ced2b","status":"failed","statusDetails":"selenium.common.exceptions.SessionNotCreatedException: Message: Could not start a new session. New session request timed out \nHost info: host: 'selenium', ip: '172.18.0.2'\nBuild info: version: '4.25.0', revision: '030fcf7918'\nSystem info: os.name: 'Linux', os.arch: 'amd64', os.version: '6.8.0-1014-azure', java.version: '17.0.12'\nDriver info: driver.version: unknown\nStacktrace:\n    at org.openqa.selenium.grid.sessionqueue.local.LocalNewSessionQueue.addToQueue (LocalNewSessionQueue.java:221)\n    at org.openqa.selenium.grid.sessionqueue.NewSessionQueue.lambda$new$0 (NewSessionQueue.java:68)\n    at org.openqa.selenium.remote.http.Route$TemplatizedRoute.handle (Route.java:192)\n    at org.openqa.selenium.remote.http.Route.execute (Route.java:69)\n    at org.openqa.selenium.remote.http.Route$CombinedRoute.handle (Route.java:360)\n    at org.openqa.selenium.remote.http.Route.execute (Route.java:69)\n    at org.openqa.selenium.grid.sessionqueue.NewSessionQueue.execute (NewSessionQueue.java:128)\n    at org.openqa.selenium.remote.tracing.SpanWrappedHttpHandler.execute (SpanWrappedHttpHandler.java:87)\n    at org.openqa.selenium.remote.http.Filter$1.execute (Filter.java:63)\n    at org.openqa.selenium.remote.http.Route$CombinedRoute.handle (Route.java:360)\n    at org.openqa.selenium.remote.http.Route.execute (Route.java:69)\n    at org.openqa.selenium.grid.router.Router.execute (Router.java:87)\n    at org.openqa.selenium.grid.web.EnsureSpecCompliantResponseHeaders.lambda$apply$0 (EnsureSpecCompliantResponseHeaders.java:34)\n    at org.openqa.selenium.remote.http.Filter$1.execute (Filter.java:63)\n    at org.openqa.selenium.remote.http.Route$CombinedRoute.handle (Route.java:360)\n    at org.openqa.selenium.remote.http.Route.execute (Route.java:69)\n    at org.openqa.selenium.remote.AddWebDriverSpecHeaders.lambda$apply$0 (AddWebDriverSpecHeaders.java:35)\n    at org.openqa.selenium.remote.ErrorFilter.lambda$apply$0 (ErrorFilter.java:44)\n    at org.openqa.selenium.remote.http.Filter$1.execute (Filter.java:63)\n    at org.openqa.selenium.remote.ErrorFilter.lambda$apply$0 (ErrorFilter.java:44)\n    at org.openqa.selenium.remote.http.Filter$1.execute (Filter.java:63)\n    at org.openqa.selenium.netty.server.SeleniumHandler.lambda$channelRead0$0 (SeleniumHandler.java:44)\n    at java.util.concurrent.Executors$RunnableAdapter.call (Executors.java:539)\n    at java.util.concurrent.FutureTask.run (FutureTask.java:264)\n    at java.util.concurrent.ThreadPoolExecutor.runWorker (ThreadPoolExecutor.java:1136)\n    at java.util.concurrent.ThreadPoolExecutor$Worker.run (ThreadPoolExecutor.java:635)\n    at java.lang.Thread.run (Thread.java:840)","time":{"start":1728086822450,"stop":1728087122614,"duration":300164}},{"uid":"9aec042780420550","reportUrl":"https://robbrad.github.io/UKBinCollectionData/3.11/2152//#testresult/9aec042780420550","status":"passed","time":{"start":1728000740182,"stop":1728001056826,"duration":316644}},{"uid":"533de22138a71343","reportUrl":"https://robbrad.github.io/UKBinCollectionData/3.11/2148//#testresult/533de22138a71343","status":"passed","time":{"start":1727932817480,"stop":1727932878982,"duration":61502}},{"uid":"6d1f3a5d6c26d860","reportUrl":"https://robbrad.github.io/UKBinCollectionData/3.11/2146//#testresult/6d1f3a5d6c26d860","status":"passed","time":{"start":1727914620274,"stop":1727914687091,"duration":66817}},{"uid":"b000ea920c3bca2b","reportUrl":"https://robbrad.github.io/UKBinCollectionData/3.11/2139//#testresult/b000ea920c3bca2b","status":"passed","time":{"start":1727828200396,"stop":1727828259892,"duration":59496}},{"uid":"bf9726dc6ad96c22","reportUrl":"https://robbrad.github.io/UKBinCollectionData/3.11/2138//#testresult/bf9726dc6ad96c22","status":"failed","statusDetails":"selenium.common.exceptions.NoSuchElementException: Message: Cannot locate option with value: 100120479507; For documentation on this error, please visit: https://www.selenium.dev/documentation/webdriver/troubleshooting/errors#no-such-element-exception","time":{"start":1727741898771,"stop":1727741930508,"duration":31737}},{"uid":"77b637dab43e8013","reportUrl":"https://robbrad.github.io/UKBinCollectionData/3.11/2137//#testresult/77b637dab43e8013","status":"passed","time":{"start":1727655438331,"stop":1727655476744,"duration":38413}},{"uid":"c3f5d35bb032f266","reportUrl":"https://robbrad.github.io/UKBinCollectionData/3.11/2136//#testresult/c3f5d35bb032f266","status":"passed","time":{"start":1727569018197,"stop":1727569087225,"duration":69028}},{"uid":"d5156e365901d302","reportUrl":"https://robbrad.github.io/UKBinCollectionData/3.11/2135//#testresult/d5156e365901d302","status":"passed","time":{"start":1727482629070,"stop":1727482682458,"duration":53388}},{"uid":"ad2858977744537d","reportUrl":"https://robbrad.github.io/UKBinCollectionData/3.11/2131//#testresult/ad2858977744537d","status":"failed","statusDetails":"selenium.common.exceptions.NoSuchElementException: Message: Cannot locate option with value: 100120479507; For documentation on this error, please visit: https://www.selenium.dev/documentation/webdriver/troubleshooting/errors#no-such-element-exception","time":{"start":1727422612972,"stop":1727422641910,"duration":28938}}]},"tags":[]},"source":"e398abd5d56ca2de.json","parameterValues":["GloucesterCityCouncil"]}