{"uid":"e003d375cca7c3b6","name":"Validate Council Output [StaffordshireMoorlandsDistrictCouncil]","fullName":"features/validate_council_outputs.feature:Validate Council Output","historyId":"43ce41b46876976a27337fcdb402fec8","time":{"start":1729297783940,"stop":1729297811331,"duration":27391},"status":"failed","statusMessage":"selenium.common.exceptions.TimeoutException: Message: \nStacktrace:\n#0 0x560aeef5eb9a <unknown>\n#1 0x560aeec44670 <unknown>\n#2 0x560aeec93c48 <unknown>\n#3 0x560aeec93ee1 <unknown>\n#4 0x560aeecda924 <unknown>\n#5 0x560aeecb8bad <unknown>\n#6 0x560aeecd7dd6 <unknown>\n#7 0x560aeecb8923 <unknown>\n#8 0x560aeec866e7 <unknown>\n#9 0x560aeec876de <unknown>\n#10 0x560aeef2866b <unknown>\n#11 0x560aeef2c611 <unknown>\n#12 0x560aeef144e5 <unknown>\n#13 0x560aeef2d192 <unknown>\n#14 0x560aeeef96ef <unknown>\n#15 0x560aeef4d9d8 <unknown>\n#16 0x560aeef4dba7 <unknown>\n#17 0x560aeef5d9ec <unknown>\n#18 0x7f67329c9a94 <unknown>\n#19 0x7f6732a56a34 __clone","statusTrace":"fixturefunc = <function scrape_step at 0x7fb4d157b920>\nrequest = <FixtureRequest for <Function test_scenario_outline[StaffordshireMoorlandsDistrictCouncil]>>\nkwargs = {'context': <test_validate_council.Context object at 0x7fb4e4175c10>, 'headless_mode': 'True', 'local_browser': 'False', 'selenium_url': 'http://localhost:4444'}\n\n    def call_fixture_func(\n        fixturefunc: _FixtureFunc[FixtureValue], request: FixtureRequest, kwargs\n    ) -> FixtureValue:\n        if is_generator(fixturefunc):\n            fixturefunc = cast(\n                Callable[..., Generator[FixtureValue, None, None]], fixturefunc\n            )\n            generator = fixturefunc(**kwargs)\n            try:\n                fixture_result = next(generator)\n            except StopIteration:\n                raise ValueError(f\"{request.fixturename} did not yield a value\") from None\n            finalizer = functools.partial(_teardown_yield_fixture, fixturefunc, generator)\n            request.addfinalizer(finalizer)\n        else:\n            fixturefunc = cast(Callable[..., FixtureValue], fixturefunc)\n>           fixture_result = fixturefunc(**kwargs)\n\n../../../.cache/pypoetry/virtualenvs/uk-bin-collection-EwS6Gn8s-py3.12/lib/python3.12/site-packages/_pytest/fixtures.py:898: \n_ _ _ _ _ _ _ _ _ _ _ _ _ _ _ _ _ _ _ _ _ _ _ _ _ _ _ _ _ _ _ _ _ _ _ _ _ _ _ _ \nuk_bin_collection/tests/step_defs/test_validate_council.py:100: in scrape_step\n    context.parse_result = CollectData.run()\nuk_bin_collection/uk_bin_collection/collect_data.py:101: in run\n    return self.client_code(\nuk_bin_collection/uk_bin_collection/collect_data.py:121: in client_code\n    return get_bin_data_class.template_method(address_url, **kwargs)\nuk_bin_collection/uk_bin_collection/get_bin_data.py:61: in template_method\n    bin_data_dict = self.get_and_parse_data(this_url, **kwargs)\nuk_bin_collection/uk_bin_collection/get_bin_data.py:84: in get_and_parse_data\n    bin_data_dict = self.parse_data(\"\", url=address_url, **kwargs)\nuk_bin_collection/uk_bin_collection/councils/StaffordshireMoorlandsDistrictCouncil.py:33: in parse_data\n    cookieAccept = WebDriverWait(driver, 10).until(\n_ _ _ _ _ _ _ _ _ _ _ _ _ _ _ _ _ _ _ _ _ _ _ _ _ _ _ _ _ _ _ _ _ _ _ _ _ _ _ _ \n\nself = <selenium.webdriver.support.wait.WebDriverWait (session=\"5cd8534040eb807d223f7d7a9bf8aaa7\")>\nmethod = <function presence_of_element_located.<locals>._predicate at 0x7fb4d04a56c0>\nmessage = ''\n\n    def until(self, method: Callable[[D], Union[Literal[False], T]], message: str = \"\") -> T:\n        \"\"\"Calls the method provided with the driver as an argument until the \\\n        return value does not evaluate to ``False``.\n    \n        :param method: callable(WebDriver)\n        :param message: optional message for :exc:`TimeoutException`\n        :returns: the result of the last call to `method`\n        :raises: :exc:`selenium.common.exceptions.TimeoutException` if timeout occurs\n        \"\"\"\n        screen = None\n        stacktrace = None\n    \n        end_time = time.monotonic() + self._timeout\n        while True:\n            try:\n                value = method(self._driver)\n                if value:\n                    return value\n            except self._ignored_exceptions as exc:\n                screen = getattr(exc, \"screen\", None)\n                stacktrace = getattr(exc, \"stacktrace\", None)\n            time.sleep(self._poll)\n            if time.monotonic() > end_time:\n                break\n>       raise TimeoutException(message, screen, stacktrace)\nE       selenium.common.exceptions.TimeoutException: Message: \nE       Stacktrace:\nE       #0 0x560aeef5eb9a <unknown>\nE       #1 0x560aeec44670 <unknown>\nE       #2 0x560aeec93c48 <unknown>\nE       #3 0x560aeec93ee1 <unknown>\nE       #4 0x560aeecda924 <unknown>\nE       #5 0x560aeecb8bad <unknown>\nE       #6 0x560aeecd7dd6 <unknown>\nE       #7 0x560aeecb8923 <unknown>\nE       #8 0x560aeec866e7 <unknown>\nE       #9 0x560aeec876de <unknown>\nE       #10 0x560aeef2866b <unknown>\nE       #11 0x560aeef2c611 <unknown>\nE       #12 0x560aeef144e5 <unknown>\nE       #13 0x560aeef2d192 <unknown>\nE       #14 0x560aeeef96ef <unknown>\nE       #15 0x560aeef4d9d8 <unknown>\nE       #16 0x560aeef4dba7 <unknown>\nE       #17 0x560aeef5d9ec <unknown>\nE       #18 0x7f67329c9a94 <unknown>\nE       #19 0x7f6732a56a34 __clone\n\n../../../.cache/pypoetry/virtualenvs/uk-bin-collection-EwS6Gn8s-py3.12/lib/python3.12/site-packages/selenium/webdriver/support/wait.py:105: TimeoutException","flaky":false,"newFailed":false,"newBroken":false,"newPassed":false,"retriesCount":0,"retriesStatusChange":false,"beforeStages":[],"testStage":{"status":"failed","statusMessage":"selenium.common.exceptions.TimeoutException: Message: \nStacktrace:\n#0 0x560aeef5eb9a <unknown>\n#1 0x560aeec44670 <unknown>\n#2 0x560aeec93c48 <unknown>\n#3 0x560aeec93ee1 <unknown>\n#4 0x560aeecda924 <unknown>\n#5 0x560aeecb8bad <unknown>\n#6 0x560aeecd7dd6 <unknown>\n#7 0x560aeecb8923 <unknown>\n#8 0x560aeec866e7 <unknown>\n#9 0x560aeec876de <unknown>\n#10 0x560aeef2866b <unknown>\n#11 0x560aeef2c611 <unknown>\n#12 0x560aeef144e5 <unknown>\n#13 0x560aeef2d192 <unknown>\n#14 0x560aeeef96ef <unknown>\n#15 0x560aeef4d9d8 <unknown>\n#16 0x560aeef4dba7 <unknown>\n#17 0x560aeef5d9ec <unknown>\n#18 0x7f67329c9a94 <unknown>\n#19 0x7f6732a56a34 __clone","statusTrace":"fixturefunc = <function scrape_step at 0x7fb4d157b920>\nrequest = <FixtureRequest for <Function test_scenario_outline[StaffordshireMoorlandsDistrictCouncil]>>\nkwargs = {'context': <test_validate_council.Context object at 0x7fb4e4175c10>, 'headless_mode': 'True', 'local_browser': 'False', 'selenium_url': 'http://localhost:4444'}\n\n    def call_fixture_func(\n        fixturefunc: _FixtureFunc[FixtureValue], request: FixtureRequest, kwargs\n    ) -> FixtureValue:\n        if is_generator(fixturefunc):\n            fixturefunc = cast(\n                Callable[..., Generator[FixtureValue, None, None]], fixturefunc\n            )\n            generator = fixturefunc(**kwargs)\n            try:\n                fixture_result = next(generator)\n            except StopIteration:\n                raise ValueError(f\"{request.fixturename} did not yield a value\") from None\n            finalizer = functools.partial(_teardown_yield_fixture, fixturefunc, generator)\n            request.addfinalizer(finalizer)\n        else:\n            fixturefunc = cast(Callable[..., FixtureValue], fixturefunc)\n>           fixture_result = fixturefunc(**kwargs)\n\n../../../.cache/pypoetry/virtualenvs/uk-bin-collection-EwS6Gn8s-py3.12/lib/python3.12/site-packages/_pytest/fixtures.py:898: \n_ _ _ _ _ _ _ _ _ _ _ _ _ _ _ _ _ _ _ _ _ _ _ _ _ _ _ _ _ _ _ _ _ _ _ _ _ _ _ _ \nuk_bin_collection/tests/step_defs/test_validate_council.py:100: in scrape_step\n    context.parse_result = CollectData.run()\nuk_bin_collection/uk_bin_collection/collect_data.py:101: in run\n    return self.client_code(\nuk_bin_collection/uk_bin_collection/collect_data.py:121: in client_code\n    return get_bin_data_class.template_method(address_url, **kwargs)\nuk_bin_collection/uk_bin_collection/get_bin_data.py:61: in template_method\n    bin_data_dict = self.get_and_parse_data(this_url, **kwargs)\nuk_bin_collection/uk_bin_collection/get_bin_data.py:84: in get_and_parse_data\n    bin_data_dict = self.parse_data(\"\", url=address_url, **kwargs)\nuk_bin_collection/uk_bin_collection/councils/StaffordshireMoorlandsDistrictCouncil.py:33: in parse_data\n    cookieAccept = WebDriverWait(driver, 10).until(\n_ _ _ _ _ _ _ _ _ _ _ _ _ _ _ _ _ _ _ _ _ _ _ _ _ _ _ _ _ _ _ _ _ _ _ _ _ _ _ _ \n\nself = <selenium.webdriver.support.wait.WebDriverWait (session=\"5cd8534040eb807d223f7d7a9bf8aaa7\")>\nmethod = <function presence_of_element_located.<locals>._predicate at 0x7fb4d04a56c0>\nmessage = ''\n\n    def until(self, method: Callable[[D], Union[Literal[False], T]], message: str = \"\") -> T:\n        \"\"\"Calls the method provided with the driver as an argument until the \\\n        return value does not evaluate to ``False``.\n    \n        :param method: callable(WebDriver)\n        :param message: optional message for :exc:`TimeoutException`\n        :returns: the result of the last call to `method`\n        :raises: :exc:`selenium.common.exceptions.TimeoutException` if timeout occurs\n        \"\"\"\n        screen = None\n        stacktrace = None\n    \n        end_time = time.monotonic() + self._timeout\n        while True:\n            try:\n                value = method(self._driver)\n                if value:\n                    return value\n            except self._ignored_exceptions as exc:\n                screen = getattr(exc, \"screen\", None)\n                stacktrace = getattr(exc, \"stacktrace\", None)\n            time.sleep(self._poll)\n            if time.monotonic() > end_time:\n                break\n>       raise TimeoutException(message, screen, stacktrace)\nE       selenium.common.exceptions.TimeoutException: Message: \nE       Stacktrace:\nE       #0 0x560aeef5eb9a <unknown>\nE       #1 0x560aeec44670 <unknown>\nE       #2 0x560aeec93c48 <unknown>\nE       #3 0x560aeec93ee1 <unknown>\nE       #4 0x560aeecda924 <unknown>\nE       #5 0x560aeecb8bad <unknown>\nE       #6 0x560aeecd7dd6 <unknown>\nE       #7 0x560aeecb8923 <unknown>\nE       #8 0x560aeec866e7 <unknown>\nE       #9 0x560aeec876de <unknown>\nE       #10 0x560aeef2866b <unknown>\nE       #11 0x560aeef2c611 <unknown>\nE       #12 0x560aeef144e5 <unknown>\nE       #13 0x560aeef2d192 <unknown>\nE       #14 0x560aeeef96ef <unknown>\nE       #15 0x560aeef4d9d8 <unknown>\nE       #16 0x560aeef4dba7 <unknown>\nE       #17 0x560aeef5d9ec <unknown>\nE       #18 0x7f67329c9a94 <unknown>\nE       #19 0x7f6732a56a34 __clone\n\n../../../.cache/pypoetry/virtualenvs/uk-bin-collection-EwS6Gn8s-py3.12/lib/python3.12/site-packages/selenium/webdriver/support/wait.py:105: TimeoutException","steps":[{"name":"Given the council","time":{"start":1729297783940,"stop":1729297783941,"duration":1},"status":"passed","steps":[],"attachments":[],"parameters":[],"shouldDisplayMessage":false,"stepsCount":0,"attachmentsCount":0,"hasContent":false,"attachmentStep":false},{"name":"When we scrape the data from the council","time":{"start":1729297783941,"stop":1729297811331,"duration":27390},"status":"failed","statusMessage":"Message: \nStacktrace:\n#0 0x560aeef5eb9a <unknown>\n#1 0x560aeec44670 <unknown>\n#2 0x560aeec93c48 <unknown>\n#3 0x560aeec93ee1 <unknown>\n#4 0x560aeecda924 <unknown>\n#5 0x560aeecb8bad <unknown>\n#6 0x560aeecd7dd6 <unknown>\n#7 0x560aeecb8923 <unknown>\n#8 0x560aeec866e7 <unknown>\n#9 0x560aeec876de <unknown>\n#10 0x560aeef2866b <unknown>\n#11 0x560aeef2c611 <unknown>\n#12 0x560aeef144e5 <unknown>\n#13 0x560aeef2d192 <unknown>\n#14 0x560aeeef96ef <unknown>\n#15 0x560aeef4d9d8 <unknown>\n#16 0x560aeef4dba7 <unknown>\n#17 0x560aeef5d9ec <unknown>\n#18 0x7f67329c9a94 <unknown>\n#19 0x7f6732a56a34 __clone\n","statusTrace":"selenium.common.exceptions.TimeoutException: Message: \nStacktrace:\n#0 0x560aeef5eb9a <unknown>\n#1 0x560aeec44670 <unknown>\n#2 0x560aeec93c48 <unknown>\n#3 0x560aeec93ee1 <unknown>\n#4 0x560aeecda924 <unknown>\n#5 0x560aeecb8bad <unknown>\n#6 0x560aeecd7dd6 <unknown>\n#7 0x560aeecb8923 <unknown>\n#8 0x560aeec866e7 <unknown>\n#9 0x560aeec876de <unknown>\n#10 0x560aeef2866b <unknown>\n#11 0x560aeef2c611 <unknown>\n#12 0x560aeef144e5 <unknown>\n#13 0x560aeef2d192 <unknown>\n#14 0x560aeeef96ef <unknown>\n#15 0x560aeef4d9d8 <unknown>\n#16 0x560aeef4dba7 <unknown>\n#17 0x560aeef5d9ec <unknown>\n#18 0x7f67329c9a94 <unknown>\n#19 0x7f6732a56a34 __clone\n\n","steps":[],"attachments":[],"parameters":[],"shouldDisplayMessage":true,"stepsCount":0,"attachmentsCount":0,"hasContent":true,"attachmentStep":false}],"attachments":[{"uid":"fe13d5ec59fdb9f0","name":"stdout","source":"fe13d5ec59fdb9f0.txt","type":"text/plain","size":64}],"parameters":[],"shouldDisplayMessage":true,"stepsCount":2,"attachmentsCount":1,"hasContent":true,"attachmentStep":false},"afterStages":[],"labels":[{"name":"host","value":"fv-az1442-469"},{"name":"thread","value":"2728-MainThread"},{"name":"framework","value":"pytest-bdd"},{"name":"language","value":"cpython3"},{"name":"feature","value":"Test each council output matches expected results"},{"name":"resultFormat","value":"allure2"}],"parameters":[{"name":"council","value":"StaffordshireMoorlandsDistrictCouncil"}],"links":[],"hidden":false,"retry":false,"extra":{"severity":"normal","retries":[],"categories":[{"name":"Product defects","matchedStatuses":[],"flaky":false}],"history":{"statistic":{"failed":41,"broken":0,"skipped":0,"passed":136,"unknown":0,"total":177},"items":[{"uid":"3e170fec14e3738a","reportUrl":"https://robbrad.github.io/UKBinCollectionData/3.12/2246//#testresult/3e170fec14e3738a","status":"failed","statusDetails":"selenium.common.exceptions.TimeoutException: Message: \nStacktrace:\n#0 0x560b027a7b9a <unknown>\n#1 0x560b0248d670 <unknown>\n#2 0x560b024dcc48 <unknown>\n#3 0x560b024dcee1 <unknown>\n#4 0x560b02523924 <unknown>\n#5 0x560b02501bad <unknown>\n#6 0x560b02520dd6 <unknown>\n#7 0x560b02501923 <unknown>\n#8 0x560b024cf6e7 <unknown>\n#9 0x560b024d06de <unknown>\n#10 0x560b0277166b <unknown>\n#11 0x560b02775611 <unknown>\n#12 0x560b0275d4e5 <unknown>\n#13 0x560b02776192 <unknown>\n#14 0x560b027426ef <unknown>\n#15 0x560b027969d8 <unknown>\n#16 0x560b02796ba7 <unknown>\n#17 0x560b027a69ec <unknown>\n#18 0x7f98a79c5a94 <unknown>\n#19 0x7f98a7a52a34 __clone","time":{"start":1729211483247,"stop":1729211503399,"duration":20152}},{"uid":"47832ee0e5537542","reportUrl":"https://robbrad.github.io/UKBinCollectionData/3.12/2244//#testresult/47832ee0e5537542","status":"failed","statusDetails":"selenium.common.exceptions.TimeoutException: Message: \nStacktrace:\n#0 0x564b02690b9a <unknown>\n#1 0x564b02376670 <unknown>\n#2 0x564b023c5c48 <unknown>\n#3 0x564b023c5ee1 <unknown>\n#4 0x564b0240c924 <unknown>\n#5 0x564b023eabad <unknown>\n#6 0x564b02409dd6 <unknown>\n#7 0x564b023ea923 <unknown>\n#8 0x564b023b86e7 <unknown>\n#9 0x564b023b96de <unknown>\n#10 0x564b0265a66b <unknown>\n#11 0x564b0265e611 <unknown>\n#12 0x564b026464e5 <unknown>\n#13 0x564b0265f192 <unknown>\n#14 0x564b0262b6ef <unknown>\n#15 0x564b0267f9d8 <unknown>\n#16 0x564b0267fba7 <unknown>\n#17 0x564b0268f9ec <unknown>\n#18 0x7fbaeb8eca94 <unknown>\n#19 0x7fbaeb979a34 __clone","time":{"start":1729125056908,"stop":1729125095709,"duration":38801}},{"uid":"f0ab1b3eccee2b97","reportUrl":"https://robbrad.github.io/UKBinCollectionData/3.12/2242//#testresult/f0ab1b3eccee2b97","status":"failed","statusDetails":"selenium.common.exceptions.TimeoutException: Message: \nStacktrace:\n#0 0x56167572cb9a <unknown>\n#1 0x561675412670 <unknown>\n#2 0x561675461c48 <unknown>\n#3 0x561675461ee1 <unknown>\n#4 0x5616754a8924 <unknown>\n#5 0x561675486bad <unknown>\n#6 0x5616754a5dd6 <unknown>\n#7 0x561675486923 <unknown>\n#8 0x5616754546e7 <unknown>\n#9 0x5616754556de <unknown>\n#10 0x5616756f666b <unknown>\n#11 0x5616756fa611 <unknown>\n#12 0x5616756e24e5 <unknown>\n#13 0x5616756fb192 <unknown>\n#14 0x5616756c76ef <unknown>\n#15 0x56167571b9d8 <unknown>\n#16 0x56167571bba7 <unknown>\n#17 0x56167572b9ec <unknown>\n#18 0x7fd311a29a94 <unknown>\n#19 0x7fd311ab6a34 __clone","time":{"start":1729112770252,"stop":1729112802326,"duration":32074}},{"uid":"142453b368f4915e","reportUrl":"https://robbrad.github.io/UKBinCollectionData/3.12/2237//#testresult/142453b368f4915e","status":"failed","statusDetails":"selenium.common.exceptions.SessionNotCreatedException: Message: Could not start a new session. New session request timed out \nHost info: host: 'selenium', ip: '172.18.0.2'\nBuild info: version: '4.25.0', revision: '030fcf7918'\nSystem info: os.name: 'Linux', os.arch: 'amd64', os.version: '6.8.0-1015-azure', java.version: '17.0.12'\nDriver info: driver.version: unknown\nStacktrace:\n    at org.openqa.selenium.grid.sessionqueue.local.LocalNewSessionQueue.addToQueue (LocalNewSessionQueue.java:221)\n    at org.openqa.selenium.grid.sessionqueue.NewSessionQueue.lambda$new$0 (NewSessionQueue.java:68)\n    at org.openqa.selenium.remote.http.Route$TemplatizedRoute.handle (Route.java:192)\n    at org.openqa.selenium.remote.http.Route.execute (Route.java:69)\n    at org.openqa.selenium.remote.http.Route$CombinedRoute.handle (Route.java:360)\n    at org.openqa.selenium.remote.http.Route.execute (Route.java:69)\n    at org.openqa.selenium.grid.sessionqueue.NewSessionQueue.execute (NewSessionQueue.java:128)\n    at org.openqa.selenium.remote.tracing.SpanWrappedHttpHandler.execute (SpanWrappedHttpHandler.java:87)\n    at org.openqa.selenium.remote.http.Filter$1.execute (Filter.java:63)\n    at org.openqa.selenium.remote.http.Route$CombinedRoute.handle (Route.java:360)\n    at org.openqa.selenium.remote.http.Route.execute (Route.java:69)\n    at org.openqa.selenium.grid.router.Router.execute (Router.java:87)\n    at org.openqa.selenium.grid.web.EnsureSpecCompliantResponseHeaders.lambda$apply$0 (EnsureSpecCompliantResponseHeaders.java:34)\n    at org.openqa.selenium.remote.http.Filter$1.execute (Filter.java:63)\n    at org.openqa.selenium.remote.http.Route$CombinedRoute.handle (Route.java:360)\n    at org.openqa.selenium.remote.http.Route.execute (Route.java:69)\n    at org.openqa.selenium.remote.AddWebDriverSpecHeaders.lambda$apply$0 (AddWebDriverSpecHeaders.java:35)\n    at org.openqa.selenium.remote.ErrorFilter.lambda$apply$0 (ErrorFilter.java:44)\n    at org.openqa.selenium.remote.http.Filter$1.execute (Filter.java:63)\n    at org.openqa.selenium.remote.ErrorFilter.lambda$apply$0 (ErrorFilter.java:44)\n    at org.openqa.selenium.remote.http.Filter$1.execute (Filter.java:63)\n    at org.openqa.selenium.netty.server.SeleniumHandler.lambda$channelRead0$0 (SeleniumHandler.java:44)\n    at java.util.concurrent.Executors$RunnableAdapter.call (Executors.java:539)\n    at java.util.concurrent.FutureTask.run (FutureTask.java:264)\n    at java.util.concurrent.ThreadPoolExecutor.runWorker (ThreadPoolExecutor.java:1136)\n    at java.util.concurrent.ThreadPoolExecutor$Worker.run (ThreadPoolExecutor.java:635)\n    at java.lang.Thread.run (Thread.java:840)","time":{"start":1729038345127,"stop":1729038645188,"duration":300061}},{"uid":"8e4695f82113662c","reportUrl":"https://robbrad.github.io/UKBinCollectionData/3.12/2233//#testresult/8e4695f82113662c","status":"failed","statusDetails":"selenium.common.exceptions.TimeoutException: Message: \nStacktrace:\n#0 0x55bee42a6b9a <unknown>\n#1 0x55bee3f8c670 <unknown>\n#2 0x55bee3fdbc48 <unknown>\n#3 0x55bee3fdbee1 <unknown>\n#4 0x55bee4022924 <unknown>\n#5 0x55bee4000bad <unknown>\n#6 0x55bee401fdd6 <unknown>\n#7 0x55bee4000923 <unknown>\n#8 0x55bee3fce6e7 <unknown>\n#9 0x55bee3fcf6de <unknown>\n#10 0x55bee427066b <unknown>\n#11 0x55bee4274611 <unknown>\n#12 0x55bee425c4e5 <unknown>\n#13 0x55bee4275192 <unknown>\n#14 0x55bee42416ef <unknown>\n#15 0x55bee42959d8 <unknown>\n#16 0x55bee4295ba7 <unknown>\n#17 0x55bee42a59ec <unknown>\n#18 0x7f0acfc75a94 <unknown>\n#19 0x7f0acfd02a34 __clone","time":{"start":1728952348783,"stop":1728952398814,"duration":50031}},{"uid":"2bfdf0e55ffae0ec","reportUrl":"https://robbrad.github.io/UKBinCollectionData/3.12/2227//#testresult/2bfdf0e55ffae0ec","status":"failed","statusDetails":"selenium.common.exceptions.SessionNotCreatedException: Message: Could not start a new session. New session request timed out \nHost info: host: 'selenium', ip: '172.18.0.2'\nBuild info: version: '4.25.0', revision: '030fcf7918'\nSystem info: os.name: 'Linux', os.arch: 'amd64', os.version: '6.5.0-1025-azure', java.version: '17.0.12'\nDriver info: driver.version: unknown\nStacktrace:\n    at org.openqa.selenium.grid.sessionqueue.local.LocalNewSessionQueue.addToQueue (LocalNewSessionQueue.java:221)\n    at org.openqa.selenium.grid.sessionqueue.NewSessionQueue.lambda$new$0 (NewSessionQueue.java:68)\n    at org.openqa.selenium.remote.http.Route$TemplatizedRoute.handle (Route.java:192)\n    at org.openqa.selenium.remote.http.Route.execute (Route.java:69)\n    at org.openqa.selenium.remote.http.Route$CombinedRoute.handle (Route.java:360)\n    at org.openqa.selenium.remote.http.Route.execute (Route.java:69)\n    at org.openqa.selenium.grid.sessionqueue.NewSessionQueue.execute (NewSessionQueue.java:128)\n    at org.openqa.selenium.remote.tracing.SpanWrappedHttpHandler.execute (SpanWrappedHttpHandler.java:87)\n    at org.openqa.selenium.remote.http.Filter$1.execute (Filter.java:63)\n    at org.openqa.selenium.remote.http.Route$CombinedRoute.handle (Route.java:360)\n    at org.openqa.selenium.remote.http.Route.execute (Route.java:69)\n    at org.openqa.selenium.grid.router.Router.execute (Router.java:87)\n    at org.openqa.selenium.grid.web.EnsureSpecCompliantResponseHeaders.lambda$apply$0 (EnsureSpecCompliantResponseHeaders.java:34)\n    at org.openqa.selenium.remote.http.Filter$1.execute (Filter.java:63)\n    at org.openqa.selenium.remote.http.Route$CombinedRoute.handle (Route.java:360)\n    at org.openqa.selenium.remote.http.Route.execute (Route.java:69)\n    at org.openqa.selenium.remote.AddWebDriverSpecHeaders.lambda$apply$0 (AddWebDriverSpecHeaders.java:35)\n    at org.openqa.selenium.remote.ErrorFilter.lambda$apply$0 (ErrorFilter.java:44)\n    at org.openqa.selenium.remote.http.Filter$1.execute (Filter.java:63)\n    at org.openqa.selenium.remote.ErrorFilter.lambda$apply$0 (ErrorFilter.java:44)\n    at org.openqa.selenium.remote.http.Filter$1.execute (Filter.java:63)\n    at org.openqa.selenium.netty.server.SeleniumHandler.lambda$channelRead0$0 (SeleniumHandler.java:44)\n    at java.util.concurrent.Executors$RunnableAdapter.call (Executors.java:539)\n    at java.util.concurrent.FutureTask.run (FutureTask.java:264)\n    at java.util.concurrent.ThreadPoolExecutor.runWorker (ThreadPoolExecutor.java:1136)\n    at java.util.concurrent.ThreadPoolExecutor$Worker.run (ThreadPoolExecutor.java:635)\n    at java.lang.Thread.run (Thread.java:840)","time":{"start":1728865562103,"stop":1728865862147,"duration":300044}},{"uid":"257ebb313e2ba0e8","reportUrl":"https://robbrad.github.io/UKBinCollectionData/3.12/2214//#testresult/257ebb313e2ba0e8","status":"failed","statusDetails":"selenium.common.exceptions.TimeoutException: Message: \nStacktrace:\n#0 0x559f0f0f9b9a <unknown>\n#1 0x559f0eddf670 <unknown>\n#2 0x559f0ee2ec48 <unknown>\n#3 0x559f0ee2eee1 <unknown>\n#4 0x559f0ee75924 <unknown>\n#5 0x559f0ee53bad <unknown>\n#6 0x559f0ee72dd6 <unknown>\n#7 0x559f0ee53923 <unknown>\n#8 0x559f0ee216e7 <unknown>\n#9 0x559f0ee226de <unknown>\n#10 0x559f0f0c366b <unknown>\n#11 0x559f0f0c7611 <unknown>\n#12 0x559f0f0af4e5 <unknown>\n#13 0x559f0f0c8192 <unknown>\n#14 0x559f0f0946ef <unknown>\n#15 0x559f0f0e89d8 <unknown>\n#16 0x559f0f0e8ba7 <unknown>\n#17 0x559f0f0f89ec <unknown>\n#18 0x7f391c77ea94 <unknown>\n#19 0x7f391c80ba34 __clone","time":{"start":1728778911334,"stop":1728779202355,"duration":291021}},{"uid":"8ba17524975380ec","reportUrl":"https://robbrad.github.io/UKBinCollectionData/3.12/2211//#testresult/8ba17524975380ec","status":"failed","statusDetails":"selenium.common.exceptions.SessionNotCreatedException: Message: Could not start a new session. New session request timed out \nHost info: host: 'selenium', ip: '172.18.0.2'\nBuild info: version: '4.25.0', revision: '030fcf7918'\nSystem info: os.name: 'Linux', os.arch: 'amd64', os.version: '6.5.0-1025-azure', java.version: '17.0.12'\nDriver info: driver.version: unknown\nStacktrace:\n    at org.openqa.selenium.grid.sessionqueue.local.LocalNewSessionQueue.addToQueue (LocalNewSessionQueue.java:221)\n    at org.openqa.selenium.grid.sessionqueue.NewSessionQueue.lambda$new$0 (NewSessionQueue.java:68)\n    at org.openqa.selenium.remote.http.Route$TemplatizedRoute.handle (Route.java:192)\n    at org.openqa.selenium.remote.http.Route.execute (Route.java:69)\n    at org.openqa.selenium.remote.http.Route$CombinedRoute.handle (Route.java:360)\n    at org.openqa.selenium.remote.http.Route.execute (Route.java:69)\n    at org.openqa.selenium.grid.sessionqueue.NewSessionQueue.execute (NewSessionQueue.java:128)\n    at org.openqa.selenium.remote.tracing.SpanWrappedHttpHandler.execute (SpanWrappedHttpHandler.java:87)\n    at org.openqa.selenium.remote.http.Filter$1.execute (Filter.java:63)\n    at org.openqa.selenium.remote.http.Route$CombinedRoute.handle (Route.java:360)\n    at org.openqa.selenium.remote.http.Route.execute (Route.java:69)\n    at org.openqa.selenium.grid.router.Router.execute (Router.java:87)\n    at org.openqa.selenium.grid.web.EnsureSpecCompliantResponseHeaders.lambda$apply$0 (EnsureSpecCompliantResponseHeaders.java:34)\n    at org.openqa.selenium.remote.http.Filter$1.execute (Filter.java:63)\n    at org.openqa.selenium.remote.http.Route$CombinedRoute.handle (Route.java:360)\n    at org.openqa.selenium.remote.http.Route.execute (Route.java:69)\n    at org.openqa.selenium.remote.AddWebDriverSpecHeaders.lambda$apply$0 (AddWebDriverSpecHeaders.java:35)\n    at org.openqa.selenium.remote.ErrorFilter.lambda$apply$0 (ErrorFilter.java:44)\n    at org.openqa.selenium.remote.http.Filter$1.execute (Filter.java:63)\n    at org.openqa.selenium.remote.ErrorFilter.lambda$apply$0 (ErrorFilter.java:44)\n    at org.openqa.selenium.remote.http.Filter$1.execute (Filter.java:63)\n    at org.openqa.selenium.netty.server.SeleniumHandler.lambda$channelRead0$0 (SeleniumHandler.java:44)\n    at java.util.concurrent.Executors$RunnableAdapter.call (Executors.java:539)\n    at java.util.concurrent.FutureTask.run (FutureTask.java:264)\n    at java.util.concurrent.ThreadPoolExecutor.runWorker (ThreadPoolExecutor.java:1136)\n    at java.util.concurrent.ThreadPoolExecutor$Worker.run (ThreadPoolExecutor.java:635)\n    at java.lang.Thread.run (Thread.java:840)","time":{"start":1728693171455,"stop":1728693471497,"duration":300042}},{"uid":"cb9a427080432893","reportUrl":"https://robbrad.github.io/UKBinCollectionData/3.12/2210//#testresult/cb9a427080432893","status":"failed","statusDetails":"selenium.common.exceptions.SessionNotCreatedException: Message: Could not start a new session. New session request timed out \nHost info: host: 'selenium', ip: '172.18.0.2'\nBuild info: version: '4.25.0', revision: '030fcf7918'\nSystem info: os.name: 'Linux', os.arch: 'amd64', os.version: '6.5.0-1025-azure', java.version: '17.0.12'\nDriver info: driver.version: unknown\nStacktrace:\n    at org.openqa.selenium.grid.sessionqueue.local.LocalNewSessionQueue.addToQueue (LocalNewSessionQueue.java:221)\n    at org.openqa.selenium.grid.sessionqueue.NewSessionQueue.lambda$new$0 (NewSessionQueue.java:68)\n    at org.openqa.selenium.remote.http.Route$TemplatizedRoute.handle (Route.java:192)\n    at org.openqa.selenium.remote.http.Route.execute (Route.java:69)\n    at org.openqa.selenium.remote.http.Route$CombinedRoute.handle (Route.java:360)\n    at org.openqa.selenium.remote.http.Route.execute (Route.java:69)\n    at org.openqa.selenium.grid.sessionqueue.NewSessionQueue.execute (NewSessionQueue.java:128)\n    at org.openqa.selenium.remote.tracing.SpanWrappedHttpHandler.execute (SpanWrappedHttpHandler.java:87)\n    at org.openqa.selenium.remote.http.Filter$1.execute (Filter.java:63)\n    at org.openqa.selenium.remote.http.Route$CombinedRoute.handle (Route.java:360)\n    at org.openqa.selenium.remote.http.Route.execute (Route.java:69)\n    at org.openqa.selenium.grid.router.Router.execute (Router.java:87)\n    at org.openqa.selenium.grid.web.EnsureSpecCompliantResponseHeaders.lambda$apply$0 (EnsureSpecCompliantResponseHeaders.java:34)\n    at org.openqa.selenium.remote.http.Filter$1.execute (Filter.java:63)\n    at org.openqa.selenium.remote.http.Route$CombinedRoute.handle (Route.java:360)\n    at org.openqa.selenium.remote.http.Route.execute (Route.java:69)\n    at org.openqa.selenium.remote.AddWebDriverSpecHeaders.lambda$apply$0 (AddWebDriverSpecHeaders.java:35)\n    at org.openqa.selenium.remote.ErrorFilter.lambda$apply$0 (ErrorFilter.java:44)\n    at org.openqa.selenium.remote.http.Filter$1.execute (Filter.java:63)\n    at org.openqa.selenium.remote.ErrorFilter.lambda$apply$0 (ErrorFilter.java:44)\n    at org.openqa.selenium.remote.http.Filter$1.execute (Filter.java:63)\n    at org.openqa.selenium.netty.server.SeleniumHandler.lambda$channelRead0$0 (SeleniumHandler.java:44)\n    at java.util.concurrent.Executors$RunnableAdapter.call (Executors.java:539)\n    at java.util.concurrent.FutureTask.run (FutureTask.java:264)\n    at java.util.concurrent.ThreadPoolExecutor.runWorker (ThreadPoolExecutor.java:1136)\n    at java.util.concurrent.ThreadPoolExecutor$Worker.run (ThreadPoolExecutor.java:635)\n    at java.lang.Thread.run (Thread.java:840)","time":{"start":1728606120953,"stop":1728606421218,"duration":300265}},{"uid":"65f1e06bb9485c14","reportUrl":"https://robbrad.github.io/UKBinCollectionData/3.12/2199//#testresult/65f1e06bb9485c14","status":"failed","statusDetails":"selenium.common.exceptions.TimeoutException: Message: \nStacktrace:\n#0 0x55eb1325b13a <unknown>\n#1 0x55eb12f415e0 <unknown>\n#2 0x55eb12f90be8 <unknown>\n#3 0x55eb12f90e81 <unknown>\n#4 0x55eb12fd78c4 <unknown>\n#5 0x55eb12fb5b4d <unknown>\n#6 0x55eb12fd4d7d <unknown>\n#7 0x55eb12fb58c3 <unknown>\n#8 0x55eb12f836b3 <unknown>\n#9 0x55eb12f8468e <unknown>\n#10 0x55eb13225b3b <unknown>\n#11 0x55eb13229ac1 <unknown>\n#12 0x55eb13212335 <unknown>\n#13 0x55eb1322a642 <unknown>\n#14 0x55eb131f749f <unknown>\n#15 0x55eb1324a038 <unknown>\n#16 0x55eb1324a203 <unknown>\n#17 0x55eb13259f8c <unknown>\n#18 0x7f6c8d288a94 <unknown>\n#19 0x7f6c8d315a34 __clone","time":{"start":1728519775975,"stop":1728520062005,"duration":286030}},{"uid":"db22250b052cf5b3","reportUrl":"https://robbrad.github.io/UKBinCollectionData/3.12/2188//#testresult/db22250b052cf5b3","status":"failed","statusDetails":"selenium.common.exceptions.TimeoutException: Message: \nStacktrace:\n#0 0x55ccdccbc13a <unknown>\n#1 0x55ccdc9a25e0 <unknown>\n#2 0x55ccdc9f1be8 <unknown>\n#3 0x55ccdc9f1e81 <unknown>\n#4 0x55ccdca388c4 <unknown>\n#5 0x55ccdca16b4d <unknown>\n#6 0x55ccdca35d7d <unknown>\n#7 0x55ccdca168c3 <unknown>\n#8 0x55ccdc9e46b3 <unknown>\n#9 0x55ccdc9e568e <unknown>\n#10 0x55ccdcc86b3b <unknown>\n#11 0x55ccdcc8aac1 <unknown>\n#12 0x55ccdcc73335 <unknown>\n#13 0x55ccdcc8b642 <unknown>\n#14 0x55ccdcc5849f <unknown>\n#15 0x55ccdccab038 <unknown>\n#16 0x55ccdccab203 <unknown>\n#17 0x55ccdccbaf8c <unknown>\n#18 0x7fe83aa79a94 <unknown>\n#19 0x7fe83ab06a34 __clone","time":{"start":1728433357929,"stop":1728433668999,"duration":311070}},{"uid":"5f50eeae2056cb19","reportUrl":"https://robbrad.github.io/UKBinCollectionData/3.12/2169//#testresult/5f50eeae2056cb19","status":"failed","statusDetails":"selenium.common.exceptions.TimeoutException: Message: \nStacktrace:\n#0 0x557ee1e5513a <unknown>\n#1 0x557ee1b3b5e0 <unknown>\n#2 0x557ee1b8abe8 <unknown>\n#3 0x557ee1b8ae81 <unknown>\n#4 0x557ee1bd18c4 <unknown>\n#5 0x557ee1bafb4d <unknown>\n#6 0x557ee1bced7d <unknown>\n#7 0x557ee1baf8c3 <unknown>\n#8 0x557ee1b7d6b3 <unknown>\n#9 0x557ee1b7e68e <unknown>\n#10 0x557ee1e1fb3b <unknown>\n#11 0x557ee1e23ac1 <unknown>\n#12 0x557ee1e0c335 <unknown>\n#13 0x557ee1e24642 <unknown>\n#14 0x557ee1df149f <unknown>\n#15 0x557ee1e44038 <unknown>\n#16 0x557ee1e44203 <unknown>\n#17 0x557ee1e53f8c <unknown>\n#18 0x7f976c067a94 <unknown>\n#19 0x7f976c0f4a34 __clone","time":{"start":1728333671913,"stop":1728333688387,"duration":16474}},{"uid":"1721c687def64b1b","reportUrl":"https://robbrad.github.io/UKBinCollectionData/3.12/2165//#testresult/1721c687def64b1b","status":"failed","statusDetails":"selenium.common.exceptions.TimeoutException: Message: \nStacktrace:\n#0 0x564e973ea13a <unknown>\n#1 0x564e970d05e0 <unknown>\n#2 0x564e9711fbe8 <unknown>\n#3 0x564e9711fe81 <unknown>\n#4 0x564e971668c4 <unknown>\n#5 0x564e97144b4d <unknown>\n#6 0x564e97163d7d <unknown>\n#7 0x564e971448c3 <unknown>\n#8 0x564e971126b3 <unknown>\n#9 0x564e9711368e <unknown>\n#10 0x564e973b4b3b <unknown>\n#11 0x564e973b8ac1 <unknown>\n#12 0x564e973a1335 <unknown>\n#13 0x564e973b9642 <unknown>\n#14 0x564e9738649f <unknown>\n#15 0x564e973d9038 <unknown>\n#16 0x564e973d9203 <unknown>\n#17 0x564e973e8f8c <unknown>\n#18 0x7f9f06651a94 <unknown>\n#19 0x7f9f066dea34 __clone","time":{"start":1728261160360,"stop":1728261202519,"duration":42159}},{"uid":"89c28080bd59a5d7","reportUrl":"https://robbrad.github.io/UKBinCollectionData/3.12/2164//#testresult/89c28080bd59a5d7","status":"failed","statusDetails":"selenium.common.exceptions.SessionNotCreatedException: Message: Could not start a new session. New session request timed out \nHost info: host: 'selenium', ip: '172.18.0.2'\nBuild info: version: '4.25.0', revision: '030fcf7918'\nSystem info: os.name: 'Linux', os.arch: 'amd64', os.version: '6.8.0-1014-azure', java.version: '17.0.12'\nDriver info: driver.version: unknown\nStacktrace:\n    at org.openqa.selenium.grid.sessionqueue.local.LocalNewSessionQueue.addToQueue (LocalNewSessionQueue.java:221)\n    at org.openqa.selenium.grid.sessionqueue.NewSessionQueue.lambda$new$0 (NewSessionQueue.java:68)\n    at org.openqa.selenium.remote.http.Route$TemplatizedRoute.handle (Route.java:192)\n    at org.openqa.selenium.remote.http.Route.execute (Route.java:69)\n    at org.openqa.selenium.remote.http.Route$CombinedRoute.handle (Route.java:360)\n    at org.openqa.selenium.remote.http.Route.execute (Route.java:69)\n    at org.openqa.selenium.grid.sessionqueue.NewSessionQueue.execute (NewSessionQueue.java:128)\n    at org.openqa.selenium.remote.tracing.SpanWrappedHttpHandler.execute (SpanWrappedHttpHandler.java:87)\n    at org.openqa.selenium.remote.http.Filter$1.execute (Filter.java:63)\n    at org.openqa.selenium.remote.http.Route$CombinedRoute.handle (Route.java:360)\n    at org.openqa.selenium.remote.http.Route.execute (Route.java:69)\n    at org.openqa.selenium.grid.router.Router.execute (Router.java:87)\n    at org.openqa.selenium.grid.web.EnsureSpecCompliantResponseHeaders.lambda$apply$0 (EnsureSpecCompliantResponseHeaders.java:34)\n    at org.openqa.selenium.remote.http.Filter$1.execute (Filter.java:63)\n    at org.openqa.selenium.remote.http.Route$CombinedRoute.handle (Route.java:360)\n    at org.openqa.selenium.remote.http.Route.execute (Route.java:69)\n    at org.openqa.selenium.remote.AddWebDriverSpecHeaders.lambda$apply$0 (AddWebDriverSpecHeaders.java:35)\n    at org.openqa.selenium.remote.ErrorFilter.lambda$apply$0 (ErrorFilter.java:44)\n    at org.openqa.selenium.remote.http.Filter$1.execute (Filter.java:63)\n    at org.openqa.selenium.remote.ErrorFilter.lambda$apply$0 (ErrorFilter.java:44)\n    at org.openqa.selenium.remote.http.Filter$1.execute (Filter.java:63)\n    at org.openqa.selenium.netty.server.SeleniumHandler.lambda$channelRead0$0 (SeleniumHandler.java:44)\n    at java.util.concurrent.Executors$RunnableAdapter.call (Executors.java:539)\n    at java.util.concurrent.FutureTask.run (FutureTask.java:264)\n    at java.util.concurrent.ThreadPoolExecutor.runWorker (ThreadPoolExecutor.java:1136)\n    at java.util.concurrent.ThreadPoolExecutor$Worker.run (ThreadPoolExecutor.java:635)\n    at java.lang.Thread.run (Thread.java:840)","time":{"start":1728174217561,"stop":1728174517601,"duration":300040}},{"uid":"71877967ed49806e","reportUrl":"https://robbrad.github.io/UKBinCollectionData/3.12/2160//#testresult/71877967ed49806e","status":"failed","statusDetails":"selenium.common.exceptions.SessionNotCreatedException: Message: Could not start a new session. New session request timed out \nHost info: host: 'selenium', ip: '172.18.0.2'\nBuild info: version: '4.25.0', revision: '030fcf7918'\nSystem info: os.name: 'Linux', os.arch: 'amd64', os.version: '6.8.0-1014-azure', java.version: '17.0.12'\nDriver info: driver.version: unknown\nStacktrace:\n    at org.openqa.selenium.grid.sessionqueue.local.LocalNewSessionQueue.addToQueue (LocalNewSessionQueue.java:221)\n    at org.openqa.selenium.grid.sessionqueue.NewSessionQueue.lambda$new$0 (NewSessionQueue.java:68)\n    at org.openqa.selenium.remote.http.Route$TemplatizedRoute.handle (Route.java:192)\n    at org.openqa.selenium.remote.http.Route.execute (Route.java:69)\n    at org.openqa.selenium.remote.http.Route$CombinedRoute.handle (Route.java:360)\n    at org.openqa.selenium.remote.http.Route.execute (Route.java:69)\n    at org.openqa.selenium.grid.sessionqueue.NewSessionQueue.execute (NewSessionQueue.java:128)\n    at org.openqa.selenium.remote.tracing.SpanWrappedHttpHandler.execute (SpanWrappedHttpHandler.java:87)\n    at org.openqa.selenium.remote.http.Filter$1.execute (Filter.java:63)\n    at org.openqa.selenium.remote.http.Route$CombinedRoute.handle (Route.java:360)\n    at org.openqa.selenium.remote.http.Route.execute (Route.java:69)\n    at org.openqa.selenium.grid.router.Router.execute (Router.java:87)\n    at org.openqa.selenium.grid.web.EnsureSpecCompliantResponseHeaders.lambda$apply$0 (EnsureSpecCompliantResponseHeaders.java:34)\n    at org.openqa.selenium.remote.http.Filter$1.execute (Filter.java:63)\n    at org.openqa.selenium.remote.http.Route$CombinedRoute.handle (Route.java:360)\n    at org.openqa.selenium.remote.http.Route.execute (Route.java:69)\n    at org.openqa.selenium.remote.AddWebDriverSpecHeaders.lambda$apply$0 (AddWebDriverSpecHeaders.java:35)\n    at org.openqa.selenium.remote.ErrorFilter.lambda$apply$0 (ErrorFilter.java:44)\n    at org.openqa.selenium.remote.http.Filter$1.execute (Filter.java:63)\n    at org.openqa.selenium.remote.ErrorFilter.lambda$apply$0 (ErrorFilter.java:44)\n    at org.openqa.selenium.remote.http.Filter$1.execute (Filter.java:63)\n    at org.openqa.selenium.netty.server.SeleniumHandler.lambda$channelRead0$0 (SeleniumHandler.java:44)\n    at java.util.concurrent.Executors$RunnableAdapter.call (Executors.java:539)\n    at java.util.concurrent.FutureTask.run (FutureTask.java:264)\n    at java.util.concurrent.ThreadPoolExecutor.runWorker (ThreadPoolExecutor.java:1136)\n    at java.util.concurrent.ThreadPoolExecutor$Worker.run (ThreadPoolExecutor.java:635)\n    at java.lang.Thread.run (Thread.java:840)","time":{"start":1728087718642,"stop":1728088018772,"duration":300130}},{"uid":"ebee7f7949672a1","reportUrl":"https://robbrad.github.io/UKBinCollectionData/3.12/2152//#testresult/ebee7f7949672a1","status":"failed","statusDetails":"selenium.common.exceptions.TimeoutException: Message: \nStacktrace:\n#0 0x55cdfad3213a <unknown>\n#1 0x55cdfaa185e0 <unknown>\n#2 0x55cdfaa67be8 <unknown>\n#3 0x55cdfaa67e81 <unknown>\n#4 0x55cdfaaae8c4 <unknown>\n#5 0x55cdfaa8cb4d <unknown>\n#6 0x55cdfaaabd7d <unknown>\n#7 0x55cdfaa8c8c3 <unknown>\n#8 0x55cdfaa5a6b3 <unknown>\n#9 0x55cdfaa5b68e <unknown>\n#10 0x55cdfacfcb3b <unknown>\n#11 0x55cdfad00ac1 <unknown>\n#12 0x55cdface9335 <unknown>\n#13 0x55cdfad01642 <unknown>\n#14 0x55cdfacce49f <unknown>\n#15 0x55cdfad21038 <unknown>\n#16 0x55cdfad21203 <unknown>\n#17 0x55cdfad30f8c <unknown>\n#18 0x7fac43259a94 <unknown>\n#19 0x7fac432e6a34 __clone","time":{"start":1728001611197,"stop":1728001657925,"duration":46728}},{"uid":"2a6be5b4905f6133","reportUrl":"https://robbrad.github.io/UKBinCollectionData/3.12/2148//#testresult/2a6be5b4905f6133","status":"failed","statusDetails":"selenium.common.exceptions.TimeoutException: Message: \nStacktrace:\n#0 0x5581dfcdb13a <unknown>\n#1 0x5581df9c15e0 <unknown>\n#2 0x5581dfa10be8 <unknown>\n#3 0x5581dfa10e81 <unknown>\n#4 0x5581dfa578c4 <unknown>\n#5 0x5581dfa35b4d <unknown>\n#6 0x5581dfa54d7d <unknown>\n#7 0x5581dfa358c3 <unknown>\n#8 0x5581dfa036b3 <unknown>\n#9 0x5581dfa0468e <unknown>\n#10 0x5581dfca5b3b <unknown>\n#11 0x5581dfca9ac1 <unknown>\n#12 0x5581dfc92335 <unknown>\n#13 0x5581dfcaa642 <unknown>\n#14 0x5581dfc7749f <unknown>\n#15 0x5581dfcca038 <unknown>\n#16 0x5581dfcca203 <unknown>\n#17 0x5581dfcd9f8c <unknown>\n#18 0x7fdab7845a94 <unknown>\n#19 0x7fdab78d2a34 __clone","time":{"start":1727933584614,"stop":1727933626836,"duration":42222}},{"uid":"8cbd7123c26b4e4","reportUrl":"https://robbrad.github.io/UKBinCollectionData/3.12/2146//#testresult/8cbd7123c26b4e4","status":"failed","statusDetails":"selenium.common.exceptions.TimeoutException: Message: \nStacktrace:\n#0 0x556e1e74313a <unknown>\n#1 0x556e1e4295e0 <unknown>\n#2 0x556e1e478be8 <unknown>\n#3 0x556e1e478e81 <unknown>\n#4 0x556e1e4bf8c4 <unknown>\n#5 0x556e1e49db4d <unknown>\n#6 0x556e1e4bcd7d <unknown>\n#7 0x556e1e49d8c3 <unknown>\n#8 0x556e1e46b6b3 <unknown>\n#9 0x556e1e46c68e <unknown>\n#10 0x556e1e70db3b <unknown>\n#11 0x556e1e711ac1 <unknown>\n#12 0x556e1e6fa335 <unknown>\n#13 0x556e1e712642 <unknown>\n#14 0x556e1e6df49f <unknown>\n#15 0x556e1e732038 <unknown>\n#16 0x556e1e732203 <unknown>\n#17 0x556e1e741f8c <unknown>\n#18 0x7f9a73546a94 <unknown>\n#19 0x7f9a735d3a34 __clone","time":{"start":1727914850952,"stop":1727915101794,"duration":250842}},{"uid":"b29559d8c9ef4249","reportUrl":"https://robbrad.github.io/UKBinCollectionData/3.12/2139//#testresult/b29559d8c9ef4249","status":"failed","statusDetails":"selenium.common.exceptions.TimeoutException: Message: \nStacktrace:\n#0 0x5625cc84e13a <unknown>\n#1 0x5625cc5345e0 <unknown>\n#2 0x5625cc583be8 <unknown>\n#3 0x5625cc583e81 <unknown>\n#4 0x5625cc5ca8c4 <unknown>\n#5 0x5625cc5a8b4d <unknown>\n#6 0x5625cc5c7d7d <unknown>\n#7 0x5625cc5a88c3 <unknown>\n#8 0x5625cc5766b3 <unknown>\n#9 0x5625cc57768e <unknown>\n#10 0x5625cc818b3b <unknown>\n#11 0x5625cc81cac1 <unknown>\n#12 0x5625cc805335 <unknown>\n#13 0x5625cc81d642 <unknown>\n#14 0x5625cc7ea49f <unknown>\n#15 0x5625cc83d038 <unknown>\n#16 0x5625cc83d203 <unknown>\n#17 0x5625cc84cf8c <unknown>\n#18 0x7fa39f9aca94 <unknown>\n#19 0x7fa39fa39a34 __clone","time":{"start":1727828370046,"stop":1727828644026,"duration":273980}},{"uid":"531472a8327beee3","reportUrl":"https://robbrad.github.io/UKBinCollectionData/3.12/2138//#testresult/531472a8327beee3","status":"passed","time":{"start":1727742027820,"stop":1727742315433,"duration":287613}}]},"tags":[]},"source":"e003d375cca7c3b6.json","parameterValues":["StaffordshireMoorlandsDistrictCouncil"]}