{"uid":"13c61ddb6542d257","name":"Validate Council Output [CalderdaleCouncil]","fullName":"features/validate_council_outputs.feature:Validate Council Output","historyId":"1b9aa52f7d9bfc9f284315c06170da9f","time":{"start":1728605194026,"stop":1728605475341,"duration":281315},"status":"failed","statusMessage":"selenium.common.exceptions.TimeoutException: Message: \nStacktrace:\n#0 0x559a326e3b9a <unknown>\n#1 0x559a323c9670 <unknown>\n#2 0x559a32418c48 <unknown>\n#3 0x559a32418ee1 <unknown>\n#4 0x559a3245f924 <unknown>\n#5 0x559a3243dbad <unknown>\n#6 0x559a3245cdd6 <unknown>\n#7 0x559a3243d923 <unknown>\n#8 0x559a3240b6e7 <unknown>\n#9 0x559a3240c6de <unknown>\n#10 0x559a326ad66b <unknown>\n#11 0x559a326b1611 <unknown>\n#12 0x559a326994e5 <unknown>\n#13 0x559a326b2192 <unknown>\n#14 0x559a3267e6ef <unknown>\n#15 0x559a326d29d8 <unknown>\n#16 0x559a326d2ba7 <unknown>\n#17 0x559a326e29ec <unknown>\n#18 0x7fdc91d7fa94 <unknown>\n#19 0x7fdc91e0ca34 __clone","statusTrace":"fixturefunc = <function scrape_step at 0x7fe0e499fa60>\nrequest = <FixtureRequest for <Function test_scenario_outline[CalderdaleCouncil]>>\nkwargs = {'context': <test_validate_council.Context object at 0x7fe0f4998a40>, 'headless_mode': 'True', 'local_browser': 'False', 'selenium_url': 'http://localhost:4444'}\n\n    def call_fixture_func(\n        fixturefunc: _FixtureFunc[FixtureValue], request: FixtureRequest, kwargs\n    ) -> FixtureValue:\n        if is_generator(fixturefunc):\n            fixturefunc = cast(\n                Callable[..., Generator[FixtureValue, None, None]], fixturefunc\n            )\n            generator = fixturefunc(**kwargs)\n            try:\n                fixture_result = next(generator)\n            except StopIteration:\n                raise ValueError(f\"{request.fixturename} did not yield a value\") from None\n            finalizer = functools.partial(_teardown_yield_fixture, fixturefunc, generator)\n            request.addfinalizer(finalizer)\n        else:\n            fixturefunc = cast(Callable[..., FixtureValue], fixturefunc)\n>           fixture_result = fixturefunc(**kwargs)\n\n../../../.cache/pypoetry/virtualenvs/uk-bin-collection-EwS6Gn8s-py3.12/lib/python3.12/site-packages/_pytest/fixtures.py:898: \n_ _ _ _ _ _ _ _ _ _ _ _ _ _ _ _ _ _ _ _ _ _ _ _ _ _ _ _ _ _ _ _ _ _ _ _ _ _ _ _ \nuk_bin_collection/tests/step_defs/test_validate_council.py:100: in scrape_step\n    context.parse_result = CollectData.run()\nuk_bin_collection/uk_bin_collection/collect_data.py:101: in run\n    return self.client_code(\nuk_bin_collection/uk_bin_collection/collect_data.py:121: in client_code\n    return get_bin_data_class.template_method(address_url, **kwargs)\nuk_bin_collection/uk_bin_collection/get_bin_data.py:61: in template_method\n    bin_data_dict = self.get_and_parse_data(this_url, **kwargs)\nuk_bin_collection/uk_bin_collection/get_bin_data.py:84: in get_and_parse_data\n    bin_data_dict = self.parse_data(\"\", url=address_url, **kwargs)\nuk_bin_collection/uk_bin_collection/councils/CalderdaleCouncil.py:69: in parse_data\n    results = wait.until(EC.presence_of_element_located((By.ID, \"collection\")))\n_ _ _ _ _ _ _ _ _ _ _ _ _ _ _ _ _ _ _ _ _ _ _ _ _ _ _ _ _ _ _ _ _ _ _ _ _ _ _ _ \n\nself = <selenium.webdriver.support.wait.WebDriverWait (session=\"961477e0caa5ac5fcad076b7bf9ac086\")>\nmethod = <function presence_of_element_located.<locals>._predicate at 0x7fe0e4960540>\nmessage = ''\n\n    def until(self, method: Callable[[D], Union[Literal[False], T]], message: str = \"\") -> T:\n        \"\"\"Calls the method provided with the driver as an argument until the \\\n        return value does not evaluate to ``False``.\n    \n        :param method: callable(WebDriver)\n        :param message: optional message for :exc:`TimeoutException`\n        :returns: the result of the last call to `method`\n        :raises: :exc:`selenium.common.exceptions.TimeoutException` if timeout occurs\n        \"\"\"\n        screen = None\n        stacktrace = None\n    \n        end_time = time.monotonic() + self._timeout\n        while True:\n            try:\n                value = method(self._driver)\n                if value:\n                    return value\n            except self._ignored_exceptions as exc:\n                screen = getattr(exc, \"screen\", None)\n                stacktrace = getattr(exc, \"stacktrace\", None)\n            time.sleep(self._poll)\n            if time.monotonic() > end_time:\n                break\n>       raise TimeoutException(message, screen, stacktrace)\nE       selenium.common.exceptions.TimeoutException: Message: \nE       Stacktrace:\nE       #0 0x559a326e3b9a <unknown>\nE       #1 0x559a323c9670 <unknown>\nE       #2 0x559a32418c48 <unknown>\nE       #3 0x559a32418ee1 <unknown>\nE       #4 0x559a3245f924 <unknown>\nE       #5 0x559a3243dbad <unknown>\nE       #6 0x559a3245cdd6 <unknown>\nE       #7 0x559a3243d923 <unknown>\nE       #8 0x559a3240b6e7 <unknown>\nE       #9 0x559a3240c6de <unknown>\nE       #10 0x559a326ad66b <unknown>\nE       #11 0x559a326b1611 <unknown>\nE       #12 0x559a326994e5 <unknown>\nE       #13 0x559a326b2192 <unknown>\nE       #14 0x559a3267e6ef <unknown>\nE       #15 0x559a326d29d8 <unknown>\nE       #16 0x559a326d2ba7 <unknown>\nE       #17 0x559a326e29ec <unknown>\nE       #18 0x7fdc91d7fa94 <unknown>\nE       #19 0x7fdc91e0ca34 __clone\n\n../../../.cache/pypoetry/virtualenvs/uk-bin-collection-EwS6Gn8s-py3.12/lib/python3.12/site-packages/selenium/webdriver/support/wait.py:105: TimeoutException","flaky":true,"newFailed":true,"newBroken":false,"newPassed":false,"retriesCount":0,"retriesStatusChange":false,"beforeStages":[],"testStage":{"status":"failed","statusMessage":"selenium.common.exceptions.TimeoutException: Message: \nStacktrace:\n#0 0x559a326e3b9a <unknown>\n#1 0x559a323c9670 <unknown>\n#2 0x559a32418c48 <unknown>\n#3 0x559a32418ee1 <unknown>\n#4 0x559a3245f924 <unknown>\n#5 0x559a3243dbad <unknown>\n#6 0x559a3245cdd6 <unknown>\n#7 0x559a3243d923 <unknown>\n#8 0x559a3240b6e7 <unknown>\n#9 0x559a3240c6de <unknown>\n#10 0x559a326ad66b <unknown>\n#11 0x559a326b1611 <unknown>\n#12 0x559a326994e5 <unknown>\n#13 0x559a326b2192 <unknown>\n#14 0x559a3267e6ef <unknown>\n#15 0x559a326d29d8 <unknown>\n#16 0x559a326d2ba7 <unknown>\n#17 0x559a326e29ec <unknown>\n#18 0x7fdc91d7fa94 <unknown>\n#19 0x7fdc91e0ca34 __clone","statusTrace":"fixturefunc = <function scrape_step at 0x7fe0e499fa60>\nrequest = <FixtureRequest for <Function test_scenario_outline[CalderdaleCouncil]>>\nkwargs = {'context': <test_validate_council.Context object at 0x7fe0f4998a40>, 'headless_mode': 'True', 'local_browser': 'False', 'selenium_url': 'http://localhost:4444'}\n\n    def call_fixture_func(\n        fixturefunc: _FixtureFunc[FixtureValue], request: FixtureRequest, kwargs\n    ) -> FixtureValue:\n        if is_generator(fixturefunc):\n            fixturefunc = cast(\n                Callable[..., Generator[FixtureValue, None, None]], fixturefunc\n            )\n            generator = fixturefunc(**kwargs)\n            try:\n                fixture_result = next(generator)\n            except StopIteration:\n                raise ValueError(f\"{request.fixturename} did not yield a value\") from None\n            finalizer = functools.partial(_teardown_yield_fixture, fixturefunc, generator)\n            request.addfinalizer(finalizer)\n        else:\n            fixturefunc = cast(Callable[..., FixtureValue], fixturefunc)\n>           fixture_result = fixturefunc(**kwargs)\n\n../../../.cache/pypoetry/virtualenvs/uk-bin-collection-EwS6Gn8s-py3.12/lib/python3.12/site-packages/_pytest/fixtures.py:898: \n_ _ _ _ _ _ _ _ _ _ _ _ _ _ _ _ _ _ _ _ _ _ _ _ _ _ _ _ _ _ _ _ _ _ _ _ _ _ _ _ \nuk_bin_collection/tests/step_defs/test_validate_council.py:100: in scrape_step\n    context.parse_result = CollectData.run()\nuk_bin_collection/uk_bin_collection/collect_data.py:101: in run\n    return self.client_code(\nuk_bin_collection/uk_bin_collection/collect_data.py:121: in client_code\n    return get_bin_data_class.template_method(address_url, **kwargs)\nuk_bin_collection/uk_bin_collection/get_bin_data.py:61: in template_method\n    bin_data_dict = self.get_and_parse_data(this_url, **kwargs)\nuk_bin_collection/uk_bin_collection/get_bin_data.py:84: in get_and_parse_data\n    bin_data_dict = self.parse_data(\"\", url=address_url, **kwargs)\nuk_bin_collection/uk_bin_collection/councils/CalderdaleCouncil.py:69: in parse_data\n    results = wait.until(EC.presence_of_element_located((By.ID, \"collection\")))\n_ _ _ _ _ _ _ _ _ _ _ _ _ _ _ _ _ _ _ _ _ _ _ _ _ _ _ _ _ _ _ _ _ _ _ _ _ _ _ _ \n\nself = <selenium.webdriver.support.wait.WebDriverWait (session=\"961477e0caa5ac5fcad076b7bf9ac086\")>\nmethod = <function presence_of_element_located.<locals>._predicate at 0x7fe0e4960540>\nmessage = ''\n\n    def until(self, method: Callable[[D], Union[Literal[False], T]], message: str = \"\") -> T:\n        \"\"\"Calls the method provided with the driver as an argument until the \\\n        return value does not evaluate to ``False``.\n    \n        :param method: callable(WebDriver)\n        :param message: optional message for :exc:`TimeoutException`\n        :returns: the result of the last call to `method`\n        :raises: :exc:`selenium.common.exceptions.TimeoutException` if timeout occurs\n        \"\"\"\n        screen = None\n        stacktrace = None\n    \n        end_time = time.monotonic() + self._timeout\n        while True:\n            try:\n                value = method(self._driver)\n                if value:\n                    return value\n            except self._ignored_exceptions as exc:\n                screen = getattr(exc, \"screen\", None)\n                stacktrace = getattr(exc, \"stacktrace\", None)\n            time.sleep(self._poll)\n            if time.monotonic() > end_time:\n                break\n>       raise TimeoutException(message, screen, stacktrace)\nE       selenium.common.exceptions.TimeoutException: Message: \nE       Stacktrace:\nE       #0 0x559a326e3b9a <unknown>\nE       #1 0x559a323c9670 <unknown>\nE       #2 0x559a32418c48 <unknown>\nE       #3 0x559a32418ee1 <unknown>\nE       #4 0x559a3245f924 <unknown>\nE       #5 0x559a3243dbad <unknown>\nE       #6 0x559a3245cdd6 <unknown>\nE       #7 0x559a3243d923 <unknown>\nE       #8 0x559a3240b6e7 <unknown>\nE       #9 0x559a3240c6de <unknown>\nE       #10 0x559a326ad66b <unknown>\nE       #11 0x559a326b1611 <unknown>\nE       #12 0x559a326994e5 <unknown>\nE       #13 0x559a326b2192 <unknown>\nE       #14 0x559a3267e6ef <unknown>\nE       #15 0x559a326d29d8 <unknown>\nE       #16 0x559a326d2ba7 <unknown>\nE       #17 0x559a326e29ec <unknown>\nE       #18 0x7fdc91d7fa94 <unknown>\nE       #19 0x7fdc91e0ca34 __clone\n\n../../../.cache/pypoetry/virtualenvs/uk-bin-collection-EwS6Gn8s-py3.12/lib/python3.12/site-packages/selenium/webdriver/support/wait.py:105: TimeoutException","steps":[{"name":"Given the council","time":{"start":1728605194026,"stop":1728605194027,"duration":1},"status":"passed","steps":[],"attachments":[],"parameters":[],"shouldDisplayMessage":false,"stepsCount":0,"attachmentsCount":0,"hasContent":false,"attachmentStep":false},{"name":"When we scrape the data from the council","time":{"start":1728605194027,"stop":1728605475341,"duration":281314},"status":"failed","statusMessage":"Message: \nStacktrace:\n#0 0x559a326e3b9a <unknown>\n#1 0x559a323c9670 <unknown>\n#2 0x559a32418c48 <unknown>\n#3 0x559a32418ee1 <unknown>\n#4 0x559a3245f924 <unknown>\n#5 0x559a3243dbad <unknown>\n#6 0x559a3245cdd6 <unknown>\n#7 0x559a3243d923 <unknown>\n#8 0x559a3240b6e7 <unknown>\n#9 0x559a3240c6de <unknown>\n#10 0x559a326ad66b <unknown>\n#11 0x559a326b1611 <unknown>\n#12 0x559a326994e5 <unknown>\n#13 0x559a326b2192 <unknown>\n#14 0x559a3267e6ef <unknown>\n#15 0x559a326d29d8 <unknown>\n#16 0x559a326d2ba7 <unknown>\n#17 0x559a326e29ec <unknown>\n#18 0x7fdc91d7fa94 <unknown>\n#19 0x7fdc91e0ca34 __clone\n","statusTrace":"selenium.common.exceptions.TimeoutException: Message: \nStacktrace:\n#0 0x559a326e3b9a <unknown>\n#1 0x559a323c9670 <unknown>\n#2 0x559a32418c48 <unknown>\n#3 0x559a32418ee1 <unknown>\n#4 0x559a3245f924 <unknown>\n#5 0x559a3243dbad <unknown>\n#6 0x559a3245cdd6 <unknown>\n#7 0x559a3243d923 <unknown>\n#8 0x559a3240b6e7 <unknown>\n#9 0x559a3240c6de <unknown>\n#10 0x559a326ad66b <unknown>\n#11 0x559a326b1611 <unknown>\n#12 0x559a326994e5 <unknown>\n#13 0x559a326b2192 <unknown>\n#14 0x559a3267e6ef <unknown>\n#15 0x559a326d29d8 <unknown>\n#16 0x559a326d2ba7 <unknown>\n#17 0x559a326e29ec <unknown>\n#18 0x7fdc91d7fa94 <unknown>\n#19 0x7fdc91e0ca34 __clone\n\n","steps":[],"attachments":[],"parameters":[],"shouldDisplayMessage":true,"stepsCount":0,"attachmentsCount":0,"hasContent":true,"attachmentStep":false}],"attachments":[{"uid":"ccc2d8da2bdb65fa","name":"stdout","source":"ccc2d8da2bdb65fa.txt","type":"text/plain","size":654}],"parameters":[],"shouldDisplayMessage":true,"stepsCount":2,"attachmentsCount":1,"hasContent":true,"attachmentStep":false},"afterStages":[],"labels":[{"name":"host","value":"fv-az1780-864"},{"name":"thread","value":"2806-MainThread"},{"name":"framework","value":"pytest-bdd"},{"name":"language","value":"cpython3"},{"name":"feature","value":"Test each council output matches expected results"},{"name":"resultFormat","value":"allure2"}],"parameters":[{"name":"council","value":"CalderdaleCouncil"}],"links":[],"hidden":false,"retry":false,"extra":{"severity":"normal","retries":[],"categories":[{"name":"Product defects","matchedStatuses":[],"flaky":false}],"history":{"statistic":{"failed":46,"broken":0,"skipped":0,"passed":122,"unknown":0,"total":168},"items":[{"uid":"1d82005ec6d546fb","reportUrl":"https://robbrad.github.io/UKBinCollectionData/3.12/2199//#testresult/1d82005ec6d546fb","status":"passed","time":{"start":1728518783449,"stop":1728519032318,"duration":248869}},{"uid":"d14910b0ec00f35","reportUrl":"https://robbrad.github.io/UKBinCollectionData/3.12/2188//#testresult/d14910b0ec00f35","status":"passed","time":{"start":1728432390829,"stop":1728432682155,"duration":291326}},{"uid":"daab06c233d8a752","reportUrl":"https://robbrad.github.io/UKBinCollectionData/3.12/2169//#testresult/daab06c233d8a752","status":"passed","time":{"start":1728331943247,"stop":1728331986142,"duration":42895}},{"uid":"e2898c7473b3bfa8","reportUrl":"https://robbrad.github.io/UKBinCollectionData/3.12/2165//#testresult/e2898c7473b3bfa8","status":"passed","time":{"start":1728259284554,"stop":1728259333574,"duration":49020}},{"uid":"6bbfdc3e1eafddf6","reportUrl":"https://robbrad.github.io/UKBinCollectionData/3.12/2164//#testresult/6bbfdc3e1eafddf6","status":"failed","statusDetails":"selenium.common.exceptions.TimeoutException: Message: \nStacktrace:\n#0 0x55ac6324313a <unknown>\n#1 0x55ac62f295e0 <unknown>\n#2 0x55ac62f78be8 <unknown>\n#3 0x55ac62f78e81 <unknown>\n#4 0x55ac62fbf8c4 <unknown>\n#5 0x55ac62f9db4d <unknown>\n#6 0x55ac62fbcd7d <unknown>\n#7 0x55ac62f9d8c3 <unknown>\n#8 0x55ac62f6b6b3 <unknown>\n#9 0x55ac62f6c68e <unknown>\n#10 0x55ac6320db3b <unknown>\n#11 0x55ac63211ac1 <unknown>\n#12 0x55ac631fa335 <unknown>\n#13 0x55ac63212642 <unknown>\n#14 0x55ac631df49f <unknown>\n#15 0x55ac63232038 <unknown>\n#16 0x55ac63232203 <unknown>\n#17 0x55ac63241f8c <unknown>\n#18 0x7f4e36327a94 <unknown>\n#19 0x7f4e363b4a34 __clone","time":{"start":1728172877919,"stop":1728172955028,"duration":77109}},{"uid":"10458a4556771d75","reportUrl":"https://robbrad.github.io/UKBinCollectionData/3.12/2160//#testresult/10458a4556771d75","status":"passed","time":{"start":1728086474594,"stop":1728086517078,"duration":42484}},{"uid":"f47275640ea34d0c","reportUrl":"https://robbrad.github.io/UKBinCollectionData/3.12/2152//#testresult/f47275640ea34d0c","status":"passed","time":{"start":1728000071729,"stop":1728000117111,"duration":45382}},{"uid":"805612e3ecacd05f","reportUrl":"https://robbrad.github.io/UKBinCollectionData/3.12/2148//#testresult/805612e3ecacd05f","status":"passed","time":{"start":1727932035473,"stop":1727932068190,"duration":32717}},{"uid":"cc6fbf58e1bc3956","reportUrl":"https://robbrad.github.io/UKBinCollectionData/3.12/2146//#testresult/cc6fbf58e1bc3956","status":"failed","statusDetails":"selenium.common.exceptions.SessionNotCreatedException: Message: Could not start a new session. New session request timed out \nHost info: host: 'selenium', ip: '172.18.0.2'\nBuild info: version: '4.25.0', revision: '030fcf7918'\nSystem info: os.name: 'Linux', os.arch: 'amd64', os.version: '6.8.0-1014-azure', java.version: '17.0.12'\nDriver info: driver.version: unknown\nStacktrace:\n    at org.openqa.selenium.grid.sessionqueue.local.LocalNewSessionQueue.addToQueue (LocalNewSessionQueue.java:221)\n    at org.openqa.selenium.grid.sessionqueue.NewSessionQueue.lambda$new$0 (NewSessionQueue.java:68)\n    at org.openqa.selenium.remote.http.Route$TemplatizedRoute.handle (Route.java:192)\n    at org.openqa.selenium.remote.http.Route.execute (Route.java:69)\n    at org.openqa.selenium.remote.http.Route$CombinedRoute.handle (Route.java:360)\n    at org.openqa.selenium.remote.http.Route.execute (Route.java:69)\n    at org.openqa.selenium.grid.sessionqueue.NewSessionQueue.execute (NewSessionQueue.java:128)\n    at org.openqa.selenium.remote.tracing.SpanWrappedHttpHandler.execute (SpanWrappedHttpHandler.java:87)\n    at org.openqa.selenium.remote.http.Filter$1.execute (Filter.java:63)\n    at org.openqa.selenium.remote.http.Route$CombinedRoute.handle (Route.java:360)\n    at org.openqa.selenium.remote.http.Route.execute (Route.java:69)\n    at org.openqa.selenium.grid.router.Router.execute (Router.java:87)\n    at org.openqa.selenium.grid.web.EnsureSpecCompliantResponseHeaders.lambda$apply$0 (EnsureSpecCompliantResponseHeaders.java:34)\n    at org.openqa.selenium.remote.http.Filter$1.execute (Filter.java:63)\n    at org.openqa.selenium.remote.http.Route$CombinedRoute.handle (Route.java:360)\n    at org.openqa.selenium.remote.http.Route.execute (Route.java:69)\n    at org.openqa.selenium.remote.AddWebDriverSpecHeaders.lambda$apply$0 (AddWebDriverSpecHeaders.java:35)\n    at org.openqa.selenium.remote.ErrorFilter.lambda$apply$0 (ErrorFilter.java:44)\n    at org.openqa.selenium.remote.http.Filter$1.execute (Filter.java:63)\n    at org.openqa.selenium.remote.ErrorFilter.lambda$apply$0 (ErrorFilter.java:44)\n    at org.openqa.selenium.remote.http.Filter$1.execute (Filter.java:63)\n    at org.openqa.selenium.netty.server.SeleniumHandler.lambda$channelRead0$0 (SeleniumHandler.java:44)\n    at java.util.concurrent.Executors$RunnableAdapter.call (Executors.java:539)\n    at java.util.concurrent.FutureTask.run (FutureTask.java:264)\n    at java.util.concurrent.ThreadPoolExecutor.runWorker (ThreadPoolExecutor.java:1136)\n    at java.util.concurrent.ThreadPoolExecutor$Worker.run (ThreadPoolExecutor.java:635)\n    at java.lang.Thread.run (Thread.java:840)","time":{"start":1727913825299,"stop":1727914125343,"duration":300044}},{"uid":"f86d3f90de9fcb7b","reportUrl":"https://robbrad.github.io/UKBinCollectionData/3.12/2139//#testresult/f86d3f90de9fcb7b","status":"passed","time":{"start":1727827352035,"stop":1727827394090,"duration":42055}},{"uid":"9b245933b0653f32","reportUrl":"https://robbrad.github.io/UKBinCollectionData/3.12/2138//#testresult/9b245933b0653f32","status":"passed","time":{"start":1727740947769,"stop":1727740986285,"duration":38516}},{"uid":"4de6e28d35f52227","reportUrl":"https://robbrad.github.io/UKBinCollectionData/3.12/2137//#testresult/4de6e28d35f52227","status":"failed","statusDetails":"selenium.common.exceptions.SessionNotCreatedException: Message: Could not start a new session. New session request timed out \nHost info: host: 'selenium', ip: '172.18.0.2'\nBuild info: version: '4.25.0', revision: '030fcf7918'\nSystem info: os.name: 'Linux', os.arch: 'amd64', os.version: '6.8.0-1014-azure', java.version: '17.0.12'\nDriver info: driver.version: unknown\nStacktrace:\n    at org.openqa.selenium.grid.sessionqueue.local.LocalNewSessionQueue.addToQueue (LocalNewSessionQueue.java:221)\n    at org.openqa.selenium.grid.sessionqueue.NewSessionQueue.lambda$new$0 (NewSessionQueue.java:68)\n    at org.openqa.selenium.remote.http.Route$TemplatizedRoute.handle (Route.java:192)\n    at org.openqa.selenium.remote.http.Route.execute (Route.java:69)\n    at org.openqa.selenium.remote.http.Route$CombinedRoute.handle (Route.java:360)\n    at org.openqa.selenium.remote.http.Route.execute (Route.java:69)\n    at org.openqa.selenium.grid.sessionqueue.NewSessionQueue.execute (NewSessionQueue.java:128)\n    at org.openqa.selenium.remote.tracing.SpanWrappedHttpHandler.execute (SpanWrappedHttpHandler.java:87)\n    at org.openqa.selenium.remote.http.Filter$1.execute (Filter.java:63)\n    at org.openqa.selenium.remote.http.Route$CombinedRoute.handle (Route.java:360)\n    at org.openqa.selenium.remote.http.Route.execute (Route.java:69)\n    at org.openqa.selenium.grid.router.Router.execute (Router.java:87)\n    at org.openqa.selenium.grid.web.EnsureSpecCompliantResponseHeaders.lambda$apply$0 (EnsureSpecCompliantResponseHeaders.java:34)\n    at org.openqa.selenium.remote.http.Filter$1.execute (Filter.java:63)\n    at org.openqa.selenium.remote.http.Route$CombinedRoute.handle (Route.java:360)\n    at org.openqa.selenium.remote.http.Route.execute (Route.java:69)\n    at org.openqa.selenium.remote.AddWebDriverSpecHeaders.lambda$apply$0 (AddWebDriverSpecHeaders.java:35)\n    at org.openqa.selenium.remote.ErrorFilter.lambda$apply$0 (ErrorFilter.java:44)\n    at org.openqa.selenium.remote.http.Filter$1.execute (Filter.java:63)\n    at org.openqa.selenium.remote.ErrorFilter.lambda$apply$0 (ErrorFilter.java:44)\n    at org.openqa.selenium.remote.http.Filter$1.execute (Filter.java:63)\n    at org.openqa.selenium.netty.server.SeleniumHandler.lambda$channelRead0$0 (SeleniumHandler.java:44)\n    at java.util.concurrent.Executors$RunnableAdapter.call (Executors.java:539)\n    at java.util.concurrent.FutureTask.run (FutureTask.java:264)\n    at java.util.concurrent.ThreadPoolExecutor.runWorker (ThreadPoolExecutor.java:1136)\n    at java.util.concurrent.ThreadPoolExecutor$Worker.run (ThreadPoolExecutor.java:635)\n    at java.lang.Thread.run (Thread.java:840)","time":{"start":1727654558745,"stop":1727654858958,"duration":300213}},{"uid":"931bfbc60d4cf674","reportUrl":"https://robbrad.github.io/UKBinCollectionData/3.12/2136//#testresult/931bfbc60d4cf674","status":"passed","time":{"start":1727568148080,"stop":1727568211985,"duration":63905}},{"uid":"548e02f815983bcc","reportUrl":"https://robbrad.github.io/UKBinCollectionData/3.12/2135//#testresult/548e02f815983bcc","status":"passed","time":{"start":1727481758292,"stop":1727481778552,"duration":20260}},{"uid":"4e6873bf61984464","reportUrl":"https://robbrad.github.io/UKBinCollectionData/3.12/2131//#testresult/4e6873bf61984464","status":"passed","time":{"start":1727421711772,"stop":1727421763279,"duration":51507}},{"uid":"eca35cc378a775fc","reportUrl":"https://robbrad.github.io/UKBinCollectionData/3.12/2130//#testresult/eca35cc378a775fc","status":"failed","statusDetails":"selenium.common.exceptions.SessionNotCreatedException: Message: Could not start a new session. New session request timed out \nHost info: host: 'selenium', ip: '172.18.0.2'\nBuild info: version: '4.25.0', revision: '030fcf7918'\nSystem info: os.name: 'Linux', os.arch: 'amd64', os.version: '6.8.0-1014-azure', java.version: '17.0.12'\nDriver info: driver.version: unknown\nStacktrace:\n    at org.openqa.selenium.grid.sessionqueue.local.LocalNewSessionQueue.addToQueue (LocalNewSessionQueue.java:221)\n    at org.openqa.selenium.grid.sessionqueue.NewSessionQueue.lambda$new$0 (NewSessionQueue.java:68)\n    at org.openqa.selenium.remote.http.Route$TemplatizedRoute.handle (Route.java:192)\n    at org.openqa.selenium.remote.http.Route.execute (Route.java:69)\n    at org.openqa.selenium.remote.http.Route$CombinedRoute.handle (Route.java:360)\n    at org.openqa.selenium.remote.http.Route.execute (Route.java:69)\n    at org.openqa.selenium.grid.sessionqueue.NewSessionQueue.execute (NewSessionQueue.java:128)\n    at org.openqa.selenium.remote.tracing.SpanWrappedHttpHandler.execute (SpanWrappedHttpHandler.java:87)\n    at org.openqa.selenium.remote.http.Filter$1.execute (Filter.java:63)\n    at org.openqa.selenium.remote.http.Route$CombinedRoute.handle (Route.java:360)\n    at org.openqa.selenium.remote.http.Route.execute (Route.java:69)\n    at org.openqa.selenium.grid.router.Router.execute (Router.java:87)\n    at org.openqa.selenium.grid.web.EnsureSpecCompliantResponseHeaders.lambda$apply$0 (EnsureSpecCompliantResponseHeaders.java:34)\n    at org.openqa.selenium.remote.http.Filter$1.execute (Filter.java:63)\n    at org.openqa.selenium.remote.http.Route$CombinedRoute.handle (Route.java:360)\n    at org.openqa.selenium.remote.http.Route.execute (Route.java:69)\n    at org.openqa.selenium.remote.AddWebDriverSpecHeaders.lambda$apply$0 (AddWebDriverSpecHeaders.java:35)\n    at org.openqa.selenium.remote.ErrorFilter.lambda$apply$0 (ErrorFilter.java:44)\n    at org.openqa.selenium.remote.http.Filter$1.execute (Filter.java:63)\n    at org.openqa.selenium.remote.ErrorFilter.lambda$apply$0 (ErrorFilter.java:44)\n    at org.openqa.selenium.remote.http.Filter$1.execute (Filter.java:63)\n    at org.openqa.selenium.netty.server.SeleniumHandler.lambda$channelRead0$0 (SeleniumHandler.java:44)\n    at java.util.concurrent.Executors$RunnableAdapter.call (Executors.java:539)\n    at java.util.concurrent.FutureTask.run (FutureTask.java:264)\n    at java.util.concurrent.ThreadPoolExecutor.runWorker (ThreadPoolExecutor.java:1136)\n    at java.util.concurrent.ThreadPoolExecutor$Worker.run (ThreadPoolExecutor.java:635)\n    at java.lang.Thread.run (Thread.java:840)","time":{"start":1727395389137,"stop":1727395689177,"duration":300040}},{"uid":"d6d20fb63579a611","reportUrl":"https://robbrad.github.io/UKBinCollectionData/3.12/2129//#testresult/d6d20fb63579a611","status":"failed","statusDetails":"selenium.common.exceptions.TimeoutException: Message: \nStacktrace:\n#0 0x5597aad5f13a <unknown>\n#1 0x5597aaa455e0 <unknown>\n#2 0x5597aaa94be8 <unknown>\n#3 0x5597aaa94e81 <unknown>\n#4 0x5597aaadb8c4 <unknown>\n#5 0x5597aaab9b4d <unknown>\n#6 0x5597aaad8d7d <unknown>\n#7 0x5597aaab98c3 <unknown>\n#8 0x5597aaa876b3 <unknown>\n#9 0x5597aaa8868e <unknown>\n#10 0x5597aad29b3b <unknown>\n#11 0x5597aad2dac1 <unknown>\n#12 0x5597aad16335 <unknown>\n#13 0x5597aad2e642 <unknown>\n#14 0x5597aacfb49f <unknown>\n#15 0x5597aad4e038 <unknown>\n#16 0x5597aad4e203 <unknown>\n#17 0x5597aad5df8c <unknown>\n#18 0x7efee4f0aa94 <unknown>\n#19 0x7efee4f97a34 __clone","time":{"start":1727308959039,"stop":1727309041553,"duration":82514}},{"uid":"40d40dd2a0ff5deb","reportUrl":"https://robbrad.github.io/UKBinCollectionData/3.12/2128//#testresult/40d40dd2a0ff5deb","status":"failed","statusDetails":"selenium.common.exceptions.SessionNotCreatedException: Message: Could not start a new session. New session request timed out \nHost info: host: 'selenium', ip: '172.18.0.2'\nBuild info: version: '4.25.0', revision: '030fcf7918'\nSystem info: os.name: 'Linux', os.arch: 'amd64', os.version: '6.8.0-1014-azure', java.version: '17.0.12'\nDriver info: driver.version: unknown\nStacktrace:\n    at org.openqa.selenium.grid.sessionqueue.local.LocalNewSessionQueue.addToQueue (LocalNewSessionQueue.java:221)\n    at org.openqa.selenium.grid.sessionqueue.NewSessionQueue.lambda$new$0 (NewSessionQueue.java:68)\n    at org.openqa.selenium.remote.http.Route$TemplatizedRoute.handle (Route.java:192)\n    at org.openqa.selenium.remote.http.Route.execute (Route.java:69)\n    at org.openqa.selenium.remote.http.Route$CombinedRoute.handle (Route.java:360)\n    at org.openqa.selenium.remote.http.Route.execute (Route.java:69)\n    at org.openqa.selenium.grid.sessionqueue.NewSessionQueue.execute (NewSessionQueue.java:128)\n    at org.openqa.selenium.remote.tracing.SpanWrappedHttpHandler.execute (SpanWrappedHttpHandler.java:87)\n    at org.openqa.selenium.remote.http.Filter$1.execute (Filter.java:63)\n    at org.openqa.selenium.remote.http.Route$CombinedRoute.handle (Route.java:360)\n    at org.openqa.selenium.remote.http.Route.execute (Route.java:69)\n    at org.openqa.selenium.grid.router.Router.execute (Router.java:87)\n    at org.openqa.selenium.grid.web.EnsureSpecCompliantResponseHeaders.lambda$apply$0 (EnsureSpecCompliantResponseHeaders.java:34)\n    at org.openqa.selenium.remote.http.Filter$1.execute (Filter.java:63)\n    at org.openqa.selenium.remote.http.Route$CombinedRoute.handle (Route.java:360)\n    at org.openqa.selenium.remote.http.Route.execute (Route.java:69)\n    at org.openqa.selenium.remote.AddWebDriverSpecHeaders.lambda$apply$0 (AddWebDriverSpecHeaders.java:35)\n    at org.openqa.selenium.remote.ErrorFilter.lambda$apply$0 (ErrorFilter.java:44)\n    at org.openqa.selenium.remote.http.Filter$1.execute (Filter.java:63)\n    at org.openqa.selenium.remote.ErrorFilter.lambda$apply$0 (ErrorFilter.java:44)\n    at org.openqa.selenium.remote.http.Filter$1.execute (Filter.java:63)\n    at org.openqa.selenium.netty.server.SeleniumHandler.lambda$channelRead0$0 (SeleniumHandler.java:44)\n    at java.util.concurrent.Executors$RunnableAdapter.call (Executors.java:539)\n    at java.util.concurrent.FutureTask.run (FutureTask.java:264)\n    at java.util.concurrent.ThreadPoolExecutor.runWorker (ThreadPoolExecutor.java:1136)\n    at java.util.concurrent.ThreadPoolExecutor$Worker.run (ThreadPoolExecutor.java:635)\n    at java.lang.Thread.run (Thread.java:840)","time":{"start":1727222580602,"stop":1727222880660,"duration":300058}},{"uid":"7a88cb03a4a00cb9","reportUrl":"https://robbrad.github.io/UKBinCollectionData/3.12/2127//#testresult/7a88cb03a4a00cb9","status":"failed","statusDetails":"selenium.common.exceptions.SessionNotCreatedException: Message: Could not start a new session. New session request timed out \nHost info: host: 'selenium', ip: '172.18.0.2'\nBuild info: version: '4.25.0', revision: '030fcf7918'\nSystem info: os.name: 'Linux', os.arch: 'amd64', os.version: '6.8.0-1014-azure', java.version: '17.0.12'\nDriver info: driver.version: unknown\nStacktrace:\n    at org.openqa.selenium.grid.sessionqueue.local.LocalNewSessionQueue.addToQueue (LocalNewSessionQueue.java:221)\n    at org.openqa.selenium.grid.sessionqueue.NewSessionQueue.lambda$new$0 (NewSessionQueue.java:68)\n    at org.openqa.selenium.remote.http.Route$TemplatizedRoute.handle (Route.java:192)\n    at org.openqa.selenium.remote.http.Route.execute (Route.java:69)\n    at org.openqa.selenium.remote.http.Route$CombinedRoute.handle (Route.java:360)\n    at org.openqa.selenium.remote.http.Route.execute (Route.java:69)\n    at org.openqa.selenium.grid.sessionqueue.NewSessionQueue.execute (NewSessionQueue.java:128)\n    at org.openqa.selenium.remote.tracing.SpanWrappedHttpHandler.execute (SpanWrappedHttpHandler.java:87)\n    at org.openqa.selenium.remote.http.Filter$1.execute (Filter.java:63)\n    at org.openqa.selenium.remote.http.Route$CombinedRoute.handle (Route.java:360)\n    at org.openqa.selenium.remote.http.Route.execute (Route.java:69)\n    at org.openqa.selenium.grid.router.Router.execute (Router.java:87)\n    at org.openqa.selenium.grid.web.EnsureSpecCompliantResponseHeaders.lambda$apply$0 (EnsureSpecCompliantResponseHeaders.java:34)\n    at org.openqa.selenium.remote.http.Filter$1.execute (Filter.java:63)\n    at org.openqa.selenium.remote.http.Route$CombinedRoute.handle (Route.java:360)\n    at org.openqa.selenium.remote.http.Route.execute (Route.java:69)\n    at org.openqa.selenium.remote.AddWebDriverSpecHeaders.lambda$apply$0 (AddWebDriverSpecHeaders.java:35)\n    at org.openqa.selenium.remote.ErrorFilter.lambda$apply$0 (ErrorFilter.java:44)\n    at org.openqa.selenium.remote.http.Filter$1.execute (Filter.java:63)\n    at org.openqa.selenium.remote.ErrorFilter.lambda$apply$0 (ErrorFilter.java:44)\n    at org.openqa.selenium.remote.http.Filter$1.execute (Filter.java:63)\n    at org.openqa.selenium.netty.server.SeleniumHandler.lambda$channelRead0$0 (SeleniumHandler.java:44)\n    at java.util.concurrent.Executors$RunnableAdapter.call (Executors.java:539)\n    at java.util.concurrent.FutureTask.run (FutureTask.java:264)\n    at java.util.concurrent.ThreadPoolExecutor.runWorker (ThreadPoolExecutor.java:1136)\n    at java.util.concurrent.ThreadPoolExecutor$Worker.run (ThreadPoolExecutor.java:635)\n    at java.lang.Thread.run (Thread.java:840)","time":{"start":1727136186172,"stop":1727136486231,"duration":300059}},{"uid":"2edc328a00ae8f8e","reportUrl":"https://robbrad.github.io/UKBinCollectionData/3.12/2126//#testresult/2edc328a00ae8f8e","status":"failed","statusDetails":"selenium.common.exceptions.TimeoutException: Message: \nStacktrace:\n#0 0x558092e1513a <unknown>\n#1 0x558092afb5e0 <unknown>\n#2 0x558092b4abe8 <unknown>\n#3 0x558092b4ae81 <unknown>\n#4 0x558092b918c4 <unknown>\n#5 0x558092b6fb4d <unknown>\n#6 0x558092b8ed7d <unknown>\n#7 0x558092b6f8c3 <unknown>\n#8 0x558092b3d6b3 <unknown>\n#9 0x558092b3e68e <unknown>\n#10 0x558092ddfb3b <unknown>\n#11 0x558092de3ac1 <unknown>\n#12 0x558092dcc335 <unknown>\n#13 0x558092de4642 <unknown>\n#14 0x558092db149f <unknown>\n#15 0x558092e04038 <unknown>\n#16 0x558092e04203 <unknown>\n#17 0x558092e13f8c <unknown>\n#18 0x7f0c69715a94 <unknown>\n#19 0x7f0c697a2a34 __clone","time":{"start":1727049744521,"stop":1727049874268,"duration":129747}}]},"tags":[]},"source":"13c61ddb6542d257.json","parameterValues":["CalderdaleCouncil"]}